[2022-07-16 16:25:48,794] {processor.py:153} INFO - Started process (PID=237) to work on /home/airflow/.local/lib/python3.7/site-packages/airflow/example_dags/example_trigger_target_dag.py
[2022-07-16 16:25:48,801] {processor.py:641} INFO - Processing file /home/airflow/.local/lib/python3.7/site-packages/airflow/example_dags/example_trigger_target_dag.py for tasks to queue
[2022-07-16 16:25:48,802] {logging_mixin.py:115} INFO - [2022-07-16 16:25:48,802] {dagbag.py:508} INFO - Filling up the DagBag from /home/airflow/.local/lib/python3.7/site-packages/airflow/example_dags/example_trigger_target_dag.py
[2022-07-16 16:25:48,921] {processor.py:651} INFO - DAG(s) dict_keys(['example_trigger_target_dag']) retrieved from /home/airflow/.local/lib/python3.7/site-packages/airflow/example_dags/example_trigger_target_dag.py
[2022-07-16 16:25:50,286] {logging_mixin.py:115} INFO - [2022-07-16 16:25:50,285] {manager.py:508} INFO - Created Permission View: can delete on DAG:example_trigger_target_dag
[2022-07-16 16:25:50,432] {logging_mixin.py:115} INFO - [2022-07-16 16:25:50,432] {manager.py:508} INFO - Created Permission View: can edit on DAG:example_trigger_target_dag
[2022-07-16 16:25:50,475] {logging_mixin.py:115} INFO - [2022-07-16 16:25:50,475] {manager.py:508} INFO - Created Permission View: can read on DAG:example_trigger_target_dag
[2022-07-16 16:25:50,475] {logging_mixin.py:115} INFO - [2022-07-16 16:25:50,475] {dag.py:2420} INFO - Sync 1 DAGs
[2022-07-16 16:25:50,533] {logging_mixin.py:115} INFO - [2022-07-16 16:25:50,533] {dag.py:2439} INFO - Creating ORM DAG for example_trigger_target_dag
[2022-07-16 16:25:50,695] {logging_mixin.py:115} INFO - [2022-07-16 16:25:50,695] {dag.py:2972} INFO - Setting next_dagrun for example_trigger_target_dag to None, run_after=None
[2022-07-16 16:25:50,915] {processor.py:161} INFO - Processing /home/airflow/.local/lib/python3.7/site-packages/airflow/example_dags/example_trigger_target_dag.py took 2.166 seconds
[2022-07-16 16:26:21,306] {processor.py:153} INFO - Started process (PID=427) to work on /home/airflow/.local/lib/python3.7/site-packages/airflow/example_dags/example_trigger_target_dag.py
[2022-07-16 16:26:21,308] {processor.py:641} INFO - Processing file /home/airflow/.local/lib/python3.7/site-packages/airflow/example_dags/example_trigger_target_dag.py for tasks to queue
[2022-07-16 16:26:21,309] {logging_mixin.py:115} INFO - [2022-07-16 16:26:21,309] {dagbag.py:508} INFO - Filling up the DagBag from /home/airflow/.local/lib/python3.7/site-packages/airflow/example_dags/example_trigger_target_dag.py
[2022-07-16 16:26:21,382] {processor.py:651} INFO - DAG(s) dict_keys(['example_trigger_target_dag']) retrieved from /home/airflow/.local/lib/python3.7/site-packages/airflow/example_dags/example_trigger_target_dag.py
[2022-07-16 16:26:21,625] {logging_mixin.py:115} INFO - [2022-07-16 16:26:21,624] {dag.py:2420} INFO - Sync 1 DAGs
[2022-07-16 16:26:21,729] {logging_mixin.py:115} INFO - [2022-07-16 16:26:21,729] {dag.py:2972} INFO - Setting next_dagrun for example_trigger_target_dag to None, run_after=None
[2022-07-16 16:26:21,908] {processor.py:161} INFO - Processing /home/airflow/.local/lib/python3.7/site-packages/airflow/example_dags/example_trigger_target_dag.py took 0.620 seconds
[2022-07-16 16:27:08,937] {processor.py:153} INFO - Started process (PID=614) to work on /home/airflow/.local/lib/python3.7/site-packages/airflow/example_dags/example_trigger_target_dag.py
[2022-07-16 16:27:08,959] {processor.py:641} INFO - Processing file /home/airflow/.local/lib/python3.7/site-packages/airflow/example_dags/example_trigger_target_dag.py for tasks to queue
[2022-07-16 16:27:08,962] {logging_mixin.py:115} INFO - [2022-07-16 16:27:08,962] {dagbag.py:508} INFO - Filling up the DagBag from /home/airflow/.local/lib/python3.7/site-packages/airflow/example_dags/example_trigger_target_dag.py
[2022-07-16 16:27:09,258] {processor.py:651} INFO - DAG(s) dict_keys(['example_trigger_target_dag']) retrieved from /home/airflow/.local/lib/python3.7/site-packages/airflow/example_dags/example_trigger_target_dag.py
[2022-07-16 16:27:10,211] {logging_mixin.py:115} INFO - [2022-07-16 16:27:10,211] {dag.py:2420} INFO - Sync 1 DAGs
[2022-07-16 16:27:10,259] {logging_mixin.py:115} INFO - [2022-07-16 16:27:10,259] {dag.py:2972} INFO - Setting next_dagrun for example_trigger_target_dag to None, run_after=None
[2022-07-16 16:27:10,293] {processor.py:161} INFO - Processing /home/airflow/.local/lib/python3.7/site-packages/airflow/example_dags/example_trigger_target_dag.py took 1.494 seconds
[2022-07-16 16:27:41,089] {processor.py:153} INFO - Started process (PID=804) to work on /home/airflow/.local/lib/python3.7/site-packages/airflow/example_dags/example_trigger_target_dag.py
[2022-07-16 16:27:41,096] {processor.py:641} INFO - Processing file /home/airflow/.local/lib/python3.7/site-packages/airflow/example_dags/example_trigger_target_dag.py for tasks to queue
[2022-07-16 16:27:41,097] {logging_mixin.py:115} INFO - [2022-07-16 16:27:41,097] {dagbag.py:508} INFO - Filling up the DagBag from /home/airflow/.local/lib/python3.7/site-packages/airflow/example_dags/example_trigger_target_dag.py
[2022-07-16 16:27:41,261] {processor.py:651} INFO - DAG(s) dict_keys(['example_trigger_target_dag']) retrieved from /home/airflow/.local/lib/python3.7/site-packages/airflow/example_dags/example_trigger_target_dag.py
[2022-07-16 16:27:41,367] {logging_mixin.py:115} INFO - [2022-07-16 16:27:41,367] {dag.py:2420} INFO - Sync 1 DAGs
[2022-07-16 16:27:41,446] {logging_mixin.py:115} INFO - [2022-07-16 16:27:41,446] {dag.py:2972} INFO - Setting next_dagrun for example_trigger_target_dag to None, run_after=None
[2022-07-16 16:27:41,474] {processor.py:161} INFO - Processing /home/airflow/.local/lib/python3.7/site-packages/airflow/example_dags/example_trigger_target_dag.py took 0.415 seconds
[2022-07-16 16:28:12,131] {processor.py:153} INFO - Started process (PID=992) to work on /home/airflow/.local/lib/python3.7/site-packages/airflow/example_dags/example_trigger_target_dag.py
[2022-07-16 16:28:12,135] {processor.py:641} INFO - Processing file /home/airflow/.local/lib/python3.7/site-packages/airflow/example_dags/example_trigger_target_dag.py for tasks to queue
[2022-07-16 16:28:12,144] {logging_mixin.py:115} INFO - [2022-07-16 16:28:12,144] {dagbag.py:508} INFO - Filling up the DagBag from /home/airflow/.local/lib/python3.7/site-packages/airflow/example_dags/example_trigger_target_dag.py
[2022-07-16 16:28:12,249] {processor.py:651} INFO - DAG(s) dict_keys(['example_trigger_target_dag']) retrieved from /home/airflow/.local/lib/python3.7/site-packages/airflow/example_dags/example_trigger_target_dag.py
[2022-07-16 16:28:12,371] {logging_mixin.py:115} INFO - [2022-07-16 16:28:12,371] {dag.py:2420} INFO - Sync 1 DAGs
[2022-07-16 16:28:12,516] {logging_mixin.py:115} INFO - [2022-07-16 16:28:12,516] {dag.py:2972} INFO - Setting next_dagrun for example_trigger_target_dag to None, run_after=None
[2022-07-16 16:28:12,581] {processor.py:161} INFO - Processing /home/airflow/.local/lib/python3.7/site-packages/airflow/example_dags/example_trigger_target_dag.py took 0.474 seconds
[2022-07-16 16:28:43,033] {processor.py:153} INFO - Started process (PID=1179) to work on /home/airflow/.local/lib/python3.7/site-packages/airflow/example_dags/example_trigger_target_dag.py
[2022-07-16 16:28:43,036] {processor.py:641} INFO - Processing file /home/airflow/.local/lib/python3.7/site-packages/airflow/example_dags/example_trigger_target_dag.py for tasks to queue
[2022-07-16 16:28:43,037] {logging_mixin.py:115} INFO - [2022-07-16 16:28:43,037] {dagbag.py:508} INFO - Filling up the DagBag from /home/airflow/.local/lib/python3.7/site-packages/airflow/example_dags/example_trigger_target_dag.py
[2022-07-16 16:28:43,148] {processor.py:651} INFO - DAG(s) dict_keys(['example_trigger_target_dag']) retrieved from /home/airflow/.local/lib/python3.7/site-packages/airflow/example_dags/example_trigger_target_dag.py
[2022-07-16 16:28:43,294] {logging_mixin.py:115} INFO - [2022-07-16 16:28:43,293] {dag.py:2420} INFO - Sync 1 DAGs
[2022-07-16 16:28:43,378] {logging_mixin.py:115} INFO - [2022-07-16 16:28:43,378] {dag.py:2972} INFO - Setting next_dagrun for example_trigger_target_dag to None, run_after=None
[2022-07-16 16:28:43,407] {processor.py:161} INFO - Processing /home/airflow/.local/lib/python3.7/site-packages/airflow/example_dags/example_trigger_target_dag.py took 0.398 seconds
[2022-07-16 16:29:38,179] {processor.py:153} INFO - Started process (PID=1381) to work on /home/airflow/.local/lib/python3.7/site-packages/airflow/example_dags/example_trigger_target_dag.py
[2022-07-16 16:29:38,198] {processor.py:641} INFO - Processing file /home/airflow/.local/lib/python3.7/site-packages/airflow/example_dags/example_trigger_target_dag.py for tasks to queue
[2022-07-16 16:29:38,199] {logging_mixin.py:115} INFO - [2022-07-16 16:29:38,199] {dagbag.py:508} INFO - Filling up the DagBag from /home/airflow/.local/lib/python3.7/site-packages/airflow/example_dags/example_trigger_target_dag.py
[2022-07-16 16:29:38,555] {processor.py:651} INFO - DAG(s) dict_keys(['example_trigger_target_dag']) retrieved from /home/airflow/.local/lib/python3.7/site-packages/airflow/example_dags/example_trigger_target_dag.py
[2022-07-16 16:29:39,011] {logging_mixin.py:115} INFO - [2022-07-16 16:29:39,011] {dag.py:2420} INFO - Sync 1 DAGs
[2022-07-16 16:29:39,577] {logging_mixin.py:115} INFO - [2022-07-16 16:29:39,577] {dag.py:2972} INFO - Setting next_dagrun for example_trigger_target_dag to None, run_after=None
[2022-07-16 16:29:39,700] {processor.py:161} INFO - Processing /home/airflow/.local/lib/python3.7/site-packages/airflow/example_dags/example_trigger_target_dag.py took 1.594 seconds
[2022-07-16 16:30:10,300] {processor.py:153} INFO - Started process (PID=1557) to work on /home/airflow/.local/lib/python3.7/site-packages/airflow/example_dags/example_trigger_target_dag.py
[2022-07-16 16:30:10,314] {processor.py:641} INFO - Processing file /home/airflow/.local/lib/python3.7/site-packages/airflow/example_dags/example_trigger_target_dag.py for tasks to queue
[2022-07-16 16:30:10,323] {logging_mixin.py:115} INFO - [2022-07-16 16:30:10,322] {dagbag.py:508} INFO - Filling up the DagBag from /home/airflow/.local/lib/python3.7/site-packages/airflow/example_dags/example_trigger_target_dag.py
[2022-07-16 16:30:10,519] {processor.py:651} INFO - DAG(s) dict_keys(['example_trigger_target_dag']) retrieved from /home/airflow/.local/lib/python3.7/site-packages/airflow/example_dags/example_trigger_target_dag.py
[2022-07-16 16:30:10,825] {logging_mixin.py:115} INFO - [2022-07-16 16:30:10,825] {dag.py:2420} INFO - Sync 1 DAGs
[2022-07-16 16:30:11,098] {logging_mixin.py:115} INFO - [2022-07-16 16:30:11,098] {dag.py:2972} INFO - Setting next_dagrun for example_trigger_target_dag to None, run_after=None
[2022-07-16 16:30:11,237] {processor.py:161} INFO - Processing /home/airflow/.local/lib/python3.7/site-packages/airflow/example_dags/example_trigger_target_dag.py took 1.021 seconds
[2022-07-16 16:30:42,487] {processor.py:153} INFO - Started process (PID=1751) to work on /home/airflow/.local/lib/python3.7/site-packages/airflow/example_dags/example_trigger_target_dag.py
[2022-07-16 16:30:42,488] {processor.py:641} INFO - Processing file /home/airflow/.local/lib/python3.7/site-packages/airflow/example_dags/example_trigger_target_dag.py for tasks to queue
[2022-07-16 16:30:42,489] {logging_mixin.py:115} INFO - [2022-07-16 16:30:42,489] {dagbag.py:508} INFO - Filling up the DagBag from /home/airflow/.local/lib/python3.7/site-packages/airflow/example_dags/example_trigger_target_dag.py
[2022-07-16 16:30:42,591] {processor.py:651} INFO - DAG(s) dict_keys(['example_trigger_target_dag']) retrieved from /home/airflow/.local/lib/python3.7/site-packages/airflow/example_dags/example_trigger_target_dag.py
[2022-07-16 16:30:42,812] {logging_mixin.py:115} INFO - [2022-07-16 16:30:42,811] {dag.py:2420} INFO - Sync 1 DAGs
[2022-07-16 16:30:42,922] {logging_mixin.py:115} INFO - [2022-07-16 16:30:42,922] {dag.py:2972} INFO - Setting next_dagrun for example_trigger_target_dag to None, run_after=None
[2022-07-16 16:30:42,962] {processor.py:161} INFO - Processing /home/airflow/.local/lib/python3.7/site-packages/airflow/example_dags/example_trigger_target_dag.py took 0.487 seconds
[2022-07-16 16:31:14,848] {processor.py:153} INFO - Started process (PID=1948) to work on /home/airflow/.local/lib/python3.7/site-packages/airflow/example_dags/example_trigger_target_dag.py
[2022-07-16 16:31:14,849] {processor.py:641} INFO - Processing file /home/airflow/.local/lib/python3.7/site-packages/airflow/example_dags/example_trigger_target_dag.py for tasks to queue
[2022-07-16 16:31:14,853] {logging_mixin.py:115} INFO - [2022-07-16 16:31:14,852] {dagbag.py:508} INFO - Filling up the DagBag from /home/airflow/.local/lib/python3.7/site-packages/airflow/example_dags/example_trigger_target_dag.py
[2022-07-16 16:31:14,985] {processor.py:651} INFO - DAG(s) dict_keys(['example_trigger_target_dag']) retrieved from /home/airflow/.local/lib/python3.7/site-packages/airflow/example_dags/example_trigger_target_dag.py
[2022-07-16 16:31:15,218] {logging_mixin.py:115} INFO - [2022-07-16 16:31:15,217] {dag.py:2420} INFO - Sync 1 DAGs
[2022-07-16 16:31:15,415] {logging_mixin.py:115} INFO - [2022-07-16 16:31:15,415] {dag.py:2972} INFO - Setting next_dagrun for example_trigger_target_dag to None, run_after=None
[2022-07-16 16:31:15,517] {processor.py:161} INFO - Processing /home/airflow/.local/lib/python3.7/site-packages/airflow/example_dags/example_trigger_target_dag.py took 0.679 seconds
[2022-07-16 16:31:46,530] {processor.py:153} INFO - Started process (PID=2127) to work on /home/airflow/.local/lib/python3.7/site-packages/airflow/example_dags/example_trigger_target_dag.py
[2022-07-16 16:31:46,538] {processor.py:641} INFO - Processing file /home/airflow/.local/lib/python3.7/site-packages/airflow/example_dags/example_trigger_target_dag.py for tasks to queue
[2022-07-16 16:31:46,539] {logging_mixin.py:115} INFO - [2022-07-16 16:31:46,539] {dagbag.py:508} INFO - Filling up the DagBag from /home/airflow/.local/lib/python3.7/site-packages/airflow/example_dags/example_trigger_target_dag.py
[2022-07-16 16:31:46,624] {processor.py:651} INFO - DAG(s) dict_keys(['example_trigger_target_dag']) retrieved from /home/airflow/.local/lib/python3.7/site-packages/airflow/example_dags/example_trigger_target_dag.py
[2022-07-16 16:31:46,762] {logging_mixin.py:115} INFO - [2022-07-16 16:31:46,761] {dag.py:2420} INFO - Sync 1 DAGs
[2022-07-16 16:31:46,869] {logging_mixin.py:115} INFO - [2022-07-16 16:31:46,868] {dag.py:2972} INFO - Setting next_dagrun for example_trigger_target_dag to None, run_after=None
[2022-07-16 16:31:46,950] {processor.py:161} INFO - Processing /home/airflow/.local/lib/python3.7/site-packages/airflow/example_dags/example_trigger_target_dag.py took 0.435 seconds
[2022-07-16 16:32:17,376] {processor.py:153} INFO - Started process (PID=2314) to work on /home/airflow/.local/lib/python3.7/site-packages/airflow/example_dags/example_trigger_target_dag.py
[2022-07-16 16:32:17,377] {processor.py:641} INFO - Processing file /home/airflow/.local/lib/python3.7/site-packages/airflow/example_dags/example_trigger_target_dag.py for tasks to queue
[2022-07-16 16:32:17,378] {logging_mixin.py:115} INFO - [2022-07-16 16:32:17,378] {dagbag.py:508} INFO - Filling up the DagBag from /home/airflow/.local/lib/python3.7/site-packages/airflow/example_dags/example_trigger_target_dag.py
[2022-07-16 16:32:17,424] {processor.py:651} INFO - DAG(s) dict_keys(['example_trigger_target_dag']) retrieved from /home/airflow/.local/lib/python3.7/site-packages/airflow/example_dags/example_trigger_target_dag.py
[2022-07-16 16:32:17,545] {logging_mixin.py:115} INFO - [2022-07-16 16:32:17,545] {dag.py:2420} INFO - Sync 1 DAGs
[2022-07-16 16:32:17,582] {logging_mixin.py:115} INFO - [2022-07-16 16:32:17,582] {dag.py:2972} INFO - Setting next_dagrun for example_trigger_target_dag to None, run_after=None
[2022-07-16 16:32:17,604] {processor.py:161} INFO - Processing /home/airflow/.local/lib/python3.7/site-packages/airflow/example_dags/example_trigger_target_dag.py took 0.239 seconds
[2022-07-16 16:32:48,698] {processor.py:153} INFO - Started process (PID=2501) to work on /home/airflow/.local/lib/python3.7/site-packages/airflow/example_dags/example_trigger_target_dag.py
[2022-07-16 16:32:48,700] {processor.py:641} INFO - Processing file /home/airflow/.local/lib/python3.7/site-packages/airflow/example_dags/example_trigger_target_dag.py for tasks to queue
[2022-07-16 16:32:48,702] {logging_mixin.py:115} INFO - [2022-07-16 16:32:48,702] {dagbag.py:508} INFO - Filling up the DagBag from /home/airflow/.local/lib/python3.7/site-packages/airflow/example_dags/example_trigger_target_dag.py
[2022-07-16 16:32:48,752] {processor.py:651} INFO - DAG(s) dict_keys(['example_trigger_target_dag']) retrieved from /home/airflow/.local/lib/python3.7/site-packages/airflow/example_dags/example_trigger_target_dag.py
[2022-07-16 16:32:48,847] {logging_mixin.py:115} INFO - [2022-07-16 16:32:48,847] {dag.py:2420} INFO - Sync 1 DAGs
[2022-07-16 16:32:48,895] {logging_mixin.py:115} INFO - [2022-07-16 16:32:48,895] {dag.py:2972} INFO - Setting next_dagrun for example_trigger_target_dag to None, run_after=None
[2022-07-16 16:32:48,915] {processor.py:161} INFO - Processing /home/airflow/.local/lib/python3.7/site-packages/airflow/example_dags/example_trigger_target_dag.py took 0.228 seconds
[2022-07-16 16:33:21,999] {processor.py:153} INFO - Started process (PID=2693) to work on /home/airflow/.local/lib/python3.7/site-packages/airflow/example_dags/example_trigger_target_dag.py
[2022-07-16 16:33:22,014] {processor.py:641} INFO - Processing file /home/airflow/.local/lib/python3.7/site-packages/airflow/example_dags/example_trigger_target_dag.py for tasks to queue
[2022-07-16 16:33:22,016] {logging_mixin.py:115} INFO - [2022-07-16 16:33:22,015] {dagbag.py:508} INFO - Filling up the DagBag from /home/airflow/.local/lib/python3.7/site-packages/airflow/example_dags/example_trigger_target_dag.py
[2022-07-16 16:33:22,200] {processor.py:651} INFO - DAG(s) dict_keys(['example_trigger_target_dag']) retrieved from /home/airflow/.local/lib/python3.7/site-packages/airflow/example_dags/example_trigger_target_dag.py
[2022-07-16 16:33:22,421] {logging_mixin.py:115} INFO - [2022-07-16 16:33:22,421] {dag.py:2420} INFO - Sync 1 DAGs
[2022-07-16 16:33:22,622] {logging_mixin.py:115} INFO - [2022-07-16 16:33:22,622] {dag.py:2972} INFO - Setting next_dagrun for example_trigger_target_dag to None, run_after=None
[2022-07-16 16:33:22,745] {processor.py:161} INFO - Processing /home/airflow/.local/lib/python3.7/site-packages/airflow/example_dags/example_trigger_target_dag.py took 0.790 seconds
[2022-07-16 16:33:53,509] {processor.py:153} INFO - Started process (PID=2886) to work on /home/airflow/.local/lib/python3.7/site-packages/airflow/example_dags/example_trigger_target_dag.py
[2022-07-16 16:33:53,509] {processor.py:641} INFO - Processing file /home/airflow/.local/lib/python3.7/site-packages/airflow/example_dags/example_trigger_target_dag.py for tasks to queue
[2022-07-16 16:33:53,510] {logging_mixin.py:115} INFO - [2022-07-16 16:33:53,510] {dagbag.py:508} INFO - Filling up the DagBag from /home/airflow/.local/lib/python3.7/site-packages/airflow/example_dags/example_trigger_target_dag.py
[2022-07-16 16:33:53,561] {processor.py:651} INFO - DAG(s) dict_keys(['example_trigger_target_dag']) retrieved from /home/airflow/.local/lib/python3.7/site-packages/airflow/example_dags/example_trigger_target_dag.py
[2022-07-16 16:33:53,630] {logging_mixin.py:115} INFO - [2022-07-16 16:33:53,630] {dag.py:2420} INFO - Sync 1 DAGs
[2022-07-16 16:33:53,693] {logging_mixin.py:115} INFO - [2022-07-16 16:33:53,692] {dag.py:2972} INFO - Setting next_dagrun for example_trigger_target_dag to None, run_after=None
[2022-07-16 16:33:53,736] {processor.py:161} INFO - Processing /home/airflow/.local/lib/python3.7/site-packages/airflow/example_dags/example_trigger_target_dag.py took 0.251 seconds
[2022-07-16 16:34:24,225] {processor.py:153} INFO - Started process (PID=3087) to work on /home/airflow/.local/lib/python3.7/site-packages/airflow/example_dags/example_trigger_target_dag.py
[2022-07-16 16:34:24,226] {processor.py:641} INFO - Processing file /home/airflow/.local/lib/python3.7/site-packages/airflow/example_dags/example_trigger_target_dag.py for tasks to queue
[2022-07-16 16:34:24,227] {logging_mixin.py:115} INFO - [2022-07-16 16:34:24,227] {dagbag.py:508} INFO - Filling up the DagBag from /home/airflow/.local/lib/python3.7/site-packages/airflow/example_dags/example_trigger_target_dag.py
[2022-07-16 16:34:24,253] {processor.py:651} INFO - DAG(s) dict_keys(['example_trigger_target_dag']) retrieved from /home/airflow/.local/lib/python3.7/site-packages/airflow/example_dags/example_trigger_target_dag.py
[2022-07-16 16:34:24,302] {logging_mixin.py:115} INFO - [2022-07-16 16:34:24,301] {dag.py:2420} INFO - Sync 1 DAGs
[2022-07-16 16:34:24,349] {logging_mixin.py:115} INFO - [2022-07-16 16:34:24,349] {dag.py:2972} INFO - Setting next_dagrun for example_trigger_target_dag to None, run_after=None
[2022-07-16 16:34:24,373] {processor.py:161} INFO - Processing /home/airflow/.local/lib/python3.7/site-packages/airflow/example_dags/example_trigger_target_dag.py took 0.154 seconds
[2022-07-16 16:34:55,643] {processor.py:153} INFO - Started process (PID=3271) to work on /home/airflow/.local/lib/python3.7/site-packages/airflow/example_dags/example_trigger_target_dag.py
[2022-07-16 16:34:55,643] {processor.py:641} INFO - Processing file /home/airflow/.local/lib/python3.7/site-packages/airflow/example_dags/example_trigger_target_dag.py for tasks to queue
[2022-07-16 16:34:55,644] {logging_mixin.py:115} INFO - [2022-07-16 16:34:55,644] {dagbag.py:508} INFO - Filling up the DagBag from /home/airflow/.local/lib/python3.7/site-packages/airflow/example_dags/example_trigger_target_dag.py
[2022-07-16 16:34:55,774] {processor.py:651} INFO - DAG(s) dict_keys(['example_trigger_target_dag']) retrieved from /home/airflow/.local/lib/python3.7/site-packages/airflow/example_dags/example_trigger_target_dag.py
[2022-07-16 16:34:56,765] {logging_mixin.py:115} INFO - [2022-07-16 16:34:56,765] {dag.py:2420} INFO - Sync 1 DAGs
[2022-07-16 16:35:00,048] {logging_mixin.py:115} INFO - [2022-07-16 16:35:00,047] {process_utils.py:240} INFO - Waiting up to 5 seconds for processes to exit...
[2022-07-16 16:38:45,973] {processor.py:153} INFO - Started process (PID=259) to work on /home/airflow/.local/lib/python3.7/site-packages/airflow/example_dags/example_trigger_target_dag.py
[2022-07-16 16:38:45,988] {processor.py:641} INFO - Processing file /home/airflow/.local/lib/python3.7/site-packages/airflow/example_dags/example_trigger_target_dag.py for tasks to queue
[2022-07-16 16:38:45,989] {logging_mixin.py:115} INFO - [2022-07-16 16:38:45,989] {dagbag.py:508} INFO - Filling up the DagBag from /home/airflow/.local/lib/python3.7/site-packages/airflow/example_dags/example_trigger_target_dag.py
[2022-07-16 16:38:46,312] {processor.py:651} INFO - DAG(s) dict_keys(['example_trigger_target_dag']) retrieved from /home/airflow/.local/lib/python3.7/site-packages/airflow/example_dags/example_trigger_target_dag.py
[2022-07-16 16:38:48,179] {logging_mixin.py:115} INFO - [2022-07-16 16:38:48,178] {manager.py:508} INFO - Created Permission View: can delete on DAG:example_trigger_target_dag
[2022-07-16 16:38:48,341] {logging_mixin.py:115} INFO - [2022-07-16 16:38:48,341] {manager.py:508} INFO - Created Permission View: can edit on DAG:example_trigger_target_dag
[2022-07-16 16:38:48,417] {logging_mixin.py:115} INFO - [2022-07-16 16:38:48,416] {manager.py:508} INFO - Created Permission View: can read on DAG:example_trigger_target_dag
[2022-07-16 16:38:48,418] {logging_mixin.py:115} INFO - [2022-07-16 16:38:48,418] {dag.py:2420} INFO - Sync 1 DAGs
[2022-07-16 16:38:48,469] {logging_mixin.py:115} INFO - [2022-07-16 16:38:48,469] {dag.py:2439} INFO - Creating ORM DAG for example_trigger_target_dag
[2022-07-16 16:38:48,603] {logging_mixin.py:115} INFO - [2022-07-16 16:38:48,602] {dag.py:2972} INFO - Setting next_dagrun for example_trigger_target_dag to None, run_after=None
[2022-07-16 16:38:48,737] {processor.py:161} INFO - Processing /home/airflow/.local/lib/python3.7/site-packages/airflow/example_dags/example_trigger_target_dag.py took 2.845 seconds
[2022-07-16 16:39:29,402] {processor.py:153} INFO - Started process (PID=450) to work on /home/airflow/.local/lib/python3.7/site-packages/airflow/example_dags/example_trigger_target_dag.py
[2022-07-16 16:39:29,422] {processor.py:641} INFO - Processing file /home/airflow/.local/lib/python3.7/site-packages/airflow/example_dags/example_trigger_target_dag.py for tasks to queue
[2022-07-16 16:39:29,423] {logging_mixin.py:115} INFO - [2022-07-16 16:39:29,423] {dagbag.py:508} INFO - Filling up the DagBag from /home/airflow/.local/lib/python3.7/site-packages/airflow/example_dags/example_trigger_target_dag.py
[2022-07-16 16:39:29,926] {processor.py:651} INFO - DAG(s) dict_keys(['example_trigger_target_dag']) retrieved from /home/airflow/.local/lib/python3.7/site-packages/airflow/example_dags/example_trigger_target_dag.py
[2022-07-16 16:39:30,500] {logging_mixin.py:115} INFO - [2022-07-16 16:39:30,500] {dag.py:2420} INFO - Sync 1 DAGs
[2022-07-16 16:39:31,091] {logging_mixin.py:115} INFO - [2022-07-16 16:39:31,091] {dag.py:2972} INFO - Setting next_dagrun for example_trigger_target_dag to None, run_after=None
[2022-07-16 16:39:31,409] {processor.py:161} INFO - Processing /home/airflow/.local/lib/python3.7/site-packages/airflow/example_dags/example_trigger_target_dag.py took 2.066 seconds
