[2022-07-16 16:25:49,766] {processor.py:153} INFO - Started process (PID=249) to work on /home/airflow/.local/lib/python3.7/site-packages/airflow/example_dags/example_task_group_decorator.py
[2022-07-16 16:25:49,767] {processor.py:641} INFO - Processing file /home/airflow/.local/lib/python3.7/site-packages/airflow/example_dags/example_task_group_decorator.py for tasks to queue
[2022-07-16 16:25:49,788] {logging_mixin.py:115} INFO - [2022-07-16 16:25:49,788] {dagbag.py:508} INFO - Filling up the DagBag from /home/airflow/.local/lib/python3.7/site-packages/airflow/example_dags/example_task_group_decorator.py
[2022-07-16 16:25:50,122] {processor.py:651} INFO - DAG(s) dict_keys(['example_task_group_decorator']) retrieved from /home/airflow/.local/lib/python3.7/site-packages/airflow/example_dags/example_task_group_decorator.py
[2022-07-16 16:25:51,326] {logging_mixin.py:115} INFO - [2022-07-16 16:25:51,326] {manager.py:508} INFO - Created Permission View: can delete on DAG:example_task_group_decorator
[2022-07-16 16:25:51,434] {logging_mixin.py:115} INFO - [2022-07-16 16:25:51,434] {manager.py:508} INFO - Created Permission View: can edit on DAG:example_task_group_decorator
[2022-07-16 16:25:51,484] {logging_mixin.py:115} INFO - [2022-07-16 16:25:51,484] {manager.py:508} INFO - Created Permission View: can read on DAG:example_task_group_decorator
[2022-07-16 16:25:51,484] {logging_mixin.py:115} INFO - [2022-07-16 16:25:51,484] {dag.py:2420} INFO - Sync 1 DAGs
[2022-07-16 16:25:51,561] {logging_mixin.py:115} INFO - [2022-07-16 16:25:51,560] {dag.py:2439} INFO - Creating ORM DAG for example_task_group_decorator
[2022-07-16 16:25:51,789] {logging_mixin.py:115} INFO - [2022-07-16 16:25:51,789] {dag.py:2972} INFO - Setting next_dagrun for example_task_group_decorator to 2022-07-15T16:25:51.788075+00:00, run_after=2022-07-16T16:25:51.788075+00:00
[2022-07-16 16:25:51,904] {processor.py:161} INFO - Processing /home/airflow/.local/lib/python3.7/site-packages/airflow/example_dags/example_task_group_decorator.py took 2.158 seconds
[2022-07-16 16:26:22,821] {processor.py:153} INFO - Started process (PID=432) to work on /home/airflow/.local/lib/python3.7/site-packages/airflow/example_dags/example_task_group_decorator.py
[2022-07-16 16:26:22,829] {processor.py:641} INFO - Processing file /home/airflow/.local/lib/python3.7/site-packages/airflow/example_dags/example_task_group_decorator.py for tasks to queue
[2022-07-16 16:26:22,829] {logging_mixin.py:115} INFO - [2022-07-16 16:26:22,829] {dagbag.py:508} INFO - Filling up the DagBag from /home/airflow/.local/lib/python3.7/site-packages/airflow/example_dags/example_task_group_decorator.py
[2022-07-16 16:26:22,946] {processor.py:651} INFO - DAG(s) dict_keys(['example_task_group_decorator']) retrieved from /home/airflow/.local/lib/python3.7/site-packages/airflow/example_dags/example_task_group_decorator.py
[2022-07-16 16:26:23,127] {logging_mixin.py:115} INFO - [2022-07-16 16:26:23,127] {dag.py:2420} INFO - Sync 1 DAGs
[2022-07-16 16:26:23,173] {logging_mixin.py:115} INFO - [2022-07-16 16:26:23,173] {dag.py:2972} INFO - Setting next_dagrun for example_task_group_decorator to 2022-07-15T16:26:23.171046+00:00, run_after=2022-07-16T16:26:23.171046+00:00
[2022-07-16 16:26:23,197] {processor.py:161} INFO - Processing /home/airflow/.local/lib/python3.7/site-packages/airflow/example_dags/example_task_group_decorator.py took 0.394 seconds
[2022-07-16 16:27:09,581] {processor.py:153} INFO - Started process (PID=624) to work on /home/airflow/.local/lib/python3.7/site-packages/airflow/example_dags/example_task_group_decorator.py
[2022-07-16 16:27:09,601] {processor.py:641} INFO - Processing file /home/airflow/.local/lib/python3.7/site-packages/airflow/example_dags/example_task_group_decorator.py for tasks to queue
[2022-07-16 16:27:09,602] {logging_mixin.py:115} INFO - [2022-07-16 16:27:09,602] {dagbag.py:508} INFO - Filling up the DagBag from /home/airflow/.local/lib/python3.7/site-packages/airflow/example_dags/example_task_group_decorator.py
[2022-07-16 16:27:10,583] {processor.py:651} INFO - DAG(s) dict_keys(['example_task_group_decorator']) retrieved from /home/airflow/.local/lib/python3.7/site-packages/airflow/example_dags/example_task_group_decorator.py
[2022-07-16 16:27:12,617] {logging_mixin.py:115} INFO - [2022-07-16 16:27:12,617] {dag.py:2420} INFO - Sync 1 DAGs
[2022-07-16 16:27:12,739] {logging_mixin.py:115} INFO - [2022-07-16 16:27:12,739] {dag.py:2972} INFO - Setting next_dagrun for example_task_group_decorator to 2022-07-15T16:27:12.738718+00:00, run_after=2022-07-16T16:27:12.738718+00:00
[2022-07-16 16:27:12,796] {processor.py:161} INFO - Processing /home/airflow/.local/lib/python3.7/site-packages/airflow/example_dags/example_task_group_decorator.py took 3.334 seconds
[2022-07-16 16:27:43,409] {processor.py:153} INFO - Started process (PID=816) to work on /home/airflow/.local/lib/python3.7/site-packages/airflow/example_dags/example_task_group_decorator.py
[2022-07-16 16:27:43,411] {processor.py:641} INFO - Processing file /home/airflow/.local/lib/python3.7/site-packages/airflow/example_dags/example_task_group_decorator.py for tasks to queue
[2022-07-16 16:27:43,412] {logging_mixin.py:115} INFO - [2022-07-16 16:27:43,412] {dagbag.py:508} INFO - Filling up the DagBag from /home/airflow/.local/lib/python3.7/site-packages/airflow/example_dags/example_task_group_decorator.py
[2022-07-16 16:27:43,726] {processor.py:651} INFO - DAG(s) dict_keys(['example_task_group_decorator']) retrieved from /home/airflow/.local/lib/python3.7/site-packages/airflow/example_dags/example_task_group_decorator.py
[2022-07-16 16:27:45,073] {logging_mixin.py:115} INFO - [2022-07-16 16:27:45,073] {dag.py:2420} INFO - Sync 1 DAGs
[2022-07-16 16:27:45,359] {logging_mixin.py:115} INFO - [2022-07-16 16:27:45,355] {dag.py:2972} INFO - Setting next_dagrun for example_task_group_decorator to 2022-07-15T16:27:45.351794+00:00, run_after=2022-07-16T16:27:45.351794+00:00
[2022-07-16 16:27:45,491] {processor.py:161} INFO - Processing /home/airflow/.local/lib/python3.7/site-packages/airflow/example_dags/example_task_group_decorator.py took 2.117 seconds
[2022-07-16 16:28:16,148] {processor.py:153} INFO - Started process (PID=1000) to work on /home/airflow/.local/lib/python3.7/site-packages/airflow/example_dags/example_task_group_decorator.py
[2022-07-16 16:28:16,149] {processor.py:641} INFO - Processing file /home/airflow/.local/lib/python3.7/site-packages/airflow/example_dags/example_task_group_decorator.py for tasks to queue
[2022-07-16 16:28:16,150] {logging_mixin.py:115} INFO - [2022-07-16 16:28:16,150] {dagbag.py:508} INFO - Filling up the DagBag from /home/airflow/.local/lib/python3.7/site-packages/airflow/example_dags/example_task_group_decorator.py
[2022-07-16 16:28:16,942] {processor.py:651} INFO - DAG(s) dict_keys(['example_task_group_decorator']) retrieved from /home/airflow/.local/lib/python3.7/site-packages/airflow/example_dags/example_task_group_decorator.py
[2022-07-16 16:28:17,453] {logging_mixin.py:115} INFO - [2022-07-16 16:28:17,452] {dag.py:2420} INFO - Sync 1 DAGs
[2022-07-16 16:28:17,661] {logging_mixin.py:115} INFO - [2022-07-16 16:28:17,661] {dag.py:2972} INFO - Setting next_dagrun for example_task_group_decorator to 2022-07-15T16:28:17.656609+00:00, run_after=2022-07-16T16:28:17.656609+00:00
[2022-07-16 16:28:17,816] {processor.py:161} INFO - Processing /home/airflow/.local/lib/python3.7/site-packages/airflow/example_dags/example_task_group_decorator.py took 1.801 seconds
[2022-07-16 16:28:48,707] {processor.py:153} INFO - Started process (PID=1189) to work on /home/airflow/.local/lib/python3.7/site-packages/airflow/example_dags/example_task_group_decorator.py
[2022-07-16 16:28:48,708] {processor.py:641} INFO - Processing file /home/airflow/.local/lib/python3.7/site-packages/airflow/example_dags/example_task_group_decorator.py for tasks to queue
[2022-07-16 16:28:48,710] {logging_mixin.py:115} INFO - [2022-07-16 16:28:48,710] {dagbag.py:508} INFO - Filling up the DagBag from /home/airflow/.local/lib/python3.7/site-packages/airflow/example_dags/example_task_group_decorator.py
[2022-07-16 16:28:48,977] {processor.py:651} INFO - DAG(s) dict_keys(['example_task_group_decorator']) retrieved from /home/airflow/.local/lib/python3.7/site-packages/airflow/example_dags/example_task_group_decorator.py
[2022-07-16 16:28:49,291] {logging_mixin.py:115} INFO - [2022-07-16 16:28:49,291] {dag.py:2420} INFO - Sync 1 DAGs
[2022-07-16 16:28:49,343] {logging_mixin.py:115} INFO - [2022-07-16 16:28:49,343] {dag.py:2972} INFO - Setting next_dagrun for example_task_group_decorator to 2022-07-15T16:28:49.341145+00:00, run_after=2022-07-16T16:28:49.341145+00:00
[2022-07-16 16:28:49,371] {processor.py:161} INFO - Processing /home/airflow/.local/lib/python3.7/site-packages/airflow/example_dags/example_task_group_decorator.py took 0.734 seconds
[2022-07-16 16:29:43,538] {processor.py:153} INFO - Started process (PID=1403) to work on /home/airflow/.local/lib/python3.7/site-packages/airflow/example_dags/example_task_group_decorator.py
[2022-07-16 16:29:43,558] {processor.py:641} INFO - Processing file /home/airflow/.local/lib/python3.7/site-packages/airflow/example_dags/example_task_group_decorator.py for tasks to queue
[2022-07-16 16:29:43,560] {logging_mixin.py:115} INFO - [2022-07-16 16:29:43,559] {dagbag.py:508} INFO - Filling up the DagBag from /home/airflow/.local/lib/python3.7/site-packages/airflow/example_dags/example_task_group_decorator.py
[2022-07-16 16:29:44,204] {processor.py:651} INFO - DAG(s) dict_keys(['example_task_group_decorator']) retrieved from /home/airflow/.local/lib/python3.7/site-packages/airflow/example_dags/example_task_group_decorator.py
[2022-07-16 16:29:47,050] {logging_mixin.py:115} INFO - [2022-07-16 16:29:47,050] {dag.py:2420} INFO - Sync 1 DAGs
[2022-07-16 16:29:47,431] {logging_mixin.py:115} INFO - [2022-07-16 16:29:47,431] {dag.py:2972} INFO - Setting next_dagrun for example_task_group_decorator to 2022-07-15T16:29:47.430784+00:00, run_after=2022-07-16T16:29:47.430784+00:00
[2022-07-16 16:29:47,594] {processor.py:161} INFO - Processing /home/airflow/.local/lib/python3.7/site-packages/airflow/example_dags/example_task_group_decorator.py took 4.158 seconds
[2022-07-16 16:30:18,313] {processor.py:153} INFO - Started process (PID=1599) to work on /home/airflow/.local/lib/python3.7/site-packages/airflow/example_dags/example_task_group_decorator.py
[2022-07-16 16:30:18,315] {processor.py:641} INFO - Processing file /home/airflow/.local/lib/python3.7/site-packages/airflow/example_dags/example_task_group_decorator.py for tasks to queue
[2022-07-16 16:30:18,318] {logging_mixin.py:115} INFO - [2022-07-16 16:30:18,316] {dagbag.py:508} INFO - Filling up the DagBag from /home/airflow/.local/lib/python3.7/site-packages/airflow/example_dags/example_task_group_decorator.py
[2022-07-16 16:30:18,401] {processor.py:651} INFO - DAG(s) dict_keys(['example_task_group_decorator']) retrieved from /home/airflow/.local/lib/python3.7/site-packages/airflow/example_dags/example_task_group_decorator.py
[2022-07-16 16:30:18,560] {logging_mixin.py:115} INFO - [2022-07-16 16:30:18,560] {dag.py:2420} INFO - Sync 1 DAGs
[2022-07-16 16:30:18,597] {logging_mixin.py:115} INFO - [2022-07-16 16:30:18,597] {dag.py:2972} INFO - Setting next_dagrun for example_task_group_decorator to 2022-07-15T16:30:18.596146+00:00, run_after=2022-07-16T16:30:18.596146+00:00
[2022-07-16 16:30:18,636] {processor.py:161} INFO - Processing /home/airflow/.local/lib/python3.7/site-packages/airflow/example_dags/example_task_group_decorator.py took 0.337 seconds
[2022-07-16 16:30:49,094] {processor.py:153} INFO - Started process (PID=1773) to work on /home/airflow/.local/lib/python3.7/site-packages/airflow/example_dags/example_task_group_decorator.py
[2022-07-16 16:30:49,095] {processor.py:641} INFO - Processing file /home/airflow/.local/lib/python3.7/site-packages/airflow/example_dags/example_task_group_decorator.py for tasks to queue
[2022-07-16 16:30:49,121] {logging_mixin.py:115} INFO - [2022-07-16 16:30:49,121] {dagbag.py:508} INFO - Filling up the DagBag from /home/airflow/.local/lib/python3.7/site-packages/airflow/example_dags/example_task_group_decorator.py
[2022-07-16 16:30:49,442] {processor.py:651} INFO - DAG(s) dict_keys(['example_task_group_decorator']) retrieved from /home/airflow/.local/lib/python3.7/site-packages/airflow/example_dags/example_task_group_decorator.py
[2022-07-16 16:30:50,027] {logging_mixin.py:115} INFO - [2022-07-16 16:30:50,027] {dag.py:2420} INFO - Sync 1 DAGs
[2022-07-16 16:30:50,088] {logging_mixin.py:115} INFO - [2022-07-16 16:30:50,087] {dag.py:2972} INFO - Setting next_dagrun for example_task_group_decorator to 2022-07-15T16:30:50.087440+00:00, run_after=2022-07-16T16:30:50.087440+00:00
[2022-07-16 16:30:50,146] {processor.py:161} INFO - Processing /home/airflow/.local/lib/python3.7/site-packages/airflow/example_dags/example_task_group_decorator.py took 1.115 seconds
[2022-07-16 16:31:20,899] {processor.py:153} INFO - Started process (PID=1965) to work on /home/airflow/.local/lib/python3.7/site-packages/airflow/example_dags/example_task_group_decorator.py
[2022-07-16 16:31:20,942] {processor.py:641} INFO - Processing file /home/airflow/.local/lib/python3.7/site-packages/airflow/example_dags/example_task_group_decorator.py for tasks to queue
[2022-07-16 16:31:20,943] {logging_mixin.py:115} INFO - [2022-07-16 16:31:20,943] {dagbag.py:508} INFO - Filling up the DagBag from /home/airflow/.local/lib/python3.7/site-packages/airflow/example_dags/example_task_group_decorator.py
[2022-07-16 16:31:21,490] {processor.py:651} INFO - DAG(s) dict_keys(['example_task_group_decorator']) retrieved from /home/airflow/.local/lib/python3.7/site-packages/airflow/example_dags/example_task_group_decorator.py
[2022-07-16 16:31:22,222] {logging_mixin.py:115} INFO - [2022-07-16 16:31:22,221] {dag.py:2420} INFO - Sync 1 DAGs
[2022-07-16 16:31:22,342] {logging_mixin.py:115} INFO - [2022-07-16 16:31:22,342] {dag.py:2972} INFO - Setting next_dagrun for example_task_group_decorator to 2022-07-15T16:31:22.341348+00:00, run_after=2022-07-16T16:31:22.341348+00:00
[2022-07-16 16:31:22,382] {processor.py:161} INFO - Processing /home/airflow/.local/lib/python3.7/site-packages/airflow/example_dags/example_task_group_decorator.py took 1.580 seconds
[2022-07-16 16:31:53,143] {processor.py:153} INFO - Started process (PID=2151) to work on /home/airflow/.local/lib/python3.7/site-packages/airflow/example_dags/example_task_group_decorator.py
[2022-07-16 16:31:53,163] {processor.py:641} INFO - Processing file /home/airflow/.local/lib/python3.7/site-packages/airflow/example_dags/example_task_group_decorator.py for tasks to queue
[2022-07-16 16:31:53,164] {logging_mixin.py:115} INFO - [2022-07-16 16:31:53,164] {dagbag.py:508} INFO - Filling up the DagBag from /home/airflow/.local/lib/python3.7/site-packages/airflow/example_dags/example_task_group_decorator.py
[2022-07-16 16:31:53,720] {processor.py:651} INFO - DAG(s) dict_keys(['example_task_group_decorator']) retrieved from /home/airflow/.local/lib/python3.7/site-packages/airflow/example_dags/example_task_group_decorator.py
[2022-07-16 16:31:54,826] {logging_mixin.py:115} INFO - [2022-07-16 16:31:54,825] {dag.py:2420} INFO - Sync 1 DAGs
[2022-07-16 16:31:54,988] {logging_mixin.py:115} INFO - [2022-07-16 16:31:54,988] {dag.py:2972} INFO - Setting next_dagrun for example_task_group_decorator to 2022-07-15T16:31:54.987763+00:00, run_after=2022-07-16T16:31:54.987763+00:00
[2022-07-16 16:31:55,065] {processor.py:161} INFO - Processing /home/airflow/.local/lib/python3.7/site-packages/airflow/example_dags/example_task_group_decorator.py took 1.978 seconds
[2022-07-16 16:32:25,803] {processor.py:153} INFO - Started process (PID=2336) to work on /home/airflow/.local/lib/python3.7/site-packages/airflow/example_dags/example_task_group_decorator.py
[2022-07-16 16:32:25,804] {processor.py:641} INFO - Processing file /home/airflow/.local/lib/python3.7/site-packages/airflow/example_dags/example_task_group_decorator.py for tasks to queue
[2022-07-16 16:32:25,806] {logging_mixin.py:115} INFO - [2022-07-16 16:32:25,806] {dagbag.py:508} INFO - Filling up the DagBag from /home/airflow/.local/lib/python3.7/site-packages/airflow/example_dags/example_task_group_decorator.py
[2022-07-16 16:32:25,890] {processor.py:651} INFO - DAG(s) dict_keys(['example_task_group_decorator']) retrieved from /home/airflow/.local/lib/python3.7/site-packages/airflow/example_dags/example_task_group_decorator.py
[2022-07-16 16:32:26,069] {logging_mixin.py:115} INFO - [2022-07-16 16:32:26,069] {dag.py:2420} INFO - Sync 1 DAGs
[2022-07-16 16:32:26,123] {logging_mixin.py:115} INFO - [2022-07-16 16:32:26,123] {dag.py:2972} INFO - Setting next_dagrun for example_task_group_decorator to 2022-07-15T16:32:26.122780+00:00, run_after=2022-07-16T16:32:26.122780+00:00
[2022-07-16 16:32:26,204] {processor.py:161} INFO - Processing /home/airflow/.local/lib/python3.7/site-packages/airflow/example_dags/example_task_group_decorator.py took 0.413 seconds
[2022-07-16 16:32:56,967] {processor.py:153} INFO - Started process (PID=2533) to work on /home/airflow/.local/lib/python3.7/site-packages/airflow/example_dags/example_task_group_decorator.py
[2022-07-16 16:32:56,976] {processor.py:641} INFO - Processing file /home/airflow/.local/lib/python3.7/site-packages/airflow/example_dags/example_task_group_decorator.py for tasks to queue
[2022-07-16 16:32:56,978] {logging_mixin.py:115} INFO - [2022-07-16 16:32:56,978] {dagbag.py:508} INFO - Filling up the DagBag from /home/airflow/.local/lib/python3.7/site-packages/airflow/example_dags/example_task_group_decorator.py
[2022-07-16 16:32:57,181] {processor.py:651} INFO - DAG(s) dict_keys(['example_task_group_decorator']) retrieved from /home/airflow/.local/lib/python3.7/site-packages/airflow/example_dags/example_task_group_decorator.py
[2022-07-16 16:32:57,699] {logging_mixin.py:115} INFO - [2022-07-16 16:32:57,699] {dag.py:2420} INFO - Sync 1 DAGs
[2022-07-16 16:32:57,838] {logging_mixin.py:115} INFO - [2022-07-16 16:32:57,838] {dag.py:2972} INFO - Setting next_dagrun for example_task_group_decorator to 2022-07-15T16:32:57.838099+00:00, run_after=2022-07-16T16:32:57.838099+00:00
[2022-07-16 16:32:57,891] {processor.py:161} INFO - Processing /home/airflow/.local/lib/python3.7/site-packages/airflow/example_dags/example_task_group_decorator.py took 0.939 seconds
[2022-07-16 16:33:28,119] {processor.py:153} INFO - Started process (PID=2718) to work on /home/airflow/.local/lib/python3.7/site-packages/airflow/example_dags/example_task_group_decorator.py
[2022-07-16 16:33:28,133] {processor.py:641} INFO - Processing file /home/airflow/.local/lib/python3.7/site-packages/airflow/example_dags/example_task_group_decorator.py for tasks to queue
[2022-07-16 16:33:28,134] {logging_mixin.py:115} INFO - [2022-07-16 16:33:28,134] {dagbag.py:508} INFO - Filling up the DagBag from /home/airflow/.local/lib/python3.7/site-packages/airflow/example_dags/example_task_group_decorator.py
[2022-07-16 16:33:28,256] {processor.py:651} INFO - DAG(s) dict_keys(['example_task_group_decorator']) retrieved from /home/airflow/.local/lib/python3.7/site-packages/airflow/example_dags/example_task_group_decorator.py
[2022-07-16 16:33:28,479] {logging_mixin.py:115} INFO - [2022-07-16 16:33:28,478] {dag.py:2420} INFO - Sync 1 DAGs
[2022-07-16 16:33:28,552] {logging_mixin.py:115} INFO - [2022-07-16 16:33:28,552] {dag.py:2972} INFO - Setting next_dagrun for example_task_group_decorator to 2022-07-15T16:33:28.551611+00:00, run_after=2022-07-16T16:33:28.551611+00:00
[2022-07-16 16:33:28,577] {processor.py:161} INFO - Processing /home/airflow/.local/lib/python3.7/site-packages/airflow/example_dags/example_task_group_decorator.py took 0.466 seconds
[2022-07-16 16:33:58,853] {processor.py:153} INFO - Started process (PID=2914) to work on /home/airflow/.local/lib/python3.7/site-packages/airflow/example_dags/example_task_group_decorator.py
[2022-07-16 16:33:58,854] {processor.py:641} INFO - Processing file /home/airflow/.local/lib/python3.7/site-packages/airflow/example_dags/example_task_group_decorator.py for tasks to queue
[2022-07-16 16:33:58,856] {logging_mixin.py:115} INFO - [2022-07-16 16:33:58,856] {dagbag.py:508} INFO - Filling up the DagBag from /home/airflow/.local/lib/python3.7/site-packages/airflow/example_dags/example_task_group_decorator.py
[2022-07-16 16:33:59,040] {processor.py:651} INFO - DAG(s) dict_keys(['example_task_group_decorator']) retrieved from /home/airflow/.local/lib/python3.7/site-packages/airflow/example_dags/example_task_group_decorator.py
[2022-07-16 16:33:59,326] {logging_mixin.py:115} INFO - [2022-07-16 16:33:59,326] {dag.py:2420} INFO - Sync 1 DAGs
[2022-07-16 16:33:59,404] {logging_mixin.py:115} INFO - [2022-07-16 16:33:59,404] {dag.py:2972} INFO - Setting next_dagrun for example_task_group_decorator to 2022-07-15T16:33:59.403596+00:00, run_after=2022-07-16T16:33:59.403596+00:00
[2022-07-16 16:33:59,439] {processor.py:161} INFO - Processing /home/airflow/.local/lib/python3.7/site-packages/airflow/example_dags/example_task_group_decorator.py took 0.597 seconds
[2022-07-16 16:34:29,627] {processor.py:153} INFO - Started process (PID=3105) to work on /home/airflow/.local/lib/python3.7/site-packages/airflow/example_dags/example_task_group_decorator.py
[2022-07-16 16:34:29,629] {processor.py:641} INFO - Processing file /home/airflow/.local/lib/python3.7/site-packages/airflow/example_dags/example_task_group_decorator.py for tasks to queue
[2022-07-16 16:34:29,632] {logging_mixin.py:115} INFO - [2022-07-16 16:34:29,631] {dagbag.py:508} INFO - Filling up the DagBag from /home/airflow/.local/lib/python3.7/site-packages/airflow/example_dags/example_task_group_decorator.py
[2022-07-16 16:34:29,713] {processor.py:651} INFO - DAG(s) dict_keys(['example_task_group_decorator']) retrieved from /home/airflow/.local/lib/python3.7/site-packages/airflow/example_dags/example_task_group_decorator.py
[2022-07-16 16:34:29,867] {logging_mixin.py:115} INFO - [2022-07-16 16:34:29,867] {dag.py:2420} INFO - Sync 1 DAGs
[2022-07-16 16:34:29,904] {logging_mixin.py:115} INFO - [2022-07-16 16:34:29,904] {dag.py:2972} INFO - Setting next_dagrun for example_task_group_decorator to 2022-07-15T16:34:29.904365+00:00, run_after=2022-07-16T16:34:29.904365+00:00
[2022-07-16 16:34:29,927] {processor.py:161} INFO - Processing /home/airflow/.local/lib/python3.7/site-packages/airflow/example_dags/example_task_group_decorator.py took 0.312 seconds
[2022-07-16 16:38:48,927] {processor.py:153} INFO - Started process (PID=268) to work on /home/airflow/.local/lib/python3.7/site-packages/airflow/example_dags/example_task_group_decorator.py
[2022-07-16 16:38:48,963] {processor.py:641} INFO - Processing file /home/airflow/.local/lib/python3.7/site-packages/airflow/example_dags/example_task_group_decorator.py for tasks to queue
[2022-07-16 16:38:48,964] {logging_mixin.py:115} INFO - [2022-07-16 16:38:48,964] {dagbag.py:508} INFO - Filling up the DagBag from /home/airflow/.local/lib/python3.7/site-packages/airflow/example_dags/example_task_group_decorator.py
[2022-07-16 16:38:49,298] {processor.py:651} INFO - DAG(s) dict_keys(['example_task_group_decorator']) retrieved from /home/airflow/.local/lib/python3.7/site-packages/airflow/example_dags/example_task_group_decorator.py
[2022-07-16 16:38:50,346] {logging_mixin.py:115} INFO - [2022-07-16 16:38:50,346] {manager.py:508} INFO - Created Permission View: can delete on DAG:example_task_group_decorator
[2022-07-16 16:38:50,496] {logging_mixin.py:115} INFO - [2022-07-16 16:38:50,496] {manager.py:508} INFO - Created Permission View: can edit on DAG:example_task_group_decorator
[2022-07-16 16:38:50,615] {logging_mixin.py:115} INFO - [2022-07-16 16:38:50,615] {manager.py:508} INFO - Created Permission View: can read on DAG:example_task_group_decorator
[2022-07-16 16:38:50,616] {logging_mixin.py:115} INFO - [2022-07-16 16:38:50,616] {dag.py:2420} INFO - Sync 1 DAGs
[2022-07-16 16:38:50,717] {logging_mixin.py:115} INFO - [2022-07-16 16:38:50,717] {dag.py:2439} INFO - Creating ORM DAG for example_task_group_decorator
[2022-07-16 16:38:50,833] {logging_mixin.py:115} INFO - [2022-07-16 16:38:50,833] {dag.py:2972} INFO - Setting next_dagrun for example_task_group_decorator to 2022-07-15T16:38:50.832897+00:00, run_after=2022-07-16T16:38:50.832897+00:00
[2022-07-16 16:38:50,968] {processor.py:161} INFO - Processing /home/airflow/.local/lib/python3.7/site-packages/airflow/example_dags/example_task_group_decorator.py took 2.066 seconds
[2022-07-16 16:39:31,862] {processor.py:153} INFO - Started process (PID=456) to work on /home/airflow/.local/lib/python3.7/site-packages/airflow/example_dags/example_task_group_decorator.py
[2022-07-16 16:39:31,876] {processor.py:641} INFO - Processing file /home/airflow/.local/lib/python3.7/site-packages/airflow/example_dags/example_task_group_decorator.py for tasks to queue
[2022-07-16 16:39:31,909] {logging_mixin.py:115} INFO - [2022-07-16 16:39:31,877] {dagbag.py:508} INFO - Filling up the DagBag from /home/airflow/.local/lib/python3.7/site-packages/airflow/example_dags/example_task_group_decorator.py
[2022-07-16 16:39:32,512] {processor.py:651} INFO - DAG(s) dict_keys(['example_task_group_decorator']) retrieved from /home/airflow/.local/lib/python3.7/site-packages/airflow/example_dags/example_task_group_decorator.py
[2022-07-16 16:39:33,725] {logging_mixin.py:115} INFO - [2022-07-16 16:39:33,725] {dag.py:2420} INFO - Sync 1 DAGs
[2022-07-16 16:39:33,815] {logging_mixin.py:115} INFO - [2022-07-16 16:39:33,815] {dag.py:2972} INFO - Setting next_dagrun for example_task_group_decorator to 2022-07-15T16:39:33.814470+00:00, run_after=2022-07-16T16:39:33.814470+00:00
[2022-07-16 16:39:33,936] {processor.py:161} INFO - Processing /home/airflow/.local/lib/python3.7/site-packages/airflow/example_dags/example_task_group_decorator.py took 2.141 seconds
