[2022-07-16 16:25:57,472] {processor.py:153} INFO - Started process (PID=286) to work on /home/airflow/.local/lib/python3.7/site-packages/airflow/example_dags/example_local_kubernetes_executor.py
[2022-07-16 16:25:57,473] {processor.py:641} INFO - Processing file /home/airflow/.local/lib/python3.7/site-packages/airflow/example_dags/example_local_kubernetes_executor.py for tasks to queue
[2022-07-16 16:25:57,474] {logging_mixin.py:115} INFO - [2022-07-16 16:25:57,474] {dagbag.py:508} INFO - Filling up the DagBag from /home/airflow/.local/lib/python3.7/site-packages/airflow/example_dags/example_local_kubernetes_executor.py
[2022-07-16 16:25:57,635] {processor.py:651} INFO - DAG(s) dict_keys(['example_local_kubernetes_executor']) retrieved from /home/airflow/.local/lib/python3.7/site-packages/airflow/example_dags/example_local_kubernetes_executor.py
[2022-07-16 16:25:58,697] {logging_mixin.py:115} INFO - [2022-07-16 16:25:58,697] {manager.py:508} INFO - Created Permission View: can delete on DAG:example_local_kubernetes_executor
[2022-07-16 16:25:58,808] {logging_mixin.py:115} INFO - [2022-07-16 16:25:58,808] {manager.py:508} INFO - Created Permission View: can edit on DAG:example_local_kubernetes_executor
[2022-07-16 16:25:58,844] {logging_mixin.py:115} INFO - [2022-07-16 16:25:58,844] {manager.py:508} INFO - Created Permission View: can read on DAG:example_local_kubernetes_executor
[2022-07-16 16:25:58,845] {logging_mixin.py:115} INFO - [2022-07-16 16:25:58,845] {dag.py:2420} INFO - Sync 1 DAGs
[2022-07-16 16:25:58,892] {logging_mixin.py:115} INFO - [2022-07-16 16:25:58,887] {dag.py:2439} INFO - Creating ORM DAG for example_local_kubernetes_executor
[2022-07-16 16:25:58,983] {logging_mixin.py:115} INFO - [2022-07-16 16:25:58,983] {dag.py:2972} INFO - Setting next_dagrun for example_local_kubernetes_executor to None, run_after=None
[2022-07-16 16:25:59,068] {processor.py:161} INFO - Processing /home/airflow/.local/lib/python3.7/site-packages/airflow/example_dags/example_local_kubernetes_executor.py took 1.630 seconds
[2022-07-16 16:26:32,820] {processor.py:153} INFO - Started process (PID=472) to work on /home/airflow/.local/lib/python3.7/site-packages/airflow/example_dags/example_local_kubernetes_executor.py
[2022-07-16 16:26:32,833] {processor.py:641} INFO - Processing file /home/airflow/.local/lib/python3.7/site-packages/airflow/example_dags/example_local_kubernetes_executor.py for tasks to queue
[2022-07-16 16:26:32,968] {logging_mixin.py:115} INFO - [2022-07-16 16:26:32,908] {dagbag.py:508} INFO - Filling up the DagBag from /home/airflow/.local/lib/python3.7/site-packages/airflow/example_dags/example_local_kubernetes_executor.py
[2022-07-16 16:26:34,265] {processor.py:651} INFO - DAG(s) dict_keys(['example_local_kubernetes_executor']) retrieved from /home/airflow/.local/lib/python3.7/site-packages/airflow/example_dags/example_local_kubernetes_executor.py
[2022-07-16 16:26:35,627] {logging_mixin.py:115} INFO - [2022-07-16 16:26:35,627] {dag.py:2420} INFO - Sync 1 DAGs
[2022-07-16 16:26:37,410] {logging_mixin.py:115} INFO - [2022-07-16 16:26:37,410] {dag.py:2972} INFO - Setting next_dagrun for example_local_kubernetes_executor to None, run_after=None
[2022-07-16 16:26:37,766] {processor.py:161} INFO - Processing /home/airflow/.local/lib/python3.7/site-packages/airflow/example_dags/example_local_kubernetes_executor.py took 4.962 seconds
[2022-07-16 16:27:17,914] {processor.py:153} INFO - Started process (PID=663) to work on /home/airflow/.local/lib/python3.7/site-packages/airflow/example_dags/example_local_kubernetes_executor.py
[2022-07-16 16:27:17,930] {processor.py:641} INFO - Processing file /home/airflow/.local/lib/python3.7/site-packages/airflow/example_dags/example_local_kubernetes_executor.py for tasks to queue
[2022-07-16 16:27:17,931] {logging_mixin.py:115} INFO - [2022-07-16 16:27:17,931] {dagbag.py:508} INFO - Filling up the DagBag from /home/airflow/.local/lib/python3.7/site-packages/airflow/example_dags/example_local_kubernetes_executor.py
[2022-07-16 16:27:18,222] {processor.py:651} INFO - DAG(s) dict_keys(['example_local_kubernetes_executor']) retrieved from /home/airflow/.local/lib/python3.7/site-packages/airflow/example_dags/example_local_kubernetes_executor.py
[2022-07-16 16:27:18,405] {logging_mixin.py:115} INFO - [2022-07-16 16:27:18,405] {dag.py:2420} INFO - Sync 1 DAGs
[2022-07-16 16:27:18,821] {logging_mixin.py:115} INFO - [2022-07-16 16:27:18,811] {dag.py:2972} INFO - Setting next_dagrun for example_local_kubernetes_executor to None, run_after=None
[2022-07-16 16:27:18,950] {processor.py:161} INFO - Processing /home/airflow/.local/lib/python3.7/site-packages/airflow/example_dags/example_local_kubernetes_executor.py took 1.069 seconds
[2022-07-16 16:27:49,816] {processor.py:153} INFO - Started process (PID=851) to work on /home/airflow/.local/lib/python3.7/site-packages/airflow/example_dags/example_local_kubernetes_executor.py
[2022-07-16 16:27:49,818] {processor.py:641} INFO - Processing file /home/airflow/.local/lib/python3.7/site-packages/airflow/example_dags/example_local_kubernetes_executor.py for tasks to queue
[2022-07-16 16:27:49,862] {logging_mixin.py:115} INFO - [2022-07-16 16:27:49,862] {dagbag.py:508} INFO - Filling up the DagBag from /home/airflow/.local/lib/python3.7/site-packages/airflow/example_dags/example_local_kubernetes_executor.py
[2022-07-16 16:27:50,179] {processor.py:651} INFO - DAG(s) dict_keys(['example_local_kubernetes_executor']) retrieved from /home/airflow/.local/lib/python3.7/site-packages/airflow/example_dags/example_local_kubernetes_executor.py
[2022-07-16 16:27:50,383] {logging_mixin.py:115} INFO - [2022-07-16 16:27:50,383] {dag.py:2420} INFO - Sync 1 DAGs
[2022-07-16 16:27:50,613] {logging_mixin.py:115} INFO - [2022-07-16 16:27:50,613] {dag.py:2972} INFO - Setting next_dagrun for example_local_kubernetes_executor to None, run_after=None
[2022-07-16 16:27:50,738] {processor.py:161} INFO - Processing /home/airflow/.local/lib/python3.7/site-packages/airflow/example_dags/example_local_kubernetes_executor.py took 0.996 seconds
[2022-07-16 16:28:21,577] {processor.py:153} INFO - Started process (PID=1028) to work on /home/airflow/.local/lib/python3.7/site-packages/airflow/example_dags/example_local_kubernetes_executor.py
[2022-07-16 16:28:21,590] {processor.py:641} INFO - Processing file /home/airflow/.local/lib/python3.7/site-packages/airflow/example_dags/example_local_kubernetes_executor.py for tasks to queue
[2022-07-16 16:28:21,591] {logging_mixin.py:115} INFO - [2022-07-16 16:28:21,591] {dagbag.py:508} INFO - Filling up the DagBag from /home/airflow/.local/lib/python3.7/site-packages/airflow/example_dags/example_local_kubernetes_executor.py
[2022-07-16 16:28:21,701] {processor.py:651} INFO - DAG(s) dict_keys(['example_local_kubernetes_executor']) retrieved from /home/airflow/.local/lib/python3.7/site-packages/airflow/example_dags/example_local_kubernetes_executor.py
[2022-07-16 16:28:22,033] {logging_mixin.py:115} INFO - [2022-07-16 16:28:22,033] {dag.py:2420} INFO - Sync 1 DAGs
[2022-07-16 16:28:22,205] {logging_mixin.py:115} INFO - [2022-07-16 16:28:22,201] {dag.py:2972} INFO - Setting next_dagrun for example_local_kubernetes_executor to None, run_after=None
[2022-07-16 16:28:22,241] {processor.py:161} INFO - Processing /home/airflow/.local/lib/python3.7/site-packages/airflow/example_dags/example_local_kubernetes_executor.py took 0.674 seconds
[2022-07-16 16:28:52,981] {processor.py:153} INFO - Started process (PID=1216) to work on /home/airflow/.local/lib/python3.7/site-packages/airflow/example_dags/example_local_kubernetes_executor.py
[2022-07-16 16:28:52,987] {processor.py:641} INFO - Processing file /home/airflow/.local/lib/python3.7/site-packages/airflow/example_dags/example_local_kubernetes_executor.py for tasks to queue
[2022-07-16 16:28:52,993] {logging_mixin.py:115} INFO - [2022-07-16 16:28:52,993] {dagbag.py:508} INFO - Filling up the DagBag from /home/airflow/.local/lib/python3.7/site-packages/airflow/example_dags/example_local_kubernetes_executor.py
[2022-07-16 16:28:53,081] {processor.py:651} INFO - DAG(s) dict_keys(['example_local_kubernetes_executor']) retrieved from /home/airflow/.local/lib/python3.7/site-packages/airflow/example_dags/example_local_kubernetes_executor.py
[2022-07-16 16:28:53,245] {logging_mixin.py:115} INFO - [2022-07-16 16:28:53,244] {dag.py:2420} INFO - Sync 1 DAGs
[2022-07-16 16:28:53,429] {logging_mixin.py:115} INFO - [2022-07-16 16:28:53,429] {dag.py:2972} INFO - Setting next_dagrun for example_local_kubernetes_executor to None, run_after=None
[2022-07-16 16:28:53,465] {processor.py:161} INFO - Processing /home/airflow/.local/lib/python3.7/site-packages/airflow/example_dags/example_local_kubernetes_executor.py took 0.504 seconds
[2022-07-16 16:29:49,883] {processor.py:153} INFO - Started process (PID=1433) to work on /home/airflow/.local/lib/python3.7/site-packages/airflow/example_dags/example_local_kubernetes_executor.py
[2022-07-16 16:29:49,892] {processor.py:641} INFO - Processing file /home/airflow/.local/lib/python3.7/site-packages/airflow/example_dags/example_local_kubernetes_executor.py for tasks to queue
[2022-07-16 16:29:49,893] {logging_mixin.py:115} INFO - [2022-07-16 16:29:49,893] {dagbag.py:508} INFO - Filling up the DagBag from /home/airflow/.local/lib/python3.7/site-packages/airflow/example_dags/example_local_kubernetes_executor.py
[2022-07-16 16:29:49,979] {processor.py:651} INFO - DAG(s) dict_keys(['example_local_kubernetes_executor']) retrieved from /home/airflow/.local/lib/python3.7/site-packages/airflow/example_dags/example_local_kubernetes_executor.py
[2022-07-16 16:29:50,140] {logging_mixin.py:115} INFO - [2022-07-16 16:29:50,140] {dag.py:2420} INFO - Sync 1 DAGs
[2022-07-16 16:29:50,281] {logging_mixin.py:115} INFO - [2022-07-16 16:29:50,281] {dag.py:2972} INFO - Setting next_dagrun for example_local_kubernetes_executor to None, run_after=None
[2022-07-16 16:29:50,325] {processor.py:161} INFO - Processing /home/airflow/.local/lib/python3.7/site-packages/airflow/example_dags/example_local_kubernetes_executor.py took 0.449 seconds
[2022-07-16 16:30:21,390] {processor.py:153} INFO - Started process (PID=1622) to work on /home/airflow/.local/lib/python3.7/site-packages/airflow/example_dags/example_local_kubernetes_executor.py
[2022-07-16 16:30:21,413] {processor.py:641} INFO - Processing file /home/airflow/.local/lib/python3.7/site-packages/airflow/example_dags/example_local_kubernetes_executor.py for tasks to queue
[2022-07-16 16:30:21,415] {logging_mixin.py:115} INFO - [2022-07-16 16:30:21,415] {dagbag.py:508} INFO - Filling up the DagBag from /home/airflow/.local/lib/python3.7/site-packages/airflow/example_dags/example_local_kubernetes_executor.py
[2022-07-16 16:30:21,510] {processor.py:651} INFO - DAG(s) dict_keys(['example_local_kubernetes_executor']) retrieved from /home/airflow/.local/lib/python3.7/site-packages/airflow/example_dags/example_local_kubernetes_executor.py
[2022-07-16 16:30:21,575] {logging_mixin.py:115} INFO - [2022-07-16 16:30:21,575] {dag.py:2420} INFO - Sync 1 DAGs
[2022-07-16 16:30:21,655] {logging_mixin.py:115} INFO - [2022-07-16 16:30:21,655] {dag.py:2972} INFO - Setting next_dagrun for example_local_kubernetes_executor to None, run_after=None
[2022-07-16 16:30:21,688] {processor.py:161} INFO - Processing /home/airflow/.local/lib/python3.7/site-packages/airflow/example_dags/example_local_kubernetes_executor.py took 0.332 seconds
[2022-07-16 16:30:52,702] {processor.py:153} INFO - Started process (PID=1812) to work on /home/airflow/.local/lib/python3.7/site-packages/airflow/example_dags/example_local_kubernetes_executor.py
[2022-07-16 16:30:52,715] {processor.py:641} INFO - Processing file /home/airflow/.local/lib/python3.7/site-packages/airflow/example_dags/example_local_kubernetes_executor.py for tasks to queue
[2022-07-16 16:30:52,718] {logging_mixin.py:115} INFO - [2022-07-16 16:30:52,718] {dagbag.py:508} INFO - Filling up the DagBag from /home/airflow/.local/lib/python3.7/site-packages/airflow/example_dags/example_local_kubernetes_executor.py
[2022-07-16 16:30:52,904] {processor.py:651} INFO - DAG(s) dict_keys(['example_local_kubernetes_executor']) retrieved from /home/airflow/.local/lib/python3.7/site-packages/airflow/example_dags/example_local_kubernetes_executor.py
[2022-07-16 16:30:53,090] {logging_mixin.py:115} INFO - [2022-07-16 16:30:53,090] {dag.py:2420} INFO - Sync 1 DAGs
[2022-07-16 16:30:53,241] {logging_mixin.py:115} INFO - [2022-07-16 16:30:53,240] {dag.py:2972} INFO - Setting next_dagrun for example_local_kubernetes_executor to None, run_after=None
[2022-07-16 16:30:53,425] {processor.py:161} INFO - Processing /home/airflow/.local/lib/python3.7/site-packages/airflow/example_dags/example_local_kubernetes_executor.py took 0.731 seconds
[2022-07-16 16:31:24,333] {processor.py:153} INFO - Started process (PID=1995) to work on /home/airflow/.local/lib/python3.7/site-packages/airflow/example_dags/example_local_kubernetes_executor.py
[2022-07-16 16:31:24,336] {processor.py:641} INFO - Processing file /home/airflow/.local/lib/python3.7/site-packages/airflow/example_dags/example_local_kubernetes_executor.py for tasks to queue
[2022-07-16 16:31:24,338] {logging_mixin.py:115} INFO - [2022-07-16 16:31:24,337] {dagbag.py:508} INFO - Filling up the DagBag from /home/airflow/.local/lib/python3.7/site-packages/airflow/example_dags/example_local_kubernetes_executor.py
[2022-07-16 16:31:24,395] {processor.py:651} INFO - DAG(s) dict_keys(['example_local_kubernetes_executor']) retrieved from /home/airflow/.local/lib/python3.7/site-packages/airflow/example_dags/example_local_kubernetes_executor.py
[2022-07-16 16:31:24,499] {logging_mixin.py:115} INFO - [2022-07-16 16:31:24,499] {dag.py:2420} INFO - Sync 1 DAGs
[2022-07-16 16:31:24,558] {logging_mixin.py:115} INFO - [2022-07-16 16:31:24,558] {dag.py:2972} INFO - Setting next_dagrun for example_local_kubernetes_executor to None, run_after=None
[2022-07-16 16:31:24,583] {processor.py:161} INFO - Processing /home/airflow/.local/lib/python3.7/site-packages/airflow/example_dags/example_local_kubernetes_executor.py took 0.268 seconds
[2022-07-16 16:31:58,295] {processor.py:153} INFO - Started process (PID=2181) to work on /home/airflow/.local/lib/python3.7/site-packages/airflow/example_dags/example_local_kubernetes_executor.py
[2022-07-16 16:31:58,311] {processor.py:641} INFO - Processing file /home/airflow/.local/lib/python3.7/site-packages/airflow/example_dags/example_local_kubernetes_executor.py for tasks to queue
[2022-07-16 16:31:58,312] {logging_mixin.py:115} INFO - [2022-07-16 16:31:58,312] {dagbag.py:508} INFO - Filling up the DagBag from /home/airflow/.local/lib/python3.7/site-packages/airflow/example_dags/example_local_kubernetes_executor.py
[2022-07-16 16:31:58,805] {processor.py:651} INFO - DAG(s) dict_keys(['example_local_kubernetes_executor']) retrieved from /home/airflow/.local/lib/python3.7/site-packages/airflow/example_dags/example_local_kubernetes_executor.py
[2022-07-16 16:31:59,432] {logging_mixin.py:115} INFO - [2022-07-16 16:31:59,425] {dag.py:2420} INFO - Sync 1 DAGs
[2022-07-16 16:31:59,937] {logging_mixin.py:115} INFO - [2022-07-16 16:31:59,937] {dag.py:2972} INFO - Setting next_dagrun for example_local_kubernetes_executor to None, run_after=None
[2022-07-16 16:32:00,214] {processor.py:161} INFO - Processing /home/airflow/.local/lib/python3.7/site-packages/airflow/example_dags/example_local_kubernetes_executor.py took 2.000 seconds
[2022-07-16 16:32:30,848] {processor.py:153} INFO - Started process (PID=2370) to work on /home/airflow/.local/lib/python3.7/site-packages/airflow/example_dags/example_local_kubernetes_executor.py
[2022-07-16 16:32:30,849] {processor.py:641} INFO - Processing file /home/airflow/.local/lib/python3.7/site-packages/airflow/example_dags/example_local_kubernetes_executor.py for tasks to queue
[2022-07-16 16:32:30,850] {logging_mixin.py:115} INFO - [2022-07-16 16:32:30,850] {dagbag.py:508} INFO - Filling up the DagBag from /home/airflow/.local/lib/python3.7/site-packages/airflow/example_dags/example_local_kubernetes_executor.py
[2022-07-16 16:32:30,885] {processor.py:651} INFO - DAG(s) dict_keys(['example_local_kubernetes_executor']) retrieved from /home/airflow/.local/lib/python3.7/site-packages/airflow/example_dags/example_local_kubernetes_executor.py
[2022-07-16 16:32:30,941] {logging_mixin.py:115} INFO - [2022-07-16 16:32:30,941] {dag.py:2420} INFO - Sync 1 DAGs
[2022-07-16 16:32:30,981] {logging_mixin.py:115} INFO - [2022-07-16 16:32:30,981] {dag.py:2972} INFO - Setting next_dagrun for example_local_kubernetes_executor to None, run_after=None
[2022-07-16 16:32:31,003] {processor.py:161} INFO - Processing /home/airflow/.local/lib/python3.7/site-packages/airflow/example_dags/example_local_kubernetes_executor.py took 0.163 seconds
[2022-07-16 16:33:01,567] {processor.py:153} INFO - Started process (PID=2558) to work on /home/airflow/.local/lib/python3.7/site-packages/airflow/example_dags/example_local_kubernetes_executor.py
[2022-07-16 16:33:01,571] {processor.py:641} INFO - Processing file /home/airflow/.local/lib/python3.7/site-packages/airflow/example_dags/example_local_kubernetes_executor.py for tasks to queue
[2022-07-16 16:33:01,574] {logging_mixin.py:115} INFO - [2022-07-16 16:33:01,574] {dagbag.py:508} INFO - Filling up the DagBag from /home/airflow/.local/lib/python3.7/site-packages/airflow/example_dags/example_local_kubernetes_executor.py
[2022-07-16 16:33:01,641] {processor.py:651} INFO - DAG(s) dict_keys(['example_local_kubernetes_executor']) retrieved from /home/airflow/.local/lib/python3.7/site-packages/airflow/example_dags/example_local_kubernetes_executor.py
[2022-07-16 16:33:01,706] {logging_mixin.py:115} INFO - [2022-07-16 16:33:01,706] {dag.py:2420} INFO - Sync 1 DAGs
[2022-07-16 16:33:01,757] {logging_mixin.py:115} INFO - [2022-07-16 16:33:01,756] {dag.py:2972} INFO - Setting next_dagrun for example_local_kubernetes_executor to None, run_after=None
[2022-07-16 16:33:01,781] {processor.py:161} INFO - Processing /home/airflow/.local/lib/python3.7/site-packages/airflow/example_dags/example_local_kubernetes_executor.py took 0.255 seconds
[2022-07-16 16:33:32,342] {processor.py:153} INFO - Started process (PID=2749) to work on /home/airflow/.local/lib/python3.7/site-packages/airflow/example_dags/example_local_kubernetes_executor.py
[2022-07-16 16:33:32,345] {processor.py:641} INFO - Processing file /home/airflow/.local/lib/python3.7/site-packages/airflow/example_dags/example_local_kubernetes_executor.py for tasks to queue
[2022-07-16 16:33:32,346] {logging_mixin.py:115} INFO - [2022-07-16 16:33:32,346] {dagbag.py:508} INFO - Filling up the DagBag from /home/airflow/.local/lib/python3.7/site-packages/airflow/example_dags/example_local_kubernetes_executor.py
[2022-07-16 16:33:32,441] {processor.py:651} INFO - DAG(s) dict_keys(['example_local_kubernetes_executor']) retrieved from /home/airflow/.local/lib/python3.7/site-packages/airflow/example_dags/example_local_kubernetes_executor.py
[2022-07-16 16:33:32,576] {logging_mixin.py:115} INFO - [2022-07-16 16:33:32,573] {dag.py:2420} INFO - Sync 1 DAGs
[2022-07-16 16:33:32,653] {logging_mixin.py:115} INFO - [2022-07-16 16:33:32,653] {dag.py:2972} INFO - Setting next_dagrun for example_local_kubernetes_executor to None, run_after=None
[2022-07-16 16:33:32,706] {processor.py:161} INFO - Processing /home/airflow/.local/lib/python3.7/site-packages/airflow/example_dags/example_local_kubernetes_executor.py took 0.389 seconds
[2022-07-16 16:34:02,789] {processor.py:153} INFO - Started process (PID=2939) to work on /home/airflow/.local/lib/python3.7/site-packages/airflow/example_dags/example_local_kubernetes_executor.py
[2022-07-16 16:34:02,790] {processor.py:641} INFO - Processing file /home/airflow/.local/lib/python3.7/site-packages/airflow/example_dags/example_local_kubernetes_executor.py for tasks to queue
[2022-07-16 16:34:02,792] {logging_mixin.py:115} INFO - [2022-07-16 16:34:02,792] {dagbag.py:508} INFO - Filling up the DagBag from /home/airflow/.local/lib/python3.7/site-packages/airflow/example_dags/example_local_kubernetes_executor.py
[2022-07-16 16:34:02,839] {processor.py:651} INFO - DAG(s) dict_keys(['example_local_kubernetes_executor']) retrieved from /home/airflow/.local/lib/python3.7/site-packages/airflow/example_dags/example_local_kubernetes_executor.py
[2022-07-16 16:34:02,895] {logging_mixin.py:115} INFO - [2022-07-16 16:34:02,895] {dag.py:2420} INFO - Sync 1 DAGs
[2022-07-16 16:34:02,950] {logging_mixin.py:115} INFO - [2022-07-16 16:34:02,950] {dag.py:2972} INFO - Setting next_dagrun for example_local_kubernetes_executor to None, run_after=None
[2022-07-16 16:34:02,981] {processor.py:161} INFO - Processing /home/airflow/.local/lib/python3.7/site-packages/airflow/example_dags/example_local_kubernetes_executor.py took 0.203 seconds
[2022-07-16 16:34:33,267] {processor.py:153} INFO - Started process (PID=3127) to work on /home/airflow/.local/lib/python3.7/site-packages/airflow/example_dags/example_local_kubernetes_executor.py
[2022-07-16 16:34:33,269] {processor.py:641} INFO - Processing file /home/airflow/.local/lib/python3.7/site-packages/airflow/example_dags/example_local_kubernetes_executor.py for tasks to queue
[2022-07-16 16:34:33,270] {logging_mixin.py:115} INFO - [2022-07-16 16:34:33,270] {dagbag.py:508} INFO - Filling up the DagBag from /home/airflow/.local/lib/python3.7/site-packages/airflow/example_dags/example_local_kubernetes_executor.py
[2022-07-16 16:34:33,390] {processor.py:651} INFO - DAG(s) dict_keys(['example_local_kubernetes_executor']) retrieved from /home/airflow/.local/lib/python3.7/site-packages/airflow/example_dags/example_local_kubernetes_executor.py
[2022-07-16 16:34:33,537] {logging_mixin.py:115} INFO - [2022-07-16 16:34:33,537] {dag.py:2420} INFO - Sync 1 DAGs
[2022-07-16 16:34:33,663] {logging_mixin.py:115} INFO - [2022-07-16 16:34:33,663] {dag.py:2972} INFO - Setting next_dagrun for example_local_kubernetes_executor to None, run_after=None
[2022-07-16 16:34:33,696] {processor.py:161} INFO - Processing /home/airflow/.local/lib/python3.7/site-packages/airflow/example_dags/example_local_kubernetes_executor.py took 0.440 seconds
[2022-07-16 16:38:58,052] {processor.py:153} INFO - Started process (PID=301) to work on /home/airflow/.local/lib/python3.7/site-packages/airflow/example_dags/example_local_kubernetes_executor.py
[2022-07-16 16:38:58,075] {processor.py:641} INFO - Processing file /home/airflow/.local/lib/python3.7/site-packages/airflow/example_dags/example_local_kubernetes_executor.py for tasks to queue
[2022-07-16 16:38:58,085] {logging_mixin.py:115} INFO - [2022-07-16 16:38:58,085] {dagbag.py:508} INFO - Filling up the DagBag from /home/airflow/.local/lib/python3.7/site-packages/airflow/example_dags/example_local_kubernetes_executor.py
[2022-07-16 16:38:58,380] {processor.py:651} INFO - DAG(s) dict_keys(['example_local_kubernetes_executor']) retrieved from /home/airflow/.local/lib/python3.7/site-packages/airflow/example_dags/example_local_kubernetes_executor.py
[2022-07-16 16:39:00,372] {logging_mixin.py:115} INFO - [2022-07-16 16:39:00,372] {manager.py:508} INFO - Created Permission View: can delete on DAG:example_local_kubernetes_executor
[2022-07-16 16:39:00,547] {logging_mixin.py:115} INFO - [2022-07-16 16:39:00,546] {manager.py:508} INFO - Created Permission View: can edit on DAG:example_local_kubernetes_executor
[2022-07-16 16:39:00,667] {logging_mixin.py:115} INFO - [2022-07-16 16:39:00,667] {manager.py:508} INFO - Created Permission View: can read on DAG:example_local_kubernetes_executor
[2022-07-16 16:39:00,677] {logging_mixin.py:115} INFO - [2022-07-16 16:39:00,677] {dag.py:2420} INFO - Sync 1 DAGs
[2022-07-16 16:39:00,792] {logging_mixin.py:115} INFO - [2022-07-16 16:39:00,792] {dag.py:2439} INFO - Creating ORM DAG for example_local_kubernetes_executor
[2022-07-16 16:39:01,062] {logging_mixin.py:115} INFO - [2022-07-16 16:39:01,062] {dag.py:2972} INFO - Setting next_dagrun for example_local_kubernetes_executor to None, run_after=None
[2022-07-16 16:39:01,589] {processor.py:161} INFO - Processing /home/airflow/.local/lib/python3.7/site-packages/airflow/example_dags/example_local_kubernetes_executor.py took 3.583 seconds
[2022-07-16 16:39:36,156] {processor.py:153} INFO - Started process (PID=490) to work on /home/airflow/.local/lib/python3.7/site-packages/airflow/example_dags/example_local_kubernetes_executor.py
[2022-07-16 16:39:36,159] {processor.py:641} INFO - Processing file /home/airflow/.local/lib/python3.7/site-packages/airflow/example_dags/example_local_kubernetes_executor.py for tasks to queue
[2022-07-16 16:39:36,163] {logging_mixin.py:115} INFO - [2022-07-16 16:39:36,163] {dagbag.py:508} INFO - Filling up the DagBag from /home/airflow/.local/lib/python3.7/site-packages/airflow/example_dags/example_local_kubernetes_executor.py
[2022-07-16 16:39:36,249] {processor.py:651} INFO - DAG(s) dict_keys(['example_local_kubernetes_executor']) retrieved from /home/airflow/.local/lib/python3.7/site-packages/airflow/example_dags/example_local_kubernetes_executor.py
[2022-07-16 16:39:36,378] {logging_mixin.py:115} INFO - [2022-07-16 16:39:36,378] {dag.py:2420} INFO - Sync 1 DAGs
[2022-07-16 16:39:36,517] {logging_mixin.py:115} INFO - [2022-07-16 16:39:36,517] {dag.py:2972} INFO - Setting next_dagrun for example_local_kubernetes_executor to None, run_after=None
[2022-07-16 16:39:36,564] {processor.py:161} INFO - Processing /home/airflow/.local/lib/python3.7/site-packages/airflow/example_dags/example_local_kubernetes_executor.py took 0.430 seconds
