[2022-07-16 16:26:11,903] {processor.py:153} INFO - Started process (PID=353) to work on /home/airflow/.local/lib/python3.7/site-packages/airflow/example_dags/example_nested_branch_dag.py
[2022-07-16 16:26:11,903] {processor.py:641} INFO - Processing file /home/airflow/.local/lib/python3.7/site-packages/airflow/example_dags/example_nested_branch_dag.py for tasks to queue
[2022-07-16 16:26:11,929] {logging_mixin.py:115} INFO - [2022-07-16 16:26:11,929] {dagbag.py:508} INFO - Filling up the DagBag from /home/airflow/.local/lib/python3.7/site-packages/airflow/example_dags/example_nested_branch_dag.py
[2022-07-16 16:26:12,101] {processor.py:651} INFO - DAG(s) dict_keys(['example_nested_branch_dag']) retrieved from /home/airflow/.local/lib/python3.7/site-packages/airflow/example_dags/example_nested_branch_dag.py
[2022-07-16 16:26:13,953] {logging_mixin.py:115} INFO - [2022-07-16 16:26:13,953] {manager.py:508} INFO - Created Permission View: can delete on DAG:example_nested_branch_dag
[2022-07-16 16:26:14,170] {logging_mixin.py:115} INFO - [2022-07-16 16:26:14,170] {manager.py:508} INFO - Created Permission View: can edit on DAG:example_nested_branch_dag
[2022-07-16 16:26:14,258] {logging_mixin.py:115} INFO - [2022-07-16 16:26:14,258] {manager.py:508} INFO - Created Permission View: can read on DAG:example_nested_branch_dag
[2022-07-16 16:26:14,259] {logging_mixin.py:115} INFO - [2022-07-16 16:26:14,259] {dag.py:2420} INFO - Sync 1 DAGs
[2022-07-16 16:26:14,372] {logging_mixin.py:115} INFO - [2022-07-16 16:26:14,372] {dag.py:2439} INFO - Creating ORM DAG for example_nested_branch_dag
[2022-07-16 16:26:14,577] {logging_mixin.py:115} INFO - [2022-07-16 16:26:14,576] {dag.py:2972} INFO - Setting next_dagrun for example_nested_branch_dag to 2022-07-15T00:00:00+00:00, run_after=2022-07-16T00:00:00+00:00
[2022-07-16 16:26:14,752] {processor.py:161} INFO - Processing /home/airflow/.local/lib/python3.7/site-packages/airflow/example_dags/example_nested_branch_dag.py took 2.875 seconds
[2022-07-16 16:26:51,156] {processor.py:153} INFO - Started process (PID=542) to work on /home/airflow/.local/lib/python3.7/site-packages/airflow/example_dags/example_nested_branch_dag.py
[2022-07-16 16:26:51,166] {processor.py:641} INFO - Processing file /home/airflow/.local/lib/python3.7/site-packages/airflow/example_dags/example_nested_branch_dag.py for tasks to queue
[2022-07-16 16:26:51,167] {logging_mixin.py:115} INFO - [2022-07-16 16:26:51,167] {dagbag.py:508} INFO - Filling up the DagBag from /home/airflow/.local/lib/python3.7/site-packages/airflow/example_dags/example_nested_branch_dag.py
[2022-07-16 16:26:51,463] {processor.py:651} INFO - DAG(s) dict_keys(['example_nested_branch_dag']) retrieved from /home/airflow/.local/lib/python3.7/site-packages/airflow/example_dags/example_nested_branch_dag.py
[2022-07-16 16:26:52,385] {logging_mixin.py:115} INFO - [2022-07-16 16:26:52,385] {dag.py:2420} INFO - Sync 1 DAGs
[2022-07-16 16:26:53,138] {logging_mixin.py:115} INFO - [2022-07-16 16:26:53,138] {dag.py:2972} INFO - Setting next_dagrun for example_nested_branch_dag to 2022-07-15T00:00:00+00:00, run_after=2022-07-16T00:00:00+00:00
[2022-07-16 16:26:53,735] {processor.py:161} INFO - Processing /home/airflow/.local/lib/python3.7/site-packages/airflow/example_dags/example_nested_branch_dag.py took 2.638 seconds
[2022-07-16 16:27:24,653] {processor.py:153} INFO - Started process (PID=721) to work on /home/airflow/.local/lib/python3.7/site-packages/airflow/example_dags/example_nested_branch_dag.py
[2022-07-16 16:27:24,656] {processor.py:641} INFO - Processing file /home/airflow/.local/lib/python3.7/site-packages/airflow/example_dags/example_nested_branch_dag.py for tasks to queue
[2022-07-16 16:27:24,657] {logging_mixin.py:115} INFO - [2022-07-16 16:27:24,657] {dagbag.py:508} INFO - Filling up the DagBag from /home/airflow/.local/lib/python3.7/site-packages/airflow/example_dags/example_nested_branch_dag.py
[2022-07-16 16:27:24,691] {processor.py:651} INFO - DAG(s) dict_keys(['example_nested_branch_dag']) retrieved from /home/airflow/.local/lib/python3.7/site-packages/airflow/example_dags/example_nested_branch_dag.py
[2022-07-16 16:27:24,779] {logging_mixin.py:115} INFO - [2022-07-16 16:27:24,779] {dag.py:2420} INFO - Sync 1 DAGs
[2022-07-16 16:27:24,853] {logging_mixin.py:115} INFO - [2022-07-16 16:27:24,853] {dag.py:2972} INFO - Setting next_dagrun for example_nested_branch_dag to 2022-07-15T00:00:00+00:00, run_after=2022-07-16T00:00:00+00:00
[2022-07-16 16:27:24,879] {processor.py:161} INFO - Processing /home/airflow/.local/lib/python3.7/site-packages/airflow/example_dags/example_nested_branch_dag.py took 0.236 seconds
[2022-07-16 16:28:00,795] {processor.py:153} INFO - Started process (PID=911) to work on /home/airflow/.local/lib/python3.7/site-packages/airflow/example_dags/example_nested_branch_dag.py
[2022-07-16 16:28:00,818] {processor.py:641} INFO - Processing file /home/airflow/.local/lib/python3.7/site-packages/airflow/example_dags/example_nested_branch_dag.py for tasks to queue
[2022-07-16 16:28:00,833] {logging_mixin.py:115} INFO - [2022-07-16 16:28:00,832] {dagbag.py:508} INFO - Filling up the DagBag from /home/airflow/.local/lib/python3.7/site-packages/airflow/example_dags/example_nested_branch_dag.py
[2022-07-16 16:28:00,994] {processor.py:651} INFO - DAG(s) dict_keys(['example_nested_branch_dag']) retrieved from /home/airflow/.local/lib/python3.7/site-packages/airflow/example_dags/example_nested_branch_dag.py
[2022-07-16 16:28:01,314] {logging_mixin.py:115} INFO - [2022-07-16 16:28:01,314] {dag.py:2420} INFO - Sync 1 DAGs
[2022-07-16 16:28:01,723] {logging_mixin.py:115} INFO - [2022-07-16 16:28:01,722] {dag.py:2972} INFO - Setting next_dagrun for example_nested_branch_dag to 2022-07-15T00:00:00+00:00, run_after=2022-07-16T00:00:00+00:00
[2022-07-16 16:28:01,942] {processor.py:161} INFO - Processing /home/airflow/.local/lib/python3.7/site-packages/airflow/example_dags/example_nested_branch_dag.py took 1.225 seconds
[2022-07-16 16:28:32,194] {processor.py:153} INFO - Started process (PID=1100) to work on /home/airflow/.local/lib/python3.7/site-packages/airflow/example_dags/example_nested_branch_dag.py
[2022-07-16 16:28:32,195] {processor.py:641} INFO - Processing file /home/airflow/.local/lib/python3.7/site-packages/airflow/example_dags/example_nested_branch_dag.py for tasks to queue
[2022-07-16 16:28:32,197] {logging_mixin.py:115} INFO - [2022-07-16 16:28:32,197] {dagbag.py:508} INFO - Filling up the DagBag from /home/airflow/.local/lib/python3.7/site-packages/airflow/example_dags/example_nested_branch_dag.py
[2022-07-16 16:28:32,229] {processor.py:651} INFO - DAG(s) dict_keys(['example_nested_branch_dag']) retrieved from /home/airflow/.local/lib/python3.7/site-packages/airflow/example_dags/example_nested_branch_dag.py
[2022-07-16 16:28:32,291] {logging_mixin.py:115} INFO - [2022-07-16 16:28:32,290] {dag.py:2420} INFO - Sync 1 DAGs
[2022-07-16 16:28:32,363] {logging_mixin.py:115} INFO - [2022-07-16 16:28:32,362] {dag.py:2972} INFO - Setting next_dagrun for example_nested_branch_dag to 2022-07-15T00:00:00+00:00, run_after=2022-07-16T00:00:00+00:00
[2022-07-16 16:28:32,396] {processor.py:161} INFO - Processing /home/airflow/.local/lib/python3.7/site-packages/airflow/example_dags/example_nested_branch_dag.py took 0.211 seconds
[2022-07-16 16:29:19,485] {processor.py:153} INFO - Started process (PID=1320) to work on /home/airflow/.local/lib/python3.7/site-packages/airflow/example_dags/example_nested_branch_dag.py
[2022-07-16 16:29:19,496] {processor.py:641} INFO - Processing file /home/airflow/.local/lib/python3.7/site-packages/airflow/example_dags/example_nested_branch_dag.py for tasks to queue
[2022-07-16 16:29:19,517] {logging_mixin.py:115} INFO - [2022-07-16 16:29:19,517] {dagbag.py:508} INFO - Filling up the DagBag from /home/airflow/.local/lib/python3.7/site-packages/airflow/example_dags/example_nested_branch_dag.py
[2022-07-16 16:29:20,371] {processor.py:651} INFO - DAG(s) dict_keys(['example_nested_branch_dag']) retrieved from /home/airflow/.local/lib/python3.7/site-packages/airflow/example_dags/example_nested_branch_dag.py
[2022-07-16 16:29:22,324] {logging_mixin.py:115} INFO - [2022-07-16 16:29:22,324] {dag.py:2420} INFO - Sync 1 DAGs
[2022-07-16 16:29:23,789] {logging_mixin.py:115} INFO - [2022-07-16 16:29:23,788] {dag.py:2972} INFO - Setting next_dagrun for example_nested_branch_dag to 2022-07-15T00:00:00+00:00, run_after=2022-07-16T00:00:00+00:00
[2022-07-16 16:29:24,819] {processor.py:161} INFO - Processing /home/airflow/.local/lib/python3.7/site-packages/airflow/example_dags/example_nested_branch_dag.py took 5.677 seconds
[2022-07-16 16:29:56,084] {processor.py:153} INFO - Started process (PID=1516) to work on /home/airflow/.local/lib/python3.7/site-packages/airflow/example_dags/example_nested_branch_dag.py
[2022-07-16 16:29:56,086] {processor.py:641} INFO - Processing file /home/airflow/.local/lib/python3.7/site-packages/airflow/example_dags/example_nested_branch_dag.py for tasks to queue
[2022-07-16 16:29:56,087] {logging_mixin.py:115} INFO - [2022-07-16 16:29:56,087] {dagbag.py:508} INFO - Filling up the DagBag from /home/airflow/.local/lib/python3.7/site-packages/airflow/example_dags/example_nested_branch_dag.py
[2022-07-16 16:29:56,122] {processor.py:651} INFO - DAG(s) dict_keys(['example_nested_branch_dag']) retrieved from /home/airflow/.local/lib/python3.7/site-packages/airflow/example_dags/example_nested_branch_dag.py
[2022-07-16 16:29:56,290] {logging_mixin.py:115} INFO - [2022-07-16 16:29:56,289] {dag.py:2420} INFO - Sync 1 DAGs
[2022-07-16 16:29:56,757] {logging_mixin.py:115} INFO - [2022-07-16 16:29:56,757] {dag.py:2972} INFO - Setting next_dagrun for example_nested_branch_dag to 2022-07-15T00:00:00+00:00, run_after=2022-07-16T00:00:00+00:00
[2022-07-16 16:29:56,883] {processor.py:161} INFO - Processing /home/airflow/.local/lib/python3.7/site-packages/airflow/example_dags/example_nested_branch_dag.py took 0.817 seconds
[2022-07-16 16:30:27,854] {processor.py:153} INFO - Started process (PID=1699) to work on /home/airflow/.local/lib/python3.7/site-packages/airflow/example_dags/example_nested_branch_dag.py
[2022-07-16 16:30:27,855] {processor.py:641} INFO - Processing file /home/airflow/.local/lib/python3.7/site-packages/airflow/example_dags/example_nested_branch_dag.py for tasks to queue
[2022-07-16 16:30:27,860] {logging_mixin.py:115} INFO - [2022-07-16 16:30:27,860] {dagbag.py:508} INFO - Filling up the DagBag from /home/airflow/.local/lib/python3.7/site-packages/airflow/example_dags/example_nested_branch_dag.py
[2022-07-16 16:30:27,912] {processor.py:651} INFO - DAG(s) dict_keys(['example_nested_branch_dag']) retrieved from /home/airflow/.local/lib/python3.7/site-packages/airflow/example_dags/example_nested_branch_dag.py
[2022-07-16 16:30:28,068] {logging_mixin.py:115} INFO - [2022-07-16 16:30:28,068] {dag.py:2420} INFO - Sync 1 DAGs
[2022-07-16 16:30:28,211] {logging_mixin.py:115} INFO - [2022-07-16 16:30:28,210] {dag.py:2972} INFO - Setting next_dagrun for example_nested_branch_dag to 2022-07-15T00:00:00+00:00, run_after=2022-07-16T00:00:00+00:00
[2022-07-16 16:30:28,296] {processor.py:161} INFO - Processing /home/airflow/.local/lib/python3.7/site-packages/airflow/example_dags/example_nested_branch_dag.py took 0.467 seconds
[2022-07-16 16:31:04,242] {processor.py:153} INFO - Started process (PID=1889) to work on /home/airflow/.local/lib/python3.7/site-packages/airflow/example_dags/example_nested_branch_dag.py
[2022-07-16 16:31:04,247] {processor.py:641} INFO - Processing file /home/airflow/.local/lib/python3.7/site-packages/airflow/example_dags/example_nested_branch_dag.py for tasks to queue
[2022-07-16 16:31:04,260] {logging_mixin.py:115} INFO - [2022-07-16 16:31:04,259] {dagbag.py:508} INFO - Filling up the DagBag from /home/airflow/.local/lib/python3.7/site-packages/airflow/example_dags/example_nested_branch_dag.py
[2022-07-16 16:31:04,402] {processor.py:651} INFO - DAG(s) dict_keys(['example_nested_branch_dag']) retrieved from /home/airflow/.local/lib/python3.7/site-packages/airflow/example_dags/example_nested_branch_dag.py
[2022-07-16 16:31:04,667] {logging_mixin.py:115} INFO - [2022-07-16 16:31:04,666] {dag.py:2420} INFO - Sync 1 DAGs
[2022-07-16 16:31:04,839] {logging_mixin.py:115} INFO - [2022-07-16 16:31:04,839] {dag.py:2972} INFO - Setting next_dagrun for example_nested_branch_dag to 2022-07-15T00:00:00+00:00, run_after=2022-07-16T00:00:00+00:00
[2022-07-16 16:31:04,896] {processor.py:161} INFO - Processing /home/airflow/.local/lib/python3.7/site-packages/airflow/example_dags/example_nested_branch_dag.py took 0.691 seconds
[2022-07-16 16:31:40,520] {processor.py:153} INFO - Started process (PID=2082) to work on /home/airflow/.local/lib/python3.7/site-packages/airflow/example_dags/example_nested_branch_dag.py
[2022-07-16 16:31:40,521] {processor.py:641} INFO - Processing file /home/airflow/.local/lib/python3.7/site-packages/airflow/example_dags/example_nested_branch_dag.py for tasks to queue
[2022-07-16 16:31:40,535] {logging_mixin.py:115} INFO - [2022-07-16 16:31:40,527] {dagbag.py:508} INFO - Filling up the DagBag from /home/airflow/.local/lib/python3.7/site-packages/airflow/example_dags/example_nested_branch_dag.py
[2022-07-16 16:31:40,955] {processor.py:651} INFO - DAG(s) dict_keys(['example_nested_branch_dag']) retrieved from /home/airflow/.local/lib/python3.7/site-packages/airflow/example_dags/example_nested_branch_dag.py
[2022-07-16 16:31:41,308] {logging_mixin.py:115} INFO - [2022-07-16 16:31:41,308] {dag.py:2420} INFO - Sync 1 DAGs
[2022-07-16 16:31:41,674] {logging_mixin.py:115} INFO - [2022-07-16 16:31:41,674] {dag.py:2972} INFO - Setting next_dagrun for example_nested_branch_dag to 2022-07-15T00:00:00+00:00, run_after=2022-07-16T00:00:00+00:00
[2022-07-16 16:31:41,820] {processor.py:161} INFO - Processing /home/airflow/.local/lib/python3.7/site-packages/airflow/example_dags/example_nested_branch_dag.py took 1.321 seconds
[2022-07-16 16:32:12,442] {processor.py:153} INFO - Started process (PID=2273) to work on /home/airflow/.local/lib/python3.7/site-packages/airflow/example_dags/example_nested_branch_dag.py
[2022-07-16 16:32:12,443] {processor.py:641} INFO - Processing file /home/airflow/.local/lib/python3.7/site-packages/airflow/example_dags/example_nested_branch_dag.py for tasks to queue
[2022-07-16 16:32:12,451] {logging_mixin.py:115} INFO - [2022-07-16 16:32:12,451] {dagbag.py:508} INFO - Filling up the DagBag from /home/airflow/.local/lib/python3.7/site-packages/airflow/example_dags/example_nested_branch_dag.py
[2022-07-16 16:32:12,521] {processor.py:651} INFO - DAG(s) dict_keys(['example_nested_branch_dag']) retrieved from /home/airflow/.local/lib/python3.7/site-packages/airflow/example_dags/example_nested_branch_dag.py
[2022-07-16 16:32:12,725] {logging_mixin.py:115} INFO - [2022-07-16 16:32:12,724] {dag.py:2420} INFO - Sync 1 DAGs
[2022-07-16 16:32:12,949] {logging_mixin.py:115} INFO - [2022-07-16 16:32:12,949] {dag.py:2972} INFO - Setting next_dagrun for example_nested_branch_dag to 2022-07-15T00:00:00+00:00, run_after=2022-07-16T00:00:00+00:00
[2022-07-16 16:32:13,088] {processor.py:161} INFO - Processing /home/airflow/.local/lib/python3.7/site-packages/airflow/example_dags/example_nested_branch_dag.py took 0.679 seconds
[2022-07-16 16:32:43,169] {processor.py:153} INFO - Started process (PID=2458) to work on /home/airflow/.local/lib/python3.7/site-packages/airflow/example_dags/example_nested_branch_dag.py
[2022-07-16 16:32:43,171] {processor.py:641} INFO - Processing file /home/airflow/.local/lib/python3.7/site-packages/airflow/example_dags/example_nested_branch_dag.py for tasks to queue
[2022-07-16 16:32:43,172] {logging_mixin.py:115} INFO - [2022-07-16 16:32:43,172] {dagbag.py:508} INFO - Filling up the DagBag from /home/airflow/.local/lib/python3.7/site-packages/airflow/example_dags/example_nested_branch_dag.py
[2022-07-16 16:32:43,207] {processor.py:651} INFO - DAG(s) dict_keys(['example_nested_branch_dag']) retrieved from /home/airflow/.local/lib/python3.7/site-packages/airflow/example_dags/example_nested_branch_dag.py
[2022-07-16 16:32:43,292] {logging_mixin.py:115} INFO - [2022-07-16 16:32:43,292] {dag.py:2420} INFO - Sync 1 DAGs
[2022-07-16 16:32:43,379] {logging_mixin.py:115} INFO - [2022-07-16 16:32:43,379] {dag.py:2972} INFO - Setting next_dagrun for example_nested_branch_dag to 2022-07-15T00:00:00+00:00, run_after=2022-07-16T00:00:00+00:00
[2022-07-16 16:32:43,408] {processor.py:161} INFO - Processing /home/airflow/.local/lib/python3.7/site-packages/airflow/example_dags/example_nested_branch_dag.py took 0.249 seconds
[2022-07-16 16:33:14,987] {processor.py:153} INFO - Started process (PID=2652) to work on /home/airflow/.local/lib/python3.7/site-packages/airflow/example_dags/example_nested_branch_dag.py
[2022-07-16 16:33:15,000] {processor.py:641} INFO - Processing file /home/airflow/.local/lib/python3.7/site-packages/airflow/example_dags/example_nested_branch_dag.py for tasks to queue
[2022-07-16 16:33:15,005] {logging_mixin.py:115} INFO - [2022-07-16 16:33:15,005] {dagbag.py:508} INFO - Filling up the DagBag from /home/airflow/.local/lib/python3.7/site-packages/airflow/example_dags/example_nested_branch_dag.py
[2022-07-16 16:33:15,060] {processor.py:651} INFO - DAG(s) dict_keys(['example_nested_branch_dag']) retrieved from /home/airflow/.local/lib/python3.7/site-packages/airflow/example_dags/example_nested_branch_dag.py
[2022-07-16 16:33:15,349] {logging_mixin.py:115} INFO - [2022-07-16 16:33:15,349] {dag.py:2420} INFO - Sync 1 DAGs
[2022-07-16 16:33:15,633] {logging_mixin.py:115} INFO - [2022-07-16 16:33:15,625] {dag.py:2972} INFO - Setting next_dagrun for example_nested_branch_dag to 2022-07-15T00:00:00+00:00, run_after=2022-07-16T00:00:00+00:00
[2022-07-16 16:33:15,744] {processor.py:161} INFO - Processing /home/airflow/.local/lib/python3.7/site-packages/airflow/example_dags/example_nested_branch_dag.py took 0.899 seconds
[2022-07-16 16:33:46,831] {processor.py:153} INFO - Started process (PID=2840) to work on /home/airflow/.local/lib/python3.7/site-packages/airflow/example_dags/example_nested_branch_dag.py
[2022-07-16 16:33:46,832] {processor.py:641} INFO - Processing file /home/airflow/.local/lib/python3.7/site-packages/airflow/example_dags/example_nested_branch_dag.py for tasks to queue
[2022-07-16 16:33:46,834] {logging_mixin.py:115} INFO - [2022-07-16 16:33:46,834] {dagbag.py:508} INFO - Filling up the DagBag from /home/airflow/.local/lib/python3.7/site-packages/airflow/example_dags/example_nested_branch_dag.py
[2022-07-16 16:33:46,865] {processor.py:651} INFO - DAG(s) dict_keys(['example_nested_branch_dag']) retrieved from /home/airflow/.local/lib/python3.7/site-packages/airflow/example_dags/example_nested_branch_dag.py
[2022-07-16 16:33:46,944] {logging_mixin.py:115} INFO - [2022-07-16 16:33:46,944] {dag.py:2420} INFO - Sync 1 DAGs
[2022-07-16 16:33:47,028] {logging_mixin.py:115} INFO - [2022-07-16 16:33:47,028] {dag.py:2972} INFO - Setting next_dagrun for example_nested_branch_dag to 2022-07-15T00:00:00+00:00, run_after=2022-07-16T00:00:00+00:00
[2022-07-16 16:33:47,058] {processor.py:161} INFO - Processing /home/airflow/.local/lib/python3.7/site-packages/airflow/example_dags/example_nested_branch_dag.py took 0.236 seconds
[2022-07-16 16:34:17,578] {processor.py:153} INFO - Started process (PID=3031) to work on /home/airflow/.local/lib/python3.7/site-packages/airflow/example_dags/example_nested_branch_dag.py
[2022-07-16 16:34:17,580] {processor.py:641} INFO - Processing file /home/airflow/.local/lib/python3.7/site-packages/airflow/example_dags/example_nested_branch_dag.py for tasks to queue
[2022-07-16 16:34:17,582] {logging_mixin.py:115} INFO - [2022-07-16 16:34:17,581] {dagbag.py:508} INFO - Filling up the DagBag from /home/airflow/.local/lib/python3.7/site-packages/airflow/example_dags/example_nested_branch_dag.py
[2022-07-16 16:34:17,615] {processor.py:651} INFO - DAG(s) dict_keys(['example_nested_branch_dag']) retrieved from /home/airflow/.local/lib/python3.7/site-packages/airflow/example_dags/example_nested_branch_dag.py
[2022-07-16 16:34:17,693] {logging_mixin.py:115} INFO - [2022-07-16 16:34:17,693] {dag.py:2420} INFO - Sync 1 DAGs
[2022-07-16 16:34:17,802] {logging_mixin.py:115} INFO - [2022-07-16 16:34:17,802] {dag.py:2972} INFO - Setting next_dagrun for example_nested_branch_dag to 2022-07-15T00:00:00+00:00, run_after=2022-07-16T00:00:00+00:00
[2022-07-16 16:34:17,839] {processor.py:161} INFO - Processing /home/airflow/.local/lib/python3.7/site-packages/airflow/example_dags/example_nested_branch_dag.py took 0.271 seconds
[2022-07-16 16:34:48,336] {processor.py:153} INFO - Started process (PID=3220) to work on /home/airflow/.local/lib/python3.7/site-packages/airflow/example_dags/example_nested_branch_dag.py
[2022-07-16 16:34:48,338] {processor.py:641} INFO - Processing file /home/airflow/.local/lib/python3.7/site-packages/airflow/example_dags/example_nested_branch_dag.py for tasks to queue
[2022-07-16 16:34:48,339] {logging_mixin.py:115} INFO - [2022-07-16 16:34:48,339] {dagbag.py:508} INFO - Filling up the DagBag from /home/airflow/.local/lib/python3.7/site-packages/airflow/example_dags/example_nested_branch_dag.py
[2022-07-16 16:34:48,390] {processor.py:651} INFO - DAG(s) dict_keys(['example_nested_branch_dag']) retrieved from /home/airflow/.local/lib/python3.7/site-packages/airflow/example_dags/example_nested_branch_dag.py
[2022-07-16 16:34:48,491] {logging_mixin.py:115} INFO - [2022-07-16 16:34:48,490] {dag.py:2420} INFO - Sync 1 DAGs
[2022-07-16 16:34:48,572] {logging_mixin.py:115} INFO - [2022-07-16 16:34:48,572] {dag.py:2972} INFO - Setting next_dagrun for example_nested_branch_dag to 2022-07-15T00:00:00+00:00, run_after=2022-07-16T00:00:00+00:00
[2022-07-16 16:34:48,599] {processor.py:161} INFO - Processing /home/airflow/.local/lib/python3.7/site-packages/airflow/example_dags/example_nested_branch_dag.py took 0.271 seconds
[2022-07-16 16:39:16,018] {processor.py:153} INFO - Started process (PID=370) to work on /home/airflow/.local/lib/python3.7/site-packages/airflow/example_dags/example_nested_branch_dag.py
[2022-07-16 16:39:16,037] {processor.py:641} INFO - Processing file /home/airflow/.local/lib/python3.7/site-packages/airflow/example_dags/example_nested_branch_dag.py for tasks to queue
[2022-07-16 16:39:16,038] {logging_mixin.py:115} INFO - [2022-07-16 16:39:16,038] {dagbag.py:508} INFO - Filling up the DagBag from /home/airflow/.local/lib/python3.7/site-packages/airflow/example_dags/example_nested_branch_dag.py
[2022-07-16 16:39:16,184] {processor.py:651} INFO - DAG(s) dict_keys(['example_nested_branch_dag']) retrieved from /home/airflow/.local/lib/python3.7/site-packages/airflow/example_dags/example_nested_branch_dag.py
[2022-07-16 16:39:16,836] {logging_mixin.py:115} INFO - [2022-07-16 16:39:16,836] {manager.py:508} INFO - Created Permission View: can delete on DAG:example_nested_branch_dag
[2022-07-16 16:39:16,859] {logging_mixin.py:115} INFO - [2022-07-16 16:39:16,859] {manager.py:508} INFO - Created Permission View: can edit on DAG:example_nested_branch_dag
[2022-07-16 16:39:16,882] {logging_mixin.py:115} INFO - [2022-07-16 16:39:16,882] {manager.py:508} INFO - Created Permission View: can read on DAG:example_nested_branch_dag
[2022-07-16 16:39:16,882] {logging_mixin.py:115} INFO - [2022-07-16 16:39:16,882] {dag.py:2420} INFO - Sync 1 DAGs
[2022-07-16 16:39:16,916] {logging_mixin.py:115} INFO - [2022-07-16 16:39:16,916] {dag.py:2439} INFO - Creating ORM DAG for example_nested_branch_dag
[2022-07-16 16:39:16,998] {logging_mixin.py:115} INFO - [2022-07-16 16:39:16,998] {dag.py:2972} INFO - Setting next_dagrun for example_nested_branch_dag to 2022-07-15T00:00:00+00:00, run_after=2022-07-16T00:00:00+00:00
[2022-07-16 16:39:17,141] {processor.py:161} INFO - Processing /home/airflow/.local/lib/python3.7/site-packages/airflow/example_dags/example_nested_branch_dag.py took 1.164 seconds
