[2022-07-16 16:25:45,659] {processor.py:153} INFO - Started process (PID=202) to work on /home/airflow/.local/lib/python3.7/site-packages/airflow/example_dags/example_sla_dag.py
[2022-07-16 16:25:45,664] {processor.py:641} INFO - Processing file /home/airflow/.local/lib/python3.7/site-packages/airflow/example_dags/example_sla_dag.py for tasks to queue
[2022-07-16 16:25:45,665] {logging_mixin.py:115} INFO - [2022-07-16 16:25:45,665] {dagbag.py:508} INFO - Filling up the DagBag from /home/airflow/.local/lib/python3.7/site-packages/airflow/example_dags/example_sla_dag.py
[2022-07-16 16:25:45,798] {processor.py:651} INFO - DAG(s) dict_keys(['example_sla_dag']) retrieved from /home/airflow/.local/lib/python3.7/site-packages/airflow/example_dags/example_sla_dag.py
[2022-07-16 16:25:46,203] {logging_mixin.py:115} INFO - [2022-07-16 16:25:46,203] {manager.py:508} INFO - Created Permission View: can delete on DAG:example_sla_dag
[2022-07-16 16:25:46,252] {logging_mixin.py:115} INFO - [2022-07-16 16:25:46,252] {manager.py:508} INFO - Created Permission View: can edit on DAG:example_sla_dag
[2022-07-16 16:25:46,286] {logging_mixin.py:115} INFO - [2022-07-16 16:25:46,286] {manager.py:508} INFO - Created Permission View: can read on DAG:example_sla_dag
[2022-07-16 16:25:46,287] {logging_mixin.py:115} INFO - [2022-07-16 16:25:46,286] {dag.py:2420} INFO - Sync 1 DAGs
[2022-07-16 16:25:46,327] {logging_mixin.py:115} INFO - [2022-07-16 16:25:46,327] {dag.py:2439} INFO - Creating ORM DAG for example_sla_dag
[2022-07-16 16:25:46,392] {logging_mixin.py:115} INFO - [2022-07-16 16:25:46,392] {dag.py:2972} INFO - Setting next_dagrun for example_sla_dag to 2022-07-16T16:22:00+00:00, run_after=2022-07-16T16:24:00+00:00
[2022-07-16 16:25:46,423] {processor.py:161} INFO - Processing /home/airflow/.local/lib/python3.7/site-packages/airflow/example_dags/example_sla_dag.py took 0.798 seconds
[2022-07-16 16:26:16,836] {processor.py:153} INFO - Started process (PID=390) to work on /home/airflow/.local/lib/python3.7/site-packages/airflow/example_dags/example_sla_dag.py
[2022-07-16 16:26:16,843] {processor.py:641} INFO - Processing file /home/airflow/.local/lib/python3.7/site-packages/airflow/example_dags/example_sla_dag.py for tasks to queue
[2022-07-16 16:26:16,844] {logging_mixin.py:115} INFO - [2022-07-16 16:26:16,844] {dagbag.py:508} INFO - Filling up the DagBag from /home/airflow/.local/lib/python3.7/site-packages/airflow/example_dags/example_sla_dag.py
[2022-07-16 16:26:17,051] {processor.py:651} INFO - DAG(s) dict_keys(['example_sla_dag']) retrieved from /home/airflow/.local/lib/python3.7/site-packages/airflow/example_dags/example_sla_dag.py
[2022-07-16 16:26:17,327] {logging_mixin.py:115} INFO - [2022-07-16 16:26:17,327] {dag.py:2420} INFO - Sync 1 DAGs
[2022-07-16 16:26:17,647] {logging_mixin.py:115} INFO - [2022-07-16 16:26:17,646] {dag.py:2972} INFO - Setting next_dagrun for example_sla_dag to 2022-07-16T16:24:00+00:00, run_after=2022-07-16T16:26:00+00:00
[2022-07-16 16:26:17,724] {processor.py:161} INFO - Processing /home/airflow/.local/lib/python3.7/site-packages/airflow/example_dags/example_sla_dag.py took 0.909 seconds
[2022-07-16 16:26:59,188] {processor.py:153} INFO - Started process (PID=571) to work on /home/airflow/.local/lib/python3.7/site-packages/airflow/example_dags/example_sla_dag.py
[2022-07-16 16:26:59,195] {processor.py:641} INFO - Processing file /home/airflow/.local/lib/python3.7/site-packages/airflow/example_dags/example_sla_dag.py for tasks to queue
[2022-07-16 16:26:59,197] {logging_mixin.py:115} INFO - [2022-07-16 16:26:59,196] {dagbag.py:508} INFO - Filling up the DagBag from /home/airflow/.local/lib/python3.7/site-packages/airflow/example_dags/example_sla_dag.py
[2022-07-16 16:26:59,502] {processor.py:651} INFO - DAG(s) dict_keys(['example_sla_dag']) retrieved from /home/airflow/.local/lib/python3.7/site-packages/airflow/example_dags/example_sla_dag.py
[2022-07-16 16:26:59,929] {logging_mixin.py:115} INFO - [2022-07-16 16:26:59,929] {dag.py:2420} INFO - Sync 1 DAGs
[2022-07-16 16:27:00,498] {logging_mixin.py:115} INFO - [2022-07-16 16:27:00,497] {dag.py:2972} INFO - Setting next_dagrun for example_sla_dag to 2022-07-16T16:24:00+00:00, run_after=2022-07-16T16:26:00+00:00
[2022-07-16 16:27:00,840] {processor.py:161} INFO - Processing /home/airflow/.local/lib/python3.7/site-packages/airflow/example_dags/example_sla_dag.py took 1.699 seconds
[2022-07-16 16:27:31,442] {processor.py:153} INFO - Started process (PID=759) to work on /home/airflow/.local/lib/python3.7/site-packages/airflow/example_dags/example_sla_dag.py
[2022-07-16 16:27:31,451] {processor.py:641} INFO - Processing file /home/airflow/.local/lib/python3.7/site-packages/airflow/example_dags/example_sla_dag.py for tasks to queue
[2022-07-16 16:27:31,454] {logging_mixin.py:115} INFO - [2022-07-16 16:27:31,452] {dagbag.py:508} INFO - Filling up the DagBag from /home/airflow/.local/lib/python3.7/site-packages/airflow/example_dags/example_sla_dag.py
[2022-07-16 16:27:31,583] {processor.py:651} INFO - DAG(s) dict_keys(['example_sla_dag']) retrieved from /home/airflow/.local/lib/python3.7/site-packages/airflow/example_dags/example_sla_dag.py
[2022-07-16 16:27:31,703] {logging_mixin.py:115} INFO - [2022-07-16 16:27:31,703] {dag.py:2420} INFO - Sync 1 DAGs
[2022-07-16 16:27:31,783] {logging_mixin.py:115} INFO - [2022-07-16 16:27:31,782] {dag.py:2972} INFO - Setting next_dagrun for example_sla_dag to 2022-07-16T16:24:00+00:00, run_after=2022-07-16T16:26:00+00:00
[2022-07-16 16:27:31,808] {processor.py:161} INFO - Processing /home/airflow/.local/lib/python3.7/site-packages/airflow/example_dags/example_sla_dag.py took 0.384 seconds
[2022-07-16 16:28:05,102] {processor.py:153} INFO - Started process (PID=943) to work on /home/airflow/.local/lib/python3.7/site-packages/airflow/example_dags/example_sla_dag.py
[2022-07-16 16:28:05,108] {processor.py:641} INFO - Processing file /home/airflow/.local/lib/python3.7/site-packages/airflow/example_dags/example_sla_dag.py for tasks to queue
[2022-07-16 16:28:05,151] {logging_mixin.py:115} INFO - [2022-07-16 16:28:05,151] {dagbag.py:508} INFO - Filling up the DagBag from /home/airflow/.local/lib/python3.7/site-packages/airflow/example_dags/example_sla_dag.py
[2022-07-16 16:28:05,591] {processor.py:651} INFO - DAG(s) dict_keys(['example_sla_dag']) retrieved from /home/airflow/.local/lib/python3.7/site-packages/airflow/example_dags/example_sla_dag.py
[2022-07-16 16:28:06,268] {logging_mixin.py:115} INFO - [2022-07-16 16:28:06,268] {dag.py:2420} INFO - Sync 1 DAGs
[2022-07-16 16:28:06,820] {logging_mixin.py:115} INFO - [2022-07-16 16:28:06,820] {dag.py:2972} INFO - Setting next_dagrun for example_sla_dag to 2022-07-16T16:26:00+00:00, run_after=2022-07-16T16:28:00+00:00
[2022-07-16 16:28:07,130] {processor.py:161} INFO - Processing /home/airflow/.local/lib/python3.7/site-packages/airflow/example_dags/example_sla_dag.py took 2.145 seconds
[2022-07-16 16:28:38,296] {processor.py:153} INFO - Started process (PID=1130) to work on /home/airflow/.local/lib/python3.7/site-packages/airflow/example_dags/example_sla_dag.py
[2022-07-16 16:28:38,300] {processor.py:641} INFO - Processing file /home/airflow/.local/lib/python3.7/site-packages/airflow/example_dags/example_sla_dag.py for tasks to queue
[2022-07-16 16:28:38,306] {logging_mixin.py:115} INFO - [2022-07-16 16:28:38,305] {dagbag.py:508} INFO - Filling up the DagBag from /home/airflow/.local/lib/python3.7/site-packages/airflow/example_dags/example_sla_dag.py
[2022-07-16 16:28:38,580] {processor.py:651} INFO - DAG(s) dict_keys(['example_sla_dag']) retrieved from /home/airflow/.local/lib/python3.7/site-packages/airflow/example_dags/example_sla_dag.py
[2022-07-16 16:28:38,936] {logging_mixin.py:115} INFO - [2022-07-16 16:28:38,935] {dag.py:2420} INFO - Sync 1 DAGs
[2022-07-16 16:28:39,243] {logging_mixin.py:115} INFO - [2022-07-16 16:28:39,243] {dag.py:2972} INFO - Setting next_dagrun for example_sla_dag to 2022-07-16T16:26:00+00:00, run_after=2022-07-16T16:28:00+00:00
[2022-07-16 16:28:39,338] {processor.py:161} INFO - Processing /home/airflow/.local/lib/python3.7/site-packages/airflow/example_dags/example_sla_dag.py took 1.074 seconds
[2022-07-16 16:29:25,909] {processor.py:153} INFO - Started process (PID=1333) to work on /home/airflow/.local/lib/python3.7/site-packages/airflow/example_dags/example_sla_dag.py
[2022-07-16 16:29:25,951] {processor.py:641} INFO - Processing file /home/airflow/.local/lib/python3.7/site-packages/airflow/example_dags/example_sla_dag.py for tasks to queue
[2022-07-16 16:29:25,969] {logging_mixin.py:115} INFO - [2022-07-16 16:29:25,969] {dagbag.py:508} INFO - Filling up the DagBag from /home/airflow/.local/lib/python3.7/site-packages/airflow/example_dags/example_sla_dag.py
[2022-07-16 16:29:26,857] {processor.py:651} INFO - DAG(s) dict_keys(['example_sla_dag']) retrieved from /home/airflow/.local/lib/python3.7/site-packages/airflow/example_dags/example_sla_dag.py
[2022-07-16 16:29:28,047] {logging_mixin.py:115} INFO - [2022-07-16 16:29:28,047] {dag.py:2420} INFO - Sync 1 DAGs
[2022-07-16 16:29:28,760] {logging_mixin.py:115} INFO - [2022-07-16 16:29:28,746] {dag.py:2972} INFO - Setting next_dagrun for example_sla_dag to 2022-07-16T16:26:00+00:00, run_after=2022-07-16T16:28:00+00:00
[2022-07-16 16:29:29,220] {processor.py:161} INFO - Processing /home/airflow/.local/lib/python3.7/site-packages/airflow/example_dags/example_sla_dag.py took 3.530 seconds
[2022-07-16 16:30:00,135] {processor.py:153} INFO - Started process (PID=1525) to work on /home/airflow/.local/lib/python3.7/site-packages/airflow/example_dags/example_sla_dag.py
[2022-07-16 16:30:00,140] {processor.py:641} INFO - Processing file /home/airflow/.local/lib/python3.7/site-packages/airflow/example_dags/example_sla_dag.py for tasks to queue
[2022-07-16 16:30:00,145] {logging_mixin.py:115} INFO - [2022-07-16 16:30:00,145] {dagbag.py:508} INFO - Filling up the DagBag from /home/airflow/.local/lib/python3.7/site-packages/airflow/example_dags/example_sla_dag.py
[2022-07-16 16:30:00,496] {processor.py:651} INFO - DAG(s) dict_keys(['example_sla_dag']) retrieved from /home/airflow/.local/lib/python3.7/site-packages/airflow/example_dags/example_sla_dag.py
[2022-07-16 16:30:01,545] {logging_mixin.py:115} INFO - [2022-07-16 16:30:01,545] {dag.py:2420} INFO - Sync 1 DAGs
[2022-07-16 16:30:02,340] {logging_mixin.py:115} INFO - [2022-07-16 16:30:02,340] {dag.py:2972} INFO - Setting next_dagrun for example_sla_dag to 2022-07-16T16:28:00+00:00, run_after=2022-07-16T16:30:00+00:00
[2022-07-16 16:30:02,576] {processor.py:161} INFO - Processing /home/airflow/.local/lib/python3.7/site-packages/airflow/example_dags/example_sla_dag.py took 2.463 seconds
[2022-07-16 16:30:33,255] {processor.py:153} INFO - Started process (PID=1713) to work on /home/airflow/.local/lib/python3.7/site-packages/airflow/example_dags/example_sla_dag.py
[2022-07-16 16:30:33,273] {processor.py:641} INFO - Processing file /home/airflow/.local/lib/python3.7/site-packages/airflow/example_dags/example_sla_dag.py for tasks to queue
[2022-07-16 16:30:33,275] {logging_mixin.py:115} INFO - [2022-07-16 16:30:33,274] {dagbag.py:508} INFO - Filling up the DagBag from /home/airflow/.local/lib/python3.7/site-packages/airflow/example_dags/example_sla_dag.py
[2022-07-16 16:30:33,626] {processor.py:651} INFO - DAG(s) dict_keys(['example_sla_dag']) retrieved from /home/airflow/.local/lib/python3.7/site-packages/airflow/example_dags/example_sla_dag.py
[2022-07-16 16:30:33,905] {logging_mixin.py:115} INFO - [2022-07-16 16:30:33,905] {dag.py:2420} INFO - Sync 1 DAGs
[2022-07-16 16:30:34,267] {logging_mixin.py:115} INFO - [2022-07-16 16:30:34,267] {dag.py:2972} INFO - Setting next_dagrun for example_sla_dag to 2022-07-16T16:28:00+00:00, run_after=2022-07-16T16:30:00+00:00
[2022-07-16 16:30:34,480] {processor.py:161} INFO - Processing /home/airflow/.local/lib/python3.7/site-packages/airflow/example_dags/example_sla_dag.py took 1.306 seconds
[2022-07-16 16:31:05,121] {processor.py:153} INFO - Started process (PID=1899) to work on /home/airflow/.local/lib/python3.7/site-packages/airflow/example_dags/example_sla_dag.py
[2022-07-16 16:31:05,124] {processor.py:641} INFO - Processing file /home/airflow/.local/lib/python3.7/site-packages/airflow/example_dags/example_sla_dag.py for tasks to queue
[2022-07-16 16:31:05,129] {logging_mixin.py:115} INFO - [2022-07-16 16:31:05,129] {dagbag.py:508} INFO - Filling up the DagBag from /home/airflow/.local/lib/python3.7/site-packages/airflow/example_dags/example_sla_dag.py
[2022-07-16 16:31:05,354] {processor.py:651} INFO - DAG(s) dict_keys(['example_sla_dag']) retrieved from /home/airflow/.local/lib/python3.7/site-packages/airflow/example_dags/example_sla_dag.py
[2022-07-16 16:31:05,519] {logging_mixin.py:115} INFO - [2022-07-16 16:31:05,519] {dag.py:2420} INFO - Sync 1 DAGs
[2022-07-16 16:31:05,706] {logging_mixin.py:115} INFO - [2022-07-16 16:31:05,706] {dag.py:2972} INFO - Setting next_dagrun for example_sla_dag to 2022-07-16T16:28:00+00:00, run_after=2022-07-16T16:30:00+00:00
[2022-07-16 16:31:05,743] {processor.py:161} INFO - Processing /home/airflow/.local/lib/python3.7/site-packages/airflow/example_dags/example_sla_dag.py took 0.680 seconds
[2022-07-16 16:31:40,970] {processor.py:153} INFO - Started process (PID=2087) to work on /home/airflow/.local/lib/python3.7/site-packages/airflow/example_dags/example_sla_dag.py
[2022-07-16 16:31:40,973] {processor.py:641} INFO - Processing file /home/airflow/.local/lib/python3.7/site-packages/airflow/example_dags/example_sla_dag.py for tasks to queue
[2022-07-16 16:31:40,974] {logging_mixin.py:115} INFO - [2022-07-16 16:31:40,974] {dagbag.py:508} INFO - Filling up the DagBag from /home/airflow/.local/lib/python3.7/site-packages/airflow/example_dags/example_sla_dag.py
[2022-07-16 16:31:41,277] {processor.py:651} INFO - DAG(s) dict_keys(['example_sla_dag']) retrieved from /home/airflow/.local/lib/python3.7/site-packages/airflow/example_dags/example_sla_dag.py
[2022-07-16 16:31:41,608] {logging_mixin.py:115} INFO - [2022-07-16 16:31:41,608] {dag.py:2420} INFO - Sync 1 DAGs
[2022-07-16 16:31:41,844] {logging_mixin.py:115} INFO - [2022-07-16 16:31:41,844] {dag.py:2972} INFO - Setting next_dagrun for example_sla_dag to 2022-07-16T16:28:00+00:00, run_after=2022-07-16T16:30:00+00:00
[2022-07-16 16:31:41,968] {processor.py:161} INFO - Processing /home/airflow/.local/lib/python3.7/site-packages/airflow/example_dags/example_sla_dag.py took 1.127 seconds
[2022-07-16 16:32:12,432] {processor.py:153} INFO - Started process (PID=2271) to work on /home/airflow/.local/lib/python3.7/site-packages/airflow/example_dags/example_sla_dag.py
[2022-07-16 16:32:12,434] {processor.py:641} INFO - Processing file /home/airflow/.local/lib/python3.7/site-packages/airflow/example_dags/example_sla_dag.py for tasks to queue
[2022-07-16 16:32:12,447] {logging_mixin.py:115} INFO - [2022-07-16 16:32:12,447] {dagbag.py:508} INFO - Filling up the DagBag from /home/airflow/.local/lib/python3.7/site-packages/airflow/example_dags/example_sla_dag.py
[2022-07-16 16:32:12,638] {processor.py:651} INFO - DAG(s) dict_keys(['example_sla_dag']) retrieved from /home/airflow/.local/lib/python3.7/site-packages/airflow/example_dags/example_sla_dag.py
[2022-07-16 16:32:12,795] {logging_mixin.py:115} INFO - [2022-07-16 16:32:12,795] {dag.py:2420} INFO - Sync 1 DAGs
[2022-07-16 16:32:13,085] {logging_mixin.py:115} INFO - [2022-07-16 16:32:13,084] {dag.py:2972} INFO - Setting next_dagrun for example_sla_dag to 2022-07-16T16:30:00+00:00, run_after=2022-07-16T16:32:00+00:00
[2022-07-16 16:32:13,230] {processor.py:161} INFO - Processing /home/airflow/.local/lib/python3.7/site-packages/airflow/example_dags/example_sla_dag.py took 0.846 seconds
[2022-07-16 16:32:43,482] {processor.py:153} INFO - Started process (PID=2463) to work on /home/airflow/.local/lib/python3.7/site-packages/airflow/example_dags/example_sla_dag.py
[2022-07-16 16:32:43,484] {processor.py:641} INFO - Processing file /home/airflow/.local/lib/python3.7/site-packages/airflow/example_dags/example_sla_dag.py for tasks to queue
[2022-07-16 16:32:43,486] {logging_mixin.py:115} INFO - [2022-07-16 16:32:43,486] {dagbag.py:508} INFO - Filling up the DagBag from /home/airflow/.local/lib/python3.7/site-packages/airflow/example_dags/example_sla_dag.py
[2022-07-16 16:32:43,517] {processor.py:651} INFO - DAG(s) dict_keys(['example_sla_dag']) retrieved from /home/airflow/.local/lib/python3.7/site-packages/airflow/example_dags/example_sla_dag.py
[2022-07-16 16:32:43,615] {logging_mixin.py:115} INFO - [2022-07-16 16:32:43,615] {dag.py:2420} INFO - Sync 1 DAGs
[2022-07-16 16:32:43,683] {logging_mixin.py:115} INFO - [2022-07-16 16:32:43,683] {dag.py:2972} INFO - Setting next_dagrun for example_sla_dag to 2022-07-16T16:30:00+00:00, run_after=2022-07-16T16:32:00+00:00
[2022-07-16 16:32:43,700] {processor.py:161} INFO - Processing /home/airflow/.local/lib/python3.7/site-packages/airflow/example_dags/example_sla_dag.py took 0.241 seconds
[2022-07-16 16:33:14,790] {processor.py:153} INFO - Started process (PID=2649) to work on /home/airflow/.local/lib/python3.7/site-packages/airflow/example_dags/example_sla_dag.py
[2022-07-16 16:33:14,805] {processor.py:641} INFO - Processing file /home/airflow/.local/lib/python3.7/site-packages/airflow/example_dags/example_sla_dag.py for tasks to queue
[2022-07-16 16:33:14,815] {logging_mixin.py:115} INFO - [2022-07-16 16:33:14,815] {dagbag.py:508} INFO - Filling up the DagBag from /home/airflow/.local/lib/python3.7/site-packages/airflow/example_dags/example_sla_dag.py
[2022-07-16 16:33:15,236] {processor.py:651} INFO - DAG(s) dict_keys(['example_sla_dag']) retrieved from /home/airflow/.local/lib/python3.7/site-packages/airflow/example_dags/example_sla_dag.py
[2022-07-16 16:33:15,537] {logging_mixin.py:115} INFO - [2022-07-16 16:33:15,537] {dag.py:2420} INFO - Sync 1 DAGs
[2022-07-16 16:33:15,882] {logging_mixin.py:115} INFO - [2022-07-16 16:33:15,881] {dag.py:2972} INFO - Setting next_dagrun for example_sla_dag to 2022-07-16T16:30:00+00:00, run_after=2022-07-16T16:32:00+00:00
[2022-07-16 16:33:16,107] {processor.py:161} INFO - Processing /home/airflow/.local/lib/python3.7/site-packages/airflow/example_dags/example_sla_dag.py took 1.406 seconds
[2022-07-16 16:33:46,816] {processor.py:153} INFO - Started process (PID=2838) to work on /home/airflow/.local/lib/python3.7/site-packages/airflow/example_dags/example_sla_dag.py
[2022-07-16 16:33:46,818] {processor.py:641} INFO - Processing file /home/airflow/.local/lib/python3.7/site-packages/airflow/example_dags/example_sla_dag.py for tasks to queue
[2022-07-16 16:33:46,819] {logging_mixin.py:115} INFO - [2022-07-16 16:33:46,819] {dagbag.py:508} INFO - Filling up the DagBag from /home/airflow/.local/lib/python3.7/site-packages/airflow/example_dags/example_sla_dag.py
[2022-07-16 16:33:46,874] {processor.py:651} INFO - DAG(s) dict_keys(['example_sla_dag']) retrieved from /home/airflow/.local/lib/python3.7/site-packages/airflow/example_dags/example_sla_dag.py
[2022-07-16 16:33:46,961] {logging_mixin.py:115} INFO - [2022-07-16 16:33:46,960] {dag.py:2420} INFO - Sync 1 DAGs
[2022-07-16 16:33:47,041] {logging_mixin.py:115} INFO - [2022-07-16 16:33:47,041] {dag.py:2972} INFO - Setting next_dagrun for example_sla_dag to 2022-07-16T16:30:00+00:00, run_after=2022-07-16T16:32:00+00:00
[2022-07-16 16:33:47,071] {processor.py:161} INFO - Processing /home/airflow/.local/lib/python3.7/site-packages/airflow/example_dags/example_sla_dag.py took 0.264 seconds
[2022-07-16 16:34:17,560] {processor.py:153} INFO - Started process (PID=3028) to work on /home/airflow/.local/lib/python3.7/site-packages/airflow/example_dags/example_sla_dag.py
[2022-07-16 16:34:17,564] {processor.py:641} INFO - Processing file /home/airflow/.local/lib/python3.7/site-packages/airflow/example_dags/example_sla_dag.py for tasks to queue
[2022-07-16 16:34:17,565] {logging_mixin.py:115} INFO - [2022-07-16 16:34:17,565] {dagbag.py:508} INFO - Filling up the DagBag from /home/airflow/.local/lib/python3.7/site-packages/airflow/example_dags/example_sla_dag.py
[2022-07-16 16:34:17,619] {processor.py:651} INFO - DAG(s) dict_keys(['example_sla_dag']) retrieved from /home/airflow/.local/lib/python3.7/site-packages/airflow/example_dags/example_sla_dag.py
[2022-07-16 16:34:17,722] {logging_mixin.py:115} INFO - [2022-07-16 16:34:17,722] {dag.py:2420} INFO - Sync 1 DAGs
[2022-07-16 16:34:17,810] {logging_mixin.py:115} INFO - [2022-07-16 16:34:17,809] {dag.py:2972} INFO - Setting next_dagrun for example_sla_dag to 2022-07-16T16:32:00+00:00, run_after=2022-07-16T16:34:00+00:00
[2022-07-16 16:34:17,849] {processor.py:161} INFO - Processing /home/airflow/.local/lib/python3.7/site-packages/airflow/example_dags/example_sla_dag.py took 0.298 seconds
[2022-07-16 16:34:48,331] {processor.py:153} INFO - Started process (PID=3218) to work on /home/airflow/.local/lib/python3.7/site-packages/airflow/example_dags/example_sla_dag.py
[2022-07-16 16:34:48,333] {processor.py:641} INFO - Processing file /home/airflow/.local/lib/python3.7/site-packages/airflow/example_dags/example_sla_dag.py for tasks to queue
[2022-07-16 16:34:48,334] {logging_mixin.py:115} INFO - [2022-07-16 16:34:48,334] {dagbag.py:508} INFO - Filling up the DagBag from /home/airflow/.local/lib/python3.7/site-packages/airflow/example_dags/example_sla_dag.py
[2022-07-16 16:34:48,393] {processor.py:651} INFO - DAG(s) dict_keys(['example_sla_dag']) retrieved from /home/airflow/.local/lib/python3.7/site-packages/airflow/example_dags/example_sla_dag.py
[2022-07-16 16:34:48,495] {logging_mixin.py:115} INFO - [2022-07-16 16:34:48,495] {dag.py:2420} INFO - Sync 1 DAGs
[2022-07-16 16:34:48,568] {logging_mixin.py:115} INFO - [2022-07-16 16:34:48,568] {dag.py:2972} INFO - Setting next_dagrun for example_sla_dag to 2022-07-16T16:32:00+00:00, run_after=2022-07-16T16:34:00+00:00
[2022-07-16 16:34:48,593] {processor.py:161} INFO - Processing /home/airflow/.local/lib/python3.7/site-packages/airflow/example_dags/example_sla_dag.py took 0.273 seconds
[2022-07-16 16:38:31,317] {processor.py:153} INFO - Started process (PID=217) to work on /home/airflow/.local/lib/python3.7/site-packages/airflow/example_dags/example_sla_dag.py
[2022-07-16 16:38:31,326] {processor.py:641} INFO - Processing file /home/airflow/.local/lib/python3.7/site-packages/airflow/example_dags/example_sla_dag.py for tasks to queue
[2022-07-16 16:38:31,328] {logging_mixin.py:115} INFO - [2022-07-16 16:38:31,328] {dagbag.py:508} INFO - Filling up the DagBag from /home/airflow/.local/lib/python3.7/site-packages/airflow/example_dags/example_sla_dag.py
[2022-07-16 16:38:31,914] {processor.py:651} INFO - DAG(s) dict_keys(['example_sla_dag']) retrieved from /home/airflow/.local/lib/python3.7/site-packages/airflow/example_dags/example_sla_dag.py
[2022-07-16 16:38:34,692] {logging_mixin.py:115} INFO - [2022-07-16 16:38:34,692] {manager.py:508} INFO - Created Permission View: can delete on DAG:example_sla_dag
[2022-07-16 16:38:35,018] {logging_mixin.py:115} INFO - [2022-07-16 16:38:35,018] {manager.py:508} INFO - Created Permission View: can edit on DAG:example_sla_dag
[2022-07-16 16:38:35,129] {logging_mixin.py:115} INFO - [2022-07-16 16:38:35,129] {manager.py:508} INFO - Created Permission View: can read on DAG:example_sla_dag
[2022-07-16 16:38:35,140] {logging_mixin.py:115} INFO - [2022-07-16 16:38:35,139] {dag.py:2420} INFO - Sync 1 DAGs
[2022-07-16 16:38:35,294] {logging_mixin.py:115} INFO - [2022-07-16 16:38:35,293] {dag.py:2439} INFO - Creating ORM DAG for example_sla_dag
[2022-07-16 16:38:35,595] {logging_mixin.py:115} INFO - [2022-07-16 16:38:35,595] {dag.py:2972} INFO - Setting next_dagrun for example_sla_dag to 2022-07-16T16:36:00+00:00, run_after=2022-07-16T16:38:00+00:00
[2022-07-16 16:38:35,777] {processor.py:161} INFO - Processing /home/airflow/.local/lib/python3.7/site-packages/airflow/example_dags/example_sla_dag.py took 4.479 seconds
[2022-07-16 16:39:19,272] {processor.py:153} INFO - Started process (PID=405) to work on /home/airflow/.local/lib/python3.7/site-packages/airflow/example_dags/example_sla_dag.py
[2022-07-16 16:39:19,279] {processor.py:641} INFO - Processing file /home/airflow/.local/lib/python3.7/site-packages/airflow/example_dags/example_sla_dag.py for tasks to queue
[2022-07-16 16:39:19,281] {logging_mixin.py:115} INFO - [2022-07-16 16:39:19,280] {dagbag.py:508} INFO - Filling up the DagBag from /home/airflow/.local/lib/python3.7/site-packages/airflow/example_dags/example_sla_dag.py
[2022-07-16 16:39:19,699] {processor.py:651} INFO - DAG(s) dict_keys(['example_sla_dag']) retrieved from /home/airflow/.local/lib/python3.7/site-packages/airflow/example_dags/example_sla_dag.py
[2022-07-16 16:39:20,421] {logging_mixin.py:115} INFO - [2022-07-16 16:39:20,421] {dag.py:2420} INFO - Sync 1 DAGs
[2022-07-16 16:39:21,407] {logging_mixin.py:115} INFO - [2022-07-16 16:39:21,407] {dag.py:2972} INFO - Setting next_dagrun for example_sla_dag to 2022-07-16T16:36:00+00:00, run_after=2022-07-16T16:38:00+00:00
[2022-07-16 16:39:21,781] {processor.py:161} INFO - Processing /home/airflow/.local/lib/python3.7/site-packages/airflow/example_dags/example_sla_dag.py took 2.573 seconds
