[2022-07-16 16:25:51,206] {processor.py:153} INFO - Started process (PID=254) to work on /home/airflow/.local/lib/python3.7/site-packages/airflow/example_dags/example_branch_operator_decorator.py
[2022-07-16 16:25:51,220] {processor.py:641} INFO - Processing file /home/airflow/.local/lib/python3.7/site-packages/airflow/example_dags/example_branch_operator_decorator.py for tasks to queue
[2022-07-16 16:25:51,222] {logging_mixin.py:115} INFO - [2022-07-16 16:25:51,221] {dagbag.py:508} INFO - Filling up the DagBag from /home/airflow/.local/lib/python3.7/site-packages/airflow/example_dags/example_branch_operator_decorator.py
[2022-07-16 16:25:51,535] {processor.py:651} INFO - DAG(s) dict_keys(['example_branch_python_operator_decorator']) retrieved from /home/airflow/.local/lib/python3.7/site-packages/airflow/example_dags/example_branch_operator_decorator.py
[2022-07-16 16:25:52,372] {logging_mixin.py:115} INFO - [2022-07-16 16:25:52,372] {manager.py:508} INFO - Created Permission View: can delete on DAG:example_branch_python_operator_decorator
[2022-07-16 16:25:52,488] {logging_mixin.py:115} INFO - [2022-07-16 16:25:52,487] {manager.py:508} INFO - Created Permission View: can edit on DAG:example_branch_python_operator_decorator
[2022-07-16 16:25:52,677] {logging_mixin.py:115} INFO - [2022-07-16 16:25:52,676] {manager.py:508} INFO - Created Permission View: can read on DAG:example_branch_python_operator_decorator
[2022-07-16 16:25:52,698] {logging_mixin.py:115} INFO - [2022-07-16 16:25:52,698] {dag.py:2420} INFO - Sync 1 DAGs
[2022-07-16 16:25:52,851] {logging_mixin.py:115} INFO - [2022-07-16 16:25:52,850] {dag.py:2439} INFO - Creating ORM DAG for example_branch_python_operator_decorator
[2022-07-16 16:25:52,887] {logging_mixin.py:115} INFO - [2022-07-16 16:25:52,887] {dag.py:2972} INFO - Setting next_dagrun for example_branch_python_operator_decorator to 2022-07-15T00:00:00+00:00, run_after=2022-07-16T00:00:00+00:00
[2022-07-16 16:25:52,942] {processor.py:161} INFO - Processing /home/airflow/.local/lib/python3.7/site-packages/airflow/example_dags/example_branch_operator_decorator.py took 1.790 seconds
[2022-07-16 16:26:23,280] {processor.py:153} INFO - Started process (PID=437) to work on /home/airflow/.local/lib/python3.7/site-packages/airflow/example_dags/example_branch_operator_decorator.py
[2022-07-16 16:26:23,281] {processor.py:641} INFO - Processing file /home/airflow/.local/lib/python3.7/site-packages/airflow/example_dags/example_branch_operator_decorator.py for tasks to queue
[2022-07-16 16:26:23,282] {logging_mixin.py:115} INFO - [2022-07-16 16:26:23,282] {dagbag.py:508} INFO - Filling up the DagBag from /home/airflow/.local/lib/python3.7/site-packages/airflow/example_dags/example_branch_operator_decorator.py
[2022-07-16 16:26:23,350] {processor.py:651} INFO - DAG(s) dict_keys(['example_branch_python_operator_decorator']) retrieved from /home/airflow/.local/lib/python3.7/site-packages/airflow/example_dags/example_branch_operator_decorator.py
[2022-07-16 16:26:23,444] {logging_mixin.py:115} INFO - [2022-07-16 16:26:23,444] {dag.py:2420} INFO - Sync 1 DAGs
[2022-07-16 16:26:23,566] {logging_mixin.py:115} INFO - [2022-07-16 16:26:23,565] {dag.py:2972} INFO - Setting next_dagrun for example_branch_python_operator_decorator to 2022-07-15T00:00:00+00:00, run_after=2022-07-16T00:00:00+00:00
[2022-07-16 16:26:23,605] {processor.py:161} INFO - Processing /home/airflow/.local/lib/python3.7/site-packages/airflow/example_dags/example_branch_operator_decorator.py took 0.339 seconds
[2022-07-16 16:27:10,841] {processor.py:153} INFO - Started process (PID=631) to work on /home/airflow/.local/lib/python3.7/site-packages/airflow/example_dags/example_branch_operator_decorator.py
[2022-07-16 16:27:10,845] {processor.py:641} INFO - Processing file /home/airflow/.local/lib/python3.7/site-packages/airflow/example_dags/example_branch_operator_decorator.py for tasks to queue
[2022-07-16 16:27:10,846] {logging_mixin.py:115} INFO - [2022-07-16 16:27:10,845] {dagbag.py:508} INFO - Filling up the DagBag from /home/airflow/.local/lib/python3.7/site-packages/airflow/example_dags/example_branch_operator_decorator.py
[2022-07-16 16:27:11,030] {processor.py:651} INFO - DAG(s) dict_keys(['example_branch_python_operator_decorator']) retrieved from /home/airflow/.local/lib/python3.7/site-packages/airflow/example_dags/example_branch_operator_decorator.py
[2022-07-16 16:27:11,666] {logging_mixin.py:115} INFO - [2022-07-16 16:27:11,660] {dag.py:2420} INFO - Sync 1 DAGs
[2022-07-16 16:27:12,150] {logging_mixin.py:115} INFO - [2022-07-16 16:27:12,150] {dag.py:2972} INFO - Setting next_dagrun for example_branch_python_operator_decorator to 2022-07-15T00:00:00+00:00, run_after=2022-07-16T00:00:00+00:00
[2022-07-16 16:27:12,494] {processor.py:161} INFO - Processing /home/airflow/.local/lib/python3.7/site-packages/airflow/example_dags/example_branch_operator_decorator.py took 1.698 seconds
[2022-07-16 16:27:43,464] {processor.py:153} INFO - Started process (PID=819) to work on /home/airflow/.local/lib/python3.7/site-packages/airflow/example_dags/example_branch_operator_decorator.py
[2022-07-16 16:27:43,487] {processor.py:641} INFO - Processing file /home/airflow/.local/lib/python3.7/site-packages/airflow/example_dags/example_branch_operator_decorator.py for tasks to queue
[2022-07-16 16:27:43,488] {logging_mixin.py:115} INFO - [2022-07-16 16:27:43,488] {dagbag.py:508} INFO - Filling up the DagBag from /home/airflow/.local/lib/python3.7/site-packages/airflow/example_dags/example_branch_operator_decorator.py
[2022-07-16 16:27:43,732] {processor.py:651} INFO - DAG(s) dict_keys(['example_branch_python_operator_decorator']) retrieved from /home/airflow/.local/lib/python3.7/site-packages/airflow/example_dags/example_branch_operator_decorator.py
[2022-07-16 16:27:44,570] {logging_mixin.py:115} INFO - [2022-07-16 16:27:44,569] {dag.py:2420} INFO - Sync 1 DAGs
[2022-07-16 16:27:44,769] {logging_mixin.py:115} INFO - [2022-07-16 16:27:44,768] {dag.py:2972} INFO - Setting next_dagrun for example_branch_python_operator_decorator to 2022-07-15T00:00:00+00:00, run_after=2022-07-16T00:00:00+00:00
[2022-07-16 16:27:44,853] {processor.py:161} INFO - Processing /home/airflow/.local/lib/python3.7/site-packages/airflow/example_dags/example_branch_operator_decorator.py took 1.412 seconds
[2022-07-16 16:28:15,231] {processor.py:153} INFO - Started process (PID=997) to work on /home/airflow/.local/lib/python3.7/site-packages/airflow/example_dags/example_branch_operator_decorator.py
[2022-07-16 16:28:15,239] {processor.py:641} INFO - Processing file /home/airflow/.local/lib/python3.7/site-packages/airflow/example_dags/example_branch_operator_decorator.py for tasks to queue
[2022-07-16 16:28:15,240] {logging_mixin.py:115} INFO - [2022-07-16 16:28:15,240] {dagbag.py:508} INFO - Filling up the DagBag from /home/airflow/.local/lib/python3.7/site-packages/airflow/example_dags/example_branch_operator_decorator.py
[2022-07-16 16:28:15,375] {processor.py:651} INFO - DAG(s) dict_keys(['example_branch_python_operator_decorator']) retrieved from /home/airflow/.local/lib/python3.7/site-packages/airflow/example_dags/example_branch_operator_decorator.py
[2022-07-16 16:28:15,677] {logging_mixin.py:115} INFO - [2022-07-16 16:28:15,676] {dag.py:2420} INFO - Sync 1 DAGs
[2022-07-16 16:28:16,462] {logging_mixin.py:115} INFO - [2022-07-16 16:28:16,455] {dag.py:2972} INFO - Setting next_dagrun for example_branch_python_operator_decorator to 2022-07-15T00:00:00+00:00, run_after=2022-07-16T00:00:00+00:00
[2022-07-16 16:28:16,746] {processor.py:161} INFO - Processing /home/airflow/.local/lib/python3.7/site-packages/airflow/example_dags/example_branch_operator_decorator.py took 1.531 seconds
[2022-07-16 16:28:47,179] {processor.py:153} INFO - Started process (PID=1184) to work on /home/airflow/.local/lib/python3.7/site-packages/airflow/example_dags/example_branch_operator_decorator.py
[2022-07-16 16:28:47,186] {processor.py:641} INFO - Processing file /home/airflow/.local/lib/python3.7/site-packages/airflow/example_dags/example_branch_operator_decorator.py for tasks to queue
[2022-07-16 16:28:47,193] {logging_mixin.py:115} INFO - [2022-07-16 16:28:47,193] {dagbag.py:508} INFO - Filling up the DagBag from /home/airflow/.local/lib/python3.7/site-packages/airflow/example_dags/example_branch_operator_decorator.py
[2022-07-16 16:28:47,340] {processor.py:651} INFO - DAG(s) dict_keys(['example_branch_python_operator_decorator']) retrieved from /home/airflow/.local/lib/python3.7/site-packages/airflow/example_dags/example_branch_operator_decorator.py
[2022-07-16 16:28:47,492] {logging_mixin.py:115} INFO - [2022-07-16 16:28:47,491] {dag.py:2420} INFO - Sync 1 DAGs
[2022-07-16 16:28:47,563] {logging_mixin.py:115} INFO - [2022-07-16 16:28:47,563] {dag.py:2972} INFO - Setting next_dagrun for example_branch_python_operator_decorator to 2022-07-15T00:00:00+00:00, run_after=2022-07-16T00:00:00+00:00
[2022-07-16 16:28:47,598] {processor.py:161} INFO - Processing /home/airflow/.local/lib/python3.7/site-packages/airflow/example_dags/example_branch_operator_decorator.py took 0.452 seconds
[2022-07-16 16:29:40,069] {processor.py:153} INFO - Started process (PID=1386) to work on /home/airflow/.local/lib/python3.7/site-packages/airflow/example_dags/example_branch_operator_decorator.py
[2022-07-16 16:29:40,073] {processor.py:641} INFO - Processing file /home/airflow/.local/lib/python3.7/site-packages/airflow/example_dags/example_branch_operator_decorator.py for tasks to queue
[2022-07-16 16:29:40,086] {logging_mixin.py:115} INFO - [2022-07-16 16:29:40,086] {dagbag.py:508} INFO - Filling up the DagBag from /home/airflow/.local/lib/python3.7/site-packages/airflow/example_dags/example_branch_operator_decorator.py
[2022-07-16 16:29:40,870] {processor.py:651} INFO - DAG(s) dict_keys(['example_branch_python_operator_decorator']) retrieved from /home/airflow/.local/lib/python3.7/site-packages/airflow/example_dags/example_branch_operator_decorator.py
[2022-07-16 16:29:42,229] {logging_mixin.py:115} INFO - [2022-07-16 16:29:42,229] {dag.py:2420} INFO - Sync 1 DAGs
[2022-07-16 16:29:43,351] {logging_mixin.py:115} INFO - [2022-07-16 16:29:43,351] {dag.py:2972} INFO - Setting next_dagrun for example_branch_python_operator_decorator to 2022-07-15T00:00:00+00:00, run_after=2022-07-16T00:00:00+00:00
[2022-07-16 16:29:43,601] {processor.py:161} INFO - Processing /home/airflow/.local/lib/python3.7/site-packages/airflow/example_dags/example_branch_operator_decorator.py took 3.666 seconds
[2022-07-16 16:30:14,412] {processor.py:153} INFO - Started process (PID=1579) to work on /home/airflow/.local/lib/python3.7/site-packages/airflow/example_dags/example_branch_operator_decorator.py
[2022-07-16 16:30:14,414] {processor.py:641} INFO - Processing file /home/airflow/.local/lib/python3.7/site-packages/airflow/example_dags/example_branch_operator_decorator.py for tasks to queue
[2022-07-16 16:30:14,415] {logging_mixin.py:115} INFO - [2022-07-16 16:30:14,415] {dagbag.py:508} INFO - Filling up the DagBag from /home/airflow/.local/lib/python3.7/site-packages/airflow/example_dags/example_branch_operator_decorator.py
[2022-07-16 16:30:14,459] {processor.py:651} INFO - DAG(s) dict_keys(['example_branch_python_operator_decorator']) retrieved from /home/airflow/.local/lib/python3.7/site-packages/airflow/example_dags/example_branch_operator_decorator.py
[2022-07-16 16:30:14,535] {logging_mixin.py:115} INFO - [2022-07-16 16:30:14,535] {dag.py:2420} INFO - Sync 1 DAGs
[2022-07-16 16:30:14,606] {logging_mixin.py:115} INFO - [2022-07-16 16:30:14,606] {dag.py:2972} INFO - Setting next_dagrun for example_branch_python_operator_decorator to 2022-07-15T00:00:00+00:00, run_after=2022-07-16T00:00:00+00:00
[2022-07-16 16:30:14,628] {processor.py:161} INFO - Processing /home/airflow/.local/lib/python3.7/site-packages/airflow/example_dags/example_branch_operator_decorator.py took 0.231 seconds
[2022-07-16 16:30:44,910] {processor.py:153} INFO - Started process (PID=1768) to work on /home/airflow/.local/lib/python3.7/site-packages/airflow/example_dags/example_branch_operator_decorator.py
[2022-07-16 16:30:44,912] {processor.py:641} INFO - Processing file /home/airflow/.local/lib/python3.7/site-packages/airflow/example_dags/example_branch_operator_decorator.py for tasks to queue
[2022-07-16 16:30:44,913] {logging_mixin.py:115} INFO - [2022-07-16 16:30:44,913] {dagbag.py:508} INFO - Filling up the DagBag from /home/airflow/.local/lib/python3.7/site-packages/airflow/example_dags/example_branch_operator_decorator.py
[2022-07-16 16:30:44,965] {processor.py:651} INFO - DAG(s) dict_keys(['example_branch_python_operator_decorator']) retrieved from /home/airflow/.local/lib/python3.7/site-packages/airflow/example_dags/example_branch_operator_decorator.py
[2022-07-16 16:30:45,041] {logging_mixin.py:115} INFO - [2022-07-16 16:30:45,041] {dag.py:2420} INFO - Sync 1 DAGs
[2022-07-16 16:30:45,101] {logging_mixin.py:115} INFO - [2022-07-16 16:30:45,101] {dag.py:2972} INFO - Setting next_dagrun for example_branch_python_operator_decorator to 2022-07-15T00:00:00+00:00, run_after=2022-07-16T00:00:00+00:00
[2022-07-16 16:30:45,122] {processor.py:161} INFO - Processing /home/airflow/.local/lib/python3.7/site-packages/airflow/example_dags/example_branch_operator_decorator.py took 0.238 seconds
[2022-07-16 16:31:16,005] {processor.py:153} INFO - Started process (PID=1958) to work on /home/airflow/.local/lib/python3.7/site-packages/airflow/example_dags/example_branch_operator_decorator.py
[2022-07-16 16:31:16,023] {processor.py:641} INFO - Processing file /home/airflow/.local/lib/python3.7/site-packages/airflow/example_dags/example_branch_operator_decorator.py for tasks to queue
[2022-07-16 16:31:16,050] {logging_mixin.py:115} INFO - [2022-07-16 16:31:16,024] {dagbag.py:508} INFO - Filling up the DagBag from /home/airflow/.local/lib/python3.7/site-packages/airflow/example_dags/example_branch_operator_decorator.py
[2022-07-16 16:31:16,426] {processor.py:651} INFO - DAG(s) dict_keys(['example_branch_python_operator_decorator']) retrieved from /home/airflow/.local/lib/python3.7/site-packages/airflow/example_dags/example_branch_operator_decorator.py
[2022-07-16 16:31:16,751] {logging_mixin.py:115} INFO - [2022-07-16 16:31:16,750] {dag.py:2420} INFO - Sync 1 DAGs
[2022-07-16 16:31:17,209] {logging_mixin.py:115} INFO - [2022-07-16 16:31:17,209] {dag.py:2972} INFO - Setting next_dagrun for example_branch_python_operator_decorator to 2022-07-15T00:00:00+00:00, run_after=2022-07-16T00:00:00+00:00
[2022-07-16 16:31:17,409] {processor.py:161} INFO - Processing /home/airflow/.local/lib/python3.7/site-packages/airflow/example_dags/example_branch_operator_decorator.py took 1.491 seconds
[2022-07-16 16:31:48,214] {processor.py:153} INFO - Started process (PID=2139) to work on /home/airflow/.local/lib/python3.7/site-packages/airflow/example_dags/example_branch_operator_decorator.py
[2022-07-16 16:31:48,220] {processor.py:641} INFO - Processing file /home/airflow/.local/lib/python3.7/site-packages/airflow/example_dags/example_branch_operator_decorator.py for tasks to queue
[2022-07-16 16:31:48,222] {logging_mixin.py:115} INFO - [2022-07-16 16:31:48,221] {dagbag.py:508} INFO - Filling up the DagBag from /home/airflow/.local/lib/python3.7/site-packages/airflow/example_dags/example_branch_operator_decorator.py
[2022-07-16 16:31:48,383] {processor.py:651} INFO - DAG(s) dict_keys(['example_branch_python_operator_decorator']) retrieved from /home/airflow/.local/lib/python3.7/site-packages/airflow/example_dags/example_branch_operator_decorator.py
[2022-07-16 16:31:48,518] {logging_mixin.py:115} INFO - [2022-07-16 16:31:48,518] {dag.py:2420} INFO - Sync 1 DAGs
[2022-07-16 16:31:48,815] {logging_mixin.py:115} INFO - [2022-07-16 16:31:48,814] {dag.py:2972} INFO - Setting next_dagrun for example_branch_python_operator_decorator to 2022-07-15T00:00:00+00:00, run_after=2022-07-16T00:00:00+00:00
[2022-07-16 16:31:48,930] {processor.py:161} INFO - Processing /home/airflow/.local/lib/python3.7/site-packages/airflow/example_dags/example_branch_operator_decorator.py took 0.756 seconds
[2022-07-16 16:32:19,540] {processor.py:153} INFO - Started process (PID=2326) to work on /home/airflow/.local/lib/python3.7/site-packages/airflow/example_dags/example_branch_operator_decorator.py
[2022-07-16 16:32:19,542] {processor.py:641} INFO - Processing file /home/airflow/.local/lib/python3.7/site-packages/airflow/example_dags/example_branch_operator_decorator.py for tasks to queue
[2022-07-16 16:32:19,545] {logging_mixin.py:115} INFO - [2022-07-16 16:32:19,544] {dagbag.py:508} INFO - Filling up the DagBag from /home/airflow/.local/lib/python3.7/site-packages/airflow/example_dags/example_branch_operator_decorator.py
[2022-07-16 16:32:19,609] {processor.py:651} INFO - DAG(s) dict_keys(['example_branch_python_operator_decorator']) retrieved from /home/airflow/.local/lib/python3.7/site-packages/airflow/example_dags/example_branch_operator_decorator.py
[2022-07-16 16:32:19,673] {logging_mixin.py:115} INFO - [2022-07-16 16:32:19,673] {dag.py:2420} INFO - Sync 1 DAGs
[2022-07-16 16:32:19,716] {logging_mixin.py:115} INFO - [2022-07-16 16:32:19,716] {dag.py:2972} INFO - Setting next_dagrun for example_branch_python_operator_decorator to 2022-07-15T00:00:00+00:00, run_after=2022-07-16T00:00:00+00:00
[2022-07-16 16:32:19,736] {processor.py:161} INFO - Processing /home/airflow/.local/lib/python3.7/site-packages/airflow/example_dags/example_branch_operator_decorator.py took 0.212 seconds
[2022-07-16 16:32:49,894] {processor.py:153} INFO - Started process (PID=2513) to work on /home/airflow/.local/lib/python3.7/site-packages/airflow/example_dags/example_branch_operator_decorator.py
[2022-07-16 16:32:49,896] {processor.py:641} INFO - Processing file /home/airflow/.local/lib/python3.7/site-packages/airflow/example_dags/example_branch_operator_decorator.py for tasks to queue
[2022-07-16 16:32:49,897] {logging_mixin.py:115} INFO - [2022-07-16 16:32:49,897] {dagbag.py:508} INFO - Filling up the DagBag from /home/airflow/.local/lib/python3.7/site-packages/airflow/example_dags/example_branch_operator_decorator.py
[2022-07-16 16:32:49,954] {processor.py:651} INFO - DAG(s) dict_keys(['example_branch_python_operator_decorator']) retrieved from /home/airflow/.local/lib/python3.7/site-packages/airflow/example_dags/example_branch_operator_decorator.py
[2022-07-16 16:32:50,016] {logging_mixin.py:115} INFO - [2022-07-16 16:32:50,016] {dag.py:2420} INFO - Sync 1 DAGs
[2022-07-16 16:32:50,058] {logging_mixin.py:115} INFO - [2022-07-16 16:32:50,057] {dag.py:2972} INFO - Setting next_dagrun for example_branch_python_operator_decorator to 2022-07-15T00:00:00+00:00, run_after=2022-07-16T00:00:00+00:00
[2022-07-16 16:32:50,084] {processor.py:161} INFO - Processing /home/airflow/.local/lib/python3.7/site-packages/airflow/example_dags/example_branch_operator_decorator.py took 0.205 seconds
[2022-07-16 16:33:22,711] {processor.py:153} INFO - Started process (PID=2703) to work on /home/airflow/.local/lib/python3.7/site-packages/airflow/example_dags/example_branch_operator_decorator.py
[2022-07-16 16:33:22,718] {processor.py:641} INFO - Processing file /home/airflow/.local/lib/python3.7/site-packages/airflow/example_dags/example_branch_operator_decorator.py for tasks to queue
[2022-07-16 16:33:22,720] {logging_mixin.py:115} INFO - [2022-07-16 16:33:22,719] {dagbag.py:508} INFO - Filling up the DagBag from /home/airflow/.local/lib/python3.7/site-packages/airflow/example_dags/example_branch_operator_decorator.py
[2022-07-16 16:33:23,110] {processor.py:651} INFO - DAG(s) dict_keys(['example_branch_python_operator_decorator']) retrieved from /home/airflow/.local/lib/python3.7/site-packages/airflow/example_dags/example_branch_operator_decorator.py
[2022-07-16 16:33:23,374] {logging_mixin.py:115} INFO - [2022-07-16 16:33:23,374] {dag.py:2420} INFO - Sync 1 DAGs
[2022-07-16 16:33:23,551] {logging_mixin.py:115} INFO - [2022-07-16 16:33:23,551] {dag.py:2972} INFO - Setting next_dagrun for example_branch_python_operator_decorator to 2022-07-15T00:00:00+00:00, run_after=2022-07-16T00:00:00+00:00
[2022-07-16 16:33:23,644] {processor.py:161} INFO - Processing /home/airflow/.local/lib/python3.7/site-packages/airflow/example_dags/example_branch_operator_decorator.py took 0.983 seconds
[2022-07-16 16:33:53,782] {processor.py:153} INFO - Started process (PID=2893) to work on /home/airflow/.local/lib/python3.7/site-packages/airflow/example_dags/example_branch_operator_decorator.py
[2022-07-16 16:33:53,786] {processor.py:641} INFO - Processing file /home/airflow/.local/lib/python3.7/site-packages/airflow/example_dags/example_branch_operator_decorator.py for tasks to queue
[2022-07-16 16:33:53,788] {logging_mixin.py:115} INFO - [2022-07-16 16:33:53,788] {dagbag.py:508} INFO - Filling up the DagBag from /home/airflow/.local/lib/python3.7/site-packages/airflow/example_dags/example_branch_operator_decorator.py
[2022-07-16 16:33:53,845] {processor.py:651} INFO - DAG(s) dict_keys(['example_branch_python_operator_decorator']) retrieved from /home/airflow/.local/lib/python3.7/site-packages/airflow/example_dags/example_branch_operator_decorator.py
[2022-07-16 16:33:53,920] {logging_mixin.py:115} INFO - [2022-07-16 16:33:53,919] {dag.py:2420} INFO - Sync 1 DAGs
[2022-07-16 16:33:53,983] {logging_mixin.py:115} INFO - [2022-07-16 16:33:53,982] {dag.py:2972} INFO - Setting next_dagrun for example_branch_python_operator_decorator to 2022-07-15T00:00:00+00:00, run_after=2022-07-16T00:00:00+00:00
[2022-07-16 16:33:54,014] {processor.py:161} INFO - Processing /home/airflow/.local/lib/python3.7/site-packages/airflow/example_dags/example_branch_operator_decorator.py took 0.239 seconds
[2022-07-16 16:34:24,405] {processor.py:153} INFO - Started process (PID=3092) to work on /home/airflow/.local/lib/python3.7/site-packages/airflow/example_dags/example_branch_operator_decorator.py
[2022-07-16 16:34:24,406] {processor.py:641} INFO - Processing file /home/airflow/.local/lib/python3.7/site-packages/airflow/example_dags/example_branch_operator_decorator.py for tasks to queue
[2022-07-16 16:34:24,407] {logging_mixin.py:115} INFO - [2022-07-16 16:34:24,407] {dagbag.py:508} INFO - Filling up the DagBag from /home/airflow/.local/lib/python3.7/site-packages/airflow/example_dags/example_branch_operator_decorator.py
[2022-07-16 16:34:24,441] {processor.py:651} INFO - DAG(s) dict_keys(['example_branch_python_operator_decorator']) retrieved from /home/airflow/.local/lib/python3.7/site-packages/airflow/example_dags/example_branch_operator_decorator.py
[2022-07-16 16:34:24,491] {logging_mixin.py:115} INFO - [2022-07-16 16:34:24,490] {dag.py:2420} INFO - Sync 1 DAGs
[2022-07-16 16:34:24,536] {logging_mixin.py:115} INFO - [2022-07-16 16:34:24,536] {dag.py:2972} INFO - Setting next_dagrun for example_branch_python_operator_decorator to 2022-07-15T00:00:00+00:00, run_after=2022-07-16T00:00:00+00:00
[2022-07-16 16:34:24,556] {processor.py:161} INFO - Processing /home/airflow/.local/lib/python3.7/site-packages/airflow/example_dags/example_branch_operator_decorator.py took 0.157 seconds
[2022-07-16 16:34:55,783] {processor.py:153} INFO - Started process (PID=3276) to work on /home/airflow/.local/lib/python3.7/site-packages/airflow/example_dags/example_branch_operator_decorator.py
[2022-07-16 16:34:55,792] {processor.py:641} INFO - Processing file /home/airflow/.local/lib/python3.7/site-packages/airflow/example_dags/example_branch_operator_decorator.py for tasks to queue
[2022-07-16 16:34:55,794] {logging_mixin.py:115} INFO - [2022-07-16 16:34:55,794] {dagbag.py:508} INFO - Filling up the DagBag from /home/airflow/.local/lib/python3.7/site-packages/airflow/example_dags/example_branch_operator_decorator.py
[2022-07-16 16:34:55,991] {processor.py:651} INFO - DAG(s) dict_keys(['example_branch_python_operator_decorator']) retrieved from /home/airflow/.local/lib/python3.7/site-packages/airflow/example_dags/example_branch_operator_decorator.py
[2022-07-16 16:34:57,187] {logging_mixin.py:115} INFO - [2022-07-16 16:34:57,146] {dag.py:2420} INFO - Sync 1 DAGs
[2022-07-16 16:35:00,103] {logging_mixin.py:115} INFO - [2022-07-16 16:35:00,103] {process_utils.py:240} INFO - Waiting up to 5 seconds for processes to exit...
[2022-07-16 16:38:49,102] {processor.py:153} INFO - Started process (PID=271) to work on /home/airflow/.local/lib/python3.7/site-packages/airflow/example_dags/example_branch_operator_decorator.py
[2022-07-16 16:38:49,117] {processor.py:641} INFO - Processing file /home/airflow/.local/lib/python3.7/site-packages/airflow/example_dags/example_branch_operator_decorator.py for tasks to queue
[2022-07-16 16:38:49,118] {logging_mixin.py:115} INFO - [2022-07-16 16:38:49,117] {dagbag.py:508} INFO - Filling up the DagBag from /home/airflow/.local/lib/python3.7/site-packages/airflow/example_dags/example_branch_operator_decorator.py
[2022-07-16 16:38:49,369] {processor.py:651} INFO - DAG(s) dict_keys(['example_branch_python_operator_decorator']) retrieved from /home/airflow/.local/lib/python3.7/site-packages/airflow/example_dags/example_branch_operator_decorator.py
[2022-07-16 16:38:50,419] {logging_mixin.py:115} INFO - [2022-07-16 16:38:50,419] {manager.py:508} INFO - Created Permission View: can delete on DAG:example_branch_python_operator_decorator
[2022-07-16 16:38:50,585] {logging_mixin.py:115} INFO - [2022-07-16 16:38:50,585] {manager.py:508} INFO - Created Permission View: can edit on DAG:example_branch_python_operator_decorator
[2022-07-16 16:38:50,643] {logging_mixin.py:115} INFO - [2022-07-16 16:38:50,643] {manager.py:508} INFO - Created Permission View: can read on DAG:example_branch_python_operator_decorator
[2022-07-16 16:38:50,643] {logging_mixin.py:115} INFO - [2022-07-16 16:38:50,643] {dag.py:2420} INFO - Sync 1 DAGs
[2022-07-16 16:38:50,723] {logging_mixin.py:115} INFO - [2022-07-16 16:38:50,723] {dag.py:2439} INFO - Creating ORM DAG for example_branch_python_operator_decorator
[2022-07-16 16:38:50,842] {logging_mixin.py:115} INFO - [2022-07-16 16:38:50,841] {dag.py:2972} INFO - Setting next_dagrun for example_branch_python_operator_decorator to 2022-07-15T00:00:00+00:00, run_after=2022-07-16T00:00:00+00:00
[2022-07-16 16:38:51,012] {processor.py:161} INFO - Processing /home/airflow/.local/lib/python3.7/site-packages/airflow/example_dags/example_branch_operator_decorator.py took 1.947 seconds
[2022-07-16 16:39:32,077] {processor.py:153} INFO - Started process (PID=460) to work on /home/airflow/.local/lib/python3.7/site-packages/airflow/example_dags/example_branch_operator_decorator.py
[2022-07-16 16:39:32,104] {processor.py:641} INFO - Processing file /home/airflow/.local/lib/python3.7/site-packages/airflow/example_dags/example_branch_operator_decorator.py for tasks to queue
[2022-07-16 16:39:32,105] {logging_mixin.py:115} INFO - [2022-07-16 16:39:32,105] {dagbag.py:508} INFO - Filling up the DagBag from /home/airflow/.local/lib/python3.7/site-packages/airflow/example_dags/example_branch_operator_decorator.py
[2022-07-16 16:39:32,473] {processor.py:651} INFO - DAG(s) dict_keys(['example_branch_python_operator_decorator']) retrieved from /home/airflow/.local/lib/python3.7/site-packages/airflow/example_dags/example_branch_operator_decorator.py
[2022-07-16 16:39:32,940] {logging_mixin.py:115} INFO - [2022-07-16 16:39:32,940] {dag.py:2420} INFO - Sync 1 DAGs
[2022-07-16 16:39:33,312] {logging_mixin.py:115} INFO - [2022-07-16 16:39:33,312] {dag.py:2972} INFO - Setting next_dagrun for example_branch_python_operator_decorator to 2022-07-15T00:00:00+00:00, run_after=2022-07-16T00:00:00+00:00
[2022-07-16 16:39:33,413] {processor.py:161} INFO - Processing /home/airflow/.local/lib/python3.7/site-packages/airflow/example_dags/example_branch_operator_decorator.py took 1.381 seconds
