[2022-07-16 16:25:45,803] {processor.py:153} INFO - Started process (PID=207) to work on /home/airflow/.local/lib/python3.7/site-packages/airflow/example_dags/example_branch_datetime_operator.py
[2022-07-16 16:25:45,805] {processor.py:641} INFO - Processing file /home/airflow/.local/lib/python3.7/site-packages/airflow/example_dags/example_branch_datetime_operator.py for tasks to queue
[2022-07-16 16:25:45,806] {logging_mixin.py:115} INFO - [2022-07-16 16:25:45,806] {dagbag.py:508} INFO - Filling up the DagBag from /home/airflow/.local/lib/python3.7/site-packages/airflow/example_dags/example_branch_datetime_operator.py
[2022-07-16 16:25:45,862] {processor.py:651} INFO - DAG(s) dict_keys(['example_branch_datetime_operator', 'example_branch_datetime_operator_2']) retrieved from /home/airflow/.local/lib/python3.7/site-packages/airflow/example_dags/example_branch_datetime_operator.py
[2022-07-16 16:25:46,146] {logging_mixin.py:115} INFO - [2022-07-16 16:25:46,146] {manager.py:508} INFO - Created Permission View: can delete on DAG:example_branch_datetime_operator
[2022-07-16 16:25:46,169] {logging_mixin.py:115} INFO - [2022-07-16 16:25:46,169] {manager.py:508} INFO - Created Permission View: can edit on DAG:example_branch_datetime_operator
[2022-07-16 16:25:46,183] {logging_mixin.py:115} INFO - [2022-07-16 16:25:46,183] {manager.py:508} INFO - Created Permission View: can read on DAG:example_branch_datetime_operator
[2022-07-16 16:25:46,220] {logging_mixin.py:115} INFO - [2022-07-16 16:25:46,220] {manager.py:508} INFO - Created Permission View: can delete on DAG:example_branch_datetime_operator_2
[2022-07-16 16:25:46,248] {logging_mixin.py:115} INFO - [2022-07-16 16:25:46,248] {manager.py:508} INFO - Created Permission View: can edit on DAG:example_branch_datetime_operator_2
[2022-07-16 16:25:46,281] {logging_mixin.py:115} INFO - [2022-07-16 16:25:46,280] {manager.py:508} INFO - Created Permission View: can read on DAG:example_branch_datetime_operator_2
[2022-07-16 16:25:46,281] {logging_mixin.py:115} INFO - [2022-07-16 16:25:46,281] {dag.py:2420} INFO - Sync 2 DAGs
[2022-07-16 16:25:46,323] {logging_mixin.py:115} INFO - [2022-07-16 16:25:46,323] {dag.py:2439} INFO - Creating ORM DAG for example_branch_datetime_operator
[2022-07-16 16:25:46,324] {logging_mixin.py:115} INFO - [2022-07-16 16:25:46,324] {dag.py:2439} INFO - Creating ORM DAG for example_branch_datetime_operator_2
[2022-07-16 16:25:46,391] {logging_mixin.py:115} INFO - [2022-07-16 16:25:46,391] {dag.py:2972} INFO - Setting next_dagrun for example_branch_datetime_operator to 2022-07-15T00:00:00+00:00, run_after=2022-07-16T00:00:00+00:00
[2022-07-16 16:25:46,413] {logging_mixin.py:115} INFO - [2022-07-16 16:25:46,411] {dag.py:2972} INFO - Setting next_dagrun for example_branch_datetime_operator_2 to 2022-07-15T00:00:00+00:00, run_after=2022-07-16T00:00:00+00:00
[2022-07-16 16:25:46,485] {processor.py:161} INFO - Processing /home/airflow/.local/lib/python3.7/site-packages/airflow/example_dags/example_branch_datetime_operator.py took 0.703 seconds
[2022-07-16 16:26:17,658] {processor.py:153} INFO - Started process (PID=395) to work on /home/airflow/.local/lib/python3.7/site-packages/airflow/example_dags/example_branch_datetime_operator.py
[2022-07-16 16:26:17,661] {processor.py:641} INFO - Processing file /home/airflow/.local/lib/python3.7/site-packages/airflow/example_dags/example_branch_datetime_operator.py for tasks to queue
[2022-07-16 16:26:17,663] {logging_mixin.py:115} INFO - [2022-07-16 16:26:17,662] {dagbag.py:508} INFO - Filling up the DagBag from /home/airflow/.local/lib/python3.7/site-packages/airflow/example_dags/example_branch_datetime_operator.py
[2022-07-16 16:26:17,734] {processor.py:651} INFO - DAG(s) dict_keys(['example_branch_datetime_operator', 'example_branch_datetime_operator_2']) retrieved from /home/airflow/.local/lib/python3.7/site-packages/airflow/example_dags/example_branch_datetime_operator.py
[2022-07-16 16:26:17,924] {logging_mixin.py:115} INFO - [2022-07-16 16:26:17,924] {dag.py:2420} INFO - Sync 2 DAGs
[2022-07-16 16:26:18,126] {logging_mixin.py:115} INFO - [2022-07-16 16:26:18,126] {dag.py:2972} INFO - Setting next_dagrun for example_branch_datetime_operator to 2022-07-15T00:00:00+00:00, run_after=2022-07-16T00:00:00+00:00
[2022-07-16 16:26:18,158] {logging_mixin.py:115} INFO - [2022-07-16 16:26:18,158] {dag.py:2972} INFO - Setting next_dagrun for example_branch_datetime_operator_2 to 2022-07-15T00:00:00+00:00, run_after=2022-07-16T00:00:00+00:00
[2022-07-16 16:26:18,242] {processor.py:161} INFO - Processing /home/airflow/.local/lib/python3.7/site-packages/airflow/example_dags/example_branch_datetime_operator.py took 0.611 seconds
[2022-07-16 16:26:59,303] {processor.py:153} INFO - Started process (PID=574) to work on /home/airflow/.local/lib/python3.7/site-packages/airflow/example_dags/example_branch_datetime_operator.py
[2022-07-16 16:26:59,321] {processor.py:641} INFO - Processing file /home/airflow/.local/lib/python3.7/site-packages/airflow/example_dags/example_branch_datetime_operator.py for tasks to queue
[2022-07-16 16:26:59,322] {logging_mixin.py:115} INFO - [2022-07-16 16:26:59,322] {dagbag.py:508} INFO - Filling up the DagBag from /home/airflow/.local/lib/python3.7/site-packages/airflow/example_dags/example_branch_datetime_operator.py
[2022-07-16 16:26:59,653] {processor.py:651} INFO - DAG(s) dict_keys(['example_branch_datetime_operator', 'example_branch_datetime_operator_2']) retrieved from /home/airflow/.local/lib/python3.7/site-packages/airflow/example_dags/example_branch_datetime_operator.py
[2022-07-16 16:27:00,021] {logging_mixin.py:115} INFO - [2022-07-16 16:27:00,021] {dag.py:2420} INFO - Sync 2 DAGs
[2022-07-16 16:27:00,482] {logging_mixin.py:115} INFO - [2022-07-16 16:27:00,482] {dag.py:2972} INFO - Setting next_dagrun for example_branch_datetime_operator to 2022-07-15T00:00:00+00:00, run_after=2022-07-16T00:00:00+00:00
[2022-07-16 16:27:00,572] {logging_mixin.py:115} INFO - [2022-07-16 16:27:00,571] {dag.py:2972} INFO - Setting next_dagrun for example_branch_datetime_operator_2 to 2022-07-15T00:00:00+00:00, run_after=2022-07-16T00:00:00+00:00
[2022-07-16 16:27:00,969] {processor.py:161} INFO - Processing /home/airflow/.local/lib/python3.7/site-packages/airflow/example_dags/example_branch_datetime_operator.py took 1.739 seconds
[2022-07-16 16:27:31,461] {processor.py:153} INFO - Started process (PID=760) to work on /home/airflow/.local/lib/python3.7/site-packages/airflow/example_dags/example_branch_datetime_operator.py
[2022-07-16 16:27:31,463] {processor.py:641} INFO - Processing file /home/airflow/.local/lib/python3.7/site-packages/airflow/example_dags/example_branch_datetime_operator.py for tasks to queue
[2022-07-16 16:27:31,464] {logging_mixin.py:115} INFO - [2022-07-16 16:27:31,464] {dagbag.py:508} INFO - Filling up the DagBag from /home/airflow/.local/lib/python3.7/site-packages/airflow/example_dags/example_branch_datetime_operator.py
[2022-07-16 16:27:31,494] {processor.py:651} INFO - DAG(s) dict_keys(['example_branch_datetime_operator', 'example_branch_datetime_operator_2']) retrieved from /home/airflow/.local/lib/python3.7/site-packages/airflow/example_dags/example_branch_datetime_operator.py
[2022-07-16 16:27:31,574] {logging_mixin.py:115} INFO - [2022-07-16 16:27:31,574] {dag.py:2420} INFO - Sync 2 DAGs
[2022-07-16 16:27:31,649] {logging_mixin.py:115} INFO - [2022-07-16 16:27:31,649] {dag.py:2972} INFO - Setting next_dagrun for example_branch_datetime_operator to 2022-07-15T00:00:00+00:00, run_after=2022-07-16T00:00:00+00:00
[2022-07-16 16:27:31,653] {logging_mixin.py:115} INFO - [2022-07-16 16:27:31,653] {dag.py:2972} INFO - Setting next_dagrun for example_branch_datetime_operator_2 to 2022-07-15T00:00:00+00:00, run_after=2022-07-16T00:00:00+00:00
[2022-07-16 16:27:31,687] {processor.py:161} INFO - Processing /home/airflow/.local/lib/python3.7/site-packages/airflow/example_dags/example_branch_datetime_operator.py took 0.234 seconds
[2022-07-16 16:28:06,594] {processor.py:153} INFO - Started process (PID=948) to work on /home/airflow/.local/lib/python3.7/site-packages/airflow/example_dags/example_branch_datetime_operator.py
[2022-07-16 16:28:06,616] {processor.py:641} INFO - Processing file /home/airflow/.local/lib/python3.7/site-packages/airflow/example_dags/example_branch_datetime_operator.py for tasks to queue
[2022-07-16 16:28:06,618] {logging_mixin.py:115} INFO - [2022-07-16 16:28:06,618] {dagbag.py:508} INFO - Filling up the DagBag from /home/airflow/.local/lib/python3.7/site-packages/airflow/example_dags/example_branch_datetime_operator.py
[2022-07-16 16:28:06,863] {processor.py:651} INFO - DAG(s) dict_keys(['example_branch_datetime_operator', 'example_branch_datetime_operator_2']) retrieved from /home/airflow/.local/lib/python3.7/site-packages/airflow/example_dags/example_branch_datetime_operator.py
[2022-07-16 16:28:07,249] {logging_mixin.py:115} INFO - [2022-07-16 16:28:07,248] {dag.py:2420} INFO - Sync 2 DAGs
[2022-07-16 16:28:07,519] {logging_mixin.py:115} INFO - [2022-07-16 16:28:07,518] {dag.py:2972} INFO - Setting next_dagrun for example_branch_datetime_operator to 2022-07-15T00:00:00+00:00, run_after=2022-07-16T00:00:00+00:00
[2022-07-16 16:28:07,551] {logging_mixin.py:115} INFO - [2022-07-16 16:28:07,551] {dag.py:2972} INFO - Setting next_dagrun for example_branch_datetime_operator_2 to 2022-07-15T00:00:00+00:00, run_after=2022-07-16T00:00:00+00:00
[2022-07-16 16:28:07,648] {processor.py:161} INFO - Processing /home/airflow/.local/lib/python3.7/site-packages/airflow/example_dags/example_branch_datetime_operator.py took 1.108 seconds
[2022-07-16 16:28:38,426] {processor.py:153} INFO - Started process (PID=1135) to work on /home/airflow/.local/lib/python3.7/site-packages/airflow/example_dags/example_branch_datetime_operator.py
[2022-07-16 16:28:38,430] {processor.py:641} INFO - Processing file /home/airflow/.local/lib/python3.7/site-packages/airflow/example_dags/example_branch_datetime_operator.py for tasks to queue
[2022-07-16 16:28:38,439] {logging_mixin.py:115} INFO - [2022-07-16 16:28:38,438] {dagbag.py:508} INFO - Filling up the DagBag from /home/airflow/.local/lib/python3.7/site-packages/airflow/example_dags/example_branch_datetime_operator.py
[2022-07-16 16:28:38,515] {processor.py:651} INFO - DAG(s) dict_keys(['example_branch_datetime_operator', 'example_branch_datetime_operator_2']) retrieved from /home/airflow/.local/lib/python3.7/site-packages/airflow/example_dags/example_branch_datetime_operator.py
[2022-07-16 16:28:38,706] {logging_mixin.py:115} INFO - [2022-07-16 16:28:38,706] {dag.py:2420} INFO - Sync 2 DAGs
[2022-07-16 16:28:39,133] {logging_mixin.py:115} INFO - [2022-07-16 16:28:39,133] {dag.py:2972} INFO - Setting next_dagrun for example_branch_datetime_operator to 2022-07-15T00:00:00+00:00, run_after=2022-07-16T00:00:00+00:00
[2022-07-16 16:28:39,156] {logging_mixin.py:115} INFO - [2022-07-16 16:28:39,155] {dag.py:2972} INFO - Setting next_dagrun for example_branch_datetime_operator_2 to 2022-07-15T00:00:00+00:00, run_after=2022-07-16T00:00:00+00:00
[2022-07-16 16:28:39,304] {processor.py:161} INFO - Processing /home/airflow/.local/lib/python3.7/site-packages/airflow/example_dags/example_branch_datetime_operator.py took 0.912 seconds
[2022-07-16 16:29:30,449] {processor.py:153} INFO - Started process (PID=1346) to work on /home/airflow/.local/lib/python3.7/site-packages/airflow/example_dags/example_branch_datetime_operator.py
[2022-07-16 16:29:30,505] {processor.py:641} INFO - Processing file /home/airflow/.local/lib/python3.7/site-packages/airflow/example_dags/example_branch_datetime_operator.py for tasks to queue
[2022-07-16 16:29:30,506] {logging_mixin.py:115} INFO - [2022-07-16 16:29:30,506] {dagbag.py:508} INFO - Filling up the DagBag from /home/airflow/.local/lib/python3.7/site-packages/airflow/example_dags/example_branch_datetime_operator.py
[2022-07-16 16:29:31,332] {processor.py:651} INFO - DAG(s) dict_keys(['example_branch_datetime_operator', 'example_branch_datetime_operator_2']) retrieved from /home/airflow/.local/lib/python3.7/site-packages/airflow/example_dags/example_branch_datetime_operator.py
[2022-07-16 16:29:33,066] {logging_mixin.py:115} INFO - [2022-07-16 16:29:33,065] {dag.py:2420} INFO - Sync 2 DAGs
[2022-07-16 16:29:34,386] {logging_mixin.py:115} INFO - [2022-07-16 16:29:34,386] {dag.py:2972} INFO - Setting next_dagrun for example_branch_datetime_operator to 2022-07-15T00:00:00+00:00, run_after=2022-07-16T00:00:00+00:00
[2022-07-16 16:29:34,460] {logging_mixin.py:115} INFO - [2022-07-16 16:29:34,459] {dag.py:2972} INFO - Setting next_dagrun for example_branch_datetime_operator_2 to 2022-07-15T00:00:00+00:00, run_after=2022-07-16T00:00:00+00:00
[2022-07-16 16:29:34,720] {processor.py:161} INFO - Processing /home/airflow/.local/lib/python3.7/site-packages/airflow/example_dags/example_branch_datetime_operator.py took 4.592 seconds
[2022-07-16 16:30:05,457] {processor.py:153} INFO - Started process (PID=1534) to work on /home/airflow/.local/lib/python3.7/site-packages/airflow/example_dags/example_branch_datetime_operator.py
[2022-07-16 16:30:05,481] {processor.py:641} INFO - Processing file /home/airflow/.local/lib/python3.7/site-packages/airflow/example_dags/example_branch_datetime_operator.py for tasks to queue
[2022-07-16 16:30:05,482] {logging_mixin.py:115} INFO - [2022-07-16 16:30:05,482] {dagbag.py:508} INFO - Filling up the DagBag from /home/airflow/.local/lib/python3.7/site-packages/airflow/example_dags/example_branch_datetime_operator.py
[2022-07-16 16:30:05,652] {processor.py:651} INFO - DAG(s) dict_keys(['example_branch_datetime_operator', 'example_branch_datetime_operator_2']) retrieved from /home/airflow/.local/lib/python3.7/site-packages/airflow/example_dags/example_branch_datetime_operator.py
[2022-07-16 16:30:06,383] {logging_mixin.py:115} INFO - [2022-07-16 16:30:06,382] {dag.py:2420} INFO - Sync 2 DAGs
[2022-07-16 16:30:06,823] {logging_mixin.py:115} INFO - [2022-07-16 16:30:06,823] {dag.py:2972} INFO - Setting next_dagrun for example_branch_datetime_operator to 2022-07-15T00:00:00+00:00, run_after=2022-07-16T00:00:00+00:00
[2022-07-16 16:30:06,882] {logging_mixin.py:115} INFO - [2022-07-16 16:30:06,882] {dag.py:2972} INFO - Setting next_dagrun for example_branch_datetime_operator_2 to 2022-07-15T00:00:00+00:00, run_after=2022-07-16T00:00:00+00:00
[2022-07-16 16:30:07,107] {processor.py:161} INFO - Processing /home/airflow/.local/lib/python3.7/site-packages/airflow/example_dags/example_branch_datetime_operator.py took 1.732 seconds
[2022-07-16 16:30:37,917] {processor.py:153} INFO - Started process (PID=1723) to work on /home/airflow/.local/lib/python3.7/site-packages/airflow/example_dags/example_branch_datetime_operator.py
[2022-07-16 16:30:37,919] {processor.py:641} INFO - Processing file /home/airflow/.local/lib/python3.7/site-packages/airflow/example_dags/example_branch_datetime_operator.py for tasks to queue
[2022-07-16 16:30:37,921] {logging_mixin.py:115} INFO - [2022-07-16 16:30:37,921] {dagbag.py:508} INFO - Filling up the DagBag from /home/airflow/.local/lib/python3.7/site-packages/airflow/example_dags/example_branch_datetime_operator.py
[2022-07-16 16:30:38,113] {processor.py:651} INFO - DAG(s) dict_keys(['example_branch_datetime_operator', 'example_branch_datetime_operator_2']) retrieved from /home/airflow/.local/lib/python3.7/site-packages/airflow/example_dags/example_branch_datetime_operator.py
[2022-07-16 16:30:38,934] {logging_mixin.py:115} INFO - [2022-07-16 16:30:38,926] {dag.py:2420} INFO - Sync 2 DAGs
[2022-07-16 16:30:39,746] {logging_mixin.py:115} INFO - [2022-07-16 16:30:39,746] {dag.py:2972} INFO - Setting next_dagrun for example_branch_datetime_operator to 2022-07-15T00:00:00+00:00, run_after=2022-07-16T00:00:00+00:00
[2022-07-16 16:30:39,787] {logging_mixin.py:115} INFO - [2022-07-16 16:30:39,787] {dag.py:2972} INFO - Setting next_dagrun for example_branch_datetime_operator_2 to 2022-07-15T00:00:00+00:00, run_after=2022-07-16T00:00:00+00:00
[2022-07-16 16:30:39,955] {processor.py:161} INFO - Processing /home/airflow/.local/lib/python3.7/site-packages/airflow/example_dags/example_branch_datetime_operator.py took 2.094 seconds
[2022-07-16 16:31:10,693] {processor.py:153} INFO - Started process (PID=1906) to work on /home/airflow/.local/lib/python3.7/site-packages/airflow/example_dags/example_branch_datetime_operator.py
[2022-07-16 16:31:10,695] {processor.py:641} INFO - Processing file /home/airflow/.local/lib/python3.7/site-packages/airflow/example_dags/example_branch_datetime_operator.py for tasks to queue
[2022-07-16 16:31:10,698] {logging_mixin.py:115} INFO - [2022-07-16 16:31:10,697] {dagbag.py:508} INFO - Filling up the DagBag from /home/airflow/.local/lib/python3.7/site-packages/airflow/example_dags/example_branch_datetime_operator.py
[2022-07-16 16:31:10,745] {processor.py:651} INFO - DAG(s) dict_keys(['example_branch_datetime_operator', 'example_branch_datetime_operator_2']) retrieved from /home/airflow/.local/lib/python3.7/site-packages/airflow/example_dags/example_branch_datetime_operator.py
[2022-07-16 16:31:10,897] {logging_mixin.py:115} INFO - [2022-07-16 16:31:10,897] {dag.py:2420} INFO - Sync 2 DAGs
[2022-07-16 16:31:11,015] {logging_mixin.py:115} INFO - [2022-07-16 16:31:11,014] {dag.py:2972} INFO - Setting next_dagrun for example_branch_datetime_operator to 2022-07-15T00:00:00+00:00, run_after=2022-07-16T00:00:00+00:00
[2022-07-16 16:31:11,041] {logging_mixin.py:115} INFO - [2022-07-16 16:31:11,041] {dag.py:2972} INFO - Setting next_dagrun for example_branch_datetime_operator_2 to 2022-07-15T00:00:00+00:00, run_after=2022-07-16T00:00:00+00:00
[2022-07-16 16:31:11,108] {processor.py:161} INFO - Processing /home/airflow/.local/lib/python3.7/site-packages/airflow/example_dags/example_branch_datetime_operator.py took 0.431 seconds
[2022-07-16 16:31:41,965] {processor.py:153} INFO - Started process (PID=2092) to work on /home/airflow/.local/lib/python3.7/site-packages/airflow/example_dags/example_branch_datetime_operator.py
[2022-07-16 16:31:41,976] {processor.py:641} INFO - Processing file /home/airflow/.local/lib/python3.7/site-packages/airflow/example_dags/example_branch_datetime_operator.py for tasks to queue
[2022-07-16 16:31:41,977] {logging_mixin.py:115} INFO - [2022-07-16 16:31:41,977] {dagbag.py:508} INFO - Filling up the DagBag from /home/airflow/.local/lib/python3.7/site-packages/airflow/example_dags/example_branch_datetime_operator.py
[2022-07-16 16:31:42,058] {processor.py:651} INFO - DAG(s) dict_keys(['example_branch_datetime_operator', 'example_branch_datetime_operator_2']) retrieved from /home/airflow/.local/lib/python3.7/site-packages/airflow/example_dags/example_branch_datetime_operator.py
[2022-07-16 16:31:42,372] {logging_mixin.py:115} INFO - [2022-07-16 16:31:42,372] {dag.py:2420} INFO - Sync 2 DAGs
[2022-07-16 16:31:42,459] {logging_mixin.py:115} INFO - [2022-07-16 16:31:42,458] {dag.py:2972} INFO - Setting next_dagrun for example_branch_datetime_operator to 2022-07-15T00:00:00+00:00, run_after=2022-07-16T00:00:00+00:00
[2022-07-16 16:31:42,464] {logging_mixin.py:115} INFO - [2022-07-16 16:31:42,464] {dag.py:2972} INFO - Setting next_dagrun for example_branch_datetime_operator_2 to 2022-07-15T00:00:00+00:00, run_after=2022-07-16T00:00:00+00:00
[2022-07-16 16:31:42,495] {processor.py:161} INFO - Processing /home/airflow/.local/lib/python3.7/site-packages/airflow/example_dags/example_branch_datetime_operator.py took 0.559 seconds
[2022-07-16 16:32:13,185] {processor.py:153} INFO - Started process (PID=2279) to work on /home/airflow/.local/lib/python3.7/site-packages/airflow/example_dags/example_branch_datetime_operator.py
[2022-07-16 16:32:13,186] {processor.py:641} INFO - Processing file /home/airflow/.local/lib/python3.7/site-packages/airflow/example_dags/example_branch_datetime_operator.py for tasks to queue
[2022-07-16 16:32:13,188] {logging_mixin.py:115} INFO - [2022-07-16 16:32:13,187] {dagbag.py:508} INFO - Filling up the DagBag from /home/airflow/.local/lib/python3.7/site-packages/airflow/example_dags/example_branch_datetime_operator.py
[2022-07-16 16:32:13,213] {processor.py:651} INFO - DAG(s) dict_keys(['example_branch_datetime_operator', 'example_branch_datetime_operator_2']) retrieved from /home/airflow/.local/lib/python3.7/site-packages/airflow/example_dags/example_branch_datetime_operator.py
[2022-07-16 16:32:13,367] {logging_mixin.py:115} INFO - [2022-07-16 16:32:13,367] {dag.py:2420} INFO - Sync 2 DAGs
[2022-07-16 16:32:13,536] {logging_mixin.py:115} INFO - [2022-07-16 16:32:13,536] {dag.py:2972} INFO - Setting next_dagrun for example_branch_datetime_operator to 2022-07-15T00:00:00+00:00, run_after=2022-07-16T00:00:00+00:00
[2022-07-16 16:32:13,561] {logging_mixin.py:115} INFO - [2022-07-16 16:32:13,561] {dag.py:2972} INFO - Setting next_dagrun for example_branch_datetime_operator_2 to 2022-07-15T00:00:00+00:00, run_after=2022-07-16T00:00:00+00:00
[2022-07-16 16:32:13,681] {processor.py:161} INFO - Processing /home/airflow/.local/lib/python3.7/site-packages/airflow/example_dags/example_branch_datetime_operator.py took 0.505 seconds
[2022-07-16 16:32:44,475] {processor.py:153} INFO - Started process (PID=2468) to work on /home/airflow/.local/lib/python3.7/site-packages/airflow/example_dags/example_branch_datetime_operator.py
[2022-07-16 16:32:44,476] {processor.py:641} INFO - Processing file /home/airflow/.local/lib/python3.7/site-packages/airflow/example_dags/example_branch_datetime_operator.py for tasks to queue
[2022-07-16 16:32:44,477] {logging_mixin.py:115} INFO - [2022-07-16 16:32:44,477] {dagbag.py:508} INFO - Filling up the DagBag from /home/airflow/.local/lib/python3.7/site-packages/airflow/example_dags/example_branch_datetime_operator.py
[2022-07-16 16:32:44,499] {processor.py:651} INFO - DAG(s) dict_keys(['example_branch_datetime_operator', 'example_branch_datetime_operator_2']) retrieved from /home/airflow/.local/lib/python3.7/site-packages/airflow/example_dags/example_branch_datetime_operator.py
[2022-07-16 16:32:44,563] {logging_mixin.py:115} INFO - [2022-07-16 16:32:44,563] {dag.py:2420} INFO - Sync 2 DAGs
[2022-07-16 16:32:44,613] {logging_mixin.py:115} INFO - [2022-07-16 16:32:44,612] {dag.py:2972} INFO - Setting next_dagrun for example_branch_datetime_operator to 2022-07-15T00:00:00+00:00, run_after=2022-07-16T00:00:00+00:00
[2022-07-16 16:32:44,615] {logging_mixin.py:115} INFO - [2022-07-16 16:32:44,615] {dag.py:2972} INFO - Setting next_dagrun for example_branch_datetime_operator_2 to 2022-07-15T00:00:00+00:00, run_after=2022-07-16T00:00:00+00:00
[2022-07-16 16:32:44,639] {processor.py:161} INFO - Processing /home/airflow/.local/lib/python3.7/site-packages/airflow/example_dags/example_branch_datetime_operator.py took 0.175 seconds
[2022-07-16 16:33:16,102] {processor.py:153} INFO - Started process (PID=2658) to work on /home/airflow/.local/lib/python3.7/site-packages/airflow/example_dags/example_branch_datetime_operator.py
[2022-07-16 16:33:16,110] {processor.py:641} INFO - Processing file /home/airflow/.local/lib/python3.7/site-packages/airflow/example_dags/example_branch_datetime_operator.py for tasks to queue
[2022-07-16 16:33:16,111] {logging_mixin.py:115} INFO - [2022-07-16 16:33:16,111] {dagbag.py:508} INFO - Filling up the DagBag from /home/airflow/.local/lib/python3.7/site-packages/airflow/example_dags/example_branch_datetime_operator.py
[2022-07-16 16:33:16,251] {processor.py:651} INFO - DAG(s) dict_keys(['example_branch_datetime_operator', 'example_branch_datetime_operator_2']) retrieved from /home/airflow/.local/lib/python3.7/site-packages/airflow/example_dags/example_branch_datetime_operator.py
[2022-07-16 16:33:16,497] {logging_mixin.py:115} INFO - [2022-07-16 16:33:16,497] {dag.py:2420} INFO - Sync 2 DAGs
[2022-07-16 16:33:17,126] {logging_mixin.py:115} INFO - [2022-07-16 16:33:17,125] {dag.py:2972} INFO - Setting next_dagrun for example_branch_datetime_operator to 2022-07-15T00:00:00+00:00, run_after=2022-07-16T00:00:00+00:00
[2022-07-16 16:33:17,211] {logging_mixin.py:115} INFO - [2022-07-16 16:33:17,211] {dag.py:2972} INFO - Setting next_dagrun for example_branch_datetime_operator_2 to 2022-07-15T00:00:00+00:00, run_after=2022-07-16T00:00:00+00:00
[2022-07-16 16:33:17,425] {processor.py:161} INFO - Processing /home/airflow/.local/lib/python3.7/site-packages/airflow/example_dags/example_branch_datetime_operator.py took 1.435 seconds
[2022-07-16 16:33:48,126] {processor.py:153} INFO - Started process (PID=2848) to work on /home/airflow/.local/lib/python3.7/site-packages/airflow/example_dags/example_branch_datetime_operator.py
[2022-07-16 16:33:48,127] {processor.py:641} INFO - Processing file /home/airflow/.local/lib/python3.7/site-packages/airflow/example_dags/example_branch_datetime_operator.py for tasks to queue
[2022-07-16 16:33:48,128] {logging_mixin.py:115} INFO - [2022-07-16 16:33:48,128] {dagbag.py:508} INFO - Filling up the DagBag from /home/airflow/.local/lib/python3.7/site-packages/airflow/example_dags/example_branch_datetime_operator.py
[2022-07-16 16:33:48,148] {processor.py:651} INFO - DAG(s) dict_keys(['example_branch_datetime_operator', 'example_branch_datetime_operator_2']) retrieved from /home/airflow/.local/lib/python3.7/site-packages/airflow/example_dags/example_branch_datetime_operator.py
[2022-07-16 16:33:48,200] {logging_mixin.py:115} INFO - [2022-07-16 16:33:48,199] {dag.py:2420} INFO - Sync 2 DAGs
[2022-07-16 16:33:48,285] {logging_mixin.py:115} INFO - [2022-07-16 16:33:48,285] {dag.py:2972} INFO - Setting next_dagrun for example_branch_datetime_operator to 2022-07-15T00:00:00+00:00, run_after=2022-07-16T00:00:00+00:00
[2022-07-16 16:33:48,287] {logging_mixin.py:115} INFO - [2022-07-16 16:33:48,287] {dag.py:2972} INFO - Setting next_dagrun for example_branch_datetime_operator_2 to 2022-07-15T00:00:00+00:00, run_after=2022-07-16T00:00:00+00:00
[2022-07-16 16:33:48,307] {processor.py:161} INFO - Processing /home/airflow/.local/lib/python3.7/site-packages/airflow/example_dags/example_branch_datetime_operator.py took 0.190 seconds
[2022-07-16 16:34:18,890] {processor.py:153} INFO - Started process (PID=3038) to work on /home/airflow/.local/lib/python3.7/site-packages/airflow/example_dags/example_branch_datetime_operator.py
[2022-07-16 16:34:18,892] {processor.py:641} INFO - Processing file /home/airflow/.local/lib/python3.7/site-packages/airflow/example_dags/example_branch_datetime_operator.py for tasks to queue
[2022-07-16 16:34:18,893] {logging_mixin.py:115} INFO - [2022-07-16 16:34:18,893] {dagbag.py:508} INFO - Filling up the DagBag from /home/airflow/.local/lib/python3.7/site-packages/airflow/example_dags/example_branch_datetime_operator.py
[2022-07-16 16:34:18,915] {processor.py:651} INFO - DAG(s) dict_keys(['example_branch_datetime_operator', 'example_branch_datetime_operator_2']) retrieved from /home/airflow/.local/lib/python3.7/site-packages/airflow/example_dags/example_branch_datetime_operator.py
[2022-07-16 16:34:18,983] {logging_mixin.py:115} INFO - [2022-07-16 16:34:18,983] {dag.py:2420} INFO - Sync 2 DAGs
[2022-07-16 16:34:19,039] {logging_mixin.py:115} INFO - [2022-07-16 16:34:19,039] {dag.py:2972} INFO - Setting next_dagrun for example_branch_datetime_operator to 2022-07-15T00:00:00+00:00, run_after=2022-07-16T00:00:00+00:00
[2022-07-16 16:34:19,042] {logging_mixin.py:115} INFO - [2022-07-16 16:34:19,042] {dag.py:2972} INFO - Setting next_dagrun for example_branch_datetime_operator_2 to 2022-07-15T00:00:00+00:00, run_after=2022-07-16T00:00:00+00:00
[2022-07-16 16:34:19,069] {processor.py:161} INFO - Processing /home/airflow/.local/lib/python3.7/site-packages/airflow/example_dags/example_branch_datetime_operator.py took 0.184 seconds
[2022-07-16 16:34:49,704] {processor.py:153} INFO - Started process (PID=3228) to work on /home/airflow/.local/lib/python3.7/site-packages/airflow/example_dags/example_branch_datetime_operator.py
[2022-07-16 16:34:49,707] {processor.py:641} INFO - Processing file /home/airflow/.local/lib/python3.7/site-packages/airflow/example_dags/example_branch_datetime_operator.py for tasks to queue
[2022-07-16 16:34:49,709] {logging_mixin.py:115} INFO - [2022-07-16 16:34:49,709] {dagbag.py:508} INFO - Filling up the DagBag from /home/airflow/.local/lib/python3.7/site-packages/airflow/example_dags/example_branch_datetime_operator.py
[2022-07-16 16:34:49,784] {processor.py:651} INFO - DAG(s) dict_keys(['example_branch_datetime_operator', 'example_branch_datetime_operator_2']) retrieved from /home/airflow/.local/lib/python3.7/site-packages/airflow/example_dags/example_branch_datetime_operator.py
[2022-07-16 16:34:49,937] {logging_mixin.py:115} INFO - [2022-07-16 16:34:49,937] {dag.py:2420} INFO - Sync 2 DAGs
[2022-07-16 16:34:50,052] {logging_mixin.py:115} INFO - [2022-07-16 16:34:50,051] {dag.py:2972} INFO - Setting next_dagrun for example_branch_datetime_operator to 2022-07-15T00:00:00+00:00, run_after=2022-07-16T00:00:00+00:00
[2022-07-16 16:34:50,059] {logging_mixin.py:115} INFO - [2022-07-16 16:34:50,058] {dag.py:2972} INFO - Setting next_dagrun for example_branch_datetime_operator_2 to 2022-07-15T00:00:00+00:00, run_after=2022-07-16T00:00:00+00:00
[2022-07-16 16:34:50,089] {processor.py:161} INFO - Processing /home/airflow/.local/lib/python3.7/site-packages/airflow/example_dags/example_branch_datetime_operator.py took 0.430 seconds
[2022-07-16 16:38:31,755] {processor.py:153} INFO - Started process (PID=222) to work on /home/airflow/.local/lib/python3.7/site-packages/airflow/example_dags/example_branch_datetime_operator.py
[2022-07-16 16:38:31,766] {processor.py:641} INFO - Processing file /home/airflow/.local/lib/python3.7/site-packages/airflow/example_dags/example_branch_datetime_operator.py for tasks to queue
[2022-07-16 16:38:31,767] {logging_mixin.py:115} INFO - [2022-07-16 16:38:31,767] {dagbag.py:508} INFO - Filling up the DagBag from /home/airflow/.local/lib/python3.7/site-packages/airflow/example_dags/example_branch_datetime_operator.py
[2022-07-16 16:38:32,071] {processor.py:651} INFO - DAG(s) dict_keys(['example_branch_datetime_operator', 'example_branch_datetime_operator_2']) retrieved from /home/airflow/.local/lib/python3.7/site-packages/airflow/example_dags/example_branch_datetime_operator.py
[2022-07-16 16:38:35,138] {logging_mixin.py:115} INFO - [2022-07-16 16:38:35,125] {manager.py:508} INFO - Created Permission View: can delete on DAG:example_branch_datetime_operator
[2022-07-16 16:38:35,301] {logging_mixin.py:115} INFO - [2022-07-16 16:38:35,301] {manager.py:508} INFO - Created Permission View: can edit on DAG:example_branch_datetime_operator
[2022-07-16 16:38:35,418] {logging_mixin.py:115} INFO - [2022-07-16 16:38:35,411] {manager.py:508} INFO - Created Permission View: can read on DAG:example_branch_datetime_operator
[2022-07-16 16:38:35,619] {logging_mixin.py:115} INFO - [2022-07-16 16:38:35,618] {manager.py:508} INFO - Created Permission View: can delete on DAG:example_branch_datetime_operator_2
[2022-07-16 16:38:35,768] {logging_mixin.py:115} INFO - [2022-07-16 16:38:35,767] {manager.py:508} INFO - Created Permission View: can edit on DAG:example_branch_datetime_operator_2
[2022-07-16 16:38:35,941] {logging_mixin.py:115} INFO - [2022-07-16 16:38:35,940] {manager.py:508} INFO - Created Permission View: can read on DAG:example_branch_datetime_operator_2
[2022-07-16 16:38:35,941] {logging_mixin.py:115} INFO - [2022-07-16 16:38:35,941] {dag.py:2420} INFO - Sync 2 DAGs
[2022-07-16 16:38:36,103] {logging_mixin.py:115} INFO - [2022-07-16 16:38:36,103] {dag.py:2439} INFO - Creating ORM DAG for example_branch_datetime_operator
[2022-07-16 16:38:36,117] {logging_mixin.py:115} INFO - [2022-07-16 16:38:36,117] {dag.py:2439} INFO - Creating ORM DAG for example_branch_datetime_operator_2
[2022-07-16 16:38:36,320] {logging_mixin.py:115} INFO - [2022-07-16 16:38:36,319] {dag.py:2972} INFO - Setting next_dagrun for example_branch_datetime_operator to 2022-07-15T00:00:00+00:00, run_after=2022-07-16T00:00:00+00:00
[2022-07-16 16:38:36,355] {logging_mixin.py:115} INFO - [2022-07-16 16:38:36,354] {dag.py:2972} INFO - Setting next_dagrun for example_branch_datetime_operator_2 to 2022-07-15T00:00:00+00:00, run_after=2022-07-16T00:00:00+00:00
[2022-07-16 16:38:36,652] {processor.py:161} INFO - Processing /home/airflow/.local/lib/python3.7/site-packages/airflow/example_dags/example_branch_datetime_operator.py took 4.989 seconds
[2022-07-16 16:39:20,489] {processor.py:153} INFO - Started process (PID=417) to work on /home/airflow/.local/lib/python3.7/site-packages/airflow/example_dags/example_branch_datetime_operator.py
[2022-07-16 16:39:20,505] {processor.py:641} INFO - Processing file /home/airflow/.local/lib/python3.7/site-packages/airflow/example_dags/example_branch_datetime_operator.py for tasks to queue
[2022-07-16 16:39:20,506] {logging_mixin.py:115} INFO - [2022-07-16 16:39:20,506] {dagbag.py:508} INFO - Filling up the DagBag from /home/airflow/.local/lib/python3.7/site-packages/airflow/example_dags/example_branch_datetime_operator.py
[2022-07-16 16:39:20,846] {processor.py:651} INFO - DAG(s) dict_keys(['example_branch_datetime_operator', 'example_branch_datetime_operator_2']) retrieved from /home/airflow/.local/lib/python3.7/site-packages/airflow/example_dags/example_branch_datetime_operator.py
[2022-07-16 16:39:21,742] {logging_mixin.py:115} INFO - [2022-07-16 16:39:21,741] {dag.py:2420} INFO - Sync 2 DAGs
[2022-07-16 16:39:22,598] {logging_mixin.py:115} INFO - [2022-07-16 16:39:22,598] {dag.py:2972} INFO - Setting next_dagrun for example_branch_datetime_operator to 2022-07-15T00:00:00+00:00, run_after=2022-07-16T00:00:00+00:00
[2022-07-16 16:39:22,662] {logging_mixin.py:115} INFO - [2022-07-16 16:39:22,662] {dag.py:2972} INFO - Setting next_dagrun for example_branch_datetime_operator_2 to 2022-07-15T00:00:00+00:00, run_after=2022-07-16T00:00:00+00:00
[2022-07-16 16:39:23,079] {processor.py:161} INFO - Processing /home/airflow/.local/lib/python3.7/site-packages/airflow/example_dags/example_branch_datetime_operator.py took 2.922 seconds
