[2022-07-16 16:25:57,039] {processor.py:153} INFO - Started process (PID=281) to work on /home/airflow/.local/lib/python3.7/site-packages/airflow/example_dags/example_branch_python_dop_operator_3.py
[2022-07-16 16:25:57,046] {processor.py:641} INFO - Processing file /home/airflow/.local/lib/python3.7/site-packages/airflow/example_dags/example_branch_python_dop_operator_3.py for tasks to queue
[2022-07-16 16:25:57,047] {logging_mixin.py:115} INFO - [2022-07-16 16:25:57,047] {dagbag.py:508} INFO - Filling up the DagBag from /home/airflow/.local/lib/python3.7/site-packages/airflow/example_dags/example_branch_python_dop_operator_3.py
[2022-07-16 16:25:57,122] {processor.py:651} INFO - DAG(s) dict_keys(['example_branch_dop_operator_v3']) retrieved from /home/airflow/.local/lib/python3.7/site-packages/airflow/example_dags/example_branch_python_dop_operator_3.py
[2022-07-16 16:25:57,980] {logging_mixin.py:115} INFO - [2022-07-16 16:25:57,980] {manager.py:508} INFO - Created Permission View: can delete on DAG:example_branch_dop_operator_v3
[2022-07-16 16:25:58,121] {logging_mixin.py:115} INFO - [2022-07-16 16:25:58,121] {manager.py:508} INFO - Created Permission View: can edit on DAG:example_branch_dop_operator_v3
[2022-07-16 16:25:58,192] {logging_mixin.py:115} INFO - [2022-07-16 16:25:58,192] {manager.py:508} INFO - Created Permission View: can read on DAG:example_branch_dop_operator_v3
[2022-07-16 16:25:58,193] {logging_mixin.py:115} INFO - [2022-07-16 16:25:58,192] {dag.py:2420} INFO - Sync 1 DAGs
[2022-07-16 16:25:58,305] {logging_mixin.py:115} INFO - [2022-07-16 16:25:58,305] {dag.py:2439} INFO - Creating ORM DAG for example_branch_dop_operator_v3
[2022-07-16 16:25:58,677] {logging_mixin.py:115} INFO - [2022-07-16 16:25:58,676] {dag.py:2972} INFO - Setting next_dagrun for example_branch_dop_operator_v3 to 2022-07-16T16:24:00+00:00, run_after=2022-07-16T16:25:00+00:00
[2022-07-16 16:25:58,825] {processor.py:161} INFO - Processing /home/airflow/.local/lib/python3.7/site-packages/airflow/example_dags/example_branch_python_dop_operator_3.py took 1.811 seconds
[2022-07-16 16:26:31,046] {processor.py:153} INFO - Started process (PID=466) to work on /home/airflow/.local/lib/python3.7/site-packages/airflow/example_dags/example_branch_python_dop_operator_3.py
[2022-07-16 16:26:31,073] {processor.py:641} INFO - Processing file /home/airflow/.local/lib/python3.7/site-packages/airflow/example_dags/example_branch_python_dop_operator_3.py for tasks to queue
[2022-07-16 16:26:31,090] {logging_mixin.py:115} INFO - [2022-07-16 16:26:31,090] {dagbag.py:508} INFO - Filling up the DagBag from /home/airflow/.local/lib/python3.7/site-packages/airflow/example_dags/example_branch_python_dop_operator_3.py
[2022-07-16 16:26:31,689] {processor.py:651} INFO - DAG(s) dict_keys(['example_branch_dop_operator_v3']) retrieved from /home/airflow/.local/lib/python3.7/site-packages/airflow/example_dags/example_branch_python_dop_operator_3.py
[2022-07-16 16:26:32,372] {logging_mixin.py:115} INFO - [2022-07-16 16:26:32,372] {dag.py:2420} INFO - Sync 1 DAGs
[2022-07-16 16:26:33,094] {logging_mixin.py:115} INFO - [2022-07-16 16:26:33,094] {dag.py:2972} INFO - Setting next_dagrun for example_branch_dop_operator_v3 to 2022-07-16T16:25:00+00:00, run_after=2022-07-16T16:26:00+00:00
[2022-07-16 16:26:33,681] {processor.py:161} INFO - Processing /home/airflow/.local/lib/python3.7/site-packages/airflow/example_dags/example_branch_python_dop_operator_3.py took 2.779 seconds
[2022-07-16 16:27:17,262] {processor.py:153} INFO - Started process (PID=658) to work on /home/airflow/.local/lib/python3.7/site-packages/airflow/example_dags/example_branch_python_dop_operator_3.py
[2022-07-16 16:27:17,265] {processor.py:641} INFO - Processing file /home/airflow/.local/lib/python3.7/site-packages/airflow/example_dags/example_branch_python_dop_operator_3.py for tasks to queue
[2022-07-16 16:27:17,271] {logging_mixin.py:115} INFO - [2022-07-16 16:27:17,271] {dagbag.py:508} INFO - Filling up the DagBag from /home/airflow/.local/lib/python3.7/site-packages/airflow/example_dags/example_branch_python_dop_operator_3.py
[2022-07-16 16:27:17,372] {processor.py:651} INFO - DAG(s) dict_keys(['example_branch_dop_operator_v3']) retrieved from /home/airflow/.local/lib/python3.7/site-packages/airflow/example_dags/example_branch_python_dop_operator_3.py
[2022-07-16 16:27:17,710] {logging_mixin.py:115} INFO - [2022-07-16 16:27:17,709] {dag.py:2420} INFO - Sync 1 DAGs
[2022-07-16 16:27:18,071] {logging_mixin.py:115} INFO - [2022-07-16 16:27:18,071] {dag.py:2972} INFO - Setting next_dagrun for example_branch_dop_operator_v3 to 2022-07-16T16:26:00+00:00, run_after=2022-07-16T16:27:00+00:00
[2022-07-16 16:27:18,202] {processor.py:161} INFO - Processing /home/airflow/.local/lib/python3.7/site-packages/airflow/example_dags/example_branch_python_dop_operator_3.py took 0.996 seconds
[2022-07-16 16:27:49,628] {processor.py:153} INFO - Started process (PID=848) to work on /home/airflow/.local/lib/python3.7/site-packages/airflow/example_dags/example_branch_python_dop_operator_3.py
[2022-07-16 16:27:49,629] {processor.py:641} INFO - Processing file /home/airflow/.local/lib/python3.7/site-packages/airflow/example_dags/example_branch_python_dop_operator_3.py for tasks to queue
[2022-07-16 16:27:49,650] {logging_mixin.py:115} INFO - [2022-07-16 16:27:49,650] {dagbag.py:508} INFO - Filling up the DagBag from /home/airflow/.local/lib/python3.7/site-packages/airflow/example_dags/example_branch_python_dop_operator_3.py
[2022-07-16 16:27:49,936] {processor.py:651} INFO - DAG(s) dict_keys(['example_branch_dop_operator_v3']) retrieved from /home/airflow/.local/lib/python3.7/site-packages/airflow/example_dags/example_branch_python_dop_operator_3.py
[2022-07-16 16:27:50,307] {logging_mixin.py:115} INFO - [2022-07-16 16:27:50,307] {dag.py:2420} INFO - Sync 1 DAGs
[2022-07-16 16:27:50,642] {logging_mixin.py:115} INFO - [2022-07-16 16:27:50,642] {dag.py:2972} INFO - Setting next_dagrun for example_branch_dop_operator_v3 to 2022-07-16T16:26:00+00:00, run_after=2022-07-16T16:27:00+00:00
[2022-07-16 16:27:50,748] {processor.py:161} INFO - Processing /home/airflow/.local/lib/python3.7/site-packages/airflow/example_dags/example_branch_python_dop_operator_3.py took 1.225 seconds
[2022-07-16 16:28:21,598] {processor.py:153} INFO - Started process (PID=1027) to work on /home/airflow/.local/lib/python3.7/site-packages/airflow/example_dags/example_branch_python_dop_operator_3.py
[2022-07-16 16:28:21,601] {processor.py:641} INFO - Processing file /home/airflow/.local/lib/python3.7/site-packages/airflow/example_dags/example_branch_python_dop_operator_3.py for tasks to queue
[2022-07-16 16:28:21,602] {logging_mixin.py:115} INFO - [2022-07-16 16:28:21,602] {dagbag.py:508} INFO - Filling up the DagBag from /home/airflow/.local/lib/python3.7/site-packages/airflow/example_dags/example_branch_python_dop_operator_3.py
[2022-07-16 16:28:21,638] {processor.py:651} INFO - DAG(s) dict_keys(['example_branch_dop_operator_v3']) retrieved from /home/airflow/.local/lib/python3.7/site-packages/airflow/example_dags/example_branch_python_dop_operator_3.py
[2022-07-16 16:28:21,873] {logging_mixin.py:115} INFO - [2022-07-16 16:28:21,873] {dag.py:2420} INFO - Sync 1 DAGs
[2022-07-16 16:28:22,185] {logging_mixin.py:115} INFO - [2022-07-16 16:28:22,185] {dag.py:2972} INFO - Setting next_dagrun for example_branch_dop_operator_v3 to 2022-07-16T16:27:00+00:00, run_after=2022-07-16T16:28:00+00:00
[2022-07-16 16:28:22,229] {processor.py:161} INFO - Processing /home/airflow/.local/lib/python3.7/site-packages/airflow/example_dags/example_branch_python_dop_operator_3.py took 0.645 seconds
[2022-07-16 16:28:52,967] {processor.py:153} INFO - Started process (PID=1214) to work on /home/airflow/.local/lib/python3.7/site-packages/airflow/example_dags/example_branch_python_dop_operator_3.py
[2022-07-16 16:28:52,979] {processor.py:641} INFO - Processing file /home/airflow/.local/lib/python3.7/site-packages/airflow/example_dags/example_branch_python_dop_operator_3.py for tasks to queue
[2022-07-16 16:28:52,981] {logging_mixin.py:115} INFO - [2022-07-16 16:28:52,980] {dagbag.py:508} INFO - Filling up the DagBag from /home/airflow/.local/lib/python3.7/site-packages/airflow/example_dags/example_branch_python_dop_operator_3.py
[2022-07-16 16:28:53,065] {processor.py:651} INFO - DAG(s) dict_keys(['example_branch_dop_operator_v3']) retrieved from /home/airflow/.local/lib/python3.7/site-packages/airflow/example_dags/example_branch_python_dop_operator_3.py
[2022-07-16 16:28:53,313] {logging_mixin.py:115} INFO - [2022-07-16 16:28:53,313] {dag.py:2420} INFO - Sync 1 DAGs
[2022-07-16 16:28:53,449] {logging_mixin.py:115} INFO - [2022-07-16 16:28:53,448] {dag.py:2972} INFO - Setting next_dagrun for example_branch_dop_operator_v3 to 2022-07-16T16:27:00+00:00, run_after=2022-07-16T16:28:00+00:00
[2022-07-16 16:28:53,480] {processor.py:161} INFO - Processing /home/airflow/.local/lib/python3.7/site-packages/airflow/example_dags/example_branch_python_dop_operator_3.py took 0.533 seconds
[2022-07-16 16:29:49,450] {processor.py:153} INFO - Started process (PID=1428) to work on /home/airflow/.local/lib/python3.7/site-packages/airflow/example_dags/example_branch_python_dop_operator_3.py
[2022-07-16 16:29:49,457] {processor.py:641} INFO - Processing file /home/airflow/.local/lib/python3.7/site-packages/airflow/example_dags/example_branch_python_dop_operator_3.py for tasks to queue
[2022-07-16 16:29:49,458] {logging_mixin.py:115} INFO - [2022-07-16 16:29:49,458] {dagbag.py:508} INFO - Filling up the DagBag from /home/airflow/.local/lib/python3.7/site-packages/airflow/example_dags/example_branch_python_dop_operator_3.py
[2022-07-16 16:29:49,549] {processor.py:651} INFO - DAG(s) dict_keys(['example_branch_dop_operator_v3']) retrieved from /home/airflow/.local/lib/python3.7/site-packages/airflow/example_dags/example_branch_python_dop_operator_3.py
[2022-07-16 16:29:49,671] {logging_mixin.py:115} INFO - [2022-07-16 16:29:49,671] {dag.py:2420} INFO - Sync 1 DAGs
[2022-07-16 16:29:49,843] {logging_mixin.py:115} INFO - [2022-07-16 16:29:49,843] {dag.py:2972} INFO - Setting next_dagrun for example_branch_dop_operator_v3 to 2022-07-16T16:28:00+00:00, run_after=2022-07-16T16:29:00+00:00
[2022-07-16 16:29:49,889] {processor.py:161} INFO - Processing /home/airflow/.local/lib/python3.7/site-packages/airflow/example_dags/example_branch_python_dop_operator_3.py took 0.460 seconds
[2022-07-16 16:30:21,115] {processor.py:153} INFO - Started process (PID=1617) to work on /home/airflow/.local/lib/python3.7/site-packages/airflow/example_dags/example_branch_python_dop_operator_3.py
[2022-07-16 16:30:21,128] {processor.py:641} INFO - Processing file /home/airflow/.local/lib/python3.7/site-packages/airflow/example_dags/example_branch_python_dop_operator_3.py for tasks to queue
[2022-07-16 16:30:21,138] {logging_mixin.py:115} INFO - [2022-07-16 16:30:21,138] {dagbag.py:508} INFO - Filling up the DagBag from /home/airflow/.local/lib/python3.7/site-packages/airflow/example_dags/example_branch_python_dop_operator_3.py
[2022-07-16 16:30:21,302] {processor.py:651} INFO - DAG(s) dict_keys(['example_branch_dop_operator_v3']) retrieved from /home/airflow/.local/lib/python3.7/site-packages/airflow/example_dags/example_branch_python_dop_operator_3.py
[2022-07-16 16:30:21,462] {logging_mixin.py:115} INFO - [2022-07-16 16:30:21,461] {dag.py:2420} INFO - Sync 1 DAGs
[2022-07-16 16:30:21,586] {logging_mixin.py:115} INFO - [2022-07-16 16:30:21,585] {dag.py:2972} INFO - Setting next_dagrun for example_branch_dop_operator_v3 to 2022-07-16T16:29:00+00:00, run_after=2022-07-16T16:30:00+00:00
[2022-07-16 16:30:21,649] {processor.py:161} INFO - Processing /home/airflow/.local/lib/python3.7/site-packages/airflow/example_dags/example_branch_python_dop_operator_3.py took 0.602 seconds
[2022-07-16 16:30:52,315] {processor.py:153} INFO - Started process (PID=1809) to work on /home/airflow/.local/lib/python3.7/site-packages/airflow/example_dags/example_branch_python_dop_operator_3.py
[2022-07-16 16:30:52,317] {processor.py:641} INFO - Processing file /home/airflow/.local/lib/python3.7/site-packages/airflow/example_dags/example_branch_python_dop_operator_3.py for tasks to queue
[2022-07-16 16:30:52,318] {logging_mixin.py:115} INFO - [2022-07-16 16:30:52,318] {dagbag.py:508} INFO - Filling up the DagBag from /home/airflow/.local/lib/python3.7/site-packages/airflow/example_dags/example_branch_python_dop_operator_3.py
[2022-07-16 16:30:52,361] {processor.py:651} INFO - DAG(s) dict_keys(['example_branch_dop_operator_v3']) retrieved from /home/airflow/.local/lib/python3.7/site-packages/airflow/example_dags/example_branch_python_dop_operator_3.py
[2022-07-16 16:30:52,439] {logging_mixin.py:115} INFO - [2022-07-16 16:30:52,439] {dag.py:2420} INFO - Sync 1 DAGs
[2022-07-16 16:30:52,580] {logging_mixin.py:115} INFO - [2022-07-16 16:30:52,580] {dag.py:2972} INFO - Setting next_dagrun for example_branch_dop_operator_v3 to 2022-07-16T16:29:00+00:00, run_after=2022-07-16T16:30:00+00:00
[2022-07-16 16:30:52,665] {processor.py:161} INFO - Processing /home/airflow/.local/lib/python3.7/site-packages/airflow/example_dags/example_branch_python_dop_operator_3.py took 0.373 seconds
[2022-07-16 16:31:22,847] {processor.py:153} INFO - Started process (PID=1988) to work on /home/airflow/.local/lib/python3.7/site-packages/airflow/example_dags/example_branch_python_dop_operator_3.py
[2022-07-16 16:31:22,851] {processor.py:641} INFO - Processing file /home/airflow/.local/lib/python3.7/site-packages/airflow/example_dags/example_branch_python_dop_operator_3.py for tasks to queue
[2022-07-16 16:31:22,853] {logging_mixin.py:115} INFO - [2022-07-16 16:31:22,853] {dagbag.py:508} INFO - Filling up the DagBag from /home/airflow/.local/lib/python3.7/site-packages/airflow/example_dags/example_branch_python_dop_operator_3.py
[2022-07-16 16:31:22,888] {processor.py:651} INFO - DAG(s) dict_keys(['example_branch_dop_operator_v3']) retrieved from /home/airflow/.local/lib/python3.7/site-packages/airflow/example_dags/example_branch_python_dop_operator_3.py
[2022-07-16 16:31:23,002] {logging_mixin.py:115} INFO - [2022-07-16 16:31:23,002] {dag.py:2420} INFO - Sync 1 DAGs
[2022-07-16 16:31:23,192] {logging_mixin.py:115} INFO - [2022-07-16 16:31:23,189] {dag.py:2972} INFO - Setting next_dagrun for example_branch_dop_operator_v3 to 2022-07-16T16:30:00+00:00, run_after=2022-07-16T16:31:00+00:00
[2022-07-16 16:31:23,311] {processor.py:161} INFO - Processing /home/airflow/.local/lib/python3.7/site-packages/airflow/example_dags/example_branch_python_dop_operator_3.py took 0.475 seconds
[2022-07-16 16:31:57,665] {processor.py:153} INFO - Started process (PID=2176) to work on /home/airflow/.local/lib/python3.7/site-packages/airflow/example_dags/example_branch_python_dop_operator_3.py
[2022-07-16 16:31:57,668] {processor.py:641} INFO - Processing file /home/airflow/.local/lib/python3.7/site-packages/airflow/example_dags/example_branch_python_dop_operator_3.py for tasks to queue
[2022-07-16 16:31:57,669] {logging_mixin.py:115} INFO - [2022-07-16 16:31:57,669] {dagbag.py:508} INFO - Filling up the DagBag from /home/airflow/.local/lib/python3.7/site-packages/airflow/example_dags/example_branch_python_dop_operator_3.py
[2022-07-16 16:31:57,858] {processor.py:651} INFO - DAG(s) dict_keys(['example_branch_dop_operator_v3']) retrieved from /home/airflow/.local/lib/python3.7/site-packages/airflow/example_dags/example_branch_python_dop_operator_3.py
[2022-07-16 16:31:58,515] {logging_mixin.py:115} INFO - [2022-07-16 16:31:58,514] {dag.py:2420} INFO - Sync 1 DAGs
[2022-07-16 16:31:59,218] {logging_mixin.py:115} INFO - [2022-07-16 16:31:59,217] {dag.py:2972} INFO - Setting next_dagrun for example_branch_dop_operator_v3 to 2022-07-16T16:30:00+00:00, run_after=2022-07-16T16:31:00+00:00
[2022-07-16 16:31:59,417] {processor.py:161} INFO - Processing /home/airflow/.local/lib/python3.7/site-packages/airflow/example_dags/example_branch_python_dop_operator_3.py took 1.796 seconds
[2022-07-16 16:32:29,814] {processor.py:153} INFO - Started process (PID=2365) to work on /home/airflow/.local/lib/python3.7/site-packages/airflow/example_dags/example_branch_python_dop_operator_3.py
[2022-07-16 16:32:29,833] {processor.py:641} INFO - Processing file /home/airflow/.local/lib/python3.7/site-packages/airflow/example_dags/example_branch_python_dop_operator_3.py for tasks to queue
[2022-07-16 16:32:29,835] {logging_mixin.py:115} INFO - [2022-07-16 16:32:29,834] {dagbag.py:508} INFO - Filling up the DagBag from /home/airflow/.local/lib/python3.7/site-packages/airflow/example_dags/example_branch_python_dop_operator_3.py
[2022-07-16 16:32:29,946] {processor.py:651} INFO - DAG(s) dict_keys(['example_branch_dop_operator_v3']) retrieved from /home/airflow/.local/lib/python3.7/site-packages/airflow/example_dags/example_branch_python_dop_operator_3.py
[2022-07-16 16:32:30,024] {logging_mixin.py:115} INFO - [2022-07-16 16:32:30,024] {dag.py:2420} INFO - Sync 1 DAGs
[2022-07-16 16:32:30,100] {logging_mixin.py:115} INFO - [2022-07-16 16:32:30,100] {dag.py:2972} INFO - Setting next_dagrun for example_branch_dop_operator_v3 to 2022-07-16T16:31:00+00:00, run_after=2022-07-16T16:32:00+00:00
[2022-07-16 16:32:30,117] {processor.py:161} INFO - Processing /home/airflow/.local/lib/python3.7/site-packages/airflow/example_dags/example_branch_python_dop_operator_3.py took 0.311 seconds
[2022-07-16 16:33:00,522] {processor.py:153} INFO - Started process (PID=2553) to work on /home/airflow/.local/lib/python3.7/site-packages/airflow/example_dags/example_branch_python_dop_operator_3.py
[2022-07-16 16:33:00,523] {processor.py:641} INFO - Processing file /home/airflow/.local/lib/python3.7/site-packages/airflow/example_dags/example_branch_python_dop_operator_3.py for tasks to queue
[2022-07-16 16:33:00,525] {logging_mixin.py:115} INFO - [2022-07-16 16:33:00,525] {dagbag.py:508} INFO - Filling up the DagBag from /home/airflow/.local/lib/python3.7/site-packages/airflow/example_dags/example_branch_python_dop_operator_3.py
[2022-07-16 16:33:00,569] {processor.py:651} INFO - DAG(s) dict_keys(['example_branch_dop_operator_v3']) retrieved from /home/airflow/.local/lib/python3.7/site-packages/airflow/example_dags/example_branch_python_dop_operator_3.py
[2022-07-16 16:33:00,652] {logging_mixin.py:115} INFO - [2022-07-16 16:33:00,652] {dag.py:2420} INFO - Sync 1 DAGs
[2022-07-16 16:33:00,765] {logging_mixin.py:115} INFO - [2022-07-16 16:33:00,764] {dag.py:2972} INFO - Setting next_dagrun for example_branch_dop_operator_v3 to 2022-07-16T16:32:00+00:00, run_after=2022-07-16T16:33:00+00:00
[2022-07-16 16:33:00,797] {processor.py:161} INFO - Processing /home/airflow/.local/lib/python3.7/site-packages/airflow/example_dags/example_branch_python_dop_operator_3.py took 0.292 seconds
[2022-07-16 16:33:31,250] {processor.py:153} INFO - Started process (PID=2744) to work on /home/airflow/.local/lib/python3.7/site-packages/airflow/example_dags/example_branch_python_dop_operator_3.py
[2022-07-16 16:33:31,251] {processor.py:641} INFO - Processing file /home/airflow/.local/lib/python3.7/site-packages/airflow/example_dags/example_branch_python_dop_operator_3.py for tasks to queue
[2022-07-16 16:33:31,253] {logging_mixin.py:115} INFO - [2022-07-16 16:33:31,253] {dagbag.py:508} INFO - Filling up the DagBag from /home/airflow/.local/lib/python3.7/site-packages/airflow/example_dags/example_branch_python_dop_operator_3.py
[2022-07-16 16:33:31,302] {processor.py:651} INFO - DAG(s) dict_keys(['example_branch_dop_operator_v3']) retrieved from /home/airflow/.local/lib/python3.7/site-packages/airflow/example_dags/example_branch_python_dop_operator_3.py
[2022-07-16 16:33:31,373] {logging_mixin.py:115} INFO - [2022-07-16 16:33:31,372] {dag.py:2420} INFO - Sync 1 DAGs
[2022-07-16 16:33:31,481] {logging_mixin.py:115} INFO - [2022-07-16 16:33:31,481] {dag.py:2972} INFO - Setting next_dagrun for example_branch_dop_operator_v3 to 2022-07-16T16:32:00+00:00, run_after=2022-07-16T16:33:00+00:00
[2022-07-16 16:33:31,504] {processor.py:161} INFO - Processing /home/airflow/.local/lib/python3.7/site-packages/airflow/example_dags/example_branch_python_dop_operator_3.py took 0.267 seconds
[2022-07-16 16:34:01,571] {processor.py:153} INFO - Started process (PID=2934) to work on /home/airflow/.local/lib/python3.7/site-packages/airflow/example_dags/example_branch_python_dop_operator_3.py
[2022-07-16 16:34:01,573] {processor.py:641} INFO - Processing file /home/airflow/.local/lib/python3.7/site-packages/airflow/example_dags/example_branch_python_dop_operator_3.py for tasks to queue
[2022-07-16 16:34:01,574] {logging_mixin.py:115} INFO - [2022-07-16 16:34:01,574] {dagbag.py:508} INFO - Filling up the DagBag from /home/airflow/.local/lib/python3.7/site-packages/airflow/example_dags/example_branch_python_dop_operator_3.py
[2022-07-16 16:34:01,597] {processor.py:651} INFO - DAG(s) dict_keys(['example_branch_dop_operator_v3']) retrieved from /home/airflow/.local/lib/python3.7/site-packages/airflow/example_dags/example_branch_python_dop_operator_3.py
[2022-07-16 16:34:01,645] {logging_mixin.py:115} INFO - [2022-07-16 16:34:01,645] {dag.py:2420} INFO - Sync 1 DAGs
[2022-07-16 16:34:01,698] {logging_mixin.py:115} INFO - [2022-07-16 16:34:01,698] {dag.py:2972} INFO - Setting next_dagrun for example_branch_dop_operator_v3 to 2022-07-16T16:33:00+00:00, run_after=2022-07-16T16:34:00+00:00
[2022-07-16 16:34:01,739] {processor.py:161} INFO - Processing /home/airflow/.local/lib/python3.7/site-packages/airflow/example_dags/example_branch_python_dop_operator_3.py took 0.180 seconds
[2022-07-16 16:34:32,016] {processor.py:153} INFO - Started process (PID=3122) to work on /home/airflow/.local/lib/python3.7/site-packages/airflow/example_dags/example_branch_python_dop_operator_3.py
[2022-07-16 16:34:32,019] {processor.py:641} INFO - Processing file /home/airflow/.local/lib/python3.7/site-packages/airflow/example_dags/example_branch_python_dop_operator_3.py for tasks to queue
[2022-07-16 16:34:32,020] {logging_mixin.py:115} INFO - [2022-07-16 16:34:32,020] {dagbag.py:508} INFO - Filling up the DagBag from /home/airflow/.local/lib/python3.7/site-packages/airflow/example_dags/example_branch_python_dop_operator_3.py
[2022-07-16 16:34:32,045] {processor.py:651} INFO - DAG(s) dict_keys(['example_branch_dop_operator_v3']) retrieved from /home/airflow/.local/lib/python3.7/site-packages/airflow/example_dags/example_branch_python_dop_operator_3.py
[2022-07-16 16:34:32,112] {logging_mixin.py:115} INFO - [2022-07-16 16:34:32,112] {dag.py:2420} INFO - Sync 1 DAGs
[2022-07-16 16:34:32,194] {logging_mixin.py:115} INFO - [2022-07-16 16:34:32,193] {dag.py:2972} INFO - Setting next_dagrun for example_branch_dop_operator_v3 to 2022-07-16T16:33:00+00:00, run_after=2022-07-16T16:34:00+00:00
[2022-07-16 16:34:32,219] {processor.py:161} INFO - Processing /home/airflow/.local/lib/python3.7/site-packages/airflow/example_dags/example_branch_python_dop_operator_3.py took 0.212 seconds
[2022-07-16 16:38:57,797] {processor.py:153} INFO - Started process (PID=296) to work on /home/airflow/.local/lib/python3.7/site-packages/airflow/example_dags/example_branch_python_dop_operator_3.py
[2022-07-16 16:38:57,803] {processor.py:641} INFO - Processing file /home/airflow/.local/lib/python3.7/site-packages/airflow/example_dags/example_branch_python_dop_operator_3.py for tasks to queue
[2022-07-16 16:38:57,811] {logging_mixin.py:115} INFO - [2022-07-16 16:38:57,811] {dagbag.py:508} INFO - Filling up the DagBag from /home/airflow/.local/lib/python3.7/site-packages/airflow/example_dags/example_branch_python_dop_operator_3.py
[2022-07-16 16:38:57,968] {processor.py:651} INFO - DAG(s) dict_keys(['example_branch_dop_operator_v3']) retrieved from /home/airflow/.local/lib/python3.7/site-packages/airflow/example_dags/example_branch_python_dop_operator_3.py
[2022-07-16 16:38:59,536] {logging_mixin.py:115} INFO - [2022-07-16 16:38:59,536] {manager.py:508} INFO - Created Permission View: can delete on DAG:example_branch_dop_operator_v3
[2022-07-16 16:39:00,132] {logging_mixin.py:115} INFO - [2022-07-16 16:39:00,076] {manager.py:508} INFO - Created Permission View: can edit on DAG:example_branch_dop_operator_v3
[2022-07-16 16:39:00,287] {logging_mixin.py:115} INFO - [2022-07-16 16:39:00,287] {manager.py:508} INFO - Created Permission View: can read on DAG:example_branch_dop_operator_v3
[2022-07-16 16:39:00,288] {logging_mixin.py:115} INFO - [2022-07-16 16:39:00,288] {dag.py:2420} INFO - Sync 1 DAGs
[2022-07-16 16:39:00,466] {logging_mixin.py:115} INFO - [2022-07-16 16:39:00,466] {dag.py:2439} INFO - Creating ORM DAG for example_branch_dop_operator_v3
[2022-07-16 16:39:00,779] {logging_mixin.py:115} INFO - [2022-07-16 16:39:00,779] {dag.py:2972} INFO - Setting next_dagrun for example_branch_dop_operator_v3 to 2022-07-16T16:38:00+00:00, run_after=2022-07-16T16:39:00+00:00
[2022-07-16 16:39:01,053] {processor.py:161} INFO - Processing /home/airflow/.local/lib/python3.7/site-packages/airflow/example_dags/example_branch_python_dop_operator_3.py took 3.319 seconds
[2022-07-16 16:39:35,761] {processor.py:153} INFO - Started process (PID=485) to work on /home/airflow/.local/lib/python3.7/site-packages/airflow/example_dags/example_branch_python_dop_operator_3.py
[2022-07-16 16:39:35,773] {processor.py:641} INFO - Processing file /home/airflow/.local/lib/python3.7/site-packages/airflow/example_dags/example_branch_python_dop_operator_3.py for tasks to queue
[2022-07-16 16:39:35,774] {logging_mixin.py:115} INFO - [2022-07-16 16:39:35,774] {dagbag.py:508} INFO - Filling up the DagBag from /home/airflow/.local/lib/python3.7/site-packages/airflow/example_dags/example_branch_python_dop_operator_3.py
[2022-07-16 16:39:35,958] {processor.py:651} INFO - DAG(s) dict_keys(['example_branch_dop_operator_v3']) retrieved from /home/airflow/.local/lib/python3.7/site-packages/airflow/example_dags/example_branch_python_dop_operator_3.py
[2022-07-16 16:39:36,086] {logging_mixin.py:115} INFO - [2022-07-16 16:39:36,086] {dag.py:2420} INFO - Sync 1 DAGs
[2022-07-16 16:39:36,236] {logging_mixin.py:115} INFO - [2022-07-16 16:39:36,235] {dag.py:2972} INFO - Setting next_dagrun for example_branch_dop_operator_v3 to 2022-07-16T16:38:00+00:00, run_after=2022-07-16T16:39:00+00:00
[2022-07-16 16:39:36,337] {processor.py:161} INFO - Processing /home/airflow/.local/lib/python3.7/site-packages/airflow/example_dags/example_branch_python_dop_operator_3.py took 0.654 seconds
