[2022-07-16 16:25:43,580] {processor.py:153} INFO - Started process (PID=187) to work on /home/airflow/.local/lib/python3.7/site-packages/airflow/example_dags/example_branch_labels.py
[2022-07-16 16:25:43,582] {processor.py:641} INFO - Processing file /home/airflow/.local/lib/python3.7/site-packages/airflow/example_dags/example_branch_labels.py for tasks to queue
[2022-07-16 16:25:43,586] {logging_mixin.py:115} INFO - [2022-07-16 16:25:43,583] {dagbag.py:508} INFO - Filling up the DagBag from /home/airflow/.local/lib/python3.7/site-packages/airflow/example_dags/example_branch_labels.py
[2022-07-16 16:25:43,726] {processor.py:651} INFO - DAG(s) dict_keys(['example_branch_labels']) retrieved from /home/airflow/.local/lib/python3.7/site-packages/airflow/example_dags/example_branch_labels.py
[2022-07-16 16:25:44,514] {logging_mixin.py:115} INFO - [2022-07-16 16:25:44,513] {manager.py:508} INFO - Created Permission View: can delete on DAG:example_branch_labels
[2022-07-16 16:25:44,531] {logging_mixin.py:115} INFO - [2022-07-16 16:25:44,531] {manager.py:508} INFO - Created Permission View: can edit on DAG:example_branch_labels
[2022-07-16 16:25:44,547] {logging_mixin.py:115} INFO - [2022-07-16 16:25:44,547] {manager.py:508} INFO - Created Permission View: can read on DAG:example_branch_labels
[2022-07-16 16:25:44,547] {logging_mixin.py:115} INFO - [2022-07-16 16:25:44,547] {dag.py:2420} INFO - Sync 1 DAGs
[2022-07-16 16:25:44,578] {logging_mixin.py:115} INFO - [2022-07-16 16:25:44,577] {dag.py:2439} INFO - Creating ORM DAG for example_branch_labels
[2022-07-16 16:25:44,644] {logging_mixin.py:115} INFO - [2022-07-16 16:25:44,644] {dag.py:2972} INFO - Setting next_dagrun for example_branch_labels to 2022-07-15T00:00:00+00:00, run_after=2022-07-16T00:00:00+00:00
[2022-07-16 16:25:44,676] {processor.py:161} INFO - Processing /home/airflow/.local/lib/python3.7/site-packages/airflow/example_dags/example_branch_labels.py took 1.131 seconds
[2022-07-16 16:26:15,483] {processor.py:153} INFO - Started process (PID=375) to work on /home/airflow/.local/lib/python3.7/site-packages/airflow/example_dags/example_branch_labels.py
[2022-07-16 16:26:15,506] {processor.py:641} INFO - Processing file /home/airflow/.local/lib/python3.7/site-packages/airflow/example_dags/example_branch_labels.py for tasks to queue
[2022-07-16 16:26:15,519] {logging_mixin.py:115} INFO - [2022-07-16 16:26:15,519] {dagbag.py:508} INFO - Filling up the DagBag from /home/airflow/.local/lib/python3.7/site-packages/airflow/example_dags/example_branch_labels.py
[2022-07-16 16:26:15,574] {processor.py:651} INFO - DAG(s) dict_keys(['example_branch_labels']) retrieved from /home/airflow/.local/lib/python3.7/site-packages/airflow/example_dags/example_branch_labels.py
[2022-07-16 16:26:15,751] {logging_mixin.py:115} INFO - [2022-07-16 16:26:15,751] {dag.py:2420} INFO - Sync 1 DAGs
[2022-07-16 16:26:15,926] {logging_mixin.py:115} INFO - [2022-07-16 16:26:15,925] {dag.py:2972} INFO - Setting next_dagrun for example_branch_labels to 2022-07-15T00:00:00+00:00, run_after=2022-07-16T00:00:00+00:00
[2022-07-16 16:26:16,055] {processor.py:161} INFO - Processing /home/airflow/.local/lib/python3.7/site-packages/airflow/example_dags/example_branch_labels.py took 0.612 seconds
[2022-07-16 16:26:54,526] {processor.py:153} INFO - Started process (PID=552) to work on /home/airflow/.local/lib/python3.7/site-packages/airflow/example_dags/example_branch_labels.py
[2022-07-16 16:26:54,550] {processor.py:641} INFO - Processing file /home/airflow/.local/lib/python3.7/site-packages/airflow/example_dags/example_branch_labels.py for tasks to queue
[2022-07-16 16:26:54,570] {logging_mixin.py:115} INFO - [2022-07-16 16:26:54,570] {dagbag.py:508} INFO - Filling up the DagBag from /home/airflow/.local/lib/python3.7/site-packages/airflow/example_dags/example_branch_labels.py
[2022-07-16 16:26:55,310] {processor.py:651} INFO - DAG(s) dict_keys(['example_branch_labels']) retrieved from /home/airflow/.local/lib/python3.7/site-packages/airflow/example_dags/example_branch_labels.py
[2022-07-16 16:26:56,377] {logging_mixin.py:115} INFO - [2022-07-16 16:26:56,377] {dag.py:2420} INFO - Sync 1 DAGs
[2022-07-16 16:26:56,975] {logging_mixin.py:115} INFO - [2022-07-16 16:26:56,975] {dag.py:2972} INFO - Setting next_dagrun for example_branch_labels to 2022-07-15T00:00:00+00:00, run_after=2022-07-16T00:00:00+00:00
[2022-07-16 16:26:57,168] {processor.py:161} INFO - Processing /home/airflow/.local/lib/python3.7/site-packages/airflow/example_dags/example_branch_labels.py took 2.708 seconds
[2022-07-16 16:27:27,980] {processor.py:153} INFO - Started process (PID=731) to work on /home/airflow/.local/lib/python3.7/site-packages/airflow/example_dags/example_branch_labels.py
[2022-07-16 16:27:28,002] {processor.py:641} INFO - Processing file /home/airflow/.local/lib/python3.7/site-packages/airflow/example_dags/example_branch_labels.py for tasks to queue
[2022-07-16 16:27:28,003] {logging_mixin.py:115} INFO - [2022-07-16 16:27:28,003] {dagbag.py:508} INFO - Filling up the DagBag from /home/airflow/.local/lib/python3.7/site-packages/airflow/example_dags/example_branch_labels.py
[2022-07-16 16:27:28,191] {processor.py:651} INFO - DAG(s) dict_keys(['example_branch_labels']) retrieved from /home/airflow/.local/lib/python3.7/site-packages/airflow/example_dags/example_branch_labels.py
[2022-07-16 16:27:28,321] {logging_mixin.py:115} INFO - [2022-07-16 16:27:28,321] {dag.py:2420} INFO - Sync 1 DAGs
[2022-07-16 16:27:28,388] {logging_mixin.py:115} INFO - [2022-07-16 16:27:28,387] {dag.py:2972} INFO - Setting next_dagrun for example_branch_labels to 2022-07-15T00:00:00+00:00, run_after=2022-07-16T00:00:00+00:00
[2022-07-16 16:27:28,413] {processor.py:161} INFO - Processing /home/airflow/.local/lib/python3.7/site-packages/airflow/example_dags/example_branch_labels.py took 0.467 seconds
[2022-07-16 16:28:02,385] {processor.py:153} INFO - Started process (PID=921) to work on /home/airflow/.local/lib/python3.7/site-packages/airflow/example_dags/example_branch_labels.py
[2022-07-16 16:28:02,402] {processor.py:641} INFO - Processing file /home/airflow/.local/lib/python3.7/site-packages/airflow/example_dags/example_branch_labels.py for tasks to queue
[2022-07-16 16:28:02,404] {logging_mixin.py:115} INFO - [2022-07-16 16:28:02,403] {dagbag.py:508} INFO - Filling up the DagBag from /home/airflow/.local/lib/python3.7/site-packages/airflow/example_dags/example_branch_labels.py
[2022-07-16 16:28:02,535] {processor.py:651} INFO - DAG(s) dict_keys(['example_branch_labels']) retrieved from /home/airflow/.local/lib/python3.7/site-packages/airflow/example_dags/example_branch_labels.py
[2022-07-16 16:28:03,008] {logging_mixin.py:115} INFO - [2022-07-16 16:28:03,005] {dag.py:2420} INFO - Sync 1 DAGs
[2022-07-16 16:28:03,687] {logging_mixin.py:115} INFO - [2022-07-16 16:28:03,687] {dag.py:2972} INFO - Setting next_dagrun for example_branch_labels to 2022-07-15T00:00:00+00:00, run_after=2022-07-16T00:00:00+00:00
[2022-07-16 16:28:04,214] {processor.py:161} INFO - Processing /home/airflow/.local/lib/python3.7/site-packages/airflow/example_dags/example_branch_labels.py took 1.891 seconds
[2022-07-16 16:28:34,738] {processor.py:153} INFO - Started process (PID=1113) to work on /home/airflow/.local/lib/python3.7/site-packages/airflow/example_dags/example_branch_labels.py
[2022-07-16 16:28:34,741] {processor.py:641} INFO - Processing file /home/airflow/.local/lib/python3.7/site-packages/airflow/example_dags/example_branch_labels.py for tasks to queue
[2022-07-16 16:28:34,751] {logging_mixin.py:115} INFO - [2022-07-16 16:28:34,751] {dagbag.py:508} INFO - Filling up the DagBag from /home/airflow/.local/lib/python3.7/site-packages/airflow/example_dags/example_branch_labels.py
[2022-07-16 16:28:34,812] {processor.py:651} INFO - DAG(s) dict_keys(['example_branch_labels']) retrieved from /home/airflow/.local/lib/python3.7/site-packages/airflow/example_dags/example_branch_labels.py
[2022-07-16 16:28:35,020] {logging_mixin.py:115} INFO - [2022-07-16 16:28:35,020] {dag.py:2420} INFO - Sync 1 DAGs
[2022-07-16 16:28:35,118] {logging_mixin.py:115} INFO - [2022-07-16 16:28:35,118] {dag.py:2972} INFO - Setting next_dagrun for example_branch_labels to 2022-07-15T00:00:00+00:00, run_after=2022-07-16T00:00:00+00:00
[2022-07-16 16:28:35,140] {processor.py:161} INFO - Processing /home/airflow/.local/lib/python3.7/site-packages/airflow/example_dags/example_branch_labels.py took 0.415 seconds
[2022-07-16 16:29:11,419] {processor.py:153} INFO - Started process (PID=1288) to work on /home/airflow/.local/lib/python3.7/site-packages/airflow/example_dags/example_branch_labels.py
[2022-07-16 16:29:11,422] {processor.py:641} INFO - Processing file /home/airflow/.local/lib/python3.7/site-packages/airflow/example_dags/example_branch_labels.py for tasks to queue
[2022-07-16 16:29:11,425] {logging_mixin.py:115} INFO - [2022-07-16 16:29:11,425] {dagbag.py:508} INFO - Filling up the DagBag from /home/airflow/.local/lib/python3.7/site-packages/airflow/example_dags/example_branch_labels.py
[2022-07-16 16:29:12,029] {processor.py:651} INFO - DAG(s) dict_keys(['example_branch_labels']) retrieved from /home/airflow/.local/lib/python3.7/site-packages/airflow/example_dags/example_branch_labels.py
[2022-07-16 16:29:13,761] {logging_mixin.py:115} INFO - [2022-07-16 16:29:13,759] {dag.py:2420} INFO - Sync 1 DAGs
[2022-07-16 16:29:15,238] {logging_mixin.py:115} INFO - [2022-07-16 16:29:15,237] {dag.py:2972} INFO - Setting next_dagrun for example_branch_labels to 2022-07-15T00:00:00+00:00, run_after=2022-07-16T00:00:00+00:00
[2022-07-16 16:29:15,588] {processor.py:161} INFO - Processing /home/airflow/.local/lib/python3.7/site-packages/airflow/example_dags/example_branch_labels.py took 4.194 seconds
[2022-07-16 16:29:53,397] {processor.py:153} INFO - Started process (PID=1488) to work on /home/airflow/.local/lib/python3.7/site-packages/airflow/example_dags/example_branch_labels.py
[2022-07-16 16:29:53,401] {processor.py:641} INFO - Processing file /home/airflow/.local/lib/python3.7/site-packages/airflow/example_dags/example_branch_labels.py for tasks to queue
[2022-07-16 16:29:53,402] {logging_mixin.py:115} INFO - [2022-07-16 16:29:53,402] {dagbag.py:508} INFO - Filling up the DagBag from /home/airflow/.local/lib/python3.7/site-packages/airflow/example_dags/example_branch_labels.py
[2022-07-16 16:29:53,455] {processor.py:651} INFO - DAG(s) dict_keys(['example_branch_labels']) retrieved from /home/airflow/.local/lib/python3.7/site-packages/airflow/example_dags/example_branch_labels.py
[2022-07-16 16:29:53,556] {logging_mixin.py:115} INFO - [2022-07-16 16:29:53,555] {dag.py:2420} INFO - Sync 1 DAGs
[2022-07-16 16:29:53,808] {logging_mixin.py:115} INFO - [2022-07-16 16:29:53,807] {dag.py:2972} INFO - Setting next_dagrun for example_branch_labels to 2022-07-15T00:00:00+00:00, run_after=2022-07-16T00:00:00+00:00
[2022-07-16 16:29:53,897] {processor.py:161} INFO - Processing /home/airflow/.local/lib/python3.7/site-packages/airflow/example_dags/example_branch_labels.py took 0.551 seconds
[2022-07-16 16:30:24,950] {processor.py:153} INFO - Started process (PID=1663) to work on /home/airflow/.local/lib/python3.7/site-packages/airflow/example_dags/example_branch_labels.py
[2022-07-16 16:30:24,951] {processor.py:641} INFO - Processing file /home/airflow/.local/lib/python3.7/site-packages/airflow/example_dags/example_branch_labels.py for tasks to queue
[2022-07-16 16:30:24,982] {logging_mixin.py:115} INFO - [2022-07-16 16:30:24,982] {dagbag.py:508} INFO - Filling up the DagBag from /home/airflow/.local/lib/python3.7/site-packages/airflow/example_dags/example_branch_labels.py
[2022-07-16 16:30:25,056] {processor.py:651} INFO - DAG(s) dict_keys(['example_branch_labels']) retrieved from /home/airflow/.local/lib/python3.7/site-packages/airflow/example_dags/example_branch_labels.py
[2022-07-16 16:30:25,279] {logging_mixin.py:115} INFO - [2022-07-16 16:30:25,279] {dag.py:2420} INFO - Sync 1 DAGs
[2022-07-16 16:30:25,481] {logging_mixin.py:115} INFO - [2022-07-16 16:30:25,481] {dag.py:2972} INFO - Setting next_dagrun for example_branch_labels to 2022-07-15T00:00:00+00:00, run_after=2022-07-16T00:00:00+00:00
[2022-07-16 16:30:25,518] {processor.py:161} INFO - Processing /home/airflow/.local/lib/python3.7/site-packages/airflow/example_dags/example_branch_labels.py took 0.627 seconds
[2022-07-16 16:30:58,274] {processor.py:153} INFO - Started process (PID=1839) to work on /home/airflow/.local/lib/python3.7/site-packages/airflow/example_dags/example_branch_labels.py
[2022-07-16 16:30:58,290] {processor.py:641} INFO - Processing file /home/airflow/.local/lib/python3.7/site-packages/airflow/example_dags/example_branch_labels.py for tasks to queue
[2022-07-16 16:30:58,301] {logging_mixin.py:115} INFO - [2022-07-16 16:30:58,301] {dagbag.py:508} INFO - Filling up the DagBag from /home/airflow/.local/lib/python3.7/site-packages/airflow/example_dags/example_branch_labels.py
[2022-07-16 16:30:58,477] {processor.py:651} INFO - DAG(s) dict_keys(['example_branch_labels']) retrieved from /home/airflow/.local/lib/python3.7/site-packages/airflow/example_dags/example_branch_labels.py
[2022-07-16 16:30:58,955] {logging_mixin.py:115} INFO - [2022-07-16 16:30:58,954] {dag.py:2420} INFO - Sync 1 DAGs
[2022-07-16 16:30:59,461] {logging_mixin.py:115} INFO - [2022-07-16 16:30:59,439] {dag.py:2972} INFO - Setting next_dagrun for example_branch_labels to 2022-07-15T00:00:00+00:00, run_after=2022-07-16T00:00:00+00:00
[2022-07-16 16:30:59,725] {processor.py:161} INFO - Processing /home/airflow/.local/lib/python3.7/site-packages/airflow/example_dags/example_branch_labels.py took 1.536 seconds
[2022-07-16 16:31:30,749] {processor.py:153} INFO - Started process (PID=2020) to work on /home/airflow/.local/lib/python3.7/site-packages/airflow/example_dags/example_branch_labels.py
[2022-07-16 16:31:30,750] {processor.py:641} INFO - Processing file /home/airflow/.local/lib/python3.7/site-packages/airflow/example_dags/example_branch_labels.py for tasks to queue
[2022-07-16 16:31:30,751] {logging_mixin.py:115} INFO - [2022-07-16 16:31:30,751] {dagbag.py:508} INFO - Filling up the DagBag from /home/airflow/.local/lib/python3.7/site-packages/airflow/example_dags/example_branch_labels.py
[2022-07-16 16:31:30,801] {processor.py:651} INFO - DAG(s) dict_keys(['example_branch_labels']) retrieved from /home/airflow/.local/lib/python3.7/site-packages/airflow/example_dags/example_branch_labels.py
[2022-07-16 16:31:30,985] {logging_mixin.py:115} INFO - [2022-07-16 16:31:30,984] {dag.py:2420} INFO - Sync 1 DAGs
[2022-07-16 16:31:31,271] {logging_mixin.py:115} INFO - [2022-07-16 16:31:31,259] {dag.py:2972} INFO - Setting next_dagrun for example_branch_labels to 2022-07-15T00:00:00+00:00, run_after=2022-07-16T00:00:00+00:00
[2022-07-16 16:31:31,440] {processor.py:161} INFO - Processing /home/airflow/.local/lib/python3.7/site-packages/airflow/example_dags/example_branch_labels.py took 0.741 seconds
[2022-07-16 16:32:01,691] {processor.py:153} INFO - Started process (PID=2206) to work on /home/airflow/.local/lib/python3.7/site-packages/airflow/example_dags/example_branch_labels.py
[2022-07-16 16:32:01,696] {processor.py:641} INFO - Processing file /home/airflow/.local/lib/python3.7/site-packages/airflow/example_dags/example_branch_labels.py for tasks to queue
[2022-07-16 16:32:01,698] {logging_mixin.py:115} INFO - [2022-07-16 16:32:01,697] {dagbag.py:508} INFO - Filling up the DagBag from /home/airflow/.local/lib/python3.7/site-packages/airflow/example_dags/example_branch_labels.py
[2022-07-16 16:32:01,738] {processor.py:651} INFO - DAG(s) dict_keys(['example_branch_labels']) retrieved from /home/airflow/.local/lib/python3.7/site-packages/airflow/example_dags/example_branch_labels.py
[2022-07-16 16:32:01,843] {logging_mixin.py:115} INFO - [2022-07-16 16:32:01,843] {dag.py:2420} INFO - Sync 1 DAGs
[2022-07-16 16:32:01,969] {logging_mixin.py:115} INFO - [2022-07-16 16:32:01,969] {dag.py:2972} INFO - Setting next_dagrun for example_branch_labels to 2022-07-15T00:00:00+00:00, run_after=2022-07-16T00:00:00+00:00
[2022-07-16 16:32:02,007] {processor.py:161} INFO - Processing /home/airflow/.local/lib/python3.7/site-packages/airflow/example_dags/example_branch_labels.py took 0.332 seconds
[2022-07-16 16:32:32,145] {processor.py:153} INFO - Started process (PID=2388) to work on /home/airflow/.local/lib/python3.7/site-packages/airflow/example_dags/example_branch_labels.py
[2022-07-16 16:32:32,146] {processor.py:641} INFO - Processing file /home/airflow/.local/lib/python3.7/site-packages/airflow/example_dags/example_branch_labels.py for tasks to queue
[2022-07-16 16:32:32,147] {logging_mixin.py:115} INFO - [2022-07-16 16:32:32,147] {dagbag.py:508} INFO - Filling up the DagBag from /home/airflow/.local/lib/python3.7/site-packages/airflow/example_dags/example_branch_labels.py
[2022-07-16 16:32:32,169] {processor.py:651} INFO - DAG(s) dict_keys(['example_branch_labels']) retrieved from /home/airflow/.local/lib/python3.7/site-packages/airflow/example_dags/example_branch_labels.py
[2022-07-16 16:32:32,235] {logging_mixin.py:115} INFO - [2022-07-16 16:32:32,235] {dag.py:2420} INFO - Sync 1 DAGs
[2022-07-16 16:32:32,316] {logging_mixin.py:115} INFO - [2022-07-16 16:32:32,315] {dag.py:2972} INFO - Setting next_dagrun for example_branch_labels to 2022-07-15T00:00:00+00:00, run_after=2022-07-16T00:00:00+00:00
[2022-07-16 16:32:32,363] {processor.py:161} INFO - Processing /home/airflow/.local/lib/python3.7/site-packages/airflow/example_dags/example_branch_labels.py took 0.230 seconds
[2022-07-16 16:33:02,679] {processor.py:153} INFO - Started process (PID=2564) to work on /home/airflow/.local/lib/python3.7/site-packages/airflow/example_dags/example_branch_labels.py
[2022-07-16 16:33:02,684] {processor.py:641} INFO - Processing file /home/airflow/.local/lib/python3.7/site-packages/airflow/example_dags/example_branch_labels.py for tasks to queue
[2022-07-16 16:33:02,688] {logging_mixin.py:115} INFO - [2022-07-16 16:33:02,687] {dagbag.py:508} INFO - Filling up the DagBag from /home/airflow/.local/lib/python3.7/site-packages/airflow/example_dags/example_branch_labels.py
[2022-07-16 16:33:02,817] {processor.py:651} INFO - DAG(s) dict_keys(['example_branch_labels']) retrieved from /home/airflow/.local/lib/python3.7/site-packages/airflow/example_dags/example_branch_labels.py
[2022-07-16 16:33:03,030] {logging_mixin.py:115} INFO - [2022-07-16 16:33:03,030] {dag.py:2420} INFO - Sync 1 DAGs
[2022-07-16 16:33:03,285] {logging_mixin.py:115} INFO - [2022-07-16 16:33:03,284] {dag.py:2972} INFO - Setting next_dagrun for example_branch_labels to 2022-07-15T00:00:00+00:00, run_after=2022-07-16T00:00:00+00:00
[2022-07-16 16:33:03,351] {processor.py:161} INFO - Processing /home/airflow/.local/lib/python3.7/site-packages/airflow/example_dags/example_branch_labels.py took 0.723 seconds
[2022-07-16 16:33:33,643] {processor.py:153} INFO - Started process (PID=2756) to work on /home/airflow/.local/lib/python3.7/site-packages/airflow/example_dags/example_branch_labels.py
[2022-07-16 16:33:33,644] {processor.py:641} INFO - Processing file /home/airflow/.local/lib/python3.7/site-packages/airflow/example_dags/example_branch_labels.py for tasks to queue
[2022-07-16 16:33:33,652] {logging_mixin.py:115} INFO - [2022-07-16 16:33:33,648] {dagbag.py:508} INFO - Filling up the DagBag from /home/airflow/.local/lib/python3.7/site-packages/airflow/example_dags/example_branch_labels.py
[2022-07-16 16:33:33,703] {processor.py:651} INFO - DAG(s) dict_keys(['example_branch_labels']) retrieved from /home/airflow/.local/lib/python3.7/site-packages/airflow/example_dags/example_branch_labels.py
[2022-07-16 16:33:33,792] {logging_mixin.py:115} INFO - [2022-07-16 16:33:33,792] {dag.py:2420} INFO - Sync 1 DAGs
[2022-07-16 16:33:33,856] {logging_mixin.py:115} INFO - [2022-07-16 16:33:33,855] {dag.py:2972} INFO - Setting next_dagrun for example_branch_labels to 2022-07-15T00:00:00+00:00, run_after=2022-07-16T00:00:00+00:00
[2022-07-16 16:33:33,885] {processor.py:161} INFO - Processing /home/airflow/.local/lib/python3.7/site-packages/airflow/example_dags/example_branch_labels.py took 0.261 seconds
[2022-07-16 16:34:04,109] {processor.py:153} INFO - Started process (PID=2947) to work on /home/airflow/.local/lib/python3.7/site-packages/airflow/example_dags/example_branch_labels.py
[2022-07-16 16:34:04,115] {processor.py:641} INFO - Processing file /home/airflow/.local/lib/python3.7/site-packages/airflow/example_dags/example_branch_labels.py for tasks to queue
[2022-07-16 16:34:04,120] {logging_mixin.py:115} INFO - [2022-07-16 16:34:04,120] {dagbag.py:508} INFO - Filling up the DagBag from /home/airflow/.local/lib/python3.7/site-packages/airflow/example_dags/example_branch_labels.py
[2022-07-16 16:34:04,170] {processor.py:651} INFO - DAG(s) dict_keys(['example_branch_labels']) retrieved from /home/airflow/.local/lib/python3.7/site-packages/airflow/example_dags/example_branch_labels.py
[2022-07-16 16:34:04,239] {logging_mixin.py:115} INFO - [2022-07-16 16:34:04,239] {dag.py:2420} INFO - Sync 1 DAGs
[2022-07-16 16:34:04,298] {logging_mixin.py:115} INFO - [2022-07-16 16:34:04,297] {dag.py:2972} INFO - Setting next_dagrun for example_branch_labels to 2022-07-15T00:00:00+00:00, run_after=2022-07-16T00:00:00+00:00
[2022-07-16 16:34:04,317] {processor.py:161} INFO - Processing /home/airflow/.local/lib/python3.7/site-packages/airflow/example_dags/example_branch_labels.py took 0.236 seconds
[2022-07-16 16:34:34,959] {processor.py:153} INFO - Started process (PID=3134) to work on /home/airflow/.local/lib/python3.7/site-packages/airflow/example_dags/example_branch_labels.py
[2022-07-16 16:34:34,974] {processor.py:641} INFO - Processing file /home/airflow/.local/lib/python3.7/site-packages/airflow/example_dags/example_branch_labels.py for tasks to queue
[2022-07-16 16:34:34,986] {logging_mixin.py:115} INFO - [2022-07-16 16:34:34,986] {dagbag.py:508} INFO - Filling up the DagBag from /home/airflow/.local/lib/python3.7/site-packages/airflow/example_dags/example_branch_labels.py
[2022-07-16 16:34:35,248] {processor.py:651} INFO - DAG(s) dict_keys(['example_branch_labels']) retrieved from /home/airflow/.local/lib/python3.7/site-packages/airflow/example_dags/example_branch_labels.py
[2022-07-16 16:34:35,813] {logging_mixin.py:115} INFO - [2022-07-16 16:34:35,812] {dag.py:2420} INFO - Sync 1 DAGs
[2022-07-16 16:34:36,204] {logging_mixin.py:115} INFO - [2022-07-16 16:34:36,202] {dag.py:2972} INFO - Setting next_dagrun for example_branch_labels to 2022-07-15T00:00:00+00:00, run_after=2022-07-16T00:00:00+00:00
[2022-07-16 16:34:36,372] {processor.py:161} INFO - Processing /home/airflow/.local/lib/python3.7/site-packages/airflow/example_dags/example_branch_labels.py took 1.441 seconds
[2022-07-16 16:38:22,374] {processor.py:153} INFO - Started process (PID=199) to work on /home/airflow/.local/lib/python3.7/site-packages/airflow/example_dags/example_branch_labels.py
[2022-07-16 16:38:22,414] {processor.py:641} INFO - Processing file /home/airflow/.local/lib/python3.7/site-packages/airflow/example_dags/example_branch_labels.py for tasks to queue
[2022-07-16 16:38:22,455] {logging_mixin.py:115} INFO - [2022-07-16 16:38:22,455] {dagbag.py:508} INFO - Filling up the DagBag from /home/airflow/.local/lib/python3.7/site-packages/airflow/example_dags/example_branch_labels.py
[2022-07-16 16:38:22,841] {processor.py:651} INFO - DAG(s) dict_keys(['example_branch_labels']) retrieved from /home/airflow/.local/lib/python3.7/site-packages/airflow/example_dags/example_branch_labels.py
[2022-07-16 16:38:25,953] {logging_mixin.py:115} INFO - [2022-07-16 16:38:25,953] {manager.py:508} INFO - Created Permission View: can delete on DAG:example_branch_labels
[2022-07-16 16:38:26,237] {logging_mixin.py:115} INFO - [2022-07-16 16:38:26,237] {manager.py:508} INFO - Created Permission View: can edit on DAG:example_branch_labels
[2022-07-16 16:38:26,522] {logging_mixin.py:115} INFO - [2022-07-16 16:38:26,522] {manager.py:508} INFO - Created Permission View: can read on DAG:example_branch_labels
[2022-07-16 16:38:26,523] {logging_mixin.py:115} INFO - [2022-07-16 16:38:26,523] {dag.py:2420} INFO - Sync 1 DAGs
[2022-07-16 16:38:26,971] {logging_mixin.py:115} INFO - [2022-07-16 16:38:26,970] {dag.py:2439} INFO - Creating ORM DAG for example_branch_labels
[2022-07-16 16:38:27,304] {logging_mixin.py:115} INFO - [2022-07-16 16:38:27,304] {dag.py:2972} INFO - Setting next_dagrun for example_branch_labels to 2022-07-15T00:00:00+00:00, run_after=2022-07-16T00:00:00+00:00
[2022-07-16 16:38:27,582] {processor.py:161} INFO - Processing /home/airflow/.local/lib/python3.7/site-packages/airflow/example_dags/example_branch_labels.py took 5.485 seconds
[2022-07-16 16:39:17,626] {processor.py:153} INFO - Started process (PID=390) to work on /home/airflow/.local/lib/python3.7/site-packages/airflow/example_dags/example_branch_labels.py
[2022-07-16 16:39:17,633] {processor.py:641} INFO - Processing file /home/airflow/.local/lib/python3.7/site-packages/airflow/example_dags/example_branch_labels.py for tasks to queue
[2022-07-16 16:39:17,634] {logging_mixin.py:115} INFO - [2022-07-16 16:39:17,634] {dagbag.py:508} INFO - Filling up the DagBag from /home/airflow/.local/lib/python3.7/site-packages/airflow/example_dags/example_branch_labels.py
[2022-07-16 16:39:17,668] {processor.py:651} INFO - DAG(s) dict_keys(['example_branch_labels']) retrieved from /home/airflow/.local/lib/python3.7/site-packages/airflow/example_dags/example_branch_labels.py
[2022-07-16 16:39:17,862] {logging_mixin.py:115} INFO - [2022-07-16 16:39:17,862] {dag.py:2420} INFO - Sync 1 DAGs
[2022-07-16 16:39:18,130] {logging_mixin.py:115} INFO - [2022-07-16 16:39:18,130] {dag.py:2972} INFO - Setting next_dagrun for example_branch_labels to 2022-07-15T00:00:00+00:00, run_after=2022-07-16T00:00:00+00:00
[2022-07-16 16:39:18,238] {processor.py:161} INFO - Processing /home/airflow/.local/lib/python3.7/site-packages/airflow/example_dags/example_branch_labels.py took 0.624 seconds
