[2022-07-16 16:25:59,187] {processor.py:153} INFO - Started process (PID=296) to work on /home/airflow/.local/lib/python3.7/site-packages/airflow/example_dags/example_complex.py
[2022-07-16 16:25:59,202] {processor.py:641} INFO - Processing file /home/airflow/.local/lib/python3.7/site-packages/airflow/example_dags/example_complex.py for tasks to queue
[2022-07-16 16:25:59,220] {logging_mixin.py:115} INFO - [2022-07-16 16:25:59,220] {dagbag.py:508} INFO - Filling up the DagBag from /home/airflow/.local/lib/python3.7/site-packages/airflow/example_dags/example_complex.py
[2022-07-16 16:25:59,382] {processor.py:651} INFO - DAG(s) dict_keys(['example_complex']) retrieved from /home/airflow/.local/lib/python3.7/site-packages/airflow/example_dags/example_complex.py
[2022-07-16 16:26:00,482] {logging_mixin.py:115} INFO - [2022-07-16 16:26:00,478] {manager.py:508} INFO - Created Permission View: can delete on DAG:example_complex
[2022-07-16 16:26:00,784] {logging_mixin.py:115} INFO - [2022-07-16 16:26:00,784] {manager.py:508} INFO - Created Permission View: can edit on DAG:example_complex
[2022-07-16 16:26:00,832] {logging_mixin.py:115} INFO - [2022-07-16 16:26:00,832] {manager.py:508} INFO - Created Permission View: can read on DAG:example_complex
[2022-07-16 16:26:00,833] {logging_mixin.py:115} INFO - [2022-07-16 16:26:00,833] {dag.py:2420} INFO - Sync 1 DAGs
[2022-07-16 16:26:01,050] {logging_mixin.py:115} INFO - [2022-07-16 16:26:01,050] {dag.py:2439} INFO - Creating ORM DAG for example_complex
[2022-07-16 16:26:01,193] {logging_mixin.py:115} INFO - [2022-07-16 16:26:01,193] {dag.py:2972} INFO - Setting next_dagrun for example_complex to None, run_after=None
[2022-07-16 16:26:01,339] {processor.py:161} INFO - Processing /home/airflow/.local/lib/python3.7/site-packages/airflow/example_dags/example_complex.py took 2.165 seconds
[2022-07-16 16:26:38,300] {processor.py:153} INFO - Started process (PID=482) to work on /home/airflow/.local/lib/python3.7/site-packages/airflow/example_dags/example_complex.py
[2022-07-16 16:26:38,359] {processor.py:641} INFO - Processing file /home/airflow/.local/lib/python3.7/site-packages/airflow/example_dags/example_complex.py for tasks to queue
[2022-07-16 16:26:38,403] {logging_mixin.py:115} INFO - [2022-07-16 16:26:38,396] {dagbag.py:508} INFO - Filling up the DagBag from /home/airflow/.local/lib/python3.7/site-packages/airflow/example_dags/example_complex.py
[2022-07-16 16:26:39,101] {processor.py:651} INFO - DAG(s) dict_keys(['example_complex']) retrieved from /home/airflow/.local/lib/python3.7/site-packages/airflow/example_dags/example_complex.py
[2022-07-16 16:26:39,542] {logging_mixin.py:115} INFO - [2022-07-16 16:26:39,541] {dag.py:2420} INFO - Sync 1 DAGs
[2022-07-16 16:26:40,104] {logging_mixin.py:115} INFO - [2022-07-16 16:26:40,103] {dag.py:2972} INFO - Setting next_dagrun for example_complex to None, run_after=None
[2022-07-16 16:26:40,136] {processor.py:161} INFO - Processing /home/airflow/.local/lib/python3.7/site-packages/airflow/example_dags/example_complex.py took 1.964 seconds
[2022-07-16 16:27:19,262] {processor.py:153} INFO - Started process (PID=673) to work on /home/airflow/.local/lib/python3.7/site-packages/airflow/example_dags/example_complex.py
[2022-07-16 16:27:19,264] {processor.py:641} INFO - Processing file /home/airflow/.local/lib/python3.7/site-packages/airflow/example_dags/example_complex.py for tasks to queue
[2022-07-16 16:27:19,265] {logging_mixin.py:115} INFO - [2022-07-16 16:27:19,265] {dagbag.py:508} INFO - Filling up the DagBag from /home/airflow/.local/lib/python3.7/site-packages/airflow/example_dags/example_complex.py
[2022-07-16 16:27:19,298] {processor.py:651} INFO - DAG(s) dict_keys(['example_complex']) retrieved from /home/airflow/.local/lib/python3.7/site-packages/airflow/example_dags/example_complex.py
[2022-07-16 16:27:19,490] {logging_mixin.py:115} INFO - [2022-07-16 16:27:19,489] {dag.py:2420} INFO - Sync 1 DAGs
[2022-07-16 16:27:19,678] {logging_mixin.py:115} INFO - [2022-07-16 16:27:19,677] {dag.py:2972} INFO - Setting next_dagrun for example_complex to None, run_after=None
[2022-07-16 16:27:19,787] {processor.py:161} INFO - Processing /home/airflow/.local/lib/python3.7/site-packages/airflow/example_dags/example_complex.py took 0.548 seconds
[2022-07-16 16:27:51,001] {processor.py:153} INFO - Started process (PID=861) to work on /home/airflow/.local/lib/python3.7/site-packages/airflow/example_dags/example_complex.py
[2022-07-16 16:27:51,002] {processor.py:641} INFO - Processing file /home/airflow/.local/lib/python3.7/site-packages/airflow/example_dags/example_complex.py for tasks to queue
[2022-07-16 16:27:51,003] {logging_mixin.py:115} INFO - [2022-07-16 16:27:51,003] {dagbag.py:508} INFO - Filling up the DagBag from /home/airflow/.local/lib/python3.7/site-packages/airflow/example_dags/example_complex.py
[2022-07-16 16:27:51,153] {processor.py:651} INFO - DAG(s) dict_keys(['example_complex']) retrieved from /home/airflow/.local/lib/python3.7/site-packages/airflow/example_dags/example_complex.py
[2022-07-16 16:27:51,812] {logging_mixin.py:115} INFO - [2022-07-16 16:27:51,812] {dag.py:2420} INFO - Sync 1 DAGs
[2022-07-16 16:27:52,126] {logging_mixin.py:115} INFO - [2022-07-16 16:27:52,126] {dag.py:2972} INFO - Setting next_dagrun for example_complex to None, run_after=None
[2022-07-16 16:27:52,431] {processor.py:161} INFO - Processing /home/airflow/.local/lib/python3.7/site-packages/airflow/example_dags/example_complex.py took 1.473 seconds
[2022-07-16 16:28:23,364] {processor.py:153} INFO - Started process (PID=1048) to work on /home/airflow/.local/lib/python3.7/site-packages/airflow/example_dags/example_complex.py
[2022-07-16 16:28:23,370] {processor.py:641} INFO - Processing file /home/airflow/.local/lib/python3.7/site-packages/airflow/example_dags/example_complex.py for tasks to queue
[2022-07-16 16:28:23,371] {logging_mixin.py:115} INFO - [2022-07-16 16:28:23,371] {dagbag.py:508} INFO - Filling up the DagBag from /home/airflow/.local/lib/python3.7/site-packages/airflow/example_dags/example_complex.py
[2022-07-16 16:28:23,443] {processor.py:651} INFO - DAG(s) dict_keys(['example_complex']) retrieved from /home/airflow/.local/lib/python3.7/site-packages/airflow/example_dags/example_complex.py
[2022-07-16 16:28:23,602] {logging_mixin.py:115} INFO - [2022-07-16 16:28:23,601] {dag.py:2420} INFO - Sync 1 DAGs
[2022-07-16 16:28:23,706] {logging_mixin.py:115} INFO - [2022-07-16 16:28:23,706] {dag.py:2972} INFO - Setting next_dagrun for example_complex to None, run_after=None
[2022-07-16 16:28:23,739] {processor.py:161} INFO - Processing /home/airflow/.local/lib/python3.7/site-packages/airflow/example_dags/example_complex.py took 0.398 seconds
[2022-07-16 16:28:54,630] {processor.py:153} INFO - Started process (PID=1229) to work on /home/airflow/.local/lib/python3.7/site-packages/airflow/example_dags/example_complex.py
[2022-07-16 16:28:54,633] {processor.py:641} INFO - Processing file /home/airflow/.local/lib/python3.7/site-packages/airflow/example_dags/example_complex.py for tasks to queue
[2022-07-16 16:28:54,635] {logging_mixin.py:115} INFO - [2022-07-16 16:28:54,634] {dagbag.py:508} INFO - Filling up the DagBag from /home/airflow/.local/lib/python3.7/site-packages/airflow/example_dags/example_complex.py
[2022-07-16 16:28:54,737] {processor.py:651} INFO - DAG(s) dict_keys(['example_complex']) retrieved from /home/airflow/.local/lib/python3.7/site-packages/airflow/example_dags/example_complex.py
[2022-07-16 16:28:54,869] {logging_mixin.py:115} INFO - [2022-07-16 16:28:54,868] {dag.py:2420} INFO - Sync 1 DAGs
[2022-07-16 16:28:54,966] {logging_mixin.py:115} INFO - [2022-07-16 16:28:54,965] {dag.py:2972} INFO - Setting next_dagrun for example_complex to None, run_after=None
[2022-07-16 16:28:55,006] {processor.py:161} INFO - Processing /home/airflow/.local/lib/python3.7/site-packages/airflow/example_dags/example_complex.py took 0.415 seconds
[2022-07-16 16:29:50,446] {processor.py:153} INFO - Started process (PID=1443) to work on /home/airflow/.local/lib/python3.7/site-packages/airflow/example_dags/example_complex.py
[2022-07-16 16:29:50,456] {processor.py:641} INFO - Processing file /home/airflow/.local/lib/python3.7/site-packages/airflow/example_dags/example_complex.py for tasks to queue
[2022-07-16 16:29:50,457] {logging_mixin.py:115} INFO - [2022-07-16 16:29:50,457] {dagbag.py:508} INFO - Filling up the DagBag from /home/airflow/.local/lib/python3.7/site-packages/airflow/example_dags/example_complex.py
[2022-07-16 16:29:50,495] {processor.py:651} INFO - DAG(s) dict_keys(['example_complex']) retrieved from /home/airflow/.local/lib/python3.7/site-packages/airflow/example_dags/example_complex.py
[2022-07-16 16:29:50,574] {logging_mixin.py:115} INFO - [2022-07-16 16:29:50,574] {dag.py:2420} INFO - Sync 1 DAGs
[2022-07-16 16:29:50,706] {logging_mixin.py:115} INFO - [2022-07-16 16:29:50,705] {dag.py:2972} INFO - Setting next_dagrun for example_complex to None, run_after=None
[2022-07-16 16:29:50,777] {processor.py:161} INFO - Processing /home/airflow/.local/lib/python3.7/site-packages/airflow/example_dags/example_complex.py took 0.343 seconds
[2022-07-16 16:30:21,926] {processor.py:153} INFO - Started process (PID=1632) to work on /home/airflow/.local/lib/python3.7/site-packages/airflow/example_dags/example_complex.py
[2022-07-16 16:30:21,929] {processor.py:641} INFO - Processing file /home/airflow/.local/lib/python3.7/site-packages/airflow/example_dags/example_complex.py for tasks to queue
[2022-07-16 16:30:21,930] {logging_mixin.py:115} INFO - [2022-07-16 16:30:21,930] {dagbag.py:508} INFO - Filling up the DagBag from /home/airflow/.local/lib/python3.7/site-packages/airflow/example_dags/example_complex.py
[2022-07-16 16:30:22,069] {processor.py:651} INFO - DAG(s) dict_keys(['example_complex']) retrieved from /home/airflow/.local/lib/python3.7/site-packages/airflow/example_dags/example_complex.py
[2022-07-16 16:30:22,341] {logging_mixin.py:115} INFO - [2022-07-16 16:30:22,341] {dag.py:2420} INFO - Sync 1 DAGs
[2022-07-16 16:30:22,647] {logging_mixin.py:115} INFO - [2022-07-16 16:30:22,647] {dag.py:2972} INFO - Setting next_dagrun for example_complex to None, run_after=None
[2022-07-16 16:30:22,797] {processor.py:161} INFO - Processing /home/airflow/.local/lib/python3.7/site-packages/airflow/example_dags/example_complex.py took 0.927 seconds
[2022-07-16 16:30:53,862] {processor.py:153} INFO - Started process (PID=1823) to work on /home/airflow/.local/lib/python3.7/site-packages/airflow/example_dags/example_complex.py
[2022-07-16 16:30:53,887] {processor.py:641} INFO - Processing file /home/airflow/.local/lib/python3.7/site-packages/airflow/example_dags/example_complex.py for tasks to queue
[2022-07-16 16:30:53,889] {logging_mixin.py:115} INFO - [2022-07-16 16:30:53,888] {dagbag.py:508} INFO - Filling up the DagBag from /home/airflow/.local/lib/python3.7/site-packages/airflow/example_dags/example_complex.py
[2022-07-16 16:30:54,227] {processor.py:651} INFO - DAG(s) dict_keys(['example_complex']) retrieved from /home/airflow/.local/lib/python3.7/site-packages/airflow/example_dags/example_complex.py
[2022-07-16 16:30:55,003] {logging_mixin.py:115} INFO - [2022-07-16 16:30:54,991] {dag.py:2420} INFO - Sync 1 DAGs
[2022-07-16 16:30:55,973] {logging_mixin.py:115} INFO - [2022-07-16 16:30:55,973] {dag.py:2972} INFO - Setting next_dagrun for example_complex to None, run_after=None
[2022-07-16 16:30:56,368] {processor.py:161} INFO - Processing /home/airflow/.local/lib/python3.7/site-packages/airflow/example_dags/example_complex.py took 2.613 seconds
[2022-07-16 16:31:26,467] {processor.py:153} INFO - Started process (PID=2000) to work on /home/airflow/.local/lib/python3.7/site-packages/airflow/example_dags/example_complex.py
[2022-07-16 16:31:26,468] {processor.py:641} INFO - Processing file /home/airflow/.local/lib/python3.7/site-packages/airflow/example_dags/example_complex.py for tasks to queue
[2022-07-16 16:31:26,470] {logging_mixin.py:115} INFO - [2022-07-16 16:31:26,469] {dagbag.py:508} INFO - Filling up the DagBag from /home/airflow/.local/lib/python3.7/site-packages/airflow/example_dags/example_complex.py
[2022-07-16 16:31:26,509] {processor.py:651} INFO - DAG(s) dict_keys(['example_complex']) retrieved from /home/airflow/.local/lib/python3.7/site-packages/airflow/example_dags/example_complex.py
[2022-07-16 16:31:26,610] {logging_mixin.py:115} INFO - [2022-07-16 16:31:26,610] {dag.py:2420} INFO - Sync 1 DAGs
[2022-07-16 16:31:26,741] {logging_mixin.py:115} INFO - [2022-07-16 16:31:26,741] {dag.py:2972} INFO - Setting next_dagrun for example_complex to None, run_after=None
[2022-07-16 16:31:26,820] {processor.py:161} INFO - Processing /home/airflow/.local/lib/python3.7/site-packages/airflow/example_dags/example_complex.py took 0.370 seconds
[2022-07-16 16:32:00,626] {processor.py:153} INFO - Started process (PID=2191) to work on /home/airflow/.local/lib/python3.7/site-packages/airflow/example_dags/example_complex.py
[2022-07-16 16:32:00,649] {processor.py:641} INFO - Processing file /home/airflow/.local/lib/python3.7/site-packages/airflow/example_dags/example_complex.py for tasks to queue
[2022-07-16 16:32:00,650] {logging_mixin.py:115} INFO - [2022-07-16 16:32:00,650] {dagbag.py:508} INFO - Filling up the DagBag from /home/airflow/.local/lib/python3.7/site-packages/airflow/example_dags/example_complex.py
[2022-07-16 16:32:00,899] {processor.py:651} INFO - DAG(s) dict_keys(['example_complex']) retrieved from /home/airflow/.local/lib/python3.7/site-packages/airflow/example_dags/example_complex.py
[2022-07-16 16:32:01,262] {logging_mixin.py:115} INFO - [2022-07-16 16:32:01,261] {dag.py:2420} INFO - Sync 1 DAGs
[2022-07-16 16:32:01,413] {logging_mixin.py:115} INFO - [2022-07-16 16:32:01,413] {dag.py:2972} INFO - Setting next_dagrun for example_complex to None, run_after=None
[2022-07-16 16:32:01,438] {processor.py:161} INFO - Processing /home/airflow/.local/lib/python3.7/site-packages/airflow/example_dags/example_complex.py took 0.880 seconds
[2022-07-16 16:32:32,078] {processor.py:153} INFO - Started process (PID=2383) to work on /home/airflow/.local/lib/python3.7/site-packages/airflow/example_dags/example_complex.py
[2022-07-16 16:32:32,079] {processor.py:641} INFO - Processing file /home/airflow/.local/lib/python3.7/site-packages/airflow/example_dags/example_complex.py for tasks to queue
[2022-07-16 16:32:32,080] {logging_mixin.py:115} INFO - [2022-07-16 16:32:32,080] {dagbag.py:508} INFO - Filling up the DagBag from /home/airflow/.local/lib/python3.7/site-packages/airflow/example_dags/example_complex.py
[2022-07-16 16:32:32,122] {processor.py:651} INFO - DAG(s) dict_keys(['example_complex']) retrieved from /home/airflow/.local/lib/python3.7/site-packages/airflow/example_dags/example_complex.py
[2022-07-16 16:32:32,202] {logging_mixin.py:115} INFO - [2022-07-16 16:32:32,202] {dag.py:2420} INFO - Sync 1 DAGs
[2022-07-16 16:32:32,258] {logging_mixin.py:115} INFO - [2022-07-16 16:32:32,258] {dag.py:2972} INFO - Setting next_dagrun for example_complex to None, run_after=None
[2022-07-16 16:32:32,285] {processor.py:161} INFO - Processing /home/airflow/.local/lib/python3.7/site-packages/airflow/example_dags/example_complex.py took 0.218 seconds
[2022-07-16 16:33:03,527] {processor.py:153} INFO - Started process (PID=2576) to work on /home/airflow/.local/lib/python3.7/site-packages/airflow/example_dags/example_complex.py
[2022-07-16 16:33:03,543] {processor.py:641} INFO - Processing file /home/airflow/.local/lib/python3.7/site-packages/airflow/example_dags/example_complex.py for tasks to queue
[2022-07-16 16:33:03,545] {logging_mixin.py:115} INFO - [2022-07-16 16:33:03,545] {dagbag.py:508} INFO - Filling up the DagBag from /home/airflow/.local/lib/python3.7/site-packages/airflow/example_dags/example_complex.py
[2022-07-16 16:33:03,636] {processor.py:651} INFO - DAG(s) dict_keys(['example_complex']) retrieved from /home/airflow/.local/lib/python3.7/site-packages/airflow/example_dags/example_complex.py
[2022-07-16 16:33:03,761] {logging_mixin.py:115} INFO - [2022-07-16 16:33:03,761] {dag.py:2420} INFO - Sync 1 DAGs
[2022-07-16 16:33:03,850] {logging_mixin.py:115} INFO - [2022-07-16 16:33:03,850] {dag.py:2972} INFO - Setting next_dagrun for example_complex to None, run_after=None
[2022-07-16 16:33:03,881] {processor.py:161} INFO - Processing /home/airflow/.local/lib/python3.7/site-packages/airflow/example_dags/example_complex.py took 0.362 seconds
[2022-07-16 16:33:35,234] {processor.py:153} INFO - Started process (PID=2772) to work on /home/airflow/.local/lib/python3.7/site-packages/airflow/example_dags/example_complex.py
[2022-07-16 16:33:35,236] {processor.py:641} INFO - Processing file /home/airflow/.local/lib/python3.7/site-packages/airflow/example_dags/example_complex.py for tasks to queue
[2022-07-16 16:33:35,238] {logging_mixin.py:115} INFO - [2022-07-16 16:33:35,238] {dagbag.py:508} INFO - Filling up the DagBag from /home/airflow/.local/lib/python3.7/site-packages/airflow/example_dags/example_complex.py
[2022-07-16 16:33:35,287] {processor.py:651} INFO - DAG(s) dict_keys(['example_complex']) retrieved from /home/airflow/.local/lib/python3.7/site-packages/airflow/example_dags/example_complex.py
[2022-07-16 16:33:35,437] {logging_mixin.py:115} INFO - [2022-07-16 16:33:35,437] {dag.py:2420} INFO - Sync 1 DAGs
[2022-07-16 16:33:35,570] {logging_mixin.py:115} INFO - [2022-07-16 16:33:35,570] {dag.py:2972} INFO - Setting next_dagrun for example_complex to None, run_after=None
[2022-07-16 16:33:35,687] {processor.py:161} INFO - Processing /home/airflow/.local/lib/python3.7/site-packages/airflow/example_dags/example_complex.py took 0.467 seconds
[2022-07-16 16:34:06,061] {processor.py:153} INFO - Started process (PID=2962) to work on /home/airflow/.local/lib/python3.7/site-packages/airflow/example_dags/example_complex.py
[2022-07-16 16:34:06,072] {processor.py:641} INFO - Processing file /home/airflow/.local/lib/python3.7/site-packages/airflow/example_dags/example_complex.py for tasks to queue
[2022-07-16 16:34:06,073] {logging_mixin.py:115} INFO - [2022-07-16 16:34:06,073] {dagbag.py:508} INFO - Filling up the DagBag from /home/airflow/.local/lib/python3.7/site-packages/airflow/example_dags/example_complex.py
[2022-07-16 16:34:06,140] {processor.py:651} INFO - DAG(s) dict_keys(['example_complex']) retrieved from /home/airflow/.local/lib/python3.7/site-packages/airflow/example_dags/example_complex.py
[2022-07-16 16:34:06,294] {logging_mixin.py:115} INFO - [2022-07-16 16:34:06,293] {dag.py:2420} INFO - Sync 1 DAGs
[2022-07-16 16:34:06,473] {logging_mixin.py:115} INFO - [2022-07-16 16:34:06,473] {dag.py:2972} INFO - Setting next_dagrun for example_complex to None, run_after=None
[2022-07-16 16:34:06,625] {processor.py:161} INFO - Processing /home/airflow/.local/lib/python3.7/site-packages/airflow/example_dags/example_complex.py took 0.602 seconds
[2022-07-16 16:34:38,227] {processor.py:153} INFO - Started process (PID=3159) to work on /home/airflow/.local/lib/python3.7/site-packages/airflow/example_dags/example_complex.py
[2022-07-16 16:34:38,232] {processor.py:641} INFO - Processing file /home/airflow/.local/lib/python3.7/site-packages/airflow/example_dags/example_complex.py for tasks to queue
[2022-07-16 16:34:38,233] {logging_mixin.py:115} INFO - [2022-07-16 16:34:38,233] {dagbag.py:508} INFO - Filling up the DagBag from /home/airflow/.local/lib/python3.7/site-packages/airflow/example_dags/example_complex.py
[2022-07-16 16:34:38,403] {processor.py:651} INFO - DAG(s) dict_keys(['example_complex']) retrieved from /home/airflow/.local/lib/python3.7/site-packages/airflow/example_dags/example_complex.py
[2022-07-16 16:34:39,050] {logging_mixin.py:115} INFO - [2022-07-16 16:34:39,049] {dag.py:2420} INFO - Sync 1 DAGs
[2022-07-16 16:34:39,551] {logging_mixin.py:115} INFO - [2022-07-16 16:34:39,551] {dag.py:2972} INFO - Setting next_dagrun for example_complex to None, run_after=None
[2022-07-16 16:34:39,673] {processor.py:161} INFO - Processing /home/airflow/.local/lib/python3.7/site-packages/airflow/example_dags/example_complex.py took 1.484 seconds
[2022-07-16 16:39:02,195] {processor.py:153} INFO - Started process (PID=318) to work on /home/airflow/.local/lib/python3.7/site-packages/airflow/example_dags/example_complex.py
[2022-07-16 16:39:02,295] {processor.py:641} INFO - Processing file /home/airflow/.local/lib/python3.7/site-packages/airflow/example_dags/example_complex.py for tasks to queue
[2022-07-16 16:39:02,296] {logging_mixin.py:115} INFO - [2022-07-16 16:39:02,296] {dagbag.py:508} INFO - Filling up the DagBag from /home/airflow/.local/lib/python3.7/site-packages/airflow/example_dags/example_complex.py
[2022-07-16 16:39:02,798] {processor.py:651} INFO - DAG(s) dict_keys(['example_complex']) retrieved from /home/airflow/.local/lib/python3.7/site-packages/airflow/example_dags/example_complex.py
[2022-07-16 16:39:04,058] {logging_mixin.py:115} INFO - [2022-07-16 16:39:04,058] {manager.py:508} INFO - Created Permission View: can delete on DAG:example_complex
[2022-07-16 16:39:04,228] {logging_mixin.py:115} INFO - [2022-07-16 16:39:04,228] {manager.py:508} INFO - Created Permission View: can edit on DAG:example_complex
[2022-07-16 16:39:04,341] {logging_mixin.py:115} INFO - [2022-07-16 16:39:04,341] {manager.py:508} INFO - Created Permission View: can read on DAG:example_complex
[2022-07-16 16:39:04,343] {logging_mixin.py:115} INFO - [2022-07-16 16:39:04,343] {dag.py:2420} INFO - Sync 1 DAGs
[2022-07-16 16:39:04,598] {logging_mixin.py:115} INFO - [2022-07-16 16:39:04,597] {dag.py:2439} INFO - Creating ORM DAG for example_complex
[2022-07-16 16:39:04,838] {logging_mixin.py:115} INFO - [2022-07-16 16:39:04,838] {dag.py:2972} INFO - Setting next_dagrun for example_complex to None, run_after=None
[2022-07-16 16:39:05,100] {processor.py:161} INFO - Processing /home/airflow/.local/lib/python3.7/site-packages/airflow/example_dags/example_complex.py took 2.909 seconds
[2022-07-16 16:39:36,677] {processor.py:153} INFO - Started process (PID=500) to work on /home/airflow/.local/lib/python3.7/site-packages/airflow/example_dags/example_complex.py
[2022-07-16 16:39:36,685] {processor.py:641} INFO - Processing file /home/airflow/.local/lib/python3.7/site-packages/airflow/example_dags/example_complex.py for tasks to queue
[2022-07-16 16:39:36,686] {logging_mixin.py:115} INFO - [2022-07-16 16:39:36,686] {dagbag.py:508} INFO - Filling up the DagBag from /home/airflow/.local/lib/python3.7/site-packages/airflow/example_dags/example_complex.py
[2022-07-16 16:39:36,745] {processor.py:651} INFO - DAG(s) dict_keys(['example_complex']) retrieved from /home/airflow/.local/lib/python3.7/site-packages/airflow/example_dags/example_complex.py
[2022-07-16 16:39:36,840] {logging_mixin.py:115} INFO - [2022-07-16 16:39:36,840] {dag.py:2420} INFO - Sync 1 DAGs
[2022-07-16 16:39:36,913] {logging_mixin.py:115} INFO - [2022-07-16 16:39:36,913] {dag.py:2972} INFO - Setting next_dagrun for example_complex to None, run_after=None
[2022-07-16 16:39:36,938] {processor.py:161} INFO - Processing /home/airflow/.local/lib/python3.7/site-packages/airflow/example_dags/example_complex.py took 0.277 seconds
