[2022-07-16 16:26:03,484] {processor.py:153} INFO - Started process (PID=311) to work on /home/airflow/.local/lib/python3.7/site-packages/airflow/example_dags/example_latest_only_with_trigger.py
[2022-07-16 16:26:03,485] {processor.py:641} INFO - Processing file /home/airflow/.local/lib/python3.7/site-packages/airflow/example_dags/example_latest_only_with_trigger.py for tasks to queue
[2022-07-16 16:26:03,490] {logging_mixin.py:115} INFO - [2022-07-16 16:26:03,490] {dagbag.py:508} INFO - Filling up the DagBag from /home/airflow/.local/lib/python3.7/site-packages/airflow/example_dags/example_latest_only_with_trigger.py
[2022-07-16 16:26:03,583] {processor.py:651} INFO - DAG(s) dict_keys(['latest_only_with_trigger']) retrieved from /home/airflow/.local/lib/python3.7/site-packages/airflow/example_dags/example_latest_only_with_trigger.py
[2022-07-16 16:26:05,125] {logging_mixin.py:115} INFO - [2022-07-16 16:26:05,124] {manager.py:508} INFO - Created Permission View: can delete on DAG:latest_only_with_trigger
[2022-07-16 16:26:05,172] {logging_mixin.py:115} INFO - [2022-07-16 16:26:05,172] {manager.py:508} INFO - Created Permission View: can edit on DAG:latest_only_with_trigger
[2022-07-16 16:26:05,218] {logging_mixin.py:115} INFO - [2022-07-16 16:26:05,217] {manager.py:508} INFO - Created Permission View: can read on DAG:latest_only_with_trigger
[2022-07-16 16:26:05,218] {logging_mixin.py:115} INFO - [2022-07-16 16:26:05,218] {dag.py:2420} INFO - Sync 1 DAGs
[2022-07-16 16:26:05,286] {logging_mixin.py:115} INFO - [2022-07-16 16:26:05,286] {dag.py:2439} INFO - Creating ORM DAG for latest_only_with_trigger
[2022-07-16 16:26:05,354] {logging_mixin.py:115} INFO - [2022-07-16 16:26:05,353] {dag.py:2972} INFO - Setting next_dagrun for latest_only_with_trigger to 2022-07-16T12:26:05.353176+00:00, run_after=2022-07-16T16:26:05.353176+00:00
[2022-07-16 16:26:05,449] {processor.py:161} INFO - Processing /home/airflow/.local/lib/python3.7/site-packages/airflow/example_dags/example_latest_only_with_trigger.py took 2.036 seconds
[2022-07-16 16:26:42,780] {processor.py:153} INFO - Started process (PID=499) to work on /home/airflow/.local/lib/python3.7/site-packages/airflow/example_dags/example_latest_only_with_trigger.py
[2022-07-16 16:26:42,814] {processor.py:641} INFO - Processing file /home/airflow/.local/lib/python3.7/site-packages/airflow/example_dags/example_latest_only_with_trigger.py for tasks to queue
[2022-07-16 16:26:42,838] {logging_mixin.py:115} INFO - [2022-07-16 16:26:42,837] {dagbag.py:508} INFO - Filling up the DagBag from /home/airflow/.local/lib/python3.7/site-packages/airflow/example_dags/example_latest_only_with_trigger.py
[2022-07-16 16:26:43,056] {processor.py:651} INFO - DAG(s) dict_keys(['latest_only_with_trigger']) retrieved from /home/airflow/.local/lib/python3.7/site-packages/airflow/example_dags/example_latest_only_with_trigger.py
[2022-07-16 16:26:43,799] {logging_mixin.py:115} INFO - [2022-07-16 16:26:43,799] {dag.py:2420} INFO - Sync 1 DAGs
[2022-07-16 16:26:44,138] {logging_mixin.py:115} INFO - [2022-07-16 16:26:44,138] {dag.py:2972} INFO - Setting next_dagrun for latest_only_with_trigger to 2022-07-16T12:26:44.137176+00:00, run_after=2022-07-16T16:26:44.137176+00:00
[2022-07-16 16:26:44,193] {processor.py:161} INFO - Processing /home/airflow/.local/lib/python3.7/site-packages/airflow/example_dags/example_latest_only_with_trigger.py took 1.473 seconds
[2022-07-16 16:27:20,558] {processor.py:153} INFO - Started process (PID=688) to work on /home/airflow/.local/lib/python3.7/site-packages/airflow/example_dags/example_latest_only_with_trigger.py
[2022-07-16 16:27:20,565] {processor.py:641} INFO - Processing file /home/airflow/.local/lib/python3.7/site-packages/airflow/example_dags/example_latest_only_with_trigger.py for tasks to queue
[2022-07-16 16:27:20,573] {logging_mixin.py:115} INFO - [2022-07-16 16:27:20,572] {dagbag.py:508} INFO - Filling up the DagBag from /home/airflow/.local/lib/python3.7/site-packages/airflow/example_dags/example_latest_only_with_trigger.py
[2022-07-16 16:27:20,618] {processor.py:651} INFO - DAG(s) dict_keys(['latest_only_with_trigger']) retrieved from /home/airflow/.local/lib/python3.7/site-packages/airflow/example_dags/example_latest_only_with_trigger.py
[2022-07-16 16:27:20,853] {logging_mixin.py:115} INFO - [2022-07-16 16:27:20,853] {dag.py:2420} INFO - Sync 1 DAGs
[2022-07-16 16:27:21,055] {logging_mixin.py:115} INFO - [2022-07-16 16:27:21,055] {dag.py:2972} INFO - Setting next_dagrun for latest_only_with_trigger to 2022-07-16T12:27:21.055028+00:00, run_after=2022-07-16T16:27:21.055028+00:00
[2022-07-16 16:27:21,129] {processor.py:161} INFO - Processing /home/airflow/.local/lib/python3.7/site-packages/airflow/example_dags/example_latest_only_with_trigger.py took 0.602 seconds
[2022-07-16 16:27:54,019] {processor.py:153} INFO - Started process (PID=876) to work on /home/airflow/.local/lib/python3.7/site-packages/airflow/example_dags/example_latest_only_with_trigger.py
[2022-07-16 16:27:54,027] {processor.py:641} INFO - Processing file /home/airflow/.local/lib/python3.7/site-packages/airflow/example_dags/example_latest_only_with_trigger.py for tasks to queue
[2022-07-16 16:27:54,039] {logging_mixin.py:115} INFO - [2022-07-16 16:27:54,038] {dagbag.py:508} INFO - Filling up the DagBag from /home/airflow/.local/lib/python3.7/site-packages/airflow/example_dags/example_latest_only_with_trigger.py
[2022-07-16 16:27:54,130] {processor.py:651} INFO - DAG(s) dict_keys(['latest_only_with_trigger']) retrieved from /home/airflow/.local/lib/python3.7/site-packages/airflow/example_dags/example_latest_only_with_trigger.py
[2022-07-16 16:27:54,325] {logging_mixin.py:115} INFO - [2022-07-16 16:27:54,324] {dag.py:2420} INFO - Sync 1 DAGs
[2022-07-16 16:27:54,579] {logging_mixin.py:115} INFO - [2022-07-16 16:27:54,579] {dag.py:2972} INFO - Setting next_dagrun for latest_only_with_trigger to 2022-07-16T12:27:54.578002+00:00, run_after=2022-07-16T16:27:54.578002+00:00
[2022-07-16 16:27:54,780] {processor.py:161} INFO - Processing /home/airflow/.local/lib/python3.7/site-packages/airflow/example_dags/example_latest_only_with_trigger.py took 0.880 seconds
[2022-07-16 16:28:25,421] {processor.py:153} INFO - Started process (PID=1063) to work on /home/airflow/.local/lib/python3.7/site-packages/airflow/example_dags/example_latest_only_with_trigger.py
[2022-07-16 16:28:25,422] {processor.py:641} INFO - Processing file /home/airflow/.local/lib/python3.7/site-packages/airflow/example_dags/example_latest_only_with_trigger.py for tasks to queue
[2022-07-16 16:28:25,434] {logging_mixin.py:115} INFO - [2022-07-16 16:28:25,423] {dagbag.py:508} INFO - Filling up the DagBag from /home/airflow/.local/lib/python3.7/site-packages/airflow/example_dags/example_latest_only_with_trigger.py
[2022-07-16 16:28:25,482] {processor.py:651} INFO - DAG(s) dict_keys(['latest_only_with_trigger']) retrieved from /home/airflow/.local/lib/python3.7/site-packages/airflow/example_dags/example_latest_only_with_trigger.py
[2022-07-16 16:28:25,603] {logging_mixin.py:115} INFO - [2022-07-16 16:28:25,603] {dag.py:2420} INFO - Sync 1 DAGs
[2022-07-16 16:28:25,679] {logging_mixin.py:115} INFO - [2022-07-16 16:28:25,679] {dag.py:2972} INFO - Setting next_dagrun for latest_only_with_trigger to 2022-07-16T12:28:25.675485+00:00, run_after=2022-07-16T16:28:25.675485+00:00
[2022-07-16 16:28:25,730] {processor.py:161} INFO - Processing /home/airflow/.local/lib/python3.7/site-packages/airflow/example_dags/example_latest_only_with_trigger.py took 0.372 seconds
[2022-07-16 16:28:57,152] {processor.py:153} INFO - Started process (PID=1256) to work on /home/airflow/.local/lib/python3.7/site-packages/airflow/example_dags/example_latest_only_with_trigger.py
[2022-07-16 16:28:57,157] {processor.py:641} INFO - Processing file /home/airflow/.local/lib/python3.7/site-packages/airflow/example_dags/example_latest_only_with_trigger.py for tasks to queue
[2022-07-16 16:28:57,158] {logging_mixin.py:115} INFO - [2022-07-16 16:28:57,158] {dagbag.py:508} INFO - Filling up the DagBag from /home/airflow/.local/lib/python3.7/site-packages/airflow/example_dags/example_latest_only_with_trigger.py
[2022-07-16 16:28:57,299] {processor.py:651} INFO - DAG(s) dict_keys(['latest_only_with_trigger']) retrieved from /home/airflow/.local/lib/python3.7/site-packages/airflow/example_dags/example_latest_only_with_trigger.py
[2022-07-16 16:28:57,874] {logging_mixin.py:115} INFO - [2022-07-16 16:28:57,874] {dag.py:2420} INFO - Sync 1 DAGs
[2022-07-16 16:28:58,606] {logging_mixin.py:115} INFO - [2022-07-16 16:28:58,606] {dag.py:2972} INFO - Setting next_dagrun for latest_only_with_trigger to 2022-07-16T12:28:58.594776+00:00, run_after=2022-07-16T16:28:58.594776+00:00
[2022-07-16 16:28:59,108] {processor.py:161} INFO - Processing /home/airflow/.local/lib/python3.7/site-packages/airflow/example_dags/example_latest_only_with_trigger.py took 2.077 seconds
[2022-07-16 16:29:51,483] {processor.py:153} INFO - Started process (PID=1458) to work on /home/airflow/.local/lib/python3.7/site-packages/airflow/example_dags/example_latest_only_with_trigger.py
[2022-07-16 16:29:51,485] {processor.py:641} INFO - Processing file /home/airflow/.local/lib/python3.7/site-packages/airflow/example_dags/example_latest_only_with_trigger.py for tasks to queue
[2022-07-16 16:29:51,486] {logging_mixin.py:115} INFO - [2022-07-16 16:29:51,486] {dagbag.py:508} INFO - Filling up the DagBag from /home/airflow/.local/lib/python3.7/site-packages/airflow/example_dags/example_latest_only_with_trigger.py
[2022-07-16 16:29:51,510] {processor.py:651} INFO - DAG(s) dict_keys(['latest_only_with_trigger']) retrieved from /home/airflow/.local/lib/python3.7/site-packages/airflow/example_dags/example_latest_only_with_trigger.py
[2022-07-16 16:29:51,636] {logging_mixin.py:115} INFO - [2022-07-16 16:29:51,636] {dag.py:2420} INFO - Sync 1 DAGs
[2022-07-16 16:29:51,761] {logging_mixin.py:115} INFO - [2022-07-16 16:29:51,760] {dag.py:2972} INFO - Setting next_dagrun for latest_only_with_trigger to 2022-07-16T12:29:51.760063+00:00, run_after=2022-07-16T16:29:51.760063+00:00
[2022-07-16 16:29:51,825] {processor.py:161} INFO - Processing /home/airflow/.local/lib/python3.7/site-packages/airflow/example_dags/example_latest_only_with_trigger.py took 0.355 seconds
[2022-07-16 16:30:23,546] {processor.py:153} INFO - Started process (PID=1647) to work on /home/airflow/.local/lib/python3.7/site-packages/airflow/example_dags/example_latest_only_with_trigger.py
[2022-07-16 16:30:23,547] {processor.py:641} INFO - Processing file /home/airflow/.local/lib/python3.7/site-packages/airflow/example_dags/example_latest_only_with_trigger.py for tasks to queue
[2022-07-16 16:30:23,549] {logging_mixin.py:115} INFO - [2022-07-16 16:30:23,549] {dagbag.py:508} INFO - Filling up the DagBag from /home/airflow/.local/lib/python3.7/site-packages/airflow/example_dags/example_latest_only_with_trigger.py
[2022-07-16 16:30:23,568] {processor.py:651} INFO - DAG(s) dict_keys(['latest_only_with_trigger']) retrieved from /home/airflow/.local/lib/python3.7/site-packages/airflow/example_dags/example_latest_only_with_trigger.py
[2022-07-16 16:30:23,741] {logging_mixin.py:115} INFO - [2022-07-16 16:30:23,741] {dag.py:2420} INFO - Sync 1 DAGs
[2022-07-16 16:30:23,850] {logging_mixin.py:115} INFO - [2022-07-16 16:30:23,850] {dag.py:2972} INFO - Setting next_dagrun for latest_only_with_trigger to 2022-07-16T12:30:23.849850+00:00, run_after=2022-07-16T16:30:23.849850+00:00
[2022-07-16 16:30:23,906] {processor.py:161} INFO - Processing /home/airflow/.local/lib/python3.7/site-packages/airflow/example_dags/example_latest_only_with_trigger.py took 0.370 seconds
[2022-07-16 16:31:00,349] {processor.py:153} INFO - Started process (PID=1854) to work on /home/airflow/.local/lib/python3.7/site-packages/airflow/example_dags/example_latest_only_with_trigger.py
[2022-07-16 16:31:00,357] {processor.py:641} INFO - Processing file /home/airflow/.local/lib/python3.7/site-packages/airflow/example_dags/example_latest_only_with_trigger.py for tasks to queue
[2022-07-16 16:31:00,358] {logging_mixin.py:115} INFO - [2022-07-16 16:31:00,358] {dagbag.py:508} INFO - Filling up the DagBag from /home/airflow/.local/lib/python3.7/site-packages/airflow/example_dags/example_latest_only_with_trigger.py
[2022-07-16 16:31:00,382] {processor.py:651} INFO - DAG(s) dict_keys(['latest_only_with_trigger']) retrieved from /home/airflow/.local/lib/python3.7/site-packages/airflow/example_dags/example_latest_only_with_trigger.py
[2022-07-16 16:31:00,585] {logging_mixin.py:115} INFO - [2022-07-16 16:31:00,584] {dag.py:2420} INFO - Sync 1 DAGs
[2022-07-16 16:31:00,769] {logging_mixin.py:115} INFO - [2022-07-16 16:31:00,768] {dag.py:2972} INFO - Setting next_dagrun for latest_only_with_trigger to 2022-07-16T12:31:00.768267+00:00, run_after=2022-07-16T16:31:00.768267+00:00
[2022-07-16 16:31:00,845] {processor.py:161} INFO - Processing /home/airflow/.local/lib/python3.7/site-packages/airflow/example_dags/example_latest_only_with_trigger.py took 0.514 seconds
[2022-07-16 16:31:31,829] {processor.py:153} INFO - Started process (PID=2039) to work on /home/airflow/.local/lib/python3.7/site-packages/airflow/example_dags/example_latest_only_with_trigger.py
[2022-07-16 16:31:31,832] {processor.py:641} INFO - Processing file /home/airflow/.local/lib/python3.7/site-packages/airflow/example_dags/example_latest_only_with_trigger.py for tasks to queue
[2022-07-16 16:31:31,840] {logging_mixin.py:115} INFO - [2022-07-16 16:31:31,840] {dagbag.py:508} INFO - Filling up the DagBag from /home/airflow/.local/lib/python3.7/site-packages/airflow/example_dags/example_latest_only_with_trigger.py
[2022-07-16 16:31:32,010] {processor.py:651} INFO - DAG(s) dict_keys(['latest_only_with_trigger']) retrieved from /home/airflow/.local/lib/python3.7/site-packages/airflow/example_dags/example_latest_only_with_trigger.py
[2022-07-16 16:31:32,429] {logging_mixin.py:115} INFO - [2022-07-16 16:31:32,429] {dag.py:2420} INFO - Sync 1 DAGs
[2022-07-16 16:31:33,011] {logging_mixin.py:115} INFO - [2022-07-16 16:31:33,010] {dag.py:2972} INFO - Setting next_dagrun for latest_only_with_trigger to 2022-07-16T12:31:33.010019+00:00, run_after=2022-07-16T16:31:33.010019+00:00
[2022-07-16 16:31:33,117] {processor.py:161} INFO - Processing /home/airflow/.local/lib/python3.7/site-packages/airflow/example_dags/example_latest_only_with_trigger.py took 1.335 seconds
[2022-07-16 16:32:03,378] {processor.py:153} INFO - Started process (PID=2218) to work on /home/airflow/.local/lib/python3.7/site-packages/airflow/example_dags/example_latest_only_with_trigger.py
[2022-07-16 16:32:03,380] {processor.py:641} INFO - Processing file /home/airflow/.local/lib/python3.7/site-packages/airflow/example_dags/example_latest_only_with_trigger.py for tasks to queue
[2022-07-16 16:32:03,381] {logging_mixin.py:115} INFO - [2022-07-16 16:32:03,381] {dagbag.py:508} INFO - Filling up the DagBag from /home/airflow/.local/lib/python3.7/site-packages/airflow/example_dags/example_latest_only_with_trigger.py
[2022-07-16 16:32:03,401] {processor.py:651} INFO - DAG(s) dict_keys(['latest_only_with_trigger']) retrieved from /home/airflow/.local/lib/python3.7/site-packages/airflow/example_dags/example_latest_only_with_trigger.py
[2022-07-16 16:32:03,501] {logging_mixin.py:115} INFO - [2022-07-16 16:32:03,501] {dag.py:2420} INFO - Sync 1 DAGs
[2022-07-16 16:32:03,591] {logging_mixin.py:115} INFO - [2022-07-16 16:32:03,591] {dag.py:2972} INFO - Setting next_dagrun for latest_only_with_trigger to 2022-07-16T12:32:03.591082+00:00, run_after=2022-07-16T16:32:03.591082+00:00
[2022-07-16 16:32:03,624] {processor.py:161} INFO - Processing /home/airflow/.local/lib/python3.7/site-packages/airflow/example_dags/example_latest_only_with_trigger.py took 0.257 seconds
[2022-07-16 16:32:34,664] {processor.py:153} INFO - Started process (PID=2406) to work on /home/airflow/.local/lib/python3.7/site-packages/airflow/example_dags/example_latest_only_with_trigger.py
[2022-07-16 16:32:34,678] {processor.py:641} INFO - Processing file /home/airflow/.local/lib/python3.7/site-packages/airflow/example_dags/example_latest_only_with_trigger.py for tasks to queue
[2022-07-16 16:32:34,679] {logging_mixin.py:115} INFO - [2022-07-16 16:32:34,679] {dagbag.py:508} INFO - Filling up the DagBag from /home/airflow/.local/lib/python3.7/site-packages/airflow/example_dags/example_latest_only_with_trigger.py
[2022-07-16 16:32:34,695] {processor.py:651} INFO - DAG(s) dict_keys(['latest_only_with_trigger']) retrieved from /home/airflow/.local/lib/python3.7/site-packages/airflow/example_dags/example_latest_only_with_trigger.py
[2022-07-16 16:32:34,786] {logging_mixin.py:115} INFO - [2022-07-16 16:32:34,785] {dag.py:2420} INFO - Sync 1 DAGs
[2022-07-16 16:32:34,852] {logging_mixin.py:115} INFO - [2022-07-16 16:32:34,852] {dag.py:2972} INFO - Setting next_dagrun for latest_only_with_trigger to 2022-07-16T12:32:34.850869+00:00, run_after=2022-07-16T16:32:34.850869+00:00
[2022-07-16 16:32:34,878] {processor.py:161} INFO - Processing /home/airflow/.local/lib/python3.7/site-packages/airflow/example_dags/example_latest_only_with_trigger.py took 0.222 seconds
[2022-07-16 16:33:05,425] {processor.py:153} INFO - Started process (PID=2595) to work on /home/airflow/.local/lib/python3.7/site-packages/airflow/example_dags/example_latest_only_with_trigger.py
[2022-07-16 16:33:05,433] {processor.py:641} INFO - Processing file /home/airflow/.local/lib/python3.7/site-packages/airflow/example_dags/example_latest_only_with_trigger.py for tasks to queue
[2022-07-16 16:33:05,438] {logging_mixin.py:115} INFO - [2022-07-16 16:33:05,437] {dagbag.py:508} INFO - Filling up the DagBag from /home/airflow/.local/lib/python3.7/site-packages/airflow/example_dags/example_latest_only_with_trigger.py
[2022-07-16 16:33:05,546] {processor.py:651} INFO - DAG(s) dict_keys(['latest_only_with_trigger']) retrieved from /home/airflow/.local/lib/python3.7/site-packages/airflow/example_dags/example_latest_only_with_trigger.py
[2022-07-16 16:33:05,758] {logging_mixin.py:115} INFO - [2022-07-16 16:33:05,758] {dag.py:2420} INFO - Sync 1 DAGs
[2022-07-16 16:33:05,890] {logging_mixin.py:115} INFO - [2022-07-16 16:33:05,890] {dag.py:2972} INFO - Setting next_dagrun for latest_only_with_trigger to 2022-07-16T12:33:05.890004+00:00, run_after=2022-07-16T16:33:05.890004+00:00
[2022-07-16 16:33:05,926] {processor.py:161} INFO - Processing /home/airflow/.local/lib/python3.7/site-packages/airflow/example_dags/example_latest_only_with_trigger.py took 0.599 seconds
[2022-07-16 16:33:36,832] {processor.py:153} INFO - Started process (PID=2787) to work on /home/airflow/.local/lib/python3.7/site-packages/airflow/example_dags/example_latest_only_with_trigger.py
[2022-07-16 16:33:36,833] {processor.py:641} INFO - Processing file /home/airflow/.local/lib/python3.7/site-packages/airflow/example_dags/example_latest_only_with_trigger.py for tasks to queue
[2022-07-16 16:33:36,835] {logging_mixin.py:115} INFO - [2022-07-16 16:33:36,834] {dagbag.py:508} INFO - Filling up the DagBag from /home/airflow/.local/lib/python3.7/site-packages/airflow/example_dags/example_latest_only_with_trigger.py
[2022-07-16 16:33:36,852] {processor.py:651} INFO - DAG(s) dict_keys(['latest_only_with_trigger']) retrieved from /home/airflow/.local/lib/python3.7/site-packages/airflow/example_dags/example_latest_only_with_trigger.py
[2022-07-16 16:33:37,002] {logging_mixin.py:115} INFO - [2022-07-16 16:33:37,002] {dag.py:2420} INFO - Sync 1 DAGs
[2022-07-16 16:33:37,077] {logging_mixin.py:115} INFO - [2022-07-16 16:33:37,077] {dag.py:2972} INFO - Setting next_dagrun for latest_only_with_trigger to 2022-07-16T12:33:37.076564+00:00, run_after=2022-07-16T16:33:37.076564+00:00
[2022-07-16 16:33:37,112] {processor.py:161} INFO - Processing /home/airflow/.local/lib/python3.7/site-packages/airflow/example_dags/example_latest_only_with_trigger.py took 0.292 seconds
[2022-07-16 16:34:07,911] {processor.py:153} INFO - Started process (PID=2976) to work on /home/airflow/.local/lib/python3.7/site-packages/airflow/example_dags/example_latest_only_with_trigger.py
[2022-07-16 16:34:07,912] {processor.py:641} INFO - Processing file /home/airflow/.local/lib/python3.7/site-packages/airflow/example_dags/example_latest_only_with_trigger.py for tasks to queue
[2022-07-16 16:34:07,921] {logging_mixin.py:115} INFO - [2022-07-16 16:34:07,921] {dagbag.py:508} INFO - Filling up the DagBag from /home/airflow/.local/lib/python3.7/site-packages/airflow/example_dags/example_latest_only_with_trigger.py
[2022-07-16 16:34:07,966] {processor.py:651} INFO - DAG(s) dict_keys(['latest_only_with_trigger']) retrieved from /home/airflow/.local/lib/python3.7/site-packages/airflow/example_dags/example_latest_only_with_trigger.py
[2022-07-16 16:34:08,121] {logging_mixin.py:115} INFO - [2022-07-16 16:34:08,121] {dag.py:2420} INFO - Sync 1 DAGs
[2022-07-16 16:34:08,377] {logging_mixin.py:115} INFO - [2022-07-16 16:34:08,377] {dag.py:2972} INFO - Setting next_dagrun for latest_only_with_trigger to 2022-07-16T12:34:08.376801+00:00, run_after=2022-07-16T16:34:08.376801+00:00
[2022-07-16 16:34:08,424] {processor.py:161} INFO - Processing /home/airflow/.local/lib/python3.7/site-packages/airflow/example_dags/example_latest_only_with_trigger.py took 0.534 seconds
[2022-07-16 16:34:40,235] {processor.py:153} INFO - Started process (PID=3176) to work on /home/airflow/.local/lib/python3.7/site-packages/airflow/example_dags/example_latest_only_with_trigger.py
[2022-07-16 16:34:40,281] {processor.py:641} INFO - Processing file /home/airflow/.local/lib/python3.7/site-packages/airflow/example_dags/example_latest_only_with_trigger.py for tasks to queue
[2022-07-16 16:34:40,282] {logging_mixin.py:115} INFO - [2022-07-16 16:34:40,282] {dagbag.py:508} INFO - Filling up the DagBag from /home/airflow/.local/lib/python3.7/site-packages/airflow/example_dags/example_latest_only_with_trigger.py
[2022-07-16 16:34:40,418] {processor.py:651} INFO - DAG(s) dict_keys(['latest_only_with_trigger']) retrieved from /home/airflow/.local/lib/python3.7/site-packages/airflow/example_dags/example_latest_only_with_trigger.py
[2022-07-16 16:34:40,677] {logging_mixin.py:115} INFO - [2022-07-16 16:34:40,676] {dag.py:2420} INFO - Sync 1 DAGs
[2022-07-16 16:34:40,908] {logging_mixin.py:115} INFO - [2022-07-16 16:34:40,907] {dag.py:2972} INFO - Setting next_dagrun for latest_only_with_trigger to 2022-07-16T12:34:40.906913+00:00, run_after=2022-07-16T16:34:40.906913+00:00
[2022-07-16 16:34:40,972] {processor.py:161} INFO - Processing /home/airflow/.local/lib/python3.7/site-packages/airflow/example_dags/example_latest_only_with_trigger.py took 0.777 seconds
[2022-07-16 16:39:09,337] {processor.py:153} INFO - Started process (PID=335) to work on /home/airflow/.local/lib/python3.7/site-packages/airflow/example_dags/example_latest_only_with_trigger.py
[2022-07-16 16:39:09,378] {processor.py:641} INFO - Processing file /home/airflow/.local/lib/python3.7/site-packages/airflow/example_dags/example_latest_only_with_trigger.py for tasks to queue
[2022-07-16 16:39:09,396] {logging_mixin.py:115} INFO - [2022-07-16 16:39:09,379] {dagbag.py:508} INFO - Filling up the DagBag from /home/airflow/.local/lib/python3.7/site-packages/airflow/example_dags/example_latest_only_with_trigger.py
[2022-07-16 16:39:09,612] {processor.py:651} INFO - DAG(s) dict_keys(['latest_only_with_trigger']) retrieved from /home/airflow/.local/lib/python3.7/site-packages/airflow/example_dags/example_latest_only_with_trigger.py
[2022-07-16 16:39:10,889] {logging_mixin.py:115} INFO - [2022-07-16 16:39:10,889] {manager.py:508} INFO - Created Permission View: can delete on DAG:latest_only_with_trigger
[2022-07-16 16:39:10,937] {logging_mixin.py:115} INFO - [2022-07-16 16:39:10,937] {manager.py:508} INFO - Created Permission View: can edit on DAG:latest_only_with_trigger
[2022-07-16 16:39:10,997] {logging_mixin.py:115} INFO - [2022-07-16 16:39:10,996] {manager.py:508} INFO - Created Permission View: can read on DAG:latest_only_with_trigger
[2022-07-16 16:39:10,997] {logging_mixin.py:115} INFO - [2022-07-16 16:39:10,997] {dag.py:2420} INFO - Sync 1 DAGs
[2022-07-16 16:39:11,047] {logging_mixin.py:115} INFO - [2022-07-16 16:39:11,047] {dag.py:2439} INFO - Creating ORM DAG for latest_only_with_trigger
[2022-07-16 16:39:11,227] {logging_mixin.py:115} INFO - [2022-07-16 16:39:11,227] {dag.py:2972} INFO - Setting next_dagrun for latest_only_with_trigger to 2022-07-16T12:39:11.227155+00:00, run_after=2022-07-16T16:39:11.227155+00:00
[2022-07-16 16:39:11,385] {processor.py:161} INFO - Processing /home/airflow/.local/lib/python3.7/site-packages/airflow/example_dags/example_latest_only_with_trigger.py took 2.178 seconds
