[2022-07-16 16:26:07,913] {processor.py:153} INFO - Started process (PID=331) to work on /home/airflow/.local/lib/python3.7/site-packages/airflow/example_dags/example_external_task_marker_dag.py
[2022-07-16 16:26:07,915] {processor.py:641} INFO - Processing file /home/airflow/.local/lib/python3.7/site-packages/airflow/example_dags/example_external_task_marker_dag.py for tasks to queue
[2022-07-16 16:26:07,937] {logging_mixin.py:115} INFO - [2022-07-16 16:26:07,937] {dagbag.py:508} INFO - Filling up the DagBag from /home/airflow/.local/lib/python3.7/site-packages/airflow/example_dags/example_external_task_marker_dag.py
[2022-07-16 16:26:07,993] {processor.py:651} INFO - DAG(s) dict_keys(['example_external_task_marker_parent', 'example_external_task_marker_child']) retrieved from /home/airflow/.local/lib/python3.7/site-packages/airflow/example_dags/example_external_task_marker_dag.py
[2022-07-16 16:26:09,717] {logging_mixin.py:115} INFO - [2022-07-16 16:26:09,717] {manager.py:508} INFO - Created Permission View: can delete on DAG:example_external_task_marker_parent
[2022-07-16 16:26:09,862] {logging_mixin.py:115} INFO - [2022-07-16 16:26:09,862] {manager.py:508} INFO - Created Permission View: can edit on DAG:example_external_task_marker_parent
[2022-07-16 16:26:09,990] {logging_mixin.py:115} INFO - [2022-07-16 16:26:09,990] {manager.py:508} INFO - Created Permission View: can read on DAG:example_external_task_marker_parent
[2022-07-16 16:26:10,984] {logging_mixin.py:115} INFO - [2022-07-16 16:26:10,984] {manager.py:508} INFO - Created Permission View: can delete on DAG:example_external_task_marker_child
[2022-07-16 16:26:11,007] {logging_mixin.py:115} INFO - [2022-07-16 16:26:11,007] {manager.py:508} INFO - Created Permission View: can edit on DAG:example_external_task_marker_child
[2022-07-16 16:26:11,037] {logging_mixin.py:115} INFO - [2022-07-16 16:26:11,036] {manager.py:508} INFO - Created Permission View: can read on DAG:example_external_task_marker_child
[2022-07-16 16:26:11,040] {logging_mixin.py:115} INFO - [2022-07-16 16:26:11,040] {dag.py:2420} INFO - Sync 2 DAGs
[2022-07-16 16:26:11,144] {logging_mixin.py:115} INFO - [2022-07-16 16:26:11,144] {dag.py:2439} INFO - Creating ORM DAG for example_external_task_marker_parent
[2022-07-16 16:26:11,154] {logging_mixin.py:115} INFO - [2022-07-16 16:26:11,154] {dag.py:2439} INFO - Creating ORM DAG for example_external_task_marker_child
[2022-07-16 16:26:11,310] {logging_mixin.py:115} INFO - [2022-07-16 16:26:11,310] {dag.py:2972} INFO - Setting next_dagrun for example_external_task_marker_child to None, run_after=None
[2022-07-16 16:26:11,321] {logging_mixin.py:115} INFO - [2022-07-16 16:26:11,321] {dag.py:2972} INFO - Setting next_dagrun for example_external_task_marker_parent to None, run_after=None
[2022-07-16 16:26:11,453] {processor.py:161} INFO - Processing /home/airflow/.local/lib/python3.7/site-packages/airflow/example_dags/example_external_task_marker_dag.py took 3.582 seconds
[2022-07-16 16:26:47,358] {processor.py:153} INFO - Started process (PID=519) to work on /home/airflow/.local/lib/python3.7/site-packages/airflow/example_dags/example_external_task_marker_dag.py
[2022-07-16 16:26:47,367] {processor.py:641} INFO - Processing file /home/airflow/.local/lib/python3.7/site-packages/airflow/example_dags/example_external_task_marker_dag.py for tasks to queue
[2022-07-16 16:26:47,369] {logging_mixin.py:115} INFO - [2022-07-16 16:26:47,369] {dagbag.py:508} INFO - Filling up the DagBag from /home/airflow/.local/lib/python3.7/site-packages/airflow/example_dags/example_external_task_marker_dag.py
[2022-07-16 16:26:47,491] {processor.py:651} INFO - DAG(s) dict_keys(['example_external_task_marker_parent', 'example_external_task_marker_child']) retrieved from /home/airflow/.local/lib/python3.7/site-packages/airflow/example_dags/example_external_task_marker_dag.py
[2022-07-16 16:26:49,565] {logging_mixin.py:115} INFO - [2022-07-16 16:26:49,565] {dag.py:2420} INFO - Sync 2 DAGs
[2022-07-16 16:26:50,481] {logging_mixin.py:115} INFO - [2022-07-16 16:26:50,481] {dag.py:2972} INFO - Setting next_dagrun for example_external_task_marker_child to None, run_after=None
[2022-07-16 16:26:50,522] {logging_mixin.py:115} INFO - [2022-07-16 16:26:50,522] {dag.py:2972} INFO - Setting next_dagrun for example_external_task_marker_parent to None, run_after=None
[2022-07-16 16:26:50,834] {processor.py:161} INFO - Processing /home/airflow/.local/lib/python3.7/site-packages/airflow/example_dags/example_external_task_marker_dag.py took 3.580 seconds
[2022-07-16 16:27:21,850] {processor.py:153} INFO - Started process (PID=708) to work on /home/airflow/.local/lib/python3.7/site-packages/airflow/example_dags/example_external_task_marker_dag.py
[2022-07-16 16:27:21,854] {processor.py:641} INFO - Processing file /home/airflow/.local/lib/python3.7/site-packages/airflow/example_dags/example_external_task_marker_dag.py for tasks to queue
[2022-07-16 16:27:21,855] {logging_mixin.py:115} INFO - [2022-07-16 16:27:21,855] {dagbag.py:508} INFO - Filling up the DagBag from /home/airflow/.local/lib/python3.7/site-packages/airflow/example_dags/example_external_task_marker_dag.py
[2022-07-16 16:27:21,875] {processor.py:651} INFO - DAG(s) dict_keys(['example_external_task_marker_parent', 'example_external_task_marker_child']) retrieved from /home/airflow/.local/lib/python3.7/site-packages/airflow/example_dags/example_external_task_marker_dag.py
[2022-07-16 16:27:22,377] {logging_mixin.py:115} INFO - [2022-07-16 16:27:22,376] {dag.py:2420} INFO - Sync 2 DAGs
[2022-07-16 16:27:22,582] {logging_mixin.py:115} INFO - [2022-07-16 16:27:22,582] {dag.py:2972} INFO - Setting next_dagrun for example_external_task_marker_child to None, run_after=None
[2022-07-16 16:27:22,583] {logging_mixin.py:115} INFO - [2022-07-16 16:27:22,583] {dag.py:2972} INFO - Setting next_dagrun for example_external_task_marker_parent to None, run_after=None
[2022-07-16 16:27:22,646] {processor.py:161} INFO - Processing /home/airflow/.local/lib/python3.7/site-packages/airflow/example_dags/example_external_task_marker_dag.py took 0.810 seconds
[2022-07-16 16:27:56,724] {processor.py:153} INFO - Started process (PID=896) to work on /home/airflow/.local/lib/python3.7/site-packages/airflow/example_dags/example_external_task_marker_dag.py
[2022-07-16 16:27:56,726] {processor.py:641} INFO - Processing file /home/airflow/.local/lib/python3.7/site-packages/airflow/example_dags/example_external_task_marker_dag.py for tasks to queue
[2022-07-16 16:27:56,734] {logging_mixin.py:115} INFO - [2022-07-16 16:27:56,727] {dagbag.py:508} INFO - Filling up the DagBag from /home/airflow/.local/lib/python3.7/site-packages/airflow/example_dags/example_external_task_marker_dag.py
[2022-07-16 16:27:56,833] {processor.py:651} INFO - DAG(s) dict_keys(['example_external_task_marker_parent', 'example_external_task_marker_child']) retrieved from /home/airflow/.local/lib/python3.7/site-packages/airflow/example_dags/example_external_task_marker_dag.py
[2022-07-16 16:27:57,886] {logging_mixin.py:115} INFO - [2022-07-16 16:27:57,885] {dag.py:2420} INFO - Sync 2 DAGs
[2022-07-16 16:27:58,798] {logging_mixin.py:115} INFO - [2022-07-16 16:27:58,798] {dag.py:2972} INFO - Setting next_dagrun for example_external_task_marker_child to None, run_after=None
[2022-07-16 16:27:58,799] {logging_mixin.py:115} INFO - [2022-07-16 16:27:58,799] {dag.py:2972} INFO - Setting next_dagrun for example_external_task_marker_parent to None, run_after=None
[2022-07-16 16:27:59,037] {processor.py:161} INFO - Processing /home/airflow/.local/lib/python3.7/site-packages/airflow/example_dags/example_external_task_marker_dag.py took 2.392 seconds
[2022-07-16 16:28:29,435] {processor.py:153} INFO - Started process (PID=1083) to work on /home/airflow/.local/lib/python3.7/site-packages/airflow/example_dags/example_external_task_marker_dag.py
[2022-07-16 16:28:29,447] {processor.py:641} INFO - Processing file /home/airflow/.local/lib/python3.7/site-packages/airflow/example_dags/example_external_task_marker_dag.py for tasks to queue
[2022-07-16 16:28:29,454] {logging_mixin.py:115} INFO - [2022-07-16 16:28:29,454] {dagbag.py:508} INFO - Filling up the DagBag from /home/airflow/.local/lib/python3.7/site-packages/airflow/example_dags/example_external_task_marker_dag.py
[2022-07-16 16:28:29,520] {processor.py:651} INFO - DAG(s) dict_keys(['example_external_task_marker_parent', 'example_external_task_marker_child']) retrieved from /home/airflow/.local/lib/python3.7/site-packages/airflow/example_dags/example_external_task_marker_dag.py
[2022-07-16 16:28:30,122] {logging_mixin.py:115} INFO - [2022-07-16 16:28:30,121] {dag.py:2420} INFO - Sync 2 DAGs
[2022-07-16 16:28:30,395] {logging_mixin.py:115} INFO - [2022-07-16 16:28:30,395] {dag.py:2972} INFO - Setting next_dagrun for example_external_task_marker_child to None, run_after=None
[2022-07-16 16:28:30,412] {logging_mixin.py:115} INFO - [2022-07-16 16:28:30,395] {dag.py:2972} INFO - Setting next_dagrun for example_external_task_marker_parent to None, run_after=None
[2022-07-16 16:28:30,509] {processor.py:161} INFO - Processing /home/airflow/.local/lib/python3.7/site-packages/airflow/example_dags/example_external_task_marker_dag.py took 1.107 seconds
[2022-07-16 16:29:05,029] {processor.py:153} INFO - Started process (PID=1278) to work on /home/airflow/.local/lib/python3.7/site-packages/airflow/example_dags/example_external_task_marker_dag.py
[2022-07-16 16:29:05,044] {processor.py:641} INFO - Processing file /home/airflow/.local/lib/python3.7/site-packages/airflow/example_dags/example_external_task_marker_dag.py for tasks to queue
[2022-07-16 16:29:05,052] {logging_mixin.py:115} INFO - [2022-07-16 16:29:05,045] {dagbag.py:508} INFO - Filling up the DagBag from /home/airflow/.local/lib/python3.7/site-packages/airflow/example_dags/example_external_task_marker_dag.py
[2022-07-16 16:29:05,312] {processor.py:651} INFO - DAG(s) dict_keys(['example_external_task_marker_parent', 'example_external_task_marker_child']) retrieved from /home/airflow/.local/lib/python3.7/site-packages/airflow/example_dags/example_external_task_marker_dag.py
[2022-07-16 16:29:07,495] {logging_mixin.py:115} INFO - [2022-07-16 16:29:07,495] {dag.py:2420} INFO - Sync 2 DAGs
[2022-07-16 16:29:09,771] {logging_mixin.py:115} INFO - [2022-07-16 16:29:09,768] {dag.py:2972} INFO - Setting next_dagrun for example_external_task_marker_child to None, run_after=None
[2022-07-16 16:29:09,800] {logging_mixin.py:115} INFO - [2022-07-16 16:29:09,800] {dag.py:2972} INFO - Setting next_dagrun for example_external_task_marker_parent to None, run_after=None
[2022-07-16 16:29:10,829] {processor.py:161} INFO - Processing /home/airflow/.local/lib/python3.7/site-packages/airflow/example_dags/example_external_task_marker_dag.py took 5.896 seconds
[2022-07-16 16:29:52,824] {processor.py:153} INFO - Started process (PID=1478) to work on /home/airflow/.local/lib/python3.7/site-packages/airflow/example_dags/example_external_task_marker_dag.py
[2022-07-16 16:29:52,825] {processor.py:641} INFO - Processing file /home/airflow/.local/lib/python3.7/site-packages/airflow/example_dags/example_external_task_marker_dag.py for tasks to queue
[2022-07-16 16:29:52,826] {logging_mixin.py:115} INFO - [2022-07-16 16:29:52,826] {dagbag.py:508} INFO - Filling up the DagBag from /home/airflow/.local/lib/python3.7/site-packages/airflow/example_dags/example_external_task_marker_dag.py
[2022-07-16 16:29:52,869] {processor.py:651} INFO - DAG(s) dict_keys(['example_external_task_marker_parent', 'example_external_task_marker_child']) retrieved from /home/airflow/.local/lib/python3.7/site-packages/airflow/example_dags/example_external_task_marker_dag.py
[2022-07-16 16:29:53,114] {logging_mixin.py:115} INFO - [2022-07-16 16:29:53,114] {dag.py:2420} INFO - Sync 2 DAGs
[2022-07-16 16:29:53,213] {logging_mixin.py:115} INFO - [2022-07-16 16:29:53,212] {dag.py:2972} INFO - Setting next_dagrun for example_external_task_marker_child to None, run_after=None
[2022-07-16 16:29:53,215] {logging_mixin.py:115} INFO - [2022-07-16 16:29:53,215] {dag.py:2972} INFO - Setting next_dagrun for example_external_task_marker_parent to None, run_after=None
[2022-07-16 16:29:53,271] {processor.py:161} INFO - Processing /home/airflow/.local/lib/python3.7/site-packages/airflow/example_dags/example_external_task_marker_dag.py took 0.462 seconds
[2022-07-16 16:30:26,333] {processor.py:153} INFO - Started process (PID=1682) to work on /home/airflow/.local/lib/python3.7/site-packages/airflow/example_dags/example_external_task_marker_dag.py
[2022-07-16 16:30:26,336] {processor.py:641} INFO - Processing file /home/airflow/.local/lib/python3.7/site-packages/airflow/example_dags/example_external_task_marker_dag.py for tasks to queue
[2022-07-16 16:30:26,338] {logging_mixin.py:115} INFO - [2022-07-16 16:30:26,338] {dagbag.py:508} INFO - Filling up the DagBag from /home/airflow/.local/lib/python3.7/site-packages/airflow/example_dags/example_external_task_marker_dag.py
[2022-07-16 16:30:26,351] {processor.py:651} INFO - DAG(s) dict_keys(['example_external_task_marker_parent', 'example_external_task_marker_child']) retrieved from /home/airflow/.local/lib/python3.7/site-packages/airflow/example_dags/example_external_task_marker_dag.py
[2022-07-16 16:30:26,510] {logging_mixin.py:115} INFO - [2022-07-16 16:30:26,510] {dag.py:2420} INFO - Sync 2 DAGs
[2022-07-16 16:30:26,587] {logging_mixin.py:115} INFO - [2022-07-16 16:30:26,587] {dag.py:2972} INFO - Setting next_dagrun for example_external_task_marker_child to None, run_after=None
[2022-07-16 16:30:26,589] {logging_mixin.py:115} INFO - [2022-07-16 16:30:26,589] {dag.py:2972} INFO - Setting next_dagrun for example_external_task_marker_parent to None, run_after=None
[2022-07-16 16:30:26,625] {processor.py:161} INFO - Processing /home/airflow/.local/lib/python3.7/site-packages/airflow/example_dags/example_external_task_marker_dag.py took 0.306 seconds
[2022-07-16 16:31:03,540] {processor.py:153} INFO - Started process (PID=1874) to work on /home/airflow/.local/lib/python3.7/site-packages/airflow/example_dags/example_external_task_marker_dag.py
[2022-07-16 16:31:03,548] {processor.py:641} INFO - Processing file /home/airflow/.local/lib/python3.7/site-packages/airflow/example_dags/example_external_task_marker_dag.py for tasks to queue
[2022-07-16 16:31:03,549] {logging_mixin.py:115} INFO - [2022-07-16 16:31:03,549] {dagbag.py:508} INFO - Filling up the DagBag from /home/airflow/.local/lib/python3.7/site-packages/airflow/example_dags/example_external_task_marker_dag.py
[2022-07-16 16:31:03,570] {processor.py:651} INFO - DAG(s) dict_keys(['example_external_task_marker_parent', 'example_external_task_marker_child']) retrieved from /home/airflow/.local/lib/python3.7/site-packages/airflow/example_dags/example_external_task_marker_dag.py
[2022-07-16 16:31:03,808] {logging_mixin.py:115} INFO - [2022-07-16 16:31:03,808] {dag.py:2420} INFO - Sync 2 DAGs
[2022-07-16 16:31:03,917] {logging_mixin.py:115} INFO - [2022-07-16 16:31:03,916] {dag.py:2972} INFO - Setting next_dagrun for example_external_task_marker_child to None, run_after=None
[2022-07-16 16:31:03,917] {logging_mixin.py:115} INFO - [2022-07-16 16:31:03,917] {dag.py:2972} INFO - Setting next_dagrun for example_external_task_marker_parent to None, run_after=None
[2022-07-16 16:31:03,946] {processor.py:161} INFO - Processing /home/airflow/.local/lib/python3.7/site-packages/airflow/example_dags/example_external_task_marker_dag.py took 0.414 seconds
[2022-07-16 16:31:37,574] {processor.py:153} INFO - Started process (PID=2067) to work on /home/airflow/.local/lib/python3.7/site-packages/airflow/example_dags/example_external_task_marker_dag.py
[2022-07-16 16:31:37,576] {processor.py:641} INFO - Processing file /home/airflow/.local/lib/python3.7/site-packages/airflow/example_dags/example_external_task_marker_dag.py for tasks to queue
[2022-07-16 16:31:37,587] {logging_mixin.py:115} INFO - [2022-07-16 16:31:37,586] {dagbag.py:508} INFO - Filling up the DagBag from /home/airflow/.local/lib/python3.7/site-packages/airflow/example_dags/example_external_task_marker_dag.py
[2022-07-16 16:31:37,659] {processor.py:651} INFO - DAG(s) dict_keys(['example_external_task_marker_parent', 'example_external_task_marker_child']) retrieved from /home/airflow/.local/lib/python3.7/site-packages/airflow/example_dags/example_external_task_marker_dag.py
[2022-07-16 16:31:38,457] {logging_mixin.py:115} INFO - [2022-07-16 16:31:38,457] {dag.py:2420} INFO - Sync 2 DAGs
[2022-07-16 16:31:38,928] {logging_mixin.py:115} INFO - [2022-07-16 16:31:38,928] {dag.py:2972} INFO - Setting next_dagrun for example_external_task_marker_child to None, run_after=None
[2022-07-16 16:31:38,929] {logging_mixin.py:115} INFO - [2022-07-16 16:31:38,929] {dag.py:2972} INFO - Setting next_dagrun for example_external_task_marker_parent to None, run_after=None
[2022-07-16 16:31:39,065] {processor.py:161} INFO - Processing /home/airflow/.local/lib/python3.7/site-packages/airflow/example_dags/example_external_task_marker_dag.py took 1.524 seconds
[2022-07-16 16:32:09,827] {processor.py:153} INFO - Started process (PID=2248) to work on /home/airflow/.local/lib/python3.7/site-packages/airflow/example_dags/example_external_task_marker_dag.py
[2022-07-16 16:32:09,830] {processor.py:641} INFO - Processing file /home/airflow/.local/lib/python3.7/site-packages/airflow/example_dags/example_external_task_marker_dag.py for tasks to queue
[2022-07-16 16:32:09,832] {logging_mixin.py:115} INFO - [2022-07-16 16:32:09,832] {dagbag.py:508} INFO - Filling up the DagBag from /home/airflow/.local/lib/python3.7/site-packages/airflow/example_dags/example_external_task_marker_dag.py
[2022-07-16 16:32:09,842] {processor.py:651} INFO - DAG(s) dict_keys(['example_external_task_marker_parent', 'example_external_task_marker_child']) retrieved from /home/airflow/.local/lib/python3.7/site-packages/airflow/example_dags/example_external_task_marker_dag.py
[2022-07-16 16:32:09,932] {logging_mixin.py:115} INFO - [2022-07-16 16:32:09,932] {dag.py:2420} INFO - Sync 2 DAGs
[2022-07-16 16:32:09,988] {logging_mixin.py:115} INFO - [2022-07-16 16:32:09,988] {dag.py:2972} INFO - Setting next_dagrun for example_external_task_marker_child to None, run_after=None
[2022-07-16 16:32:09,989] {logging_mixin.py:115} INFO - [2022-07-16 16:32:09,989] {dag.py:2972} INFO - Setting next_dagrun for example_external_task_marker_parent to None, run_after=None
[2022-07-16 16:32:10,012] {processor.py:161} INFO - Processing /home/airflow/.local/lib/python3.7/site-packages/airflow/example_dags/example_external_task_marker_dag.py took 0.192 seconds
[2022-07-16 16:32:40,503] {processor.py:153} INFO - Started process (PID=2441) to work on /home/airflow/.local/lib/python3.7/site-packages/airflow/example_dags/example_external_task_marker_dag.py
[2022-07-16 16:32:40,504] {processor.py:641} INFO - Processing file /home/airflow/.local/lib/python3.7/site-packages/airflow/example_dags/example_external_task_marker_dag.py for tasks to queue
[2022-07-16 16:32:40,505] {logging_mixin.py:115} INFO - [2022-07-16 16:32:40,505] {dagbag.py:508} INFO - Filling up the DagBag from /home/airflow/.local/lib/python3.7/site-packages/airflow/example_dags/example_external_task_marker_dag.py
[2022-07-16 16:32:40,534] {processor.py:651} INFO - DAG(s) dict_keys(['example_external_task_marker_parent', 'example_external_task_marker_child']) retrieved from /home/airflow/.local/lib/python3.7/site-packages/airflow/example_dags/example_external_task_marker_dag.py
[2022-07-16 16:32:40,810] {logging_mixin.py:115} INFO - [2022-07-16 16:32:40,810] {dag.py:2420} INFO - Sync 2 DAGs
[2022-07-16 16:32:40,929] {logging_mixin.py:115} INFO - [2022-07-16 16:32:40,929] {dag.py:2972} INFO - Setting next_dagrun for example_external_task_marker_child to None, run_after=None
[2022-07-16 16:32:40,929] {logging_mixin.py:115} INFO - [2022-07-16 16:32:40,929] {dag.py:2972} INFO - Setting next_dagrun for example_external_task_marker_parent to None, run_after=None
[2022-07-16 16:32:40,974] {processor.py:161} INFO - Processing /home/airflow/.local/lib/python3.7/site-packages/airflow/example_dags/example_external_task_marker_dag.py took 0.500 seconds
[2022-07-16 16:33:12,119] {processor.py:153} INFO - Started process (PID=2629) to work on /home/airflow/.local/lib/python3.7/site-packages/airflow/example_dags/example_external_task_marker_dag.py
[2022-07-16 16:33:12,120] {processor.py:641} INFO - Processing file /home/airflow/.local/lib/python3.7/site-packages/airflow/example_dags/example_external_task_marker_dag.py for tasks to queue
[2022-07-16 16:33:12,132] {logging_mixin.py:115} INFO - [2022-07-16 16:33:12,132] {dagbag.py:508} INFO - Filling up the DagBag from /home/airflow/.local/lib/python3.7/site-packages/airflow/example_dags/example_external_task_marker_dag.py
[2022-07-16 16:33:12,154] {processor.py:651} INFO - DAG(s) dict_keys(['example_external_task_marker_parent', 'example_external_task_marker_child']) retrieved from /home/airflow/.local/lib/python3.7/site-packages/airflow/example_dags/example_external_task_marker_dag.py
[2022-07-16 16:33:12,985] {logging_mixin.py:115} INFO - [2022-07-16 16:33:12,984] {dag.py:2420} INFO - Sync 2 DAGs
[2022-07-16 16:33:13,259] {logging_mixin.py:115} INFO - [2022-07-16 16:33:13,259] {dag.py:2972} INFO - Setting next_dagrun for example_external_task_marker_child to None, run_after=None
[2022-07-16 16:33:13,269] {logging_mixin.py:115} INFO - [2022-07-16 16:33:13,269] {dag.py:2972} INFO - Setting next_dagrun for example_external_task_marker_parent to None, run_after=None
[2022-07-16 16:33:13,468] {processor.py:161} INFO - Processing /home/airflow/.local/lib/python3.7/site-packages/airflow/example_dags/example_external_task_marker_dag.py took 1.382 seconds
[2022-07-16 16:33:44,178] {processor.py:153} INFO - Started process (PID=2823) to work on /home/airflow/.local/lib/python3.7/site-packages/airflow/example_dags/example_external_task_marker_dag.py
[2022-07-16 16:33:44,179] {processor.py:641} INFO - Processing file /home/airflow/.local/lib/python3.7/site-packages/airflow/example_dags/example_external_task_marker_dag.py for tasks to queue
[2022-07-16 16:33:44,180] {logging_mixin.py:115} INFO - [2022-07-16 16:33:44,180] {dagbag.py:508} INFO - Filling up the DagBag from /home/airflow/.local/lib/python3.7/site-packages/airflow/example_dags/example_external_task_marker_dag.py
[2022-07-16 16:33:44,193] {processor.py:651} INFO - DAG(s) dict_keys(['example_external_task_marker_parent', 'example_external_task_marker_child']) retrieved from /home/airflow/.local/lib/python3.7/site-packages/airflow/example_dags/example_external_task_marker_dag.py
[2022-07-16 16:33:44,317] {logging_mixin.py:115} INFO - [2022-07-16 16:33:44,316] {dag.py:2420} INFO - Sync 2 DAGs
[2022-07-16 16:33:44,392] {logging_mixin.py:115} INFO - [2022-07-16 16:33:44,392] {dag.py:2972} INFO - Setting next_dagrun for example_external_task_marker_child to None, run_after=None
[2022-07-16 16:33:44,393] {logging_mixin.py:115} INFO - [2022-07-16 16:33:44,392] {dag.py:2972} INFO - Setting next_dagrun for example_external_task_marker_parent to None, run_after=None
[2022-07-16 16:33:44,423] {processor.py:161} INFO - Processing /home/airflow/.local/lib/python3.7/site-packages/airflow/example_dags/example_external_task_marker_dag.py took 0.255 seconds
[2022-07-16 16:34:15,063] {processor.py:153} INFO - Started process (PID=3013) to work on /home/airflow/.local/lib/python3.7/site-packages/airflow/example_dags/example_external_task_marker_dag.py
[2022-07-16 16:34:15,065] {processor.py:641} INFO - Processing file /home/airflow/.local/lib/python3.7/site-packages/airflow/example_dags/example_external_task_marker_dag.py for tasks to queue
[2022-07-16 16:34:15,066] {logging_mixin.py:115} INFO - [2022-07-16 16:34:15,066] {dagbag.py:508} INFO - Filling up the DagBag from /home/airflow/.local/lib/python3.7/site-packages/airflow/example_dags/example_external_task_marker_dag.py
[2022-07-16 16:34:15,082] {processor.py:651} INFO - DAG(s) dict_keys(['example_external_task_marker_parent', 'example_external_task_marker_child']) retrieved from /home/airflow/.local/lib/python3.7/site-packages/airflow/example_dags/example_external_task_marker_dag.py
[2022-07-16 16:34:15,185] {logging_mixin.py:115} INFO - [2022-07-16 16:34:15,185] {dag.py:2420} INFO - Sync 2 DAGs
[2022-07-16 16:34:15,231] {logging_mixin.py:115} INFO - [2022-07-16 16:34:15,231] {dag.py:2972} INFO - Setting next_dagrun for example_external_task_marker_child to None, run_after=None
[2022-07-16 16:34:15,231] {logging_mixin.py:115} INFO - [2022-07-16 16:34:15,231] {dag.py:2972} INFO - Setting next_dagrun for example_external_task_marker_parent to None, run_after=None
[2022-07-16 16:34:15,254] {processor.py:161} INFO - Processing /home/airflow/.local/lib/python3.7/site-packages/airflow/example_dags/example_external_task_marker_dag.py took 0.203 seconds
[2022-07-16 16:34:45,632] {processor.py:153} INFO - Started process (PID=3203) to work on /home/airflow/.local/lib/python3.7/site-packages/airflow/example_dags/example_external_task_marker_dag.py
[2022-07-16 16:34:45,634] {processor.py:641} INFO - Processing file /home/airflow/.local/lib/python3.7/site-packages/airflow/example_dags/example_external_task_marker_dag.py for tasks to queue
[2022-07-16 16:34:45,641] {logging_mixin.py:115} INFO - [2022-07-16 16:34:45,641] {dagbag.py:508} INFO - Filling up the DagBag from /home/airflow/.local/lib/python3.7/site-packages/airflow/example_dags/example_external_task_marker_dag.py
[2022-07-16 16:34:45,670] {processor.py:651} INFO - DAG(s) dict_keys(['example_external_task_marker_parent', 'example_external_task_marker_child']) retrieved from /home/airflow/.local/lib/python3.7/site-packages/airflow/example_dags/example_external_task_marker_dag.py
[2022-07-16 16:34:45,853] {logging_mixin.py:115} INFO - [2022-07-16 16:34:45,853] {dag.py:2420} INFO - Sync 2 DAGs
[2022-07-16 16:34:45,953] {logging_mixin.py:115} INFO - [2022-07-16 16:34:45,952] {dag.py:2972} INFO - Setting next_dagrun for example_external_task_marker_child to None, run_after=None
[2022-07-16 16:34:45,953] {logging_mixin.py:115} INFO - [2022-07-16 16:34:45,953] {dag.py:2972} INFO - Setting next_dagrun for example_external_task_marker_parent to None, run_after=None
[2022-07-16 16:34:45,975] {processor.py:161} INFO - Processing /home/airflow/.local/lib/python3.7/site-packages/airflow/example_dags/example_external_task_marker_dag.py took 0.357 seconds
[2022-07-16 16:39:13,690] {processor.py:153} INFO - Started process (PID=355) to work on /home/airflow/.local/lib/python3.7/site-packages/airflow/example_dags/example_external_task_marker_dag.py
[2022-07-16 16:39:13,705] {processor.py:641} INFO - Processing file /home/airflow/.local/lib/python3.7/site-packages/airflow/example_dags/example_external_task_marker_dag.py for tasks to queue
[2022-07-16 16:39:13,706] {logging_mixin.py:115} INFO - [2022-07-16 16:39:13,706] {dagbag.py:508} INFO - Filling up the DagBag from /home/airflow/.local/lib/python3.7/site-packages/airflow/example_dags/example_external_task_marker_dag.py
[2022-07-16 16:39:13,744] {processor.py:651} INFO - DAG(s) dict_keys(['example_external_task_marker_parent', 'example_external_task_marker_child']) retrieved from /home/airflow/.local/lib/python3.7/site-packages/airflow/example_dags/example_external_task_marker_dag.py
[2022-07-16 16:39:14,721] {logging_mixin.py:115} INFO - [2022-07-16 16:39:14,720] {manager.py:508} INFO - Created Permission View: can delete on DAG:example_external_task_marker_parent
[2022-07-16 16:39:14,790] {logging_mixin.py:115} INFO - [2022-07-16 16:39:14,790] {manager.py:508} INFO - Created Permission View: can edit on DAG:example_external_task_marker_parent
[2022-07-16 16:39:14,833] {logging_mixin.py:115} INFO - [2022-07-16 16:39:14,833] {manager.py:508} INFO - Created Permission View: can read on DAG:example_external_task_marker_parent
[2022-07-16 16:39:15,073] {logging_mixin.py:115} INFO - [2022-07-16 16:39:15,073] {manager.py:508} INFO - Created Permission View: can delete on DAG:example_external_task_marker_child
[2022-07-16 16:39:15,125] {logging_mixin.py:115} INFO - [2022-07-16 16:39:15,125] {manager.py:508} INFO - Created Permission View: can edit on DAG:example_external_task_marker_child
[2022-07-16 16:39:15,154] {logging_mixin.py:115} INFO - [2022-07-16 16:39:15,154] {manager.py:508} INFO - Created Permission View: can read on DAG:example_external_task_marker_child
[2022-07-16 16:39:15,155] {logging_mixin.py:115} INFO - [2022-07-16 16:39:15,154] {dag.py:2420} INFO - Sync 2 DAGs
[2022-07-16 16:39:15,212] {logging_mixin.py:115} INFO - [2022-07-16 16:39:15,212] {dag.py:2439} INFO - Creating ORM DAG for example_external_task_marker_child
[2022-07-16 16:39:15,213] {logging_mixin.py:115} INFO - [2022-07-16 16:39:15,213] {dag.py:2439} INFO - Creating ORM DAG for example_external_task_marker_parent
[2022-07-16 16:39:15,285] {logging_mixin.py:115} INFO - [2022-07-16 16:39:15,285] {dag.py:2972} INFO - Setting next_dagrun for example_external_task_marker_child to None, run_after=None
[2022-07-16 16:39:15,308] {logging_mixin.py:115} INFO - [2022-07-16 16:39:15,308] {dag.py:2972} INFO - Setting next_dagrun for example_external_task_marker_parent to None, run_after=None
[2022-07-16 16:39:15,573] {processor.py:161} INFO - Processing /home/airflow/.local/lib/python3.7/site-packages/airflow/example_dags/example_external_task_marker_dag.py took 1.906 seconds
