[2022-07-16 16:26:01,553] {processor.py:153} INFO - Started process (PID=306) to work on /home/airflow/.local/lib/python3.7/site-packages/airflow/example_dags/example_bash_operator.py
[2022-07-16 16:26:01,554] {processor.py:641} INFO - Processing file /home/airflow/.local/lib/python3.7/site-packages/airflow/example_dags/example_bash_operator.py for tasks to queue
[2022-07-16 16:26:01,581] {logging_mixin.py:115} INFO - [2022-07-16 16:26:01,581] {dagbag.py:508} INFO - Filling up the DagBag from /home/airflow/.local/lib/python3.7/site-packages/airflow/example_dags/example_bash_operator.py
[2022-07-16 16:26:01,681] {processor.py:651} INFO - DAG(s) dict_keys(['example_bash_operator']) retrieved from /home/airflow/.local/lib/python3.7/site-packages/airflow/example_dags/example_bash_operator.py
[2022-07-16 16:26:02,621] {logging_mixin.py:115} INFO - [2022-07-16 16:26:02,621] {manager.py:508} INFO - Created Permission View: can delete on DAG:example_bash_operator
[2022-07-16 16:26:02,703] {logging_mixin.py:115} INFO - [2022-07-16 16:26:02,703] {manager.py:508} INFO - Created Permission View: can edit on DAG:example_bash_operator
[2022-07-16 16:26:02,745] {logging_mixin.py:115} INFO - [2022-07-16 16:26:02,744] {manager.py:508} INFO - Created Permission View: can read on DAG:example_bash_operator
[2022-07-16 16:26:02,745] {logging_mixin.py:115} INFO - [2022-07-16 16:26:02,745] {dag.py:2420} INFO - Sync 1 DAGs
[2022-07-16 16:26:02,816] {logging_mixin.py:115} INFO - [2022-07-16 16:26:02,816] {dag.py:2439} INFO - Creating ORM DAG for example_bash_operator
[2022-07-16 16:26:02,967] {logging_mixin.py:115} INFO - [2022-07-16 16:26:02,967] {dag.py:2972} INFO - Setting next_dagrun for example_bash_operator to 2022-07-15T00:00:00+00:00, run_after=2022-07-16T00:00:00+00:00
[2022-07-16 16:26:03,168] {processor.py:161} INFO - Processing /home/airflow/.local/lib/python3.7/site-packages/airflow/example_dags/example_bash_operator.py took 1.638 seconds
[2022-07-16 16:26:40,598] {processor.py:153} INFO - Started process (PID=494) to work on /home/airflow/.local/lib/python3.7/site-packages/airflow/example_dags/example_bash_operator.py
[2022-07-16 16:26:40,645] {processor.py:641} INFO - Processing file /home/airflow/.local/lib/python3.7/site-packages/airflow/example_dags/example_bash_operator.py for tasks to queue
[2022-07-16 16:26:40,647] {logging_mixin.py:115} INFO - [2022-07-16 16:26:40,646] {dagbag.py:508} INFO - Filling up the DagBag from /home/airflow/.local/lib/python3.7/site-packages/airflow/example_dags/example_bash_operator.py
[2022-07-16 16:26:41,098] {processor.py:651} INFO - DAG(s) dict_keys(['example_bash_operator']) retrieved from /home/airflow/.local/lib/python3.7/site-packages/airflow/example_dags/example_bash_operator.py
[2022-07-16 16:26:41,493] {logging_mixin.py:115} INFO - [2022-07-16 16:26:41,493] {dag.py:2420} INFO - Sync 1 DAGs
[2022-07-16 16:26:42,087] {logging_mixin.py:115} INFO - [2022-07-16 16:26:42,087] {dag.py:2972} INFO - Setting next_dagrun for example_bash_operator to 2022-07-15T00:00:00+00:00, run_after=2022-07-16T00:00:00+00:00
[2022-07-16 16:26:42,344] {processor.py:161} INFO - Processing /home/airflow/.local/lib/python3.7/site-packages/airflow/example_dags/example_bash_operator.py took 1.785 seconds
[2022-07-16 16:27:20,004] {processor.py:153} INFO - Started process (PID=683) to work on /home/airflow/.local/lib/python3.7/site-packages/airflow/example_dags/example_bash_operator.py
[2022-07-16 16:27:20,019] {processor.py:641} INFO - Processing file /home/airflow/.local/lib/python3.7/site-packages/airflow/example_dags/example_bash_operator.py for tasks to queue
[2022-07-16 16:27:20,021] {logging_mixin.py:115} INFO - [2022-07-16 16:27:20,020] {dagbag.py:508} INFO - Filling up the DagBag from /home/airflow/.local/lib/python3.7/site-packages/airflow/example_dags/example_bash_operator.py
[2022-07-16 16:27:20,116] {processor.py:651} INFO - DAG(s) dict_keys(['example_bash_operator']) retrieved from /home/airflow/.local/lib/python3.7/site-packages/airflow/example_dags/example_bash_operator.py
[2022-07-16 16:27:20,334] {logging_mixin.py:115} INFO - [2022-07-16 16:27:20,334] {dag.py:2420} INFO - Sync 1 DAGs
[2022-07-16 16:27:20,581] {logging_mixin.py:115} INFO - [2022-07-16 16:27:20,581] {dag.py:2972} INFO - Setting next_dagrun for example_bash_operator to 2022-07-15T00:00:00+00:00, run_after=2022-07-16T00:00:00+00:00
[2022-07-16 16:27:20,684] {processor.py:161} INFO - Processing /home/airflow/.local/lib/python3.7/site-packages/airflow/example_dags/example_bash_operator.py took 0.703 seconds
[2022-07-16 16:27:52,779] {processor.py:153} INFO - Started process (PID=871) to work on /home/airflow/.local/lib/python3.7/site-packages/airflow/example_dags/example_bash_operator.py
[2022-07-16 16:27:52,791] {processor.py:641} INFO - Processing file /home/airflow/.local/lib/python3.7/site-packages/airflow/example_dags/example_bash_operator.py for tasks to queue
[2022-07-16 16:27:52,792] {logging_mixin.py:115} INFO - [2022-07-16 16:27:52,792] {dagbag.py:508} INFO - Filling up the DagBag from /home/airflow/.local/lib/python3.7/site-packages/airflow/example_dags/example_bash_operator.py
[2022-07-16 16:27:53,014] {processor.py:651} INFO - DAG(s) dict_keys(['example_bash_operator']) retrieved from /home/airflow/.local/lib/python3.7/site-packages/airflow/example_dags/example_bash_operator.py
[2022-07-16 16:27:53,354] {logging_mixin.py:115} INFO - [2022-07-16 16:27:53,354] {dag.py:2420} INFO - Sync 1 DAGs
[2022-07-16 16:27:53,628] {logging_mixin.py:115} INFO - [2022-07-16 16:27:53,619] {dag.py:2972} INFO - Setting next_dagrun for example_bash_operator to 2022-07-15T00:00:00+00:00, run_after=2022-07-16T00:00:00+00:00
[2022-07-16 16:27:53,737] {processor.py:161} INFO - Processing /home/airflow/.local/lib/python3.7/site-packages/airflow/example_dags/example_bash_operator.py took 1.017 seconds
[2022-07-16 16:28:24,614] {processor.py:153} INFO - Started process (PID=1058) to work on /home/airflow/.local/lib/python3.7/site-packages/airflow/example_dags/example_bash_operator.py
[2022-07-16 16:28:24,615] {processor.py:641} INFO - Processing file /home/airflow/.local/lib/python3.7/site-packages/airflow/example_dags/example_bash_operator.py for tasks to queue
[2022-07-16 16:28:24,631] {logging_mixin.py:115} INFO - [2022-07-16 16:28:24,631] {dagbag.py:508} INFO - Filling up the DagBag from /home/airflow/.local/lib/python3.7/site-packages/airflow/example_dags/example_bash_operator.py
[2022-07-16 16:28:24,674] {processor.py:651} INFO - DAG(s) dict_keys(['example_bash_operator']) retrieved from /home/airflow/.local/lib/python3.7/site-packages/airflow/example_dags/example_bash_operator.py
[2022-07-16 16:28:24,859] {logging_mixin.py:115} INFO - [2022-07-16 16:28:24,859] {dag.py:2420} INFO - Sync 1 DAGs
[2022-07-16 16:28:25,023] {logging_mixin.py:115} INFO - [2022-07-16 16:28:25,023] {dag.py:2972} INFO - Setting next_dagrun for example_bash_operator to 2022-07-15T00:00:00+00:00, run_after=2022-07-16T00:00:00+00:00
[2022-07-16 16:28:25,165] {processor.py:161} INFO - Processing /home/airflow/.local/lib/python3.7/site-packages/airflow/example_dags/example_bash_operator.py took 0.559 seconds
[2022-07-16 16:28:55,891] {processor.py:153} INFO - Started process (PID=1235) to work on /home/airflow/.local/lib/python3.7/site-packages/airflow/example_dags/example_bash_operator.py
[2022-07-16 16:28:55,893] {processor.py:641} INFO - Processing file /home/airflow/.local/lib/python3.7/site-packages/airflow/example_dags/example_bash_operator.py for tasks to queue
[2022-07-16 16:28:55,894] {logging_mixin.py:115} INFO - [2022-07-16 16:28:55,894] {dagbag.py:508} INFO - Filling up the DagBag from /home/airflow/.local/lib/python3.7/site-packages/airflow/example_dags/example_bash_operator.py
[2022-07-16 16:28:55,975] {processor.py:651} INFO - DAG(s) dict_keys(['example_bash_operator']) retrieved from /home/airflow/.local/lib/python3.7/site-packages/airflow/example_dags/example_bash_operator.py
[2022-07-16 16:28:56,174] {logging_mixin.py:115} INFO - [2022-07-16 16:28:56,174] {dag.py:2420} INFO - Sync 1 DAGs
[2022-07-16 16:28:56,726] {logging_mixin.py:115} INFO - [2022-07-16 16:28:56,726] {dag.py:2972} INFO - Setting next_dagrun for example_bash_operator to 2022-07-16T00:00:00+00:00, run_after=2022-07-17T00:00:00+00:00
[2022-07-16 16:28:56,798] {processor.py:161} INFO - Processing /home/airflow/.local/lib/python3.7/site-packages/airflow/example_dags/example_bash_operator.py took 0.919 seconds
[2022-07-16 16:29:50,897] {processor.py:153} INFO - Started process (PID=1453) to work on /home/airflow/.local/lib/python3.7/site-packages/airflow/example_dags/example_bash_operator.py
[2022-07-16 16:29:50,901] {processor.py:641} INFO - Processing file /home/airflow/.local/lib/python3.7/site-packages/airflow/example_dags/example_bash_operator.py for tasks to queue
[2022-07-16 16:29:50,902] {logging_mixin.py:115} INFO - [2022-07-16 16:29:50,902] {dagbag.py:508} INFO - Filling up the DagBag from /home/airflow/.local/lib/python3.7/site-packages/airflow/example_dags/example_bash_operator.py
[2022-07-16 16:29:50,986] {processor.py:651} INFO - DAG(s) dict_keys(['example_bash_operator']) retrieved from /home/airflow/.local/lib/python3.7/site-packages/airflow/example_dags/example_bash_operator.py
[2022-07-16 16:29:51,186] {logging_mixin.py:115} INFO - [2022-07-16 16:29:51,186] {dag.py:2420} INFO - Sync 1 DAGs
[2022-07-16 16:29:51,340] {logging_mixin.py:115} INFO - [2022-07-16 16:29:51,340] {dag.py:2972} INFO - Setting next_dagrun for example_bash_operator to 2022-07-16T00:00:00+00:00, run_after=2022-07-17T00:00:00+00:00
[2022-07-16 16:29:51,420] {processor.py:161} INFO - Processing /home/airflow/.local/lib/python3.7/site-packages/airflow/example_dags/example_bash_operator.py took 0.561 seconds
[2022-07-16 16:30:22,936] {processor.py:153} INFO - Started process (PID=1642) to work on /home/airflow/.local/lib/python3.7/site-packages/airflow/example_dags/example_bash_operator.py
[2022-07-16 16:30:22,937] {processor.py:641} INFO - Processing file /home/airflow/.local/lib/python3.7/site-packages/airflow/example_dags/example_bash_operator.py for tasks to queue
[2022-07-16 16:30:22,938] {logging_mixin.py:115} INFO - [2022-07-16 16:30:22,938] {dagbag.py:508} INFO - Filling up the DagBag from /home/airflow/.local/lib/python3.7/site-packages/airflow/example_dags/example_bash_operator.py
[2022-07-16 16:30:23,005] {processor.py:651} INFO - DAG(s) dict_keys(['example_bash_operator']) retrieved from /home/airflow/.local/lib/python3.7/site-packages/airflow/example_dags/example_bash_operator.py
[2022-07-16 16:30:23,301] {logging_mixin.py:115} INFO - [2022-07-16 16:30:23,301] {dag.py:2420} INFO - Sync 1 DAGs
[2022-07-16 16:30:23,462] {logging_mixin.py:115} INFO - [2022-07-16 16:30:23,462] {dag.py:2972} INFO - Setting next_dagrun for example_bash_operator to 2022-07-16T00:00:00+00:00, run_after=2022-07-17T00:00:00+00:00
[2022-07-16 16:30:23,494] {processor.py:161} INFO - Processing /home/airflow/.local/lib/python3.7/site-packages/airflow/example_dags/example_bash_operator.py took 0.566 seconds
[2022-07-16 16:30:56,588] {processor.py:153} INFO - Started process (PID=1831) to work on /home/airflow/.local/lib/python3.7/site-packages/airflow/example_dags/example_bash_operator.py
[2022-07-16 16:30:56,601] {processor.py:641} INFO - Processing file /home/airflow/.local/lib/python3.7/site-packages/airflow/example_dags/example_bash_operator.py for tasks to queue
[2022-07-16 16:30:56,602] {logging_mixin.py:115} INFO - [2022-07-16 16:30:56,602] {dagbag.py:508} INFO - Filling up the DagBag from /home/airflow/.local/lib/python3.7/site-packages/airflow/example_dags/example_bash_operator.py
[2022-07-16 16:30:56,777] {processor.py:651} INFO - DAG(s) dict_keys(['example_bash_operator']) retrieved from /home/airflow/.local/lib/python3.7/site-packages/airflow/example_dags/example_bash_operator.py
[2022-07-16 16:30:57,118] {logging_mixin.py:115} INFO - [2022-07-16 16:30:57,117] {dag.py:2420} INFO - Sync 1 DAGs
[2022-07-16 16:30:57,706] {logging_mixin.py:115} INFO - [2022-07-16 16:30:57,706] {dag.py:2972} INFO - Setting next_dagrun for example_bash_operator to 2022-07-16T00:00:00+00:00, run_after=2022-07-17T00:00:00+00:00
[2022-07-16 16:30:57,824] {processor.py:161} INFO - Processing /home/airflow/.local/lib/python3.7/site-packages/airflow/example_dags/example_bash_operator.py took 1.268 seconds
[2022-07-16 16:31:28,299] {processor.py:153} INFO - Started process (PID=2010) to work on /home/airflow/.local/lib/python3.7/site-packages/airflow/example_dags/example_bash_operator.py
[2022-07-16 16:31:28,302] {processor.py:641} INFO - Processing file /home/airflow/.local/lib/python3.7/site-packages/airflow/example_dags/example_bash_operator.py for tasks to queue
[2022-07-16 16:31:28,304] {logging_mixin.py:115} INFO - [2022-07-16 16:31:28,304] {dagbag.py:508} INFO - Filling up the DagBag from /home/airflow/.local/lib/python3.7/site-packages/airflow/example_dags/example_bash_operator.py
[2022-07-16 16:31:28,379] {processor.py:651} INFO - DAG(s) dict_keys(['example_bash_operator']) retrieved from /home/airflow/.local/lib/python3.7/site-packages/airflow/example_dags/example_bash_operator.py
[2022-07-16 16:31:28,446] {logging_mixin.py:115} INFO - [2022-07-16 16:31:28,446] {dag.py:2420} INFO - Sync 1 DAGs
[2022-07-16 16:31:28,503] {logging_mixin.py:115} INFO - [2022-07-16 16:31:28,502] {dag.py:2972} INFO - Setting next_dagrun for example_bash_operator to 2022-07-16T00:00:00+00:00, run_after=2022-07-17T00:00:00+00:00
[2022-07-16 16:31:28,525] {processor.py:161} INFO - Processing /home/airflow/.local/lib/python3.7/site-packages/airflow/example_dags/example_bash_operator.py took 0.250 seconds
[2022-07-16 16:32:01,556] {processor.py:153} INFO - Started process (PID=2201) to work on /home/airflow/.local/lib/python3.7/site-packages/airflow/example_dags/example_bash_operator.py
[2022-07-16 16:32:01,557] {processor.py:641} INFO - Processing file /home/airflow/.local/lib/python3.7/site-packages/airflow/example_dags/example_bash_operator.py for tasks to queue
[2022-07-16 16:32:01,558] {logging_mixin.py:115} INFO - [2022-07-16 16:32:01,558] {dagbag.py:508} INFO - Filling up the DagBag from /home/airflow/.local/lib/python3.7/site-packages/airflow/example_dags/example_bash_operator.py
[2022-07-16 16:32:01,649] {processor.py:651} INFO - DAG(s) dict_keys(['example_bash_operator']) retrieved from /home/airflow/.local/lib/python3.7/site-packages/airflow/example_dags/example_bash_operator.py
[2022-07-16 16:32:01,757] {logging_mixin.py:115} INFO - [2022-07-16 16:32:01,757] {dag.py:2420} INFO - Sync 1 DAGs
[2022-07-16 16:32:01,878] {logging_mixin.py:115} INFO - [2022-07-16 16:32:01,878] {dag.py:2972} INFO - Setting next_dagrun for example_bash_operator to 2022-07-16T00:00:00+00:00, run_after=2022-07-17T00:00:00+00:00
[2022-07-16 16:32:01,919] {processor.py:161} INFO - Processing /home/airflow/.local/lib/python3.7/site-packages/airflow/example_dags/example_bash_operator.py took 0.384 seconds
[2022-07-16 16:32:32,332] {processor.py:153} INFO - Started process (PID=2393) to work on /home/airflow/.local/lib/python3.7/site-packages/airflow/example_dags/example_bash_operator.py
[2022-07-16 16:32:32,334] {processor.py:641} INFO - Processing file /home/airflow/.local/lib/python3.7/site-packages/airflow/example_dags/example_bash_operator.py for tasks to queue
[2022-07-16 16:32:32,336] {logging_mixin.py:115} INFO - [2022-07-16 16:32:32,336] {dagbag.py:508} INFO - Filling up the DagBag from /home/airflow/.local/lib/python3.7/site-packages/airflow/example_dags/example_bash_operator.py
[2022-07-16 16:32:32,386] {processor.py:651} INFO - DAG(s) dict_keys(['example_bash_operator']) retrieved from /home/airflow/.local/lib/python3.7/site-packages/airflow/example_dags/example_bash_operator.py
[2022-07-16 16:32:32,455] {logging_mixin.py:115} INFO - [2022-07-16 16:32:32,455] {dag.py:2420} INFO - Sync 1 DAGs
[2022-07-16 16:32:32,538] {logging_mixin.py:115} INFO - [2022-07-16 16:32:32,537] {dag.py:2972} INFO - Setting next_dagrun for example_bash_operator to 2022-07-16T00:00:00+00:00, run_after=2022-07-17T00:00:00+00:00
[2022-07-16 16:32:32,563] {processor.py:161} INFO - Processing /home/airflow/.local/lib/python3.7/site-packages/airflow/example_dags/example_bash_operator.py took 0.242 seconds
[2022-07-16 16:33:04,664] {processor.py:153} INFO - Started process (PID=2586) to work on /home/airflow/.local/lib/python3.7/site-packages/airflow/example_dags/example_bash_operator.py
[2022-07-16 16:33:04,669] {processor.py:641} INFO - Processing file /home/airflow/.local/lib/python3.7/site-packages/airflow/example_dags/example_bash_operator.py for tasks to queue
[2022-07-16 16:33:04,671] {logging_mixin.py:115} INFO - [2022-07-16 16:33:04,671] {dagbag.py:508} INFO - Filling up the DagBag from /home/airflow/.local/lib/python3.7/site-packages/airflow/example_dags/example_bash_operator.py
[2022-07-16 16:33:04,777] {processor.py:651} INFO - DAG(s) dict_keys(['example_bash_operator']) retrieved from /home/airflow/.local/lib/python3.7/site-packages/airflow/example_dags/example_bash_operator.py
[2022-07-16 16:33:04,872] {logging_mixin.py:115} INFO - [2022-07-16 16:33:04,872] {dag.py:2420} INFO - Sync 1 DAGs
[2022-07-16 16:33:05,034] {logging_mixin.py:115} INFO - [2022-07-16 16:33:05,027] {dag.py:2972} INFO - Setting next_dagrun for example_bash_operator to 2022-07-16T00:00:00+00:00, run_after=2022-07-17T00:00:00+00:00
[2022-07-16 16:33:05,149] {processor.py:161} INFO - Processing /home/airflow/.local/lib/python3.7/site-packages/airflow/example_dags/example_bash_operator.py took 0.523 seconds
[2022-07-16 16:33:35,315] {processor.py:153} INFO - Started process (PID=2777) to work on /home/airflow/.local/lib/python3.7/site-packages/airflow/example_dags/example_bash_operator.py
[2022-07-16 16:33:35,317] {processor.py:641} INFO - Processing file /home/airflow/.local/lib/python3.7/site-packages/airflow/example_dags/example_bash_operator.py for tasks to queue
[2022-07-16 16:33:35,320] {logging_mixin.py:115} INFO - [2022-07-16 16:33:35,319] {dagbag.py:508} INFO - Filling up the DagBag from /home/airflow/.local/lib/python3.7/site-packages/airflow/example_dags/example_bash_operator.py
[2022-07-16 16:33:35,399] {processor.py:651} INFO - DAG(s) dict_keys(['example_bash_operator']) retrieved from /home/airflow/.local/lib/python3.7/site-packages/airflow/example_dags/example_bash_operator.py
[2022-07-16 16:33:35,484] {logging_mixin.py:115} INFO - [2022-07-16 16:33:35,484] {dag.py:2420} INFO - Sync 1 DAGs
[2022-07-16 16:33:35,603] {logging_mixin.py:115} INFO - [2022-07-16 16:33:35,603] {dag.py:2972} INFO - Setting next_dagrun for example_bash_operator to 2022-07-16T00:00:00+00:00, run_after=2022-07-17T00:00:00+00:00
[2022-07-16 16:33:35,729] {processor.py:161} INFO - Processing /home/airflow/.local/lib/python3.7/site-packages/airflow/example_dags/example_bash_operator.py took 0.434 seconds
[2022-07-16 16:34:06,179] {processor.py:153} INFO - Started process (PID=2967) to work on /home/airflow/.local/lib/python3.7/site-packages/airflow/example_dags/example_bash_operator.py
[2022-07-16 16:34:06,183] {processor.py:641} INFO - Processing file /home/airflow/.local/lib/python3.7/site-packages/airflow/example_dags/example_bash_operator.py for tasks to queue
[2022-07-16 16:34:06,200] {logging_mixin.py:115} INFO - [2022-07-16 16:34:06,200] {dagbag.py:508} INFO - Filling up the DagBag from /home/airflow/.local/lib/python3.7/site-packages/airflow/example_dags/example_bash_operator.py
[2022-07-16 16:34:06,292] {processor.py:651} INFO - DAG(s) dict_keys(['example_bash_operator']) retrieved from /home/airflow/.local/lib/python3.7/site-packages/airflow/example_dags/example_bash_operator.py
[2022-07-16 16:34:06,391] {logging_mixin.py:115} INFO - [2022-07-16 16:34:06,391] {dag.py:2420} INFO - Sync 1 DAGs
[2022-07-16 16:34:06,618] {logging_mixin.py:115} INFO - [2022-07-16 16:34:06,618] {dag.py:2972} INFO - Setting next_dagrun for example_bash_operator to 2022-07-16T00:00:00+00:00, run_after=2022-07-17T00:00:00+00:00
[2022-07-16 16:34:06,693] {processor.py:161} INFO - Processing /home/airflow/.local/lib/python3.7/site-packages/airflow/example_dags/example_bash_operator.py took 0.557 seconds
[2022-07-16 16:34:39,075] {processor.py:153} INFO - Started process (PID=3164) to work on /home/airflow/.local/lib/python3.7/site-packages/airflow/example_dags/example_bash_operator.py
[2022-07-16 16:34:39,101] {processor.py:641} INFO - Processing file /home/airflow/.local/lib/python3.7/site-packages/airflow/example_dags/example_bash_operator.py for tasks to queue
[2022-07-16 16:34:39,103] {logging_mixin.py:115} INFO - [2022-07-16 16:34:39,103] {dagbag.py:508} INFO - Filling up the DagBag from /home/airflow/.local/lib/python3.7/site-packages/airflow/example_dags/example_bash_operator.py
[2022-07-16 16:34:39,427] {processor.py:651} INFO - DAG(s) dict_keys(['example_bash_operator']) retrieved from /home/airflow/.local/lib/python3.7/site-packages/airflow/example_dags/example_bash_operator.py
[2022-07-16 16:34:39,688] {logging_mixin.py:115} INFO - [2022-07-16 16:34:39,688] {dag.py:2420} INFO - Sync 1 DAGs
[2022-07-16 16:34:39,915] {logging_mixin.py:115} INFO - [2022-07-16 16:34:39,914] {dag.py:2972} INFO - Setting next_dagrun for example_bash_operator to 2022-07-16T00:00:00+00:00, run_after=2022-07-17T00:00:00+00:00
[2022-07-16 16:34:40,036] {processor.py:161} INFO - Processing /home/airflow/.local/lib/python3.7/site-packages/airflow/example_dags/example_bash_operator.py took 1.081 seconds
[2022-07-16 16:39:05,383] {processor.py:153} INFO - Started process (PID=328) to work on /home/airflow/.local/lib/python3.7/site-packages/airflow/example_dags/example_bash_operator.py
[2022-07-16 16:39:05,394] {processor.py:641} INFO - Processing file /home/airflow/.local/lib/python3.7/site-packages/airflow/example_dags/example_bash_operator.py for tasks to queue
[2022-07-16 16:39:05,396] {logging_mixin.py:115} INFO - [2022-07-16 16:39:05,395] {dagbag.py:508} INFO - Filling up the DagBag from /home/airflow/.local/lib/python3.7/site-packages/airflow/example_dags/example_bash_operator.py
[2022-07-16 16:39:05,656] {processor.py:651} INFO - DAG(s) dict_keys(['example_bash_operator']) retrieved from /home/airflow/.local/lib/python3.7/site-packages/airflow/example_dags/example_bash_operator.py
[2022-07-16 16:39:07,597] {logging_mixin.py:115} INFO - [2022-07-16 16:39:07,597] {manager.py:508} INFO - Created Permission View: can delete on DAG:example_bash_operator
[2022-07-16 16:39:07,787] {logging_mixin.py:115} INFO - [2022-07-16 16:39:07,787] {manager.py:508} INFO - Created Permission View: can edit on DAG:example_bash_operator
[2022-07-16 16:39:07,866] {logging_mixin.py:115} INFO - [2022-07-16 16:39:07,857] {manager.py:508} INFO - Created Permission View: can read on DAG:example_bash_operator
[2022-07-16 16:39:07,872] {logging_mixin.py:115} INFO - [2022-07-16 16:39:07,872] {dag.py:2420} INFO - Sync 1 DAGs
[2022-07-16 16:39:08,165] {logging_mixin.py:115} INFO - [2022-07-16 16:39:08,165] {dag.py:2439} INFO - Creating ORM DAG for example_bash_operator
[2022-07-16 16:39:08,420] {logging_mixin.py:115} INFO - [2022-07-16 16:39:08,420] {dag.py:2972} INFO - Setting next_dagrun for example_bash_operator to 2022-07-15T00:00:00+00:00, run_after=2022-07-16T00:00:00+00:00
[2022-07-16 16:39:08,893] {processor.py:161} INFO - Processing /home/airflow/.local/lib/python3.7/site-packages/airflow/example_dags/example_bash_operator.py took 3.564 seconds
[2022-07-16 16:39:40,010] {processor.py:153} INFO - Started process (PID=514) to work on /home/airflow/.local/lib/python3.7/site-packages/airflow/example_dags/example_bash_operator.py
[2022-07-16 16:39:40,026] {processor.py:641} INFO - Processing file /home/airflow/.local/lib/python3.7/site-packages/airflow/example_dags/example_bash_operator.py for tasks to queue
[2022-07-16 16:39:40,027] {logging_mixin.py:115} INFO - [2022-07-16 16:39:40,027] {dagbag.py:508} INFO - Filling up the DagBag from /home/airflow/.local/lib/python3.7/site-packages/airflow/example_dags/example_bash_operator.py
[2022-07-16 16:39:40,274] {processor.py:651} INFO - DAG(s) dict_keys(['example_bash_operator']) retrieved from /home/airflow/.local/lib/python3.7/site-packages/airflow/example_dags/example_bash_operator.py
