[2022-07-16 16:25:55,619] {processor.py:153} INFO - Started process (PID=271) to work on /home/airflow/.local/lib/python3.7/site-packages/airflow/example_dags/example_short_circuit_operator.py
[2022-07-16 16:25:55,660] {processor.py:641} INFO - Processing file /home/airflow/.local/lib/python3.7/site-packages/airflow/example_dags/example_short_circuit_operator.py for tasks to queue
[2022-07-16 16:25:55,661] {logging_mixin.py:115} INFO - [2022-07-16 16:25:55,661] {dagbag.py:508} INFO - Filling up the DagBag from /home/airflow/.local/lib/python3.7/site-packages/airflow/example_dags/example_short_circuit_operator.py
[2022-07-16 16:25:55,814] {processor.py:651} INFO - DAG(s) dict_keys(['example_short_circuit_operator']) retrieved from /home/airflow/.local/lib/python3.7/site-packages/airflow/example_dags/example_short_circuit_operator.py
[2022-07-16 16:25:56,655] {logging_mixin.py:115} INFO - [2022-07-16 16:25:56,654] {manager.py:508} INFO - Created Permission View: can delete on DAG:example_short_circuit_operator
[2022-07-16 16:25:56,753] {logging_mixin.py:115} INFO - [2022-07-16 16:25:56,752] {manager.py:508} INFO - Created Permission View: can edit on DAG:example_short_circuit_operator
[2022-07-16 16:25:56,828] {logging_mixin.py:115} INFO - [2022-07-16 16:25:56,828] {manager.py:508} INFO - Created Permission View: can read on DAG:example_short_circuit_operator
[2022-07-16 16:25:56,829] {logging_mixin.py:115} INFO - [2022-07-16 16:25:56,829] {dag.py:2420} INFO - Sync 1 DAGs
[2022-07-16 16:25:56,938] {logging_mixin.py:115} INFO - [2022-07-16 16:25:56,938] {dag.py:2439} INFO - Creating ORM DAG for example_short_circuit_operator
[2022-07-16 16:25:57,023] {logging_mixin.py:115} INFO - [2022-07-16 16:25:57,023] {dag.py:2972} INFO - Setting next_dagrun for example_short_circuit_operator to 2022-07-15T16:25:57.022709+00:00, run_after=2022-07-16T16:25:57.022709+00:00
[2022-07-16 16:25:57,189] {processor.py:161} INFO - Processing /home/airflow/.local/lib/python3.7/site-packages/airflow/example_dags/example_short_circuit_operator.py took 1.600 seconds
[2022-07-16 16:26:28,289] {processor.py:153} INFO - Started process (PID=452) to work on /home/airflow/.local/lib/python3.7/site-packages/airflow/example_dags/example_short_circuit_operator.py
[2022-07-16 16:26:28,293] {processor.py:641} INFO - Processing file /home/airflow/.local/lib/python3.7/site-packages/airflow/example_dags/example_short_circuit_operator.py for tasks to queue
[2022-07-16 16:26:28,321] {logging_mixin.py:115} INFO - [2022-07-16 16:26:28,321] {dagbag.py:508} INFO - Filling up the DagBag from /home/airflow/.local/lib/python3.7/site-packages/airflow/example_dags/example_short_circuit_operator.py
[2022-07-16 16:26:29,245] {processor.py:651} INFO - DAG(s) dict_keys(['example_short_circuit_operator']) retrieved from /home/airflow/.local/lib/python3.7/site-packages/airflow/example_dags/example_short_circuit_operator.py
[2022-07-16 16:26:31,125] {logging_mixin.py:115} INFO - [2022-07-16 16:26:31,124] {dag.py:2420} INFO - Sync 1 DAGs
[2022-07-16 16:26:31,663] {logging_mixin.py:115} INFO - [2022-07-16 16:26:31,662] {dag.py:2972} INFO - Setting next_dagrun for example_short_circuit_operator to 2022-07-15T16:26:31.662047+00:00, run_after=2022-07-16T16:26:31.662047+00:00
[2022-07-16 16:26:32,042] {processor.py:161} INFO - Processing /home/airflow/.local/lib/python3.7/site-packages/airflow/example_dags/example_short_circuit_operator.py took 4.049 seconds
[2022-07-16 16:27:14,824] {processor.py:153} INFO - Started process (PID=646) to work on /home/airflow/.local/lib/python3.7/site-packages/airflow/example_dags/example_short_circuit_operator.py
[2022-07-16 16:27:14,834] {processor.py:641} INFO - Processing file /home/airflow/.local/lib/python3.7/site-packages/airflow/example_dags/example_short_circuit_operator.py for tasks to queue
[2022-07-16 16:27:14,835] {logging_mixin.py:115} INFO - [2022-07-16 16:27:14,835] {dagbag.py:508} INFO - Filling up the DagBag from /home/airflow/.local/lib/python3.7/site-packages/airflow/example_dags/example_short_circuit_operator.py
[2022-07-16 16:27:15,127] {processor.py:651} INFO - DAG(s) dict_keys(['example_short_circuit_operator']) retrieved from /home/airflow/.local/lib/python3.7/site-packages/airflow/example_dags/example_short_circuit_operator.py
[2022-07-16 16:27:16,240] {logging_mixin.py:115} INFO - [2022-07-16 16:27:16,240] {dag.py:2420} INFO - Sync 1 DAGs
[2022-07-16 16:27:16,972] {logging_mixin.py:115} INFO - [2022-07-16 16:27:16,972] {dag.py:2972} INFO - Setting next_dagrun for example_short_circuit_operator to 2022-07-15T16:27:16.954900+00:00, run_after=2022-07-16T16:27:16.954900+00:00
[2022-07-16 16:27:17,084] {processor.py:161} INFO - Processing /home/airflow/.local/lib/python3.7/site-packages/airflow/example_dags/example_short_circuit_operator.py took 2.300 seconds
[2022-07-16 16:27:48,250] {processor.py:153} INFO - Started process (PID=838) to work on /home/airflow/.local/lib/python3.7/site-packages/airflow/example_dags/example_short_circuit_operator.py
[2022-07-16 16:27:48,251] {processor.py:641} INFO - Processing file /home/airflow/.local/lib/python3.7/site-packages/airflow/example_dags/example_short_circuit_operator.py for tasks to queue
[2022-07-16 16:27:48,260] {logging_mixin.py:115} INFO - [2022-07-16 16:27:48,252] {dagbag.py:508} INFO - Filling up the DagBag from /home/airflow/.local/lib/python3.7/site-packages/airflow/example_dags/example_short_circuit_operator.py
[2022-07-16 16:27:48,412] {processor.py:651} INFO - DAG(s) dict_keys(['example_short_circuit_operator']) retrieved from /home/airflow/.local/lib/python3.7/site-packages/airflow/example_dags/example_short_circuit_operator.py
[2022-07-16 16:27:48,668] {logging_mixin.py:115} INFO - [2022-07-16 16:27:48,666] {dag.py:2420} INFO - Sync 1 DAGs
[2022-07-16 16:27:48,927] {logging_mixin.py:115} INFO - [2022-07-16 16:27:48,927] {dag.py:2972} INFO - Setting next_dagrun for example_short_circuit_operator to 2022-07-15T16:27:48.921464+00:00, run_after=2022-07-16T16:27:48.921464+00:00
[2022-07-16 16:27:49,152] {processor.py:161} INFO - Processing /home/airflow/.local/lib/python3.7/site-packages/airflow/example_dags/example_short_circuit_operator.py took 0.955 seconds
[2022-07-16 16:28:20,103] {processor.py:153} INFO - Started process (PID=1017) to work on /home/airflow/.local/lib/python3.7/site-packages/airflow/example_dags/example_short_circuit_operator.py
[2022-07-16 16:28:20,104] {processor.py:641} INFO - Processing file /home/airflow/.local/lib/python3.7/site-packages/airflow/example_dags/example_short_circuit_operator.py for tasks to queue
[2022-07-16 16:28:20,117] {logging_mixin.py:115} INFO - [2022-07-16 16:28:20,117] {dagbag.py:508} INFO - Filling up the DagBag from /home/airflow/.local/lib/python3.7/site-packages/airflow/example_dags/example_short_circuit_operator.py
[2022-07-16 16:28:20,222] {processor.py:651} INFO - DAG(s) dict_keys(['example_short_circuit_operator']) retrieved from /home/airflow/.local/lib/python3.7/site-packages/airflow/example_dags/example_short_circuit_operator.py
[2022-07-16 16:28:20,385] {logging_mixin.py:115} INFO - [2022-07-16 16:28:20,385] {dag.py:2420} INFO - Sync 1 DAGs
[2022-07-16 16:28:20,504] {logging_mixin.py:115} INFO - [2022-07-16 16:28:20,504] {dag.py:2972} INFO - Setting next_dagrun for example_short_circuit_operator to 2022-07-15T16:28:20.503257+00:00, run_after=2022-07-16T16:28:20.503257+00:00
[2022-07-16 16:28:20,543] {processor.py:161} INFO - Processing /home/airflow/.local/lib/python3.7/site-packages/airflow/example_dags/example_short_circuit_operator.py took 0.461 seconds
[2022-07-16 16:28:51,474] {processor.py:153} INFO - Started process (PID=1204) to work on /home/airflow/.local/lib/python3.7/site-packages/airflow/example_dags/example_short_circuit_operator.py
[2022-07-16 16:28:51,479] {processor.py:641} INFO - Processing file /home/airflow/.local/lib/python3.7/site-packages/airflow/example_dags/example_short_circuit_operator.py for tasks to queue
[2022-07-16 16:28:51,483] {logging_mixin.py:115} INFO - [2022-07-16 16:28:51,480] {dagbag.py:508} INFO - Filling up the DagBag from /home/airflow/.local/lib/python3.7/site-packages/airflow/example_dags/example_short_circuit_operator.py
[2022-07-16 16:28:51,542] {processor.py:651} INFO - DAG(s) dict_keys(['example_short_circuit_operator']) retrieved from /home/airflow/.local/lib/python3.7/site-packages/airflow/example_dags/example_short_circuit_operator.py
[2022-07-16 16:28:51,738] {logging_mixin.py:115} INFO - [2022-07-16 16:28:51,738] {dag.py:2420} INFO - Sync 1 DAGs
[2022-07-16 16:28:51,904] {logging_mixin.py:115} INFO - [2022-07-16 16:28:51,903] {dag.py:2972} INFO - Setting next_dagrun for example_short_circuit_operator to 2022-07-15T16:28:51.902691+00:00, run_after=2022-07-16T16:28:51.902691+00:00
[2022-07-16 16:28:51,946] {processor.py:161} INFO - Processing /home/airflow/.local/lib/python3.7/site-packages/airflow/example_dags/example_short_circuit_operator.py took 0.489 seconds
[2022-07-16 16:29:47,792] {processor.py:153} INFO - Started process (PID=1418) to work on /home/airflow/.local/lib/python3.7/site-packages/airflow/example_dags/example_short_circuit_operator.py
[2022-07-16 16:29:47,797] {processor.py:641} INFO - Processing file /home/airflow/.local/lib/python3.7/site-packages/airflow/example_dags/example_short_circuit_operator.py for tasks to queue
[2022-07-16 16:29:47,798] {logging_mixin.py:115} INFO - [2022-07-16 16:29:47,798] {dagbag.py:508} INFO - Filling up the DagBag from /home/airflow/.local/lib/python3.7/site-packages/airflow/example_dags/example_short_circuit_operator.py
[2022-07-16 16:29:48,131] {processor.py:651} INFO - DAG(s) dict_keys(['example_short_circuit_operator']) retrieved from /home/airflow/.local/lib/python3.7/site-packages/airflow/example_dags/example_short_circuit_operator.py
[2022-07-16 16:29:48,841] {logging_mixin.py:115} INFO - [2022-07-16 16:29:48,841] {dag.py:2420} INFO - Sync 1 DAGs
[2022-07-16 16:29:49,124] {logging_mixin.py:115} INFO - [2022-07-16 16:29:49,124] {dag.py:2972} INFO - Setting next_dagrun for example_short_circuit_operator to 2022-07-15T16:29:49.109443+00:00, run_after=2022-07-16T16:29:49.109443+00:00
[2022-07-16 16:29:49,247] {processor.py:161} INFO - Processing /home/airflow/.local/lib/python3.7/site-packages/airflow/example_dags/example_short_circuit_operator.py took 1.489 seconds
[2022-07-16 16:30:19,817] {processor.py:153} INFO - Started process (PID=1607) to work on /home/airflow/.local/lib/python3.7/site-packages/airflow/example_dags/example_short_circuit_operator.py
[2022-07-16 16:30:19,818] {processor.py:641} INFO - Processing file /home/airflow/.local/lib/python3.7/site-packages/airflow/example_dags/example_short_circuit_operator.py for tasks to queue
[2022-07-16 16:30:19,820] {logging_mixin.py:115} INFO - [2022-07-16 16:30:19,820] {dagbag.py:508} INFO - Filling up the DagBag from /home/airflow/.local/lib/python3.7/site-packages/airflow/example_dags/example_short_circuit_operator.py
[2022-07-16 16:30:19,960] {processor.py:651} INFO - DAG(s) dict_keys(['example_short_circuit_operator']) retrieved from /home/airflow/.local/lib/python3.7/site-packages/airflow/example_dags/example_short_circuit_operator.py
[2022-07-16 16:30:20,209] {logging_mixin.py:115} INFO - [2022-07-16 16:30:20,209] {dag.py:2420} INFO - Sync 1 DAGs
[2022-07-16 16:30:20,598] {logging_mixin.py:115} INFO - [2022-07-16 16:30:20,597] {dag.py:2972} INFO - Setting next_dagrun for example_short_circuit_operator to 2022-07-15T16:30:20.597158+00:00, run_after=2022-07-16T16:30:20.597158+00:00
[2022-07-16 16:30:20,839] {processor.py:161} INFO - Processing /home/airflow/.local/lib/python3.7/site-packages/airflow/example_dags/example_short_circuit_operator.py took 1.093 seconds
[2022-07-16 16:30:51,237] {processor.py:153} INFO - Started process (PID=1788) to work on /home/airflow/.local/lib/python3.7/site-packages/airflow/example_dags/example_short_circuit_operator.py
[2022-07-16 16:30:51,239] {processor.py:641} INFO - Processing file /home/airflow/.local/lib/python3.7/site-packages/airflow/example_dags/example_short_circuit_operator.py for tasks to queue
[2022-07-16 16:30:51,241] {logging_mixin.py:115} INFO - [2022-07-16 16:30:51,241] {dagbag.py:508} INFO - Filling up the DagBag from /home/airflow/.local/lib/python3.7/site-packages/airflow/example_dags/example_short_circuit_operator.py
[2022-07-16 16:30:51,272] {processor.py:651} INFO - DAG(s) dict_keys(['example_short_circuit_operator']) retrieved from /home/airflow/.local/lib/python3.7/site-packages/airflow/example_dags/example_short_circuit_operator.py
[2022-07-16 16:30:51,359] {logging_mixin.py:115} INFO - [2022-07-16 16:30:51,359] {dag.py:2420} INFO - Sync 1 DAGs
[2022-07-16 16:30:51,496] {logging_mixin.py:115} INFO - [2022-07-16 16:30:51,496] {dag.py:2972} INFO - Setting next_dagrun for example_short_circuit_operator to 2022-07-15T16:30:51.494595+00:00, run_after=2022-07-16T16:30:51.494595+00:00
[2022-07-16 16:30:51,566] {processor.py:161} INFO - Processing /home/airflow/.local/lib/python3.7/site-packages/airflow/example_dags/example_short_circuit_operator.py took 0.344 seconds
[2022-07-16 16:31:22,438] {processor.py:153} INFO - Started process (PID=1978) to work on /home/airflow/.local/lib/python3.7/site-packages/airflow/example_dags/example_short_circuit_operator.py
[2022-07-16 16:31:22,440] {processor.py:641} INFO - Processing file /home/airflow/.local/lib/python3.7/site-packages/airflow/example_dags/example_short_circuit_operator.py for tasks to queue
[2022-07-16 16:31:22,441] {logging_mixin.py:115} INFO - [2022-07-16 16:31:22,441] {dagbag.py:508} INFO - Filling up the DagBag from /home/airflow/.local/lib/python3.7/site-packages/airflow/example_dags/example_short_circuit_operator.py
[2022-07-16 16:31:22,468] {processor.py:651} INFO - DAG(s) dict_keys(['example_short_circuit_operator']) retrieved from /home/airflow/.local/lib/python3.7/site-packages/airflow/example_dags/example_short_circuit_operator.py
[2022-07-16 16:31:22,561] {logging_mixin.py:115} INFO - [2022-07-16 16:31:22,561] {dag.py:2420} INFO - Sync 1 DAGs
[2022-07-16 16:31:22,649] {logging_mixin.py:115} INFO - [2022-07-16 16:31:22,649] {dag.py:2972} INFO - Setting next_dagrun for example_short_circuit_operator to 2022-07-15T16:31:22.648711+00:00, run_after=2022-07-16T16:31:22.648711+00:00
[2022-07-16 16:31:22,709] {processor.py:161} INFO - Processing /home/airflow/.local/lib/python3.7/site-packages/airflow/example_dags/example_short_circuit_operator.py took 0.281 seconds
[2022-07-16 16:31:55,369] {processor.py:153} INFO - Started process (PID=2166) to work on /home/airflow/.local/lib/python3.7/site-packages/airflow/example_dags/example_short_circuit_operator.py
[2022-07-16 16:31:55,398] {processor.py:641} INFO - Processing file /home/airflow/.local/lib/python3.7/site-packages/airflow/example_dags/example_short_circuit_operator.py for tasks to queue
[2022-07-16 16:31:55,399] {logging_mixin.py:115} INFO - [2022-07-16 16:31:55,399] {dagbag.py:508} INFO - Filling up the DagBag from /home/airflow/.local/lib/python3.7/site-packages/airflow/example_dags/example_short_circuit_operator.py
[2022-07-16 16:31:55,677] {processor.py:651} INFO - DAG(s) dict_keys(['example_short_circuit_operator']) retrieved from /home/airflow/.local/lib/python3.7/site-packages/airflow/example_dags/example_short_circuit_operator.py
[2022-07-16 16:31:56,142] {logging_mixin.py:115} INFO - [2022-07-16 16:31:56,142] {dag.py:2420} INFO - Sync 1 DAGs
[2022-07-16 16:31:56,833] {logging_mixin.py:115} INFO - [2022-07-16 16:31:56,833] {dag.py:2972} INFO - Setting next_dagrun for example_short_circuit_operator to 2022-07-15T16:31:56.806262+00:00, run_after=2022-07-16T16:31:56.806262+00:00
[2022-07-16 16:31:57,315] {processor.py:161} INFO - Processing /home/airflow/.local/lib/python3.7/site-packages/airflow/example_dags/example_short_circuit_operator.py took 1.992 seconds
[2022-07-16 16:32:27,887] {processor.py:153} INFO - Started process (PID=2355) to work on /home/airflow/.local/lib/python3.7/site-packages/airflow/example_dags/example_short_circuit_operator.py
[2022-07-16 16:32:27,892] {processor.py:641} INFO - Processing file /home/airflow/.local/lib/python3.7/site-packages/airflow/example_dags/example_short_circuit_operator.py for tasks to queue
[2022-07-16 16:32:27,894] {logging_mixin.py:115} INFO - [2022-07-16 16:32:27,894] {dagbag.py:508} INFO - Filling up the DagBag from /home/airflow/.local/lib/python3.7/site-packages/airflow/example_dags/example_short_circuit_operator.py
[2022-07-16 16:32:27,958] {processor.py:651} INFO - DAG(s) dict_keys(['example_short_circuit_operator']) retrieved from /home/airflow/.local/lib/python3.7/site-packages/airflow/example_dags/example_short_circuit_operator.py
[2022-07-16 16:32:28,125] {logging_mixin.py:115} INFO - [2022-07-16 16:32:28,125] {dag.py:2420} INFO - Sync 1 DAGs
[2022-07-16 16:32:28,292] {logging_mixin.py:115} INFO - [2022-07-16 16:32:28,291] {dag.py:2972} INFO - Setting next_dagrun for example_short_circuit_operator to 2022-07-15T16:32:28.283861+00:00, run_after=2022-07-16T16:32:28.283861+00:00
[2022-07-16 16:32:28,455] {processor.py:161} INFO - Processing /home/airflow/.local/lib/python3.7/site-packages/airflow/example_dags/example_short_circuit_operator.py took 0.600 seconds
[2022-07-16 16:32:58,994] {processor.py:153} INFO - Started process (PID=2543) to work on /home/airflow/.local/lib/python3.7/site-packages/airflow/example_dags/example_short_circuit_operator.py
[2022-07-16 16:32:58,995] {processor.py:641} INFO - Processing file /home/airflow/.local/lib/python3.7/site-packages/airflow/example_dags/example_short_circuit_operator.py for tasks to queue
[2022-07-16 16:32:58,997] {logging_mixin.py:115} INFO - [2022-07-16 16:32:58,997] {dagbag.py:508} INFO - Filling up the DagBag from /home/airflow/.local/lib/python3.7/site-packages/airflow/example_dags/example_short_circuit_operator.py
[2022-07-16 16:32:59,034] {processor.py:651} INFO - DAG(s) dict_keys(['example_short_circuit_operator']) retrieved from /home/airflow/.local/lib/python3.7/site-packages/airflow/example_dags/example_short_circuit_operator.py
[2022-07-16 16:32:59,196] {logging_mixin.py:115} INFO - [2022-07-16 16:32:59,196] {dag.py:2420} INFO - Sync 1 DAGs
[2022-07-16 16:32:59,359] {logging_mixin.py:115} INFO - [2022-07-16 16:32:59,359] {dag.py:2972} INFO - Setting next_dagrun for example_short_circuit_operator to 2022-07-15T16:32:59.358693+00:00, run_after=2022-07-16T16:32:59.358693+00:00
[2022-07-16 16:32:59,424] {processor.py:161} INFO - Processing /home/airflow/.local/lib/python3.7/site-packages/airflow/example_dags/example_short_circuit_operator.py took 0.449 seconds
[2022-07-16 16:33:29,706] {processor.py:153} INFO - Started process (PID=2732) to work on /home/airflow/.local/lib/python3.7/site-packages/airflow/example_dags/example_short_circuit_operator.py
[2022-07-16 16:33:29,714] {processor.py:641} INFO - Processing file /home/airflow/.local/lib/python3.7/site-packages/airflow/example_dags/example_short_circuit_operator.py for tasks to queue
[2022-07-16 16:33:29,714] {logging_mixin.py:115} INFO - [2022-07-16 16:33:29,714] {dagbag.py:508} INFO - Filling up the DagBag from /home/airflow/.local/lib/python3.7/site-packages/airflow/example_dags/example_short_circuit_operator.py
[2022-07-16 16:33:29,794] {processor.py:651} INFO - DAG(s) dict_keys(['example_short_circuit_operator']) retrieved from /home/airflow/.local/lib/python3.7/site-packages/airflow/example_dags/example_short_circuit_operator.py
[2022-07-16 16:33:29,879] {logging_mixin.py:115} INFO - [2022-07-16 16:33:29,879] {dag.py:2420} INFO - Sync 1 DAGs
[2022-07-16 16:33:29,995] {logging_mixin.py:115} INFO - [2022-07-16 16:33:29,994] {dag.py:2972} INFO - Setting next_dagrun for example_short_circuit_operator to 2022-07-15T16:33:29.994215+00:00, run_after=2022-07-16T16:33:29.994215+00:00
[2022-07-16 16:33:30,111] {processor.py:161} INFO - Processing /home/airflow/.local/lib/python3.7/site-packages/airflow/example_dags/example_short_circuit_operator.py took 0.437 seconds
[2022-07-16 16:34:00,285] {processor.py:153} INFO - Started process (PID=2924) to work on /home/airflow/.local/lib/python3.7/site-packages/airflow/example_dags/example_short_circuit_operator.py
[2022-07-16 16:34:00,286] {processor.py:641} INFO - Processing file /home/airflow/.local/lib/python3.7/site-packages/airflow/example_dags/example_short_circuit_operator.py for tasks to queue
[2022-07-16 16:34:00,287] {logging_mixin.py:115} INFO - [2022-07-16 16:34:00,287] {dagbag.py:508} INFO - Filling up the DagBag from /home/airflow/.local/lib/python3.7/site-packages/airflow/example_dags/example_short_circuit_operator.py
[2022-07-16 16:34:00,314] {processor.py:651} INFO - DAG(s) dict_keys(['example_short_circuit_operator']) retrieved from /home/airflow/.local/lib/python3.7/site-packages/airflow/example_dags/example_short_circuit_operator.py
[2022-07-16 16:34:00,393] {logging_mixin.py:115} INFO - [2022-07-16 16:34:00,393] {dag.py:2420} INFO - Sync 1 DAGs
[2022-07-16 16:34:00,499] {logging_mixin.py:115} INFO - [2022-07-16 16:34:00,498] {dag.py:2972} INFO - Setting next_dagrun for example_short_circuit_operator to 2022-07-15T16:34:00.496986+00:00, run_after=2022-07-16T16:34:00.496986+00:00
[2022-07-16 16:34:00,538] {processor.py:161} INFO - Processing /home/airflow/.local/lib/python3.7/site-packages/airflow/example_dags/example_short_circuit_operator.py took 0.265 seconds
[2022-07-16 16:34:30,771] {processor.py:153} INFO - Started process (PID=3112) to work on /home/airflow/.local/lib/python3.7/site-packages/airflow/example_dags/example_short_circuit_operator.py
[2022-07-16 16:34:30,777] {processor.py:641} INFO - Processing file /home/airflow/.local/lib/python3.7/site-packages/airflow/example_dags/example_short_circuit_operator.py for tasks to queue
[2022-07-16 16:34:30,779] {logging_mixin.py:115} INFO - [2022-07-16 16:34:30,779] {dagbag.py:508} INFO - Filling up the DagBag from /home/airflow/.local/lib/python3.7/site-packages/airflow/example_dags/example_short_circuit_operator.py
[2022-07-16 16:34:30,800] {processor.py:651} INFO - DAG(s) dict_keys(['example_short_circuit_operator']) retrieved from /home/airflow/.local/lib/python3.7/site-packages/airflow/example_dags/example_short_circuit_operator.py
[2022-07-16 16:34:30,869] {logging_mixin.py:115} INFO - [2022-07-16 16:34:30,869] {dag.py:2420} INFO - Sync 1 DAGs
[2022-07-16 16:34:30,930] {logging_mixin.py:115} INFO - [2022-07-16 16:34:30,930] {dag.py:2972} INFO - Setting next_dagrun for example_short_circuit_operator to 2022-07-15T16:34:30.930100+00:00, run_after=2022-07-16T16:34:30.930100+00:00
[2022-07-16 16:34:30,953] {processor.py:161} INFO - Processing /home/airflow/.local/lib/python3.7/site-packages/airflow/example_dags/example_short_circuit_operator.py took 0.234 seconds
[2022-07-16 16:38:54,602] {processor.py:153} INFO - Started process (PID=286) to work on /home/airflow/.local/lib/python3.7/site-packages/airflow/example_dags/example_short_circuit_operator.py
[2022-07-16 16:38:54,618] {processor.py:641} INFO - Processing file /home/airflow/.local/lib/python3.7/site-packages/airflow/example_dags/example_short_circuit_operator.py for tasks to queue
[2022-07-16 16:38:54,619] {logging_mixin.py:115} INFO - [2022-07-16 16:38:54,619] {dagbag.py:508} INFO - Filling up the DagBag from /home/airflow/.local/lib/python3.7/site-packages/airflow/example_dags/example_short_circuit_operator.py
[2022-07-16 16:38:54,687] {processor.py:651} INFO - DAG(s) dict_keys(['example_short_circuit_operator']) retrieved from /home/airflow/.local/lib/python3.7/site-packages/airflow/example_dags/example_short_circuit_operator.py
[2022-07-16 16:38:56,624] {logging_mixin.py:115} INFO - [2022-07-16 16:38:56,624] {manager.py:508} INFO - Created Permission View: can delete on DAG:example_short_circuit_operator
[2022-07-16 16:38:56,837] {logging_mixin.py:115} INFO - [2022-07-16 16:38:56,837] {manager.py:508} INFO - Created Permission View: can edit on DAG:example_short_circuit_operator
[2022-07-16 16:38:56,969] {logging_mixin.py:115} INFO - [2022-07-16 16:38:56,969] {manager.py:508} INFO - Created Permission View: can read on DAG:example_short_circuit_operator
[2022-07-16 16:38:56,969] {logging_mixin.py:115} INFO - [2022-07-16 16:38:56,969] {dag.py:2420} INFO - Sync 1 DAGs
[2022-07-16 16:38:57,113] {logging_mixin.py:115} INFO - [2022-07-16 16:38:57,113] {dag.py:2439} INFO - Creating ORM DAG for example_short_circuit_operator
[2022-07-16 16:38:57,414] {logging_mixin.py:115} INFO - [2022-07-16 16:38:57,414] {dag.py:2972} INFO - Setting next_dagrun for example_short_circuit_operator to 2022-07-15T16:38:57.381496+00:00, run_after=2022-07-16T16:38:57.381496+00:00
[2022-07-16 16:38:57,762] {processor.py:161} INFO - Processing /home/airflow/.local/lib/python3.7/site-packages/airflow/example_dags/example_short_circuit_operator.py took 3.183 seconds
[2022-07-16 16:39:35,007] {processor.py:153} INFO - Started process (PID=475) to work on /home/airflow/.local/lib/python3.7/site-packages/airflow/example_dags/example_short_circuit_operator.py
[2022-07-16 16:39:35,021] {processor.py:641} INFO - Processing file /home/airflow/.local/lib/python3.7/site-packages/airflow/example_dags/example_short_circuit_operator.py for tasks to queue
[2022-07-16 16:39:35,023] {logging_mixin.py:115} INFO - [2022-07-16 16:39:35,022] {dagbag.py:508} INFO - Filling up the DagBag from /home/airflow/.local/lib/python3.7/site-packages/airflow/example_dags/example_short_circuit_operator.py
[2022-07-16 16:39:35,118] {processor.py:651} INFO - DAG(s) dict_keys(['example_short_circuit_operator']) retrieved from /home/airflow/.local/lib/python3.7/site-packages/airflow/example_dags/example_short_circuit_operator.py
[2022-07-16 16:39:35,319] {logging_mixin.py:115} INFO - [2022-07-16 16:39:35,319] {dag.py:2420} INFO - Sync 1 DAGs
[2022-07-16 16:39:35,417] {logging_mixin.py:115} INFO - [2022-07-16 16:39:35,416] {dag.py:2972} INFO - Setting next_dagrun for example_short_circuit_operator to 2022-07-15T16:39:35.412546+00:00, run_after=2022-07-16T16:39:35.412546+00:00
[2022-07-16 16:39:35,546] {processor.py:161} INFO - Processing /home/airflow/.local/lib/python3.7/site-packages/airflow/example_dags/example_short_circuit_operator.py took 0.573 seconds
