[2022-07-16 16:25:47,201] {processor.py:153} INFO - Started process (PID=222) to work on /home/airflow/.local/lib/python3.7/site-packages/airflow/example_dags/example_xcom.py
[2022-07-16 16:25:47,202] {processor.py:641} INFO - Processing file /home/airflow/.local/lib/python3.7/site-packages/airflow/example_dags/example_xcom.py for tasks to queue
[2022-07-16 16:25:47,203] {logging_mixin.py:115} INFO - [2022-07-16 16:25:47,202] {dagbag.py:508} INFO - Filling up the DagBag from /home/airflow/.local/lib/python3.7/site-packages/airflow/example_dags/example_xcom.py
[2022-07-16 16:25:47,312] {processor.py:651} INFO - DAG(s) dict_keys(['example_xcom']) retrieved from /home/airflow/.local/lib/python3.7/site-packages/airflow/example_dags/example_xcom.py
[2022-07-16 16:25:47,598] {logging_mixin.py:115} INFO - [2022-07-16 16:25:47,598] {manager.py:508} INFO - Created Permission View: can delete on DAG:example_xcom
[2022-07-16 16:25:47,617] {logging_mixin.py:115} INFO - [2022-07-16 16:25:47,617] {manager.py:508} INFO - Created Permission View: can edit on DAG:example_xcom
[2022-07-16 16:25:47,654] {logging_mixin.py:115} INFO - [2022-07-16 16:25:47,654] {manager.py:508} INFO - Created Permission View: can read on DAG:example_xcom
[2022-07-16 16:25:47,655] {logging_mixin.py:115} INFO - [2022-07-16 16:25:47,655] {dag.py:2420} INFO - Sync 1 DAGs
[2022-07-16 16:25:47,746] {logging_mixin.py:115} INFO - [2022-07-16 16:25:47,746] {dag.py:2439} INFO - Creating ORM DAG for example_xcom
[2022-07-16 16:25:47,811] {logging_mixin.py:115} INFO - [2022-07-16 16:25:47,811] {dag.py:2972} INFO - Setting next_dagrun for example_xcom to 2021-01-01T00:00:00+00:00, run_after=2021-01-01T00:00:00+00:00
[2022-07-16 16:25:47,910] {processor.py:161} INFO - Processing /home/airflow/.local/lib/python3.7/site-packages/airflow/example_dags/example_xcom.py took 0.743 seconds
[2022-07-16 16:26:19,160] {processor.py:153} INFO - Started process (PID=410) to work on /home/airflow/.local/lib/python3.7/site-packages/airflow/example_dags/example_xcom.py
[2022-07-16 16:26:19,162] {processor.py:641} INFO - Processing file /home/airflow/.local/lib/python3.7/site-packages/airflow/example_dags/example_xcom.py for tasks to queue
[2022-07-16 16:26:19,165] {logging_mixin.py:115} INFO - [2022-07-16 16:26:19,164] {dagbag.py:508} INFO - Filling up the DagBag from /home/airflow/.local/lib/python3.7/site-packages/airflow/example_dags/example_xcom.py
[2022-07-16 16:26:19,262] {processor.py:651} INFO - DAG(s) dict_keys(['example_xcom']) retrieved from /home/airflow/.local/lib/python3.7/site-packages/airflow/example_dags/example_xcom.py
[2022-07-16 16:26:19,841] {logging_mixin.py:115} INFO - [2022-07-16 16:26:19,840] {dag.py:2420} INFO - Sync 1 DAGs
[2022-07-16 16:26:19,989] {logging_mixin.py:115} INFO - [2022-07-16 16:26:19,989] {dag.py:2972} INFO - Setting next_dagrun for example_xcom to 2021-01-01T00:00:00+00:00, run_after=2021-01-01T00:00:00+00:00
[2022-07-16 16:26:20,095] {processor.py:161} INFO - Processing /home/airflow/.local/lib/python3.7/site-packages/airflow/example_dags/example_xcom.py took 0.965 seconds
[2022-07-16 16:27:02,631] {processor.py:153} INFO - Started process (PID=589) to work on /home/airflow/.local/lib/python3.7/site-packages/airflow/example_dags/example_xcom.py
[2022-07-16 16:27:02,652] {processor.py:641} INFO - Processing file /home/airflow/.local/lib/python3.7/site-packages/airflow/example_dags/example_xcom.py for tasks to queue
[2022-07-16 16:27:02,654] {logging_mixin.py:115} INFO - [2022-07-16 16:27:02,653] {dagbag.py:508} INFO - Filling up the DagBag from /home/airflow/.local/lib/python3.7/site-packages/airflow/example_dags/example_xcom.py
[2022-07-16 16:27:03,135] {processor.py:651} INFO - DAG(s) dict_keys(['example_xcom']) retrieved from /home/airflow/.local/lib/python3.7/site-packages/airflow/example_dags/example_xcom.py
[2022-07-16 16:27:04,214] {logging_mixin.py:115} INFO - [2022-07-16 16:27:04,214] {dag.py:2420} INFO - Sync 1 DAGs
[2022-07-16 16:27:04,335] {logging_mixin.py:115} INFO - [2022-07-16 16:27:04,334] {dag.py:2972} INFO - Setting next_dagrun for example_xcom to 2021-01-01T00:00:00+00:00, run_after=2021-01-01T00:00:00+00:00
[2022-07-16 16:27:04,469] {processor.py:161} INFO - Processing /home/airflow/.local/lib/python3.7/site-packages/airflow/example_dags/example_xcom.py took 1.873 seconds
[2022-07-16 16:27:34,978] {processor.py:153} INFO - Started process (PID=777) to work on /home/airflow/.local/lib/python3.7/site-packages/airflow/example_dags/example_xcom.py
[2022-07-16 16:27:34,982] {processor.py:641} INFO - Processing file /home/airflow/.local/lib/python3.7/site-packages/airflow/example_dags/example_xcom.py for tasks to queue
[2022-07-16 16:27:34,983] {logging_mixin.py:115} INFO - [2022-07-16 16:27:34,983] {dagbag.py:508} INFO - Filling up the DagBag from /home/airflow/.local/lib/python3.7/site-packages/airflow/example_dags/example_xcom.py
[2022-07-16 16:27:35,085] {processor.py:651} INFO - DAG(s) dict_keys(['example_xcom']) retrieved from /home/airflow/.local/lib/python3.7/site-packages/airflow/example_dags/example_xcom.py
[2022-07-16 16:27:35,192] {logging_mixin.py:115} INFO - [2022-07-16 16:27:35,192] {dag.py:2420} INFO - Sync 1 DAGs
[2022-07-16 16:27:35,374] {logging_mixin.py:115} INFO - [2022-07-16 16:27:35,374] {dag.py:2972} INFO - Setting next_dagrun for example_xcom to 2021-01-01T00:00:00+00:00, run_after=2021-01-01T00:00:00+00:00
[2022-07-16 16:27:35,518] {processor.py:161} INFO - Processing /home/airflow/.local/lib/python3.7/site-packages/airflow/example_dags/example_xcom.py took 0.564 seconds
[2022-07-16 16:28:07,912] {processor.py:153} INFO - Started process (PID=963) to work on /home/airflow/.local/lib/python3.7/site-packages/airflow/example_dags/example_xcom.py
[2022-07-16 16:28:07,920] {processor.py:641} INFO - Processing file /home/airflow/.local/lib/python3.7/site-packages/airflow/example_dags/example_xcom.py for tasks to queue
[2022-07-16 16:28:07,922] {logging_mixin.py:115} INFO - [2022-07-16 16:28:07,921] {dagbag.py:508} INFO - Filling up the DagBag from /home/airflow/.local/lib/python3.7/site-packages/airflow/example_dags/example_xcom.py
[2022-07-16 16:28:08,445] {processor.py:651} INFO - DAG(s) dict_keys(['example_xcom']) retrieved from /home/airflow/.local/lib/python3.7/site-packages/airflow/example_dags/example_xcom.py
[2022-07-16 16:28:09,332] {logging_mixin.py:115} INFO - [2022-07-16 16:28:09,332] {dag.py:2420} INFO - Sync 1 DAGs
[2022-07-16 16:28:09,692] {logging_mixin.py:115} INFO - [2022-07-16 16:28:09,692] {dag.py:2972} INFO - Setting next_dagrun for example_xcom to 2021-01-01T00:00:00+00:00, run_after=2021-01-01T00:00:00+00:00
[2022-07-16 16:28:09,817] {processor.py:161} INFO - Processing /home/airflow/.local/lib/python3.7/site-packages/airflow/example_dags/example_xcom.py took 1.927 seconds
[2022-07-16 16:28:40,370] {processor.py:153} INFO - Started process (PID=1151) to work on /home/airflow/.local/lib/python3.7/site-packages/airflow/example_dags/example_xcom.py
[2022-07-16 16:28:40,380] {processor.py:641} INFO - Processing file /home/airflow/.local/lib/python3.7/site-packages/airflow/example_dags/example_xcom.py for tasks to queue
[2022-07-16 16:28:40,389] {logging_mixin.py:115} INFO - [2022-07-16 16:28:40,389] {dagbag.py:508} INFO - Filling up the DagBag from /home/airflow/.local/lib/python3.7/site-packages/airflow/example_dags/example_xcom.py
[2022-07-16 16:28:40,718] {processor.py:651} INFO - DAG(s) dict_keys(['example_xcom']) retrieved from /home/airflow/.local/lib/python3.7/site-packages/airflow/example_dags/example_xcom.py
[2022-07-16 16:28:41,431] {logging_mixin.py:115} INFO - [2022-07-16 16:28:41,431] {dag.py:2420} INFO - Sync 1 DAGs
[2022-07-16 16:28:41,704] {logging_mixin.py:115} INFO - [2022-07-16 16:28:41,703] {dag.py:2972} INFO - Setting next_dagrun for example_xcom to 2021-01-01T00:00:00+00:00, run_after=2021-01-01T00:00:00+00:00
[2022-07-16 16:28:41,856] {processor.py:161} INFO - Processing /home/airflow/.local/lib/python3.7/site-packages/airflow/example_dags/example_xcom.py took 1.531 seconds
[2022-07-16 16:29:35,753] {processor.py:153} INFO - Started process (PID=1359) to work on /home/airflow/.local/lib/python3.7/site-packages/airflow/example_dags/example_xcom.py
[2022-07-16 16:29:35,772] {processor.py:641} INFO - Processing file /home/airflow/.local/lib/python3.7/site-packages/airflow/example_dags/example_xcom.py for tasks to queue
[2022-07-16 16:29:35,774] {logging_mixin.py:115} INFO - [2022-07-16 16:29:35,773] {dagbag.py:508} INFO - Filling up the DagBag from /home/airflow/.local/lib/python3.7/site-packages/airflow/example_dags/example_xcom.py
[2022-07-16 16:29:36,159] {processor.py:651} INFO - DAG(s) dict_keys(['example_xcom']) retrieved from /home/airflow/.local/lib/python3.7/site-packages/airflow/example_dags/example_xcom.py
[2022-07-16 16:29:36,938] {logging_mixin.py:115} INFO - [2022-07-16 16:29:36,937] {dag.py:2420} INFO - Sync 1 DAGs
[2022-07-16 16:29:37,306] {logging_mixin.py:115} INFO - [2022-07-16 16:29:37,305] {dag.py:2972} INFO - Setting next_dagrun for example_xcom to 2021-01-01T00:00:00+00:00, run_after=2021-01-01T00:00:00+00:00
[2022-07-16 16:29:37,464] {processor.py:161} INFO - Processing /home/airflow/.local/lib/python3.7/site-packages/airflow/example_dags/example_xcom.py took 1.762 seconds
[2022-07-16 16:30:07,913] {processor.py:153} INFO - Started process (PID=1547) to work on /home/airflow/.local/lib/python3.7/site-packages/airflow/example_dags/example_xcom.py
[2022-07-16 16:30:07,915] {processor.py:641} INFO - Processing file /home/airflow/.local/lib/python3.7/site-packages/airflow/example_dags/example_xcom.py for tasks to queue
[2022-07-16 16:30:07,929] {logging_mixin.py:115} INFO - [2022-07-16 16:30:07,928] {dagbag.py:508} INFO - Filling up the DagBag from /home/airflow/.local/lib/python3.7/site-packages/airflow/example_dags/example_xcom.py
[2022-07-16 16:30:08,224] {processor.py:651} INFO - DAG(s) dict_keys(['example_xcom']) retrieved from /home/airflow/.local/lib/python3.7/site-packages/airflow/example_dags/example_xcom.py
[2022-07-16 16:30:08,624] {logging_mixin.py:115} INFO - [2022-07-16 16:30:08,624] {dag.py:2420} INFO - Sync 1 DAGs
[2022-07-16 16:30:09,150] {logging_mixin.py:115} INFO - [2022-07-16 16:30:09,149] {dag.py:2972} INFO - Setting next_dagrun for example_xcom to 2021-01-01T00:00:00+00:00, run_after=2021-01-01T00:00:00+00:00
[2022-07-16 16:30:09,363] {processor.py:161} INFO - Processing /home/airflow/.local/lib/python3.7/site-packages/airflow/example_dags/example_xcom.py took 1.516 seconds
[2022-07-16 16:30:41,017] {processor.py:153} INFO - Started process (PID=1736) to work on /home/airflow/.local/lib/python3.7/site-packages/airflow/example_dags/example_xcom.py
[2022-07-16 16:30:41,052] {processor.py:641} INFO - Processing file /home/airflow/.local/lib/python3.7/site-packages/airflow/example_dags/example_xcom.py for tasks to queue
[2022-07-16 16:30:41,054] {logging_mixin.py:115} INFO - [2022-07-16 16:30:41,053] {dagbag.py:508} INFO - Filling up the DagBag from /home/airflow/.local/lib/python3.7/site-packages/airflow/example_dags/example_xcom.py
[2022-07-16 16:30:41,278] {processor.py:651} INFO - DAG(s) dict_keys(['example_xcom']) retrieved from /home/airflow/.local/lib/python3.7/site-packages/airflow/example_dags/example_xcom.py
[2022-07-16 16:30:42,158] {logging_mixin.py:115} INFO - [2022-07-16 16:30:42,158] {dag.py:2420} INFO - Sync 1 DAGs
[2022-07-16 16:30:42,301] {logging_mixin.py:115} INFO - [2022-07-16 16:30:42,301] {dag.py:2972} INFO - Setting next_dagrun for example_xcom to 2021-01-01T00:00:00+00:00, run_after=2021-01-01T00:00:00+00:00
[2022-07-16 16:30:42,371] {processor.py:161} INFO - Processing /home/airflow/.local/lib/python3.7/site-packages/airflow/example_dags/example_xcom.py took 1.433 seconds
[2022-07-16 16:31:13,174] {processor.py:153} INFO - Started process (PID=1930) to work on /home/airflow/.local/lib/python3.7/site-packages/airflow/example_dags/example_xcom.py
[2022-07-16 16:31:13,181] {processor.py:641} INFO - Processing file /home/airflow/.local/lib/python3.7/site-packages/airflow/example_dags/example_xcom.py for tasks to queue
[2022-07-16 16:31:13,187] {logging_mixin.py:115} INFO - [2022-07-16 16:31:13,187] {dagbag.py:508} INFO - Filling up the DagBag from /home/airflow/.local/lib/python3.7/site-packages/airflow/example_dags/example_xcom.py
[2022-07-16 16:31:13,382] {processor.py:651} INFO - DAG(s) dict_keys(['example_xcom']) retrieved from /home/airflow/.local/lib/python3.7/site-packages/airflow/example_dags/example_xcom.py
[2022-07-16 16:31:13,919] {logging_mixin.py:115} INFO - [2022-07-16 16:31:13,918] {dag.py:2420} INFO - Sync 1 DAGs
[2022-07-16 16:31:14,090] {logging_mixin.py:115} INFO - [2022-07-16 16:31:14,090] {dag.py:2972} INFO - Setting next_dagrun for example_xcom to 2021-01-01T00:00:00+00:00, run_after=2021-01-01T00:00:00+00:00
[2022-07-16 16:31:14,324] {processor.py:161} INFO - Processing /home/airflow/.local/lib/python3.7/site-packages/airflow/example_dags/example_xcom.py took 1.165 seconds
[2022-07-16 16:31:45,175] {processor.py:153} INFO - Started process (PID=2109) to work on /home/airflow/.local/lib/python3.7/site-packages/airflow/example_dags/example_xcom.py
[2022-07-16 16:31:45,176] {processor.py:641} INFO - Processing file /home/airflow/.local/lib/python3.7/site-packages/airflow/example_dags/example_xcom.py for tasks to queue
[2022-07-16 16:31:45,194] {logging_mixin.py:115} INFO - [2022-07-16 16:31:45,194] {dagbag.py:508} INFO - Filling up the DagBag from /home/airflow/.local/lib/python3.7/site-packages/airflow/example_dags/example_xcom.py
[2022-07-16 16:31:45,350] {processor.py:651} INFO - DAG(s) dict_keys(['example_xcom']) retrieved from /home/airflow/.local/lib/python3.7/site-packages/airflow/example_dags/example_xcom.py
[2022-07-16 16:31:45,920] {logging_mixin.py:115} INFO - [2022-07-16 16:31:45,920] {dag.py:2420} INFO - Sync 1 DAGs
[2022-07-16 16:31:46,073] {logging_mixin.py:115} INFO - [2022-07-16 16:31:46,072] {dag.py:2972} INFO - Setting next_dagrun for example_xcom to 2021-01-01T00:00:00+00:00, run_after=2021-01-01T00:00:00+00:00
[2022-07-16 16:31:46,333] {processor.py:161} INFO - Processing /home/airflow/.local/lib/python3.7/site-packages/airflow/example_dags/example_xcom.py took 1.175 seconds
[2022-07-16 16:32:17,014] {processor.py:153} INFO - Started process (PID=2306) to work on /home/airflow/.local/lib/python3.7/site-packages/airflow/example_dags/example_xcom.py
[2022-07-16 16:32:17,015] {processor.py:641} INFO - Processing file /home/airflow/.local/lib/python3.7/site-packages/airflow/example_dags/example_xcom.py for tasks to queue
[2022-07-16 16:32:17,017] {logging_mixin.py:115} INFO - [2022-07-16 16:32:17,016] {dagbag.py:508} INFO - Filling up the DagBag from /home/airflow/.local/lib/python3.7/site-packages/airflow/example_dags/example_xcom.py
[2022-07-16 16:32:17,058] {processor.py:651} INFO - DAG(s) dict_keys(['example_xcom']) retrieved from /home/airflow/.local/lib/python3.7/site-packages/airflow/example_dags/example_xcom.py
[2022-07-16 16:32:17,232] {logging_mixin.py:115} INFO - [2022-07-16 16:32:17,232] {dag.py:2420} INFO - Sync 1 DAGs
[2022-07-16 16:32:17,279] {logging_mixin.py:115} INFO - [2022-07-16 16:32:17,279] {dag.py:2972} INFO - Setting next_dagrun for example_xcom to 2021-01-01T00:00:00+00:00, run_after=2021-01-01T00:00:00+00:00
[2022-07-16 16:32:17,310] {processor.py:161} INFO - Processing /home/airflow/.local/lib/python3.7/site-packages/airflow/example_dags/example_xcom.py took 0.306 seconds
[2022-07-16 16:32:48,316] {processor.py:153} INFO - Started process (PID=2493) to work on /home/airflow/.local/lib/python3.7/site-packages/airflow/example_dags/example_xcom.py
[2022-07-16 16:32:48,318] {processor.py:641} INFO - Processing file /home/airflow/.local/lib/python3.7/site-packages/airflow/example_dags/example_xcom.py for tasks to queue
[2022-07-16 16:32:48,320] {logging_mixin.py:115} INFO - [2022-07-16 16:32:48,319] {dagbag.py:508} INFO - Filling up the DagBag from /home/airflow/.local/lib/python3.7/site-packages/airflow/example_dags/example_xcom.py
[2022-07-16 16:32:48,400] {processor.py:651} INFO - DAG(s) dict_keys(['example_xcom']) retrieved from /home/airflow/.local/lib/python3.7/site-packages/airflow/example_dags/example_xcom.py
[2022-07-16 16:32:48,597] {logging_mixin.py:115} INFO - [2022-07-16 16:32:48,596] {dag.py:2420} INFO - Sync 1 DAGs
[2022-07-16 16:32:48,654] {logging_mixin.py:115} INFO - [2022-07-16 16:32:48,653] {dag.py:2972} INFO - Setting next_dagrun for example_xcom to 2021-01-01T00:00:00+00:00, run_after=2021-01-01T00:00:00+00:00
[2022-07-16 16:32:48,685] {processor.py:161} INFO - Processing /home/airflow/.local/lib/python3.7/site-packages/airflow/example_dags/example_xcom.py took 0.377 seconds
[2022-07-16 16:33:19,806] {processor.py:153} INFO - Started process (PID=2683) to work on /home/airflow/.local/lib/python3.7/site-packages/airflow/example_dags/example_xcom.py
[2022-07-16 16:33:19,828] {processor.py:641} INFO - Processing file /home/airflow/.local/lib/python3.7/site-packages/airflow/example_dags/example_xcom.py for tasks to queue
[2022-07-16 16:33:19,830] {logging_mixin.py:115} INFO - [2022-07-16 16:33:19,829] {dagbag.py:508} INFO - Filling up the DagBag from /home/airflow/.local/lib/python3.7/site-packages/airflow/example_dags/example_xcom.py
[2022-07-16 16:33:20,085] {processor.py:651} INFO - DAG(s) dict_keys(['example_xcom']) retrieved from /home/airflow/.local/lib/python3.7/site-packages/airflow/example_dags/example_xcom.py
[2022-07-16 16:33:21,482] {logging_mixin.py:115} INFO - [2022-07-16 16:33:21,482] {dag.py:2420} INFO - Sync 1 DAGs
[2022-07-16 16:33:21,738] {logging_mixin.py:115} INFO - [2022-07-16 16:33:21,738] {dag.py:2972} INFO - Setting next_dagrun for example_xcom to 2021-01-01T00:00:00+00:00, run_after=2021-01-01T00:00:00+00:00
[2022-07-16 16:33:21,812] {processor.py:161} INFO - Processing /home/airflow/.local/lib/python3.7/site-packages/airflow/example_dags/example_xcom.py took 2.085 seconds
[2022-07-16 16:33:52,679] {processor.py:153} INFO - Started process (PID=2873) to work on /home/airflow/.local/lib/python3.7/site-packages/airflow/example_dags/example_xcom.py
[2022-07-16 16:33:52,689] {processor.py:641} INFO - Processing file /home/airflow/.local/lib/python3.7/site-packages/airflow/example_dags/example_xcom.py for tasks to queue
[2022-07-16 16:33:52,689] {logging_mixin.py:115} INFO - [2022-07-16 16:33:52,689] {dagbag.py:508} INFO - Filling up the DagBag from /home/airflow/.local/lib/python3.7/site-packages/airflow/example_dags/example_xcom.py
[2022-07-16 16:33:52,810] {processor.py:651} INFO - DAG(s) dict_keys(['example_xcom']) retrieved from /home/airflow/.local/lib/python3.7/site-packages/airflow/example_dags/example_xcom.py
[2022-07-16 16:33:53,123] {logging_mixin.py:115} INFO - [2022-07-16 16:33:53,123] {dag.py:2420} INFO - Sync 1 DAGs
[2022-07-16 16:33:53,272] {logging_mixin.py:115} INFO - [2022-07-16 16:33:53,272] {dag.py:2972} INFO - Setting next_dagrun for example_xcom to 2021-01-01T00:00:00+00:00, run_after=2021-01-01T00:00:00+00:00
[2022-07-16 16:33:53,341] {processor.py:161} INFO - Processing /home/airflow/.local/lib/python3.7/site-packages/airflow/example_dags/example_xcom.py took 0.675 seconds
[2022-07-16 16:34:23,445] {processor.py:153} INFO - Started process (PID=3072) to work on /home/airflow/.local/lib/python3.7/site-packages/airflow/example_dags/example_xcom.py
[2022-07-16 16:34:23,447] {processor.py:641} INFO - Processing file /home/airflow/.local/lib/python3.7/site-packages/airflow/example_dags/example_xcom.py for tasks to queue
[2022-07-16 16:34:23,449] {logging_mixin.py:115} INFO - [2022-07-16 16:34:23,448] {dagbag.py:508} INFO - Filling up the DagBag from /home/airflow/.local/lib/python3.7/site-packages/airflow/example_dags/example_xcom.py
[2022-07-16 16:34:23,537] {processor.py:651} INFO - DAG(s) dict_keys(['example_xcom']) retrieved from /home/airflow/.local/lib/python3.7/site-packages/airflow/example_dags/example_xcom.py
[2022-07-16 16:34:24,062] {logging_mixin.py:115} INFO - [2022-07-16 16:34:24,062] {dag.py:2420} INFO - Sync 1 DAGs
[2022-07-16 16:34:24,116] {logging_mixin.py:115} INFO - [2022-07-16 16:34:24,115] {dag.py:2972} INFO - Setting next_dagrun for example_xcom to 2021-01-01T00:00:00+00:00, run_after=2021-01-01T00:00:00+00:00
[2022-07-16 16:34:24,165] {processor.py:161} INFO - Processing /home/airflow/.local/lib/python3.7/site-packages/airflow/example_dags/example_xcom.py took 0.730 seconds
[2022-07-16 16:34:54,888] {processor.py:153} INFO - Started process (PID=3263) to work on /home/airflow/.local/lib/python3.7/site-packages/airflow/example_dags/example_xcom.py
[2022-07-16 16:34:54,890] {processor.py:641} INFO - Processing file /home/airflow/.local/lib/python3.7/site-packages/airflow/example_dags/example_xcom.py for tasks to queue
[2022-07-16 16:34:54,891] {logging_mixin.py:115} INFO - [2022-07-16 16:34:54,891] {dagbag.py:508} INFO - Filling up the DagBag from /home/airflow/.local/lib/python3.7/site-packages/airflow/example_dags/example_xcom.py
[2022-07-16 16:34:55,037] {processor.py:651} INFO - DAG(s) dict_keys(['example_xcom']) retrieved from /home/airflow/.local/lib/python3.7/site-packages/airflow/example_dags/example_xcom.py
[2022-07-16 16:34:55,285] {logging_mixin.py:115} INFO - [2022-07-16 16:34:55,284] {dag.py:2420} INFO - Sync 1 DAGs
[2022-07-16 16:34:55,429] {logging_mixin.py:115} INFO - [2022-07-16 16:34:55,429] {dag.py:2972} INFO - Setting next_dagrun for example_xcom to 2021-01-01T00:00:00+00:00, run_after=2021-01-01T00:00:00+00:00
[2022-07-16 16:34:55,492] {processor.py:161} INFO - Processing /home/airflow/.local/lib/python3.7/site-packages/airflow/example_dags/example_xcom.py took 0.641 seconds
[2022-07-16 16:38:41,345] {processor.py:153} INFO - Started process (PID=244) to work on /home/airflow/.local/lib/python3.7/site-packages/airflow/example_dags/example_xcom.py
[2022-07-16 16:38:41,384] {processor.py:641} INFO - Processing file /home/airflow/.local/lib/python3.7/site-packages/airflow/example_dags/example_xcom.py for tasks to queue
[2022-07-16 16:38:41,410] {logging_mixin.py:115} INFO - [2022-07-16 16:38:41,410] {dagbag.py:508} INFO - Filling up the DagBag from /home/airflow/.local/lib/python3.7/site-packages/airflow/example_dags/example_xcom.py
[2022-07-16 16:38:41,940] {processor.py:651} INFO - DAG(s) dict_keys(['example_xcom']) retrieved from /home/airflow/.local/lib/python3.7/site-packages/airflow/example_dags/example_xcom.py
[2022-07-16 16:38:44,142] {logging_mixin.py:115} INFO - [2022-07-16 16:38:44,142] {manager.py:508} INFO - Created Permission View: can delete on DAG:example_xcom
[2022-07-16 16:38:44,324] {logging_mixin.py:115} INFO - [2022-07-16 16:38:44,324] {manager.py:508} INFO - Created Permission View: can edit on DAG:example_xcom
[2022-07-16 16:38:44,893] {logging_mixin.py:115} INFO - [2022-07-16 16:38:44,893] {manager.py:508} INFO - Created Permission View: can read on DAG:example_xcom
[2022-07-16 16:38:44,894] {logging_mixin.py:115} INFO - [2022-07-16 16:38:44,894] {dag.py:2420} INFO - Sync 1 DAGs
[2022-07-16 16:38:45,113] {logging_mixin.py:115} INFO - [2022-07-16 16:38:45,113] {dag.py:2439} INFO - Creating ORM DAG for example_xcom
[2022-07-16 16:38:45,282] {logging_mixin.py:115} INFO - [2022-07-16 16:38:45,282] {dag.py:2972} INFO - Setting next_dagrun for example_xcom to 2021-01-01T00:00:00+00:00, run_after=2021-01-01T00:00:00+00:00
[2022-07-16 16:38:45,489] {processor.py:161} INFO - Processing /home/airflow/.local/lib/python3.7/site-packages/airflow/example_dags/example_xcom.py took 4.277 seconds
[2022-07-16 16:39:24,958] {processor.py:153} INFO - Started process (PID=433) to work on /home/airflow/.local/lib/python3.7/site-packages/airflow/example_dags/example_xcom.py
[2022-07-16 16:39:24,996] {processor.py:641} INFO - Processing file /home/airflow/.local/lib/python3.7/site-packages/airflow/example_dags/example_xcom.py for tasks to queue
[2022-07-16 16:39:25,007] {logging_mixin.py:115} INFO - [2022-07-16 16:39:25,002] {dagbag.py:508} INFO - Filling up the DagBag from /home/airflow/.local/lib/python3.7/site-packages/airflow/example_dags/example_xcom.py
[2022-07-16 16:39:25,731] {processor.py:651} INFO - DAG(s) dict_keys(['example_xcom']) retrieved from /home/airflow/.local/lib/python3.7/site-packages/airflow/example_dags/example_xcom.py
[2022-07-16 16:39:28,003] {logging_mixin.py:115} INFO - [2022-07-16 16:39:28,003] {dag.py:2420} INFO - Sync 1 DAGs
[2022-07-16 16:39:28,423] {logging_mixin.py:115} INFO - [2022-07-16 16:39:28,412] {dag.py:2972} INFO - Setting next_dagrun for example_xcom to 2021-01-01T00:00:00+00:00, run_after=2021-01-01T00:00:00+00:00
[2022-07-16 16:39:28,839] {processor.py:161} INFO - Processing /home/airflow/.local/lib/python3.7/site-packages/airflow/example_dags/example_xcom.py took 3.973 seconds
