[2022-07-16 16:26:06,922] {processor.py:153} INFO - Started process (PID=326) to work on /home/airflow/.local/lib/python3.7/site-packages/airflow/example_dags/example_skip_dag.py
[2022-07-16 16:26:06,948] {processor.py:641} INFO - Processing file /home/airflow/.local/lib/python3.7/site-packages/airflow/example_dags/example_skip_dag.py for tasks to queue
[2022-07-16 16:26:06,949] {logging_mixin.py:115} INFO - [2022-07-16 16:26:06,949] {dagbag.py:508} INFO - Filling up the DagBag from /home/airflow/.local/lib/python3.7/site-packages/airflow/example_dags/example_skip_dag.py
[2022-07-16 16:26:07,099] {processor.py:651} INFO - DAG(s) dict_keys(['example_skip_dag']) retrieved from /home/airflow/.local/lib/python3.7/site-packages/airflow/example_dags/example_skip_dag.py
[2022-07-16 16:26:08,590] {logging_mixin.py:115} INFO - [2022-07-16 16:26:08,590] {manager.py:508} INFO - Created Permission View: can delete on DAG:example_skip_dag
[2022-07-16 16:26:08,738] {logging_mixin.py:115} INFO - [2022-07-16 16:26:08,738] {manager.py:508} INFO - Created Permission View: can edit on DAG:example_skip_dag
[2022-07-16 16:26:08,817] {logging_mixin.py:115} INFO - [2022-07-16 16:26:08,817] {manager.py:508} INFO - Created Permission View: can read on DAG:example_skip_dag
[2022-07-16 16:26:08,825] {logging_mixin.py:115} INFO - [2022-07-16 16:26:08,824] {dag.py:2420} INFO - Sync 1 DAGs
[2022-07-16 16:26:09,115] {logging_mixin.py:115} INFO - [2022-07-16 16:26:09,115] {dag.py:2439} INFO - Creating ORM DAG for example_skip_dag
[2022-07-16 16:26:09,545] {logging_mixin.py:115} INFO - [2022-07-16 16:26:09,545] {dag.py:2972} INFO - Setting next_dagrun for example_skip_dag to 2022-07-15T16:26:09.494930+00:00, run_after=2022-07-16T16:26:09.494930+00:00
[2022-07-16 16:26:09,603] {processor.py:161} INFO - Processing /home/airflow/.local/lib/python3.7/site-packages/airflow/example_dags/example_skip_dag.py took 2.743 seconds
[2022-07-16 16:26:46,375] {processor.py:153} INFO - Started process (PID=516) to work on /home/airflow/.local/lib/python3.7/site-packages/airflow/example_dags/example_skip_dag.py
[2022-07-16 16:26:46,379] {processor.py:641} INFO - Processing file /home/airflow/.local/lib/python3.7/site-packages/airflow/example_dags/example_skip_dag.py for tasks to queue
[2022-07-16 16:26:46,380] {logging_mixin.py:115} INFO - [2022-07-16 16:26:46,380] {dagbag.py:508} INFO - Filling up the DagBag from /home/airflow/.local/lib/python3.7/site-packages/airflow/example_dags/example_skip_dag.py
[2022-07-16 16:26:46,486] {processor.py:651} INFO - DAG(s) dict_keys(['example_skip_dag']) retrieved from /home/airflow/.local/lib/python3.7/site-packages/airflow/example_dags/example_skip_dag.py
[2022-07-16 16:26:46,839] {logging_mixin.py:115} INFO - [2022-07-16 16:26:46,839] {dag.py:2420} INFO - Sync 1 DAGs
[2022-07-16 16:26:47,284] {logging_mixin.py:115} INFO - [2022-07-16 16:26:47,231] {dag.py:2972} INFO - Setting next_dagrun for example_skip_dag to 2022-07-15T16:26:47.231140+00:00, run_after=2022-07-16T16:26:47.231140+00:00
[2022-07-16 16:26:47,460] {processor.py:161} INFO - Processing /home/airflow/.local/lib/python3.7/site-packages/airflow/example_dags/example_skip_dag.py took 1.118 seconds
[2022-07-16 16:27:21,494] {processor.py:153} INFO - Started process (PID=703) to work on /home/airflow/.local/lib/python3.7/site-packages/airflow/example_dags/example_skip_dag.py
[2022-07-16 16:27:21,501] {processor.py:641} INFO - Processing file /home/airflow/.local/lib/python3.7/site-packages/airflow/example_dags/example_skip_dag.py for tasks to queue
[2022-07-16 16:27:21,502] {logging_mixin.py:115} INFO - [2022-07-16 16:27:21,502] {dagbag.py:508} INFO - Filling up the DagBag from /home/airflow/.local/lib/python3.7/site-packages/airflow/example_dags/example_skip_dag.py
[2022-07-16 16:27:21,555] {processor.py:651} INFO - DAG(s) dict_keys(['example_skip_dag']) retrieved from /home/airflow/.local/lib/python3.7/site-packages/airflow/example_dags/example_skip_dag.py
[2022-07-16 16:27:21,693] {logging_mixin.py:115} INFO - [2022-07-16 16:27:21,693] {dag.py:2420} INFO - Sync 1 DAGs
[2022-07-16 16:27:21,746] {logging_mixin.py:115} INFO - [2022-07-16 16:27:21,746] {dag.py:2972} INFO - Setting next_dagrun for example_skip_dag to 2022-07-15T16:27:21.745811+00:00, run_after=2022-07-16T16:27:21.745811+00:00
[2022-07-16 16:27:21,769] {processor.py:161} INFO - Processing /home/airflow/.local/lib/python3.7/site-packages/airflow/example_dags/example_skip_dag.py took 0.321 seconds
[2022-07-16 16:27:55,054] {processor.py:153} INFO - Started process (PID=886) to work on /home/airflow/.local/lib/python3.7/site-packages/airflow/example_dags/example_skip_dag.py
[2022-07-16 16:27:55,059] {processor.py:641} INFO - Processing file /home/airflow/.local/lib/python3.7/site-packages/airflow/example_dags/example_skip_dag.py for tasks to queue
[2022-07-16 16:27:55,076] {logging_mixin.py:115} INFO - [2022-07-16 16:27:55,076] {dagbag.py:508} INFO - Filling up the DagBag from /home/airflow/.local/lib/python3.7/site-packages/airflow/example_dags/example_skip_dag.py
[2022-07-16 16:27:55,191] {processor.py:651} INFO - DAG(s) dict_keys(['example_skip_dag']) retrieved from /home/airflow/.local/lib/python3.7/site-packages/airflow/example_dags/example_skip_dag.py
[2022-07-16 16:27:55,639] {logging_mixin.py:115} INFO - [2022-07-16 16:27:55,638] {dag.py:2420} INFO - Sync 1 DAGs
[2022-07-16 16:27:56,074] {logging_mixin.py:115} INFO - [2022-07-16 16:27:56,074] {dag.py:2972} INFO - Setting next_dagrun for example_skip_dag to 2022-07-15T16:27:56.073543+00:00, run_after=2022-07-16T16:27:56.073543+00:00
[2022-07-16 16:27:56,237] {processor.py:161} INFO - Processing /home/airflow/.local/lib/python3.7/site-packages/airflow/example_dags/example_skip_dag.py took 1.254 seconds
[2022-07-16 16:28:26,598] {processor.py:153} INFO - Started process (PID=1072) to work on /home/airflow/.local/lib/python3.7/site-packages/airflow/example_dags/example_skip_dag.py
[2022-07-16 16:28:26,629] {processor.py:641} INFO - Processing file /home/airflow/.local/lib/python3.7/site-packages/airflow/example_dags/example_skip_dag.py for tasks to queue
[2022-07-16 16:28:26,630] {logging_mixin.py:115} INFO - [2022-07-16 16:28:26,630] {dagbag.py:508} INFO - Filling up the DagBag from /home/airflow/.local/lib/python3.7/site-packages/airflow/example_dags/example_skip_dag.py
[2022-07-16 16:28:26,675] {processor.py:651} INFO - DAG(s) dict_keys(['example_skip_dag']) retrieved from /home/airflow/.local/lib/python3.7/site-packages/airflow/example_dags/example_skip_dag.py
[2022-07-16 16:28:26,919] {logging_mixin.py:115} INFO - [2022-07-16 16:28:26,919] {dag.py:2420} INFO - Sync 1 DAGs
[2022-07-16 16:28:27,031] {logging_mixin.py:115} INFO - [2022-07-16 16:28:27,030] {dag.py:2972} INFO - Setting next_dagrun for example_skip_dag to 2022-07-15T16:28:27.030017+00:00, run_after=2022-07-16T16:28:27.030017+00:00
[2022-07-16 16:28:27,102] {processor.py:161} INFO - Processing /home/airflow/.local/lib/python3.7/site-packages/airflow/example_dags/example_skip_dag.py took 0.516 seconds
[2022-07-16 16:28:58,450] {processor.py:153} INFO - Started process (PID=1261) to work on /home/airflow/.local/lib/python3.7/site-packages/airflow/example_dags/example_skip_dag.py
[2022-07-16 16:28:58,479] {processor.py:641} INFO - Processing file /home/airflow/.local/lib/python3.7/site-packages/airflow/example_dags/example_skip_dag.py for tasks to queue
[2022-07-16 16:28:58,511] {logging_mixin.py:115} INFO - [2022-07-16 16:28:58,511] {dagbag.py:508} INFO - Filling up the DagBag from /home/airflow/.local/lib/python3.7/site-packages/airflow/example_dags/example_skip_dag.py
[2022-07-16 16:28:58,787] {processor.py:651} INFO - DAG(s) dict_keys(['example_skip_dag']) retrieved from /home/airflow/.local/lib/python3.7/site-packages/airflow/example_dags/example_skip_dag.py
[2022-07-16 16:28:59,502] {logging_mixin.py:115} INFO - [2022-07-16 16:28:59,502] {dag.py:2420} INFO - Sync 1 DAGs
[2022-07-16 16:29:00,280] {logging_mixin.py:115} INFO - [2022-07-16 16:29:00,280] {dag.py:2972} INFO - Setting next_dagrun for example_skip_dag to 2022-07-15T16:29:00.277281+00:00, run_after=2022-07-16T16:29:00.277281+00:00
[2022-07-16 16:29:00,364] {processor.py:161} INFO - Processing /home/airflow/.local/lib/python3.7/site-packages/airflow/example_dags/example_skip_dag.py took 1.973 seconds
[2022-07-16 16:29:52,329] {processor.py:153} INFO - Started process (PID=1473) to work on /home/airflow/.local/lib/python3.7/site-packages/airflow/example_dags/example_skip_dag.py
[2022-07-16 16:29:52,333] {processor.py:641} INFO - Processing file /home/airflow/.local/lib/python3.7/site-packages/airflow/example_dags/example_skip_dag.py for tasks to queue
[2022-07-16 16:29:52,334] {logging_mixin.py:115} INFO - [2022-07-16 16:29:52,334] {dagbag.py:508} INFO - Filling up the DagBag from /home/airflow/.local/lib/python3.7/site-packages/airflow/example_dags/example_skip_dag.py
[2022-07-16 16:29:52,394] {processor.py:651} INFO - DAG(s) dict_keys(['example_skip_dag']) retrieved from /home/airflow/.local/lib/python3.7/site-packages/airflow/example_dags/example_skip_dag.py
[2022-07-16 16:29:52,666] {logging_mixin.py:115} INFO - [2022-07-16 16:29:52,665] {dag.py:2420} INFO - Sync 1 DAGs
[2022-07-16 16:29:52,817] {logging_mixin.py:115} INFO - [2022-07-16 16:29:52,817] {dag.py:2972} INFO - Setting next_dagrun for example_skip_dag to 2022-07-15T16:29:52.816546+00:00, run_after=2022-07-16T16:29:52.816546+00:00
[2022-07-16 16:29:52,842] {processor.py:161} INFO - Processing /home/airflow/.local/lib/python3.7/site-packages/airflow/example_dags/example_skip_dag.py took 0.538 seconds
[2022-07-16 16:30:25,981] {processor.py:153} INFO - Started process (PID=1677) to work on /home/airflow/.local/lib/python3.7/site-packages/airflow/example_dags/example_skip_dag.py
[2022-07-16 16:30:25,983] {processor.py:641} INFO - Processing file /home/airflow/.local/lib/python3.7/site-packages/airflow/example_dags/example_skip_dag.py for tasks to queue
[2022-07-16 16:30:25,989] {logging_mixin.py:115} INFO - [2022-07-16 16:30:25,988] {dagbag.py:508} INFO - Filling up the DagBag from /home/airflow/.local/lib/python3.7/site-packages/airflow/example_dags/example_skip_dag.py
[2022-07-16 16:30:26,007] {processor.py:651} INFO - DAG(s) dict_keys(['example_skip_dag']) retrieved from /home/airflow/.local/lib/python3.7/site-packages/airflow/example_dags/example_skip_dag.py
[2022-07-16 16:30:26,142] {logging_mixin.py:115} INFO - [2022-07-16 16:30:26,142] {dag.py:2420} INFO - Sync 1 DAGs
[2022-07-16 16:30:26,250] {logging_mixin.py:115} INFO - [2022-07-16 16:30:26,249] {dag.py:2972} INFO - Setting next_dagrun for example_skip_dag to 2022-07-15T16:30:26.249229+00:00, run_after=2022-07-16T16:30:26.249229+00:00
[2022-07-16 16:30:26,277] {processor.py:161} INFO - Processing /home/airflow/.local/lib/python3.7/site-packages/airflow/example_dags/example_skip_dag.py took 0.311 seconds
[2022-07-16 16:31:03,115] {processor.py:153} INFO - Started process (PID=1869) to work on /home/airflow/.local/lib/python3.7/site-packages/airflow/example_dags/example_skip_dag.py
[2022-07-16 16:31:03,121] {processor.py:641} INFO - Processing file /home/airflow/.local/lib/python3.7/site-packages/airflow/example_dags/example_skip_dag.py for tasks to queue
[2022-07-16 16:31:03,122] {logging_mixin.py:115} INFO - [2022-07-16 16:31:03,122] {dagbag.py:508} INFO - Filling up the DagBag from /home/airflow/.local/lib/python3.7/site-packages/airflow/example_dags/example_skip_dag.py
[2022-07-16 16:31:03,207] {processor.py:651} INFO - DAG(s) dict_keys(['example_skip_dag']) retrieved from /home/airflow/.local/lib/python3.7/site-packages/airflow/example_dags/example_skip_dag.py
[2022-07-16 16:31:03,390] {logging_mixin.py:115} INFO - [2022-07-16 16:31:03,389] {dag.py:2420} INFO - Sync 1 DAGs
[2022-07-16 16:31:03,536] {logging_mixin.py:115} INFO - [2022-07-16 16:31:03,536] {dag.py:2972} INFO - Setting next_dagrun for example_skip_dag to 2022-07-15T16:31:03.535701+00:00, run_after=2022-07-16T16:31:03.535701+00:00
[2022-07-16 16:31:03,559] {processor.py:161} INFO - Processing /home/airflow/.local/lib/python3.7/site-packages/airflow/example_dags/example_skip_dag.py took 0.482 seconds
[2022-07-16 16:31:35,217] {processor.py:153} INFO - Started process (PID=2055) to work on /home/airflow/.local/lib/python3.7/site-packages/airflow/example_dags/example_skip_dag.py
[2022-07-16 16:31:35,219] {processor.py:641} INFO - Processing file /home/airflow/.local/lib/python3.7/site-packages/airflow/example_dags/example_skip_dag.py for tasks to queue
[2022-07-16 16:31:35,239] {logging_mixin.py:115} INFO - [2022-07-16 16:31:35,239] {dagbag.py:508} INFO - Filling up the DagBag from /home/airflow/.local/lib/python3.7/site-packages/airflow/example_dags/example_skip_dag.py
[2022-07-16 16:31:35,415] {processor.py:651} INFO - DAG(s) dict_keys(['example_skip_dag']) retrieved from /home/airflow/.local/lib/python3.7/site-packages/airflow/example_dags/example_skip_dag.py
[2022-07-16 16:31:36,167] {logging_mixin.py:115} INFO - [2022-07-16 16:31:36,166] {dag.py:2420} INFO - Sync 1 DAGs
[2022-07-16 16:31:36,867] {logging_mixin.py:115} INFO - [2022-07-16 16:31:36,867] {dag.py:2972} INFO - Setting next_dagrun for example_skip_dag to 2022-07-15T16:31:36.866783+00:00, run_after=2022-07-16T16:31:36.866783+00:00
[2022-07-16 16:31:37,150] {processor.py:161} INFO - Processing /home/airflow/.local/lib/python3.7/site-packages/airflow/example_dags/example_skip_dag.py took 2.063 seconds
[2022-07-16 16:32:07,615] {processor.py:153} INFO - Started process (PID=2238) to work on /home/airflow/.local/lib/python3.7/site-packages/airflow/example_dags/example_skip_dag.py
[2022-07-16 16:32:07,617] {processor.py:641} INFO - Processing file /home/airflow/.local/lib/python3.7/site-packages/airflow/example_dags/example_skip_dag.py for tasks to queue
[2022-07-16 16:32:07,617] {logging_mixin.py:115} INFO - [2022-07-16 16:32:07,617] {dagbag.py:508} INFO - Filling up the DagBag from /home/airflow/.local/lib/python3.7/site-packages/airflow/example_dags/example_skip_dag.py
[2022-07-16 16:32:07,629] {processor.py:651} INFO - DAG(s) dict_keys(['example_skip_dag']) retrieved from /home/airflow/.local/lib/python3.7/site-packages/airflow/example_dags/example_skip_dag.py
[2022-07-16 16:32:07,689] {logging_mixin.py:115} INFO - [2022-07-16 16:32:07,689] {dag.py:2420} INFO - Sync 1 DAGs
[2022-07-16 16:32:07,753] {logging_mixin.py:115} INFO - [2022-07-16 16:32:07,753] {dag.py:2972} INFO - Setting next_dagrun for example_skip_dag to 2022-07-15T16:32:07.752867+00:00, run_after=2022-07-16T16:32:07.752867+00:00
[2022-07-16 16:32:07,778] {processor.py:161} INFO - Processing /home/airflow/.local/lib/python3.7/site-packages/airflow/example_dags/example_skip_dag.py took 0.169 seconds
[2022-07-16 16:32:38,129] {processor.py:153} INFO - Started process (PID=2425) to work on /home/airflow/.local/lib/python3.7/site-packages/airflow/example_dags/example_skip_dag.py
[2022-07-16 16:32:38,130] {processor.py:641} INFO - Processing file /home/airflow/.local/lib/python3.7/site-packages/airflow/example_dags/example_skip_dag.py for tasks to queue
[2022-07-16 16:32:38,131] {logging_mixin.py:115} INFO - [2022-07-16 16:32:38,131] {dagbag.py:508} INFO - Filling up the DagBag from /home/airflow/.local/lib/python3.7/site-packages/airflow/example_dags/example_skip_dag.py
[2022-07-16 16:32:38,145] {processor.py:651} INFO - DAG(s) dict_keys(['example_skip_dag']) retrieved from /home/airflow/.local/lib/python3.7/site-packages/airflow/example_dags/example_skip_dag.py
[2022-07-16 16:32:38,213] {logging_mixin.py:115} INFO - [2022-07-16 16:32:38,213] {dag.py:2420} INFO - Sync 1 DAGs
[2022-07-16 16:32:38,260] {logging_mixin.py:115} INFO - [2022-07-16 16:32:38,260] {dag.py:2972} INFO - Setting next_dagrun for example_skip_dag to 2022-07-15T16:32:38.260010+00:00, run_after=2022-07-16T16:32:38.260010+00:00
[2022-07-16 16:32:38,280] {processor.py:161} INFO - Processing /home/airflow/.local/lib/python3.7/site-packages/airflow/example_dags/example_skip_dag.py took 0.165 seconds
[2022-07-16 16:33:09,350] {processor.py:153} INFO - Started process (PID=2612) to work on /home/airflow/.local/lib/python3.7/site-packages/airflow/example_dags/example_skip_dag.py
[2022-07-16 16:33:09,362] {processor.py:641} INFO - Processing file /home/airflow/.local/lib/python3.7/site-packages/airflow/example_dags/example_skip_dag.py for tasks to queue
[2022-07-16 16:33:09,376] {logging_mixin.py:115} INFO - [2022-07-16 16:33:09,375] {dagbag.py:508} INFO - Filling up the DagBag from /home/airflow/.local/lib/python3.7/site-packages/airflow/example_dags/example_skip_dag.py
[2022-07-16 16:33:09,513] {processor.py:651} INFO - DAG(s) dict_keys(['example_skip_dag']) retrieved from /home/airflow/.local/lib/python3.7/site-packages/airflow/example_dags/example_skip_dag.py
[2022-07-16 16:33:10,258] {logging_mixin.py:115} INFO - [2022-07-16 16:33:10,258] {dag.py:2420} INFO - Sync 1 DAGs
[2022-07-16 16:33:10,834] {logging_mixin.py:115} INFO - [2022-07-16 16:33:10,833] {dag.py:2972} INFO - Setting next_dagrun for example_skip_dag to 2022-07-15T16:33:10.831589+00:00, run_after=2022-07-16T16:33:10.831589+00:00
[2022-07-16 16:33:11,051] {processor.py:161} INFO - Processing /home/airflow/.local/lib/python3.7/site-packages/airflow/example_dags/example_skip_dag.py took 1.885 seconds
[2022-07-16 16:33:41,441] {processor.py:153} INFO - Started process (PID=2801) to work on /home/airflow/.local/lib/python3.7/site-packages/airflow/example_dags/example_skip_dag.py
[2022-07-16 16:33:41,449] {processor.py:641} INFO - Processing file /home/airflow/.local/lib/python3.7/site-packages/airflow/example_dags/example_skip_dag.py for tasks to queue
[2022-07-16 16:33:41,450] {logging_mixin.py:115} INFO - [2022-07-16 16:33:41,450] {dagbag.py:508} INFO - Filling up the DagBag from /home/airflow/.local/lib/python3.7/site-packages/airflow/example_dags/example_skip_dag.py
[2022-07-16 16:33:41,481] {processor.py:651} INFO - DAG(s) dict_keys(['example_skip_dag']) retrieved from /home/airflow/.local/lib/python3.7/site-packages/airflow/example_dags/example_skip_dag.py
[2022-07-16 16:33:41,699] {logging_mixin.py:115} INFO - [2022-07-16 16:33:41,699] {dag.py:2420} INFO - Sync 1 DAGs
[2022-07-16 16:33:41,842] {logging_mixin.py:115} INFO - [2022-07-16 16:33:41,842] {dag.py:2972} INFO - Setting next_dagrun for example_skip_dag to 2022-07-15T16:33:41.841526+00:00, run_after=2022-07-16T16:33:41.841526+00:00
[2022-07-16 16:33:41,933] {processor.py:161} INFO - Processing /home/airflow/.local/lib/python3.7/site-packages/airflow/example_dags/example_skip_dag.py took 0.522 seconds
[2022-07-16 16:34:12,705] {processor.py:153} INFO - Started process (PID=3001) to work on /home/airflow/.local/lib/python3.7/site-packages/airflow/example_dags/example_skip_dag.py
[2022-07-16 16:34:12,709] {processor.py:641} INFO - Processing file /home/airflow/.local/lib/python3.7/site-packages/airflow/example_dags/example_skip_dag.py for tasks to queue
[2022-07-16 16:34:12,710] {logging_mixin.py:115} INFO - [2022-07-16 16:34:12,710] {dagbag.py:508} INFO - Filling up the DagBag from /home/airflow/.local/lib/python3.7/site-packages/airflow/example_dags/example_skip_dag.py
[2022-07-16 16:34:12,736] {processor.py:651} INFO - DAG(s) dict_keys(['example_skip_dag']) retrieved from /home/airflow/.local/lib/python3.7/site-packages/airflow/example_dags/example_skip_dag.py
[2022-07-16 16:34:12,817] {logging_mixin.py:115} INFO - [2022-07-16 16:34:12,817] {dag.py:2420} INFO - Sync 1 DAGs
[2022-07-16 16:34:12,881] {logging_mixin.py:115} INFO - [2022-07-16 16:34:12,881] {dag.py:2972} INFO - Setting next_dagrun for example_skip_dag to 2022-07-15T16:34:12.880756+00:00, run_after=2022-07-16T16:34:12.880756+00:00
[2022-07-16 16:34:12,907] {processor.py:161} INFO - Processing /home/airflow/.local/lib/python3.7/site-packages/airflow/example_dags/example_skip_dag.py took 0.209 seconds
[2022-07-16 16:34:43,289] {processor.py:153} INFO - Started process (PID=3191) to work on /home/airflow/.local/lib/python3.7/site-packages/airflow/example_dags/example_skip_dag.py
[2022-07-16 16:34:43,292] {processor.py:641} INFO - Processing file /home/airflow/.local/lib/python3.7/site-packages/airflow/example_dags/example_skip_dag.py for tasks to queue
[2022-07-16 16:34:43,294] {logging_mixin.py:115} INFO - [2022-07-16 16:34:43,294] {dagbag.py:508} INFO - Filling up the DagBag from /home/airflow/.local/lib/python3.7/site-packages/airflow/example_dags/example_skip_dag.py
[2022-07-16 16:34:43,313] {processor.py:651} INFO - DAG(s) dict_keys(['example_skip_dag']) retrieved from /home/airflow/.local/lib/python3.7/site-packages/airflow/example_dags/example_skip_dag.py
[2022-07-16 16:34:43,382] {logging_mixin.py:115} INFO - [2022-07-16 16:34:43,382] {dag.py:2420} INFO - Sync 1 DAGs
[2022-07-16 16:34:43,452] {logging_mixin.py:115} INFO - [2022-07-16 16:34:43,452] {dag.py:2972} INFO - Setting next_dagrun for example_skip_dag to 2022-07-15T16:34:43.451800+00:00, run_after=2022-07-16T16:34:43.451800+00:00
[2022-07-16 16:34:43,478] {processor.py:161} INFO - Processing /home/airflow/.local/lib/python3.7/site-packages/airflow/example_dags/example_skip_dag.py took 0.206 seconds
[2022-07-16 16:39:13,003] {processor.py:153} INFO - Started process (PID=350) to work on /home/airflow/.local/lib/python3.7/site-packages/airflow/example_dags/example_skip_dag.py
[2022-07-16 16:39:13,016] {processor.py:641} INFO - Processing file /home/airflow/.local/lib/python3.7/site-packages/airflow/example_dags/example_skip_dag.py for tasks to queue
[2022-07-16 16:39:13,018] {logging_mixin.py:115} INFO - [2022-07-16 16:39:13,017] {dagbag.py:508} INFO - Filling up the DagBag from /home/airflow/.local/lib/python3.7/site-packages/airflow/example_dags/example_skip_dag.py
[2022-07-16 16:39:13,111] {processor.py:651} INFO - DAG(s) dict_keys(['example_skip_dag']) retrieved from /home/airflow/.local/lib/python3.7/site-packages/airflow/example_dags/example_skip_dag.py
[2022-07-16 16:39:14,319] {logging_mixin.py:115} INFO - [2022-07-16 16:39:14,319] {manager.py:508} INFO - Created Permission View: can delete on DAG:example_skip_dag
[2022-07-16 16:39:14,380] {logging_mixin.py:115} INFO - [2022-07-16 16:39:14,379] {manager.py:508} INFO - Created Permission View: can edit on DAG:example_skip_dag
[2022-07-16 16:39:14,421] {logging_mixin.py:115} INFO - [2022-07-16 16:39:14,421] {manager.py:508} INFO - Created Permission View: can read on DAG:example_skip_dag
[2022-07-16 16:39:14,421] {logging_mixin.py:115} INFO - [2022-07-16 16:39:14,421] {dag.py:2420} INFO - Sync 1 DAGs
[2022-07-16 16:39:14,539] {logging_mixin.py:115} INFO - [2022-07-16 16:39:14,539] {dag.py:2439} INFO - Creating ORM DAG for example_skip_dag
[2022-07-16 16:39:14,677] {logging_mixin.py:115} INFO - [2022-07-16 16:39:14,677] {dag.py:2972} INFO - Setting next_dagrun for example_skip_dag to 2022-07-15T16:39:14.676761+00:00, run_after=2022-07-16T16:39:14.676761+00:00
[2022-07-16 16:39:14,791] {processor.py:161} INFO - Processing /home/airflow/.local/lib/python3.7/site-packages/airflow/example_dags/example_skip_dag.py took 1.815 seconds
