[2022-07-16 16:25:46,535] {processor.py:153} INFO - Started process (PID=217) to work on /home/airflow/.local/lib/python3.7/site-packages/airflow/example_dags/example_latest_only.py
[2022-07-16 16:25:46,536] {processor.py:641} INFO - Processing file /home/airflow/.local/lib/python3.7/site-packages/airflow/example_dags/example_latest_only.py for tasks to queue
[2022-07-16 16:25:46,537] {logging_mixin.py:115} INFO - [2022-07-16 16:25:46,537] {dagbag.py:508} INFO - Filling up the DagBag from /home/airflow/.local/lib/python3.7/site-packages/airflow/example_dags/example_latest_only.py
[2022-07-16 16:25:46,551] {processor.py:651} INFO - DAG(s) dict_keys(['latest_only']) retrieved from /home/airflow/.local/lib/python3.7/site-packages/airflow/example_dags/example_latest_only.py
[2022-07-16 16:25:46,748] {logging_mixin.py:115} INFO - [2022-07-16 16:25:46,748] {manager.py:508} INFO - Created Permission View: can delete on DAG:latest_only
[2022-07-16 16:25:46,810] {logging_mixin.py:115} INFO - [2022-07-16 16:25:46,809] {manager.py:508} INFO - Created Permission View: can edit on DAG:latest_only
[2022-07-16 16:25:46,871] {logging_mixin.py:115} INFO - [2022-07-16 16:25:46,871] {manager.py:508} INFO - Created Permission View: can read on DAG:latest_only
[2022-07-16 16:25:46,872] {logging_mixin.py:115} INFO - [2022-07-16 16:25:46,872] {dag.py:2420} INFO - Sync 1 DAGs
[2022-07-16 16:25:46,950] {logging_mixin.py:115} INFO - [2022-07-16 16:25:46,950] {dag.py:2439} INFO - Creating ORM DAG for latest_only
[2022-07-16 16:25:47,038] {logging_mixin.py:115} INFO - [2022-07-16 16:25:47,037] {dag.py:2972} INFO - Setting next_dagrun for latest_only to 2022-07-16T12:25:47.037329+00:00, run_after=2022-07-16T16:25:47.037329+00:00
[2022-07-16 16:25:47,115] {processor.py:161} INFO - Processing /home/airflow/.local/lib/python3.7/site-packages/airflow/example_dags/example_latest_only.py took 0.588 seconds
[2022-07-16 16:26:18,513] {processor.py:153} INFO - Started process (PID=405) to work on /home/airflow/.local/lib/python3.7/site-packages/airflow/example_dags/example_latest_only.py
[2022-07-16 16:26:18,553] {processor.py:641} INFO - Processing file /home/airflow/.local/lib/python3.7/site-packages/airflow/example_dags/example_latest_only.py for tasks to queue
[2022-07-16 16:26:18,554] {logging_mixin.py:115} INFO - [2022-07-16 16:26:18,554] {dagbag.py:508} INFO - Filling up the DagBag from /home/airflow/.local/lib/python3.7/site-packages/airflow/example_dags/example_latest_only.py
[2022-07-16 16:26:18,681] {processor.py:651} INFO - DAG(s) dict_keys(['latest_only']) retrieved from /home/airflow/.local/lib/python3.7/site-packages/airflow/example_dags/example_latest_only.py
[2022-07-16 16:26:18,977] {logging_mixin.py:115} INFO - [2022-07-16 16:26:18,977] {dag.py:2420} INFO - Sync 1 DAGs
[2022-07-16 16:26:19,158] {logging_mixin.py:115} INFO - [2022-07-16 16:26:19,158] {dag.py:2972} INFO - Setting next_dagrun for latest_only to 2022-07-16T12:26:19.157512+00:00, run_after=2022-07-16T16:26:19.157512+00:00
[2022-07-16 16:26:19,241] {processor.py:161} INFO - Processing /home/airflow/.local/lib/python3.7/site-packages/airflow/example_dags/example_latest_only.py took 0.776 seconds
[2022-07-16 16:27:01,314] {processor.py:153} INFO - Started process (PID=583) to work on /home/airflow/.local/lib/python3.7/site-packages/airflow/example_dags/example_latest_only.py
[2022-07-16 16:27:01,329] {processor.py:641} INFO - Processing file /home/airflow/.local/lib/python3.7/site-packages/airflow/example_dags/example_latest_only.py for tasks to queue
[2022-07-16 16:27:01,330] {logging_mixin.py:115} INFO - [2022-07-16 16:27:01,330] {dagbag.py:508} INFO - Filling up the DagBag from /home/airflow/.local/lib/python3.7/site-packages/airflow/example_dags/example_latest_only.py
[2022-07-16 16:27:01,462] {processor.py:651} INFO - DAG(s) dict_keys(['latest_only']) retrieved from /home/airflow/.local/lib/python3.7/site-packages/airflow/example_dags/example_latest_only.py
[2022-07-16 16:27:02,054] {logging_mixin.py:115} INFO - [2022-07-16 16:27:02,054] {dag.py:2420} INFO - Sync 1 DAGs
[2022-07-16 16:27:02,241] {logging_mixin.py:115} INFO - [2022-07-16 16:27:02,241] {dag.py:2972} INFO - Setting next_dagrun for latest_only to 2022-07-16T12:27:02.235417+00:00, run_after=2022-07-16T16:27:02.235417+00:00
[2022-07-16 16:27:02,420] {processor.py:161} INFO - Processing /home/airflow/.local/lib/python3.7/site-packages/airflow/example_dags/example_latest_only.py took 1.199 seconds
[2022-07-16 16:27:32,782] {processor.py:153} INFO - Started process (PID=769) to work on /home/airflow/.local/lib/python3.7/site-packages/airflow/example_dags/example_latest_only.py
[2022-07-16 16:27:32,789] {processor.py:641} INFO - Processing file /home/airflow/.local/lib/python3.7/site-packages/airflow/example_dags/example_latest_only.py for tasks to queue
[2022-07-16 16:27:32,791] {logging_mixin.py:115} INFO - [2022-07-16 16:27:32,791] {dagbag.py:508} INFO - Filling up the DagBag from /home/airflow/.local/lib/python3.7/site-packages/airflow/example_dags/example_latest_only.py
[2022-07-16 16:27:32,811] {processor.py:651} INFO - DAG(s) dict_keys(['latest_only']) retrieved from /home/airflow/.local/lib/python3.7/site-packages/airflow/example_dags/example_latest_only.py
[2022-07-16 16:27:32,901] {logging_mixin.py:115} INFO - [2022-07-16 16:27:32,901] {dag.py:2420} INFO - Sync 1 DAGs
[2022-07-16 16:27:32,945] {logging_mixin.py:115} INFO - [2022-07-16 16:27:32,944] {dag.py:2972} INFO - Setting next_dagrun for latest_only to 2022-07-16T12:27:32.944510+00:00, run_after=2022-07-16T16:27:32.944510+00:00
[2022-07-16 16:27:32,964] {processor.py:161} INFO - Processing /home/airflow/.local/lib/python3.7/site-packages/airflow/example_dags/example_latest_only.py took 0.193 seconds
[2022-07-16 16:28:07,318] {processor.py:153} INFO - Started process (PID=953) to work on /home/airflow/.local/lib/python3.7/site-packages/airflow/example_dags/example_latest_only.py
[2022-07-16 16:28:07,330] {processor.py:641} INFO - Processing file /home/airflow/.local/lib/python3.7/site-packages/airflow/example_dags/example_latest_only.py for tasks to queue
[2022-07-16 16:28:07,332] {logging_mixin.py:115} INFO - [2022-07-16 16:28:07,332] {dagbag.py:508} INFO - Filling up the DagBag from /home/airflow/.local/lib/python3.7/site-packages/airflow/example_dags/example_latest_only.py
[2022-07-16 16:28:07,383] {processor.py:651} INFO - DAG(s) dict_keys(['latest_only']) retrieved from /home/airflow/.local/lib/python3.7/site-packages/airflow/example_dags/example_latest_only.py
[2022-07-16 16:28:07,561] {logging_mixin.py:115} INFO - [2022-07-16 16:28:07,560] {dag.py:2420} INFO - Sync 1 DAGs
[2022-07-16 16:28:07,699] {logging_mixin.py:115} INFO - [2022-07-16 16:28:07,699] {dag.py:2972} INFO - Setting next_dagrun for latest_only to 2022-07-16T12:28:07.698679+00:00, run_after=2022-07-16T16:28:07.698679+00:00
[2022-07-16 16:28:07,780] {processor.py:161} INFO - Processing /home/airflow/.local/lib/python3.7/site-packages/airflow/example_dags/example_latest_only.py took 0.479 seconds
[2022-07-16 16:28:39,469] {processor.py:153} INFO - Started process (PID=1141) to work on /home/airflow/.local/lib/python3.7/site-packages/airflow/example_dags/example_latest_only.py
[2022-07-16 16:28:39,471] {processor.py:641} INFO - Processing file /home/airflow/.local/lib/python3.7/site-packages/airflow/example_dags/example_latest_only.py for tasks to queue
[2022-07-16 16:28:39,472] {logging_mixin.py:115} INFO - [2022-07-16 16:28:39,472] {dagbag.py:508} INFO - Filling up the DagBag from /home/airflow/.local/lib/python3.7/site-packages/airflow/example_dags/example_latest_only.py
[2022-07-16 16:28:39,509] {processor.py:651} INFO - DAG(s) dict_keys(['latest_only']) retrieved from /home/airflow/.local/lib/python3.7/site-packages/airflow/example_dags/example_latest_only.py
[2022-07-16 16:28:39,689] {logging_mixin.py:115} INFO - [2022-07-16 16:28:39,689] {dag.py:2420} INFO - Sync 1 DAGs
[2022-07-16 16:28:39,938] {logging_mixin.py:115} INFO - [2022-07-16 16:28:39,938] {dag.py:2972} INFO - Setting next_dagrun for latest_only to 2022-07-16T12:28:39.937777+00:00, run_after=2022-07-16T16:28:39.937777+00:00
[2022-07-16 16:28:40,005] {processor.py:161} INFO - Processing /home/airflow/.local/lib/python3.7/site-packages/airflow/example_dags/example_latest_only.py took 0.556 seconds
[2022-07-16 16:29:35,023] {processor.py:153} INFO - Started process (PID=1354) to work on /home/airflow/.local/lib/python3.7/site-packages/airflow/example_dags/example_latest_only.py
[2022-07-16 16:29:35,026] {processor.py:641} INFO - Processing file /home/airflow/.local/lib/python3.7/site-packages/airflow/example_dags/example_latest_only.py for tasks to queue
[2022-07-16 16:29:35,027] {logging_mixin.py:115} INFO - [2022-07-16 16:29:35,027] {dagbag.py:508} INFO - Filling up the DagBag from /home/airflow/.local/lib/python3.7/site-packages/airflow/example_dags/example_latest_only.py
[2022-07-16 16:29:35,137] {processor.py:651} INFO - DAG(s) dict_keys(['latest_only']) retrieved from /home/airflow/.local/lib/python3.7/site-packages/airflow/example_dags/example_latest_only.py
[2022-07-16 16:29:35,589] {logging_mixin.py:115} INFO - [2022-07-16 16:29:35,589] {dag.py:2420} INFO - Sync 1 DAGs
[2022-07-16 16:29:35,864] {logging_mixin.py:115} INFO - [2022-07-16 16:29:35,863] {dag.py:2972} INFO - Setting next_dagrun for latest_only to 2022-07-16T12:29:35.862817+00:00, run_after=2022-07-16T16:29:35.862817+00:00
[2022-07-16 16:29:35,924] {processor.py:161} INFO - Processing /home/airflow/.local/lib/python3.7/site-packages/airflow/example_dags/example_latest_only.py took 0.968 seconds
[2022-07-16 16:30:07,562] {processor.py:153} INFO - Started process (PID=1542) to work on /home/airflow/.local/lib/python3.7/site-packages/airflow/example_dags/example_latest_only.py
[2022-07-16 16:30:07,577] {processor.py:641} INFO - Processing file /home/airflow/.local/lib/python3.7/site-packages/airflow/example_dags/example_latest_only.py for tasks to queue
[2022-07-16 16:30:07,580] {logging_mixin.py:115} INFO - [2022-07-16 16:30:07,580] {dagbag.py:508} INFO - Filling up the DagBag from /home/airflow/.local/lib/python3.7/site-packages/airflow/example_dags/example_latest_only.py
[2022-07-16 16:30:07,713] {processor.py:651} INFO - DAG(s) dict_keys(['latest_only']) retrieved from /home/airflow/.local/lib/python3.7/site-packages/airflow/example_dags/example_latest_only.py
[2022-07-16 16:30:08,109] {logging_mixin.py:115} INFO - [2022-07-16 16:30:08,109] {dag.py:2420} INFO - Sync 1 DAGs
[2022-07-16 16:30:08,653] {logging_mixin.py:115} INFO - [2022-07-16 16:30:08,652] {dag.py:2972} INFO - Setting next_dagrun for latest_only to 2022-07-16T12:30:08.644335+00:00, run_after=2022-07-16T16:30:08.644335+00:00
[2022-07-16 16:30:08,840] {processor.py:161} INFO - Processing /home/airflow/.local/lib/python3.7/site-packages/airflow/example_dags/example_latest_only.py took 1.337 seconds
[2022-07-16 16:30:40,274] {processor.py:153} INFO - Started process (PID=1731) to work on /home/airflow/.local/lib/python3.7/site-packages/airflow/example_dags/example_latest_only.py
[2022-07-16 16:30:40,302] {processor.py:641} INFO - Processing file /home/airflow/.local/lib/python3.7/site-packages/airflow/example_dags/example_latest_only.py for tasks to queue
[2022-07-16 16:30:40,304] {logging_mixin.py:115} INFO - [2022-07-16 16:30:40,304] {dagbag.py:508} INFO - Filling up the DagBag from /home/airflow/.local/lib/python3.7/site-packages/airflow/example_dags/example_latest_only.py
[2022-07-16 16:30:40,381] {processor.py:651} INFO - DAG(s) dict_keys(['latest_only']) retrieved from /home/airflow/.local/lib/python3.7/site-packages/airflow/example_dags/example_latest_only.py
[2022-07-16 16:30:40,941] {logging_mixin.py:115} INFO - [2022-07-16 16:30:40,941] {dag.py:2420} INFO - Sync 1 DAGs
[2022-07-16 16:30:41,025] {logging_mixin.py:115} INFO - [2022-07-16 16:30:41,025] {dag.py:2972} INFO - Setting next_dagrun for latest_only to 2022-07-16T12:30:41.024657+00:00, run_after=2022-07-16T16:30:41.024657+00:00
[2022-07-16 16:30:41,081] {processor.py:161} INFO - Processing /home/airflow/.local/lib/python3.7/site-packages/airflow/example_dags/example_latest_only.py took 0.851 seconds
[2022-07-16 16:31:11,257] {processor.py:153} INFO - Started process (PID=1914) to work on /home/airflow/.local/lib/python3.7/site-packages/airflow/example_dags/example_latest_only.py
[2022-07-16 16:31:11,262] {processor.py:641} INFO - Processing file /home/airflow/.local/lib/python3.7/site-packages/airflow/example_dags/example_latest_only.py for tasks to queue
[2022-07-16 16:31:11,269] {logging_mixin.py:115} INFO - [2022-07-16 16:31:11,269] {dagbag.py:508} INFO - Filling up the DagBag from /home/airflow/.local/lib/python3.7/site-packages/airflow/example_dags/example_latest_only.py
[2022-07-16 16:31:11,325] {processor.py:651} INFO - DAG(s) dict_keys(['latest_only']) retrieved from /home/airflow/.local/lib/python3.7/site-packages/airflow/example_dags/example_latest_only.py
[2022-07-16 16:31:11,722] {logging_mixin.py:115} INFO - [2022-07-16 16:31:11,722] {dag.py:2420} INFO - Sync 1 DAGs
[2022-07-16 16:31:11,910] {logging_mixin.py:115} INFO - [2022-07-16 16:31:11,910] {dag.py:2972} INFO - Setting next_dagrun for latest_only to 2022-07-16T12:31:11.909075+00:00, run_after=2022-07-16T16:31:11.909075+00:00
[2022-07-16 16:31:12,007] {processor.py:161} INFO - Processing /home/airflow/.local/lib/python3.7/site-packages/airflow/example_dags/example_latest_only.py took 0.768 seconds
[2022-07-16 16:31:42,630] {processor.py:153} INFO - Started process (PID=2102) to work on /home/airflow/.local/lib/python3.7/site-packages/airflow/example_dags/example_latest_only.py
[2022-07-16 16:31:42,637] {processor.py:641} INFO - Processing file /home/airflow/.local/lib/python3.7/site-packages/airflow/example_dags/example_latest_only.py for tasks to queue
[2022-07-16 16:31:42,640] {logging_mixin.py:115} INFO - [2022-07-16 16:31:42,640] {dagbag.py:508} INFO - Filling up the DagBag from /home/airflow/.local/lib/python3.7/site-packages/airflow/example_dags/example_latest_only.py
[2022-07-16 16:31:42,659] {processor.py:651} INFO - DAG(s) dict_keys(['latest_only']) retrieved from /home/airflow/.local/lib/python3.7/site-packages/airflow/example_dags/example_latest_only.py
[2022-07-16 16:31:42,755] {logging_mixin.py:115} INFO - [2022-07-16 16:31:42,755] {dag.py:2420} INFO - Sync 1 DAGs
[2022-07-16 16:31:42,921] {logging_mixin.py:115} INFO - [2022-07-16 16:31:42,921] {dag.py:2972} INFO - Setting next_dagrun for latest_only to 2022-07-16T12:31:42.920825+00:00, run_after=2022-07-16T16:31:42.920825+00:00
[2022-07-16 16:31:42,962] {processor.py:161} INFO - Processing /home/airflow/.local/lib/python3.7/site-packages/airflow/example_dags/example_latest_only.py took 0.339 seconds
[2022-07-16 16:32:13,803] {processor.py:153} INFO - Started process (PID=2289) to work on /home/airflow/.local/lib/python3.7/site-packages/airflow/example_dags/example_latest_only.py
[2022-07-16 16:32:13,813] {processor.py:641} INFO - Processing file /home/airflow/.local/lib/python3.7/site-packages/airflow/example_dags/example_latest_only.py for tasks to queue
[2022-07-16 16:32:13,814] {logging_mixin.py:115} INFO - [2022-07-16 16:32:13,814] {dagbag.py:508} INFO - Filling up the DagBag from /home/airflow/.local/lib/python3.7/site-packages/airflow/example_dags/example_latest_only.py
[2022-07-16 16:32:13,848] {processor.py:651} INFO - DAG(s) dict_keys(['latest_only']) retrieved from /home/airflow/.local/lib/python3.7/site-packages/airflow/example_dags/example_latest_only.py
[2022-07-16 16:32:14,017] {logging_mixin.py:115} INFO - [2022-07-16 16:32:14,017] {dag.py:2420} INFO - Sync 1 DAGs
[2022-07-16 16:32:14,313] {logging_mixin.py:115} INFO - [2022-07-16 16:32:14,313] {dag.py:2972} INFO - Setting next_dagrun for latest_only to 2022-07-16T12:32:14.312623+00:00, run_after=2022-07-16T16:32:14.312623+00:00
[2022-07-16 16:32:14,442] {processor.py:161} INFO - Processing /home/airflow/.local/lib/python3.7/site-packages/airflow/example_dags/example_latest_only.py took 0.662 seconds
[2022-07-16 16:32:44,692] {processor.py:153} INFO - Started process (PID=2476) to work on /home/airflow/.local/lib/python3.7/site-packages/airflow/example_dags/example_latest_only.py
[2022-07-16 16:32:44,694] {processor.py:641} INFO - Processing file /home/airflow/.local/lib/python3.7/site-packages/airflow/example_dags/example_latest_only.py for tasks to queue
[2022-07-16 16:32:44,695] {logging_mixin.py:115} INFO - [2022-07-16 16:32:44,694] {dagbag.py:508} INFO - Filling up the DagBag from /home/airflow/.local/lib/python3.7/site-packages/airflow/example_dags/example_latest_only.py
[2022-07-16 16:32:44,712] {processor.py:651} INFO - DAG(s) dict_keys(['latest_only']) retrieved from /home/airflow/.local/lib/python3.7/site-packages/airflow/example_dags/example_latest_only.py
[2022-07-16 16:32:44,795] {logging_mixin.py:115} INFO - [2022-07-16 16:32:44,795] {dag.py:2420} INFO - Sync 1 DAGs
[2022-07-16 16:32:44,879] {logging_mixin.py:115} INFO - [2022-07-16 16:32:44,879] {dag.py:2972} INFO - Setting next_dagrun for latest_only to 2022-07-16T12:32:44.878466+00:00, run_after=2022-07-16T16:32:44.878466+00:00
[2022-07-16 16:32:44,909] {processor.py:161} INFO - Processing /home/airflow/.local/lib/python3.7/site-packages/airflow/example_dags/example_latest_only.py took 0.227 seconds
[2022-07-16 16:33:17,803] {processor.py:153} INFO - Started process (PID=2668) to work on /home/airflow/.local/lib/python3.7/site-packages/airflow/example_dags/example_latest_only.py
[2022-07-16 16:33:17,808] {processor.py:641} INFO - Processing file /home/airflow/.local/lib/python3.7/site-packages/airflow/example_dags/example_latest_only.py for tasks to queue
[2022-07-16 16:33:17,810] {logging_mixin.py:115} INFO - [2022-07-16 16:33:17,809] {dagbag.py:508} INFO - Filling up the DagBag from /home/airflow/.local/lib/python3.7/site-packages/airflow/example_dags/example_latest_only.py
[2022-07-16 16:33:17,870] {processor.py:651} INFO - DAG(s) dict_keys(['latest_only']) retrieved from /home/airflow/.local/lib/python3.7/site-packages/airflow/example_dags/example_latest_only.py
[2022-07-16 16:33:18,115] {logging_mixin.py:115} INFO - [2022-07-16 16:33:18,115] {dag.py:2420} INFO - Sync 1 DAGs
[2022-07-16 16:33:18,369] {logging_mixin.py:115} INFO - [2022-07-16 16:33:18,369] {dag.py:2972} INFO - Setting next_dagrun for latest_only to 2022-07-16T12:33:18.369344+00:00, run_after=2022-07-16T16:33:18.369344+00:00
[2022-07-16 16:33:18,467] {processor.py:161} INFO - Processing /home/airflow/.local/lib/python3.7/site-packages/airflow/example_dags/example_latest_only.py took 0.701 seconds
[2022-07-16 16:33:49,160] {processor.py:153} INFO - Started process (PID=2856) to work on /home/airflow/.local/lib/python3.7/site-packages/airflow/example_dags/example_latest_only.py
[2022-07-16 16:33:49,161] {processor.py:641} INFO - Processing file /home/airflow/.local/lib/python3.7/site-packages/airflow/example_dags/example_latest_only.py for tasks to queue
[2022-07-16 16:33:49,162] {logging_mixin.py:115} INFO - [2022-07-16 16:33:49,162] {dagbag.py:508} INFO - Filling up the DagBag from /home/airflow/.local/lib/python3.7/site-packages/airflow/example_dags/example_latest_only.py
[2022-07-16 16:33:49,175] {processor.py:651} INFO - DAG(s) dict_keys(['latest_only']) retrieved from /home/airflow/.local/lib/python3.7/site-packages/airflow/example_dags/example_latest_only.py
[2022-07-16 16:33:49,247] {logging_mixin.py:115} INFO - [2022-07-16 16:33:49,247] {dag.py:2420} INFO - Sync 1 DAGs
[2022-07-16 16:33:49,369] {logging_mixin.py:115} INFO - [2022-07-16 16:33:49,367] {dag.py:2972} INFO - Setting next_dagrun for latest_only to 2022-07-16T12:33:49.366521+00:00, run_after=2022-07-16T16:33:49.366521+00:00
[2022-07-16 16:33:49,396] {processor.py:161} INFO - Processing /home/airflow/.local/lib/python3.7/site-packages/airflow/example_dags/example_latest_only.py took 0.245 seconds
[2022-07-16 16:34:19,990] {processor.py:153} INFO - Started process (PID=3045) to work on /home/airflow/.local/lib/python3.7/site-packages/airflow/example_dags/example_latest_only.py
[2022-07-16 16:34:19,991] {processor.py:641} INFO - Processing file /home/airflow/.local/lib/python3.7/site-packages/airflow/example_dags/example_latest_only.py for tasks to queue
[2022-07-16 16:34:19,994] {logging_mixin.py:115} INFO - [2022-07-16 16:34:19,993] {dagbag.py:508} INFO - Filling up the DagBag from /home/airflow/.local/lib/python3.7/site-packages/airflow/example_dags/example_latest_only.py
[2022-07-16 16:34:20,026] {processor.py:651} INFO - DAG(s) dict_keys(['latest_only']) retrieved from /home/airflow/.local/lib/python3.7/site-packages/airflow/example_dags/example_latest_only.py
[2022-07-16 16:34:20,146] {logging_mixin.py:115} INFO - [2022-07-16 16:34:20,146] {dag.py:2420} INFO - Sync 1 DAGs
[2022-07-16 16:34:20,266] {logging_mixin.py:115} INFO - [2022-07-16 16:34:20,266] {dag.py:2972} INFO - Setting next_dagrun for latest_only to 2022-07-16T12:34:20.265638+00:00, run_after=2022-07-16T16:34:20.265638+00:00
[2022-07-16 16:34:20,335] {processor.py:161} INFO - Processing /home/airflow/.local/lib/python3.7/site-packages/airflow/example_dags/example_latest_only.py took 0.362 seconds
[2022-07-16 16:34:50,734] {processor.py:153} INFO - Started process (PID=3234) to work on /home/airflow/.local/lib/python3.7/site-packages/airflow/example_dags/example_latest_only.py
[2022-07-16 16:34:50,743] {processor.py:641} INFO - Processing file /home/airflow/.local/lib/python3.7/site-packages/airflow/example_dags/example_latest_only.py for tasks to queue
[2022-07-16 16:34:50,744] {logging_mixin.py:115} INFO - [2022-07-16 16:34:50,744] {dagbag.py:508} INFO - Filling up the DagBag from /home/airflow/.local/lib/python3.7/site-packages/airflow/example_dags/example_latest_only.py
[2022-07-16 16:34:50,767] {processor.py:651} INFO - DAG(s) dict_keys(['latest_only']) retrieved from /home/airflow/.local/lib/python3.7/site-packages/airflow/example_dags/example_latest_only.py
[2022-07-16 16:34:50,985] {logging_mixin.py:115} INFO - [2022-07-16 16:34:50,985] {dag.py:2420} INFO - Sync 1 DAGs
[2022-07-16 16:34:51,279] {logging_mixin.py:115} INFO - [2022-07-16 16:34:51,279] {dag.py:2972} INFO - Setting next_dagrun for latest_only to 2022-07-16T12:34:51.279072+00:00, run_after=2022-07-16T16:34:51.279072+00:00
[2022-07-16 16:34:51,314] {processor.py:161} INFO - Processing /home/airflow/.local/lib/python3.7/site-packages/airflow/example_dags/example_latest_only.py took 0.592 seconds
[2022-07-16 16:38:37,059] {processor.py:153} INFO - Started process (PID=232) to work on /home/airflow/.local/lib/python3.7/site-packages/airflow/example_dags/example_latest_only.py
[2022-07-16 16:38:37,097] {processor.py:641} INFO - Processing file /home/airflow/.local/lib/python3.7/site-packages/airflow/example_dags/example_latest_only.py for tasks to queue
[2022-07-16 16:38:37,099] {logging_mixin.py:115} INFO - [2022-07-16 16:38:37,099] {dagbag.py:508} INFO - Filling up the DagBag from /home/airflow/.local/lib/python3.7/site-packages/airflow/example_dags/example_latest_only.py
[2022-07-16 16:38:37,313] {processor.py:651} INFO - DAG(s) dict_keys(['latest_only']) retrieved from /home/airflow/.local/lib/python3.7/site-packages/airflow/example_dags/example_latest_only.py
[2022-07-16 16:38:39,442] {logging_mixin.py:115} INFO - [2022-07-16 16:38:39,441] {manager.py:508} INFO - Created Permission View: can delete on DAG:latest_only
[2022-07-16 16:38:39,673] {logging_mixin.py:115} INFO - [2022-07-16 16:38:39,673] {manager.py:508} INFO - Created Permission View: can edit on DAG:latest_only
[2022-07-16 16:38:40,027] {logging_mixin.py:115} INFO - [2022-07-16 16:38:40,027] {manager.py:508} INFO - Created Permission View: can read on DAG:latest_only
[2022-07-16 16:38:40,027] {logging_mixin.py:115} INFO - [2022-07-16 16:38:40,027] {dag.py:2420} INFO - Sync 1 DAGs
[2022-07-16 16:38:40,158] {logging_mixin.py:115} INFO - [2022-07-16 16:38:40,143] {dag.py:2439} INFO - Creating ORM DAG for latest_only
[2022-07-16 16:38:40,580] {logging_mixin.py:115} INFO - [2022-07-16 16:38:40,580] {dag.py:2972} INFO - Setting next_dagrun for latest_only to 2022-07-16T12:38:40.550015+00:00, run_after=2022-07-16T16:38:40.550015+00:00
[2022-07-16 16:38:41,099] {processor.py:161} INFO - Processing /home/airflow/.local/lib/python3.7/site-packages/airflow/example_dags/example_latest_only.py took 4.166 seconds
[2022-07-16 16:39:23,452] {processor.py:153} INFO - Started process (PID=428) to work on /home/airflow/.local/lib/python3.7/site-packages/airflow/example_dags/example_latest_only.py
[2022-07-16 16:39:23,466] {processor.py:641} INFO - Processing file /home/airflow/.local/lib/python3.7/site-packages/airflow/example_dags/example_latest_only.py for tasks to queue
[2022-07-16 16:39:23,467] {logging_mixin.py:115} INFO - [2022-07-16 16:39:23,467] {dagbag.py:508} INFO - Filling up the DagBag from /home/airflow/.local/lib/python3.7/site-packages/airflow/example_dags/example_latest_only.py
[2022-07-16 16:39:23,517] {processor.py:651} INFO - DAG(s) dict_keys(['latest_only']) retrieved from /home/airflow/.local/lib/python3.7/site-packages/airflow/example_dags/example_latest_only.py
[2022-07-16 16:39:23,749] {logging_mixin.py:115} INFO - [2022-07-16 16:39:23,749] {dag.py:2420} INFO - Sync 1 DAGs
[2022-07-16 16:39:24,404] {logging_mixin.py:115} INFO - [2022-07-16 16:39:24,403] {dag.py:2972} INFO - Setting next_dagrun for latest_only to 2022-07-16T12:39:24.367782+00:00, run_after=2022-07-16T16:39:24.367782+00:00
[2022-07-16 16:39:24,617] {processor.py:161} INFO - Processing /home/airflow/.local/lib/python3.7/site-packages/airflow/example_dags/example_latest_only.py took 1.201 seconds
