[2022-07-16 16:25:46,511] {processor.py:153} INFO - Started process (PID=212) to work on /home/airflow/.local/lib/python3.7/site-packages/airflow/example_dags/example_xcomargs.py
[2022-07-16 16:25:46,512] {processor.py:641} INFO - Processing file /home/airflow/.local/lib/python3.7/site-packages/airflow/example_dags/example_xcomargs.py for tasks to queue
[2022-07-16 16:25:46,513] {logging_mixin.py:115} INFO - [2022-07-16 16:25:46,513] {dagbag.py:508} INFO - Filling up the DagBag from /home/airflow/.local/lib/python3.7/site-packages/airflow/example_dags/example_xcomargs.py
[2022-07-16 16:25:46,641] {processor.py:651} INFO - DAG(s) dict_keys(['example_xcom_args', 'example_xcom_args_with_operators']) retrieved from /home/airflow/.local/lib/python3.7/site-packages/airflow/example_dags/example_xcomargs.py
[2022-07-16 16:25:47,027] {logging_mixin.py:115} INFO - [2022-07-16 16:25:47,026] {manager.py:508} INFO - Created Permission View: can delete on DAG:example_xcom_args
[2022-07-16 16:25:47,091] {logging_mixin.py:115} INFO - [2022-07-16 16:25:47,087] {manager.py:508} INFO - Created Permission View: can edit on DAG:example_xcom_args
[2022-07-16 16:25:47,112] {logging_mixin.py:115} INFO - [2022-07-16 16:25:47,112] {manager.py:508} INFO - Created Permission View: can read on DAG:example_xcom_args
[2022-07-16 16:25:47,161] {logging_mixin.py:115} INFO - [2022-07-16 16:25:47,161] {manager.py:508} INFO - Created Permission View: can delete on DAG:example_xcom_args_with_operators
[2022-07-16 16:25:47,176] {logging_mixin.py:115} INFO - [2022-07-16 16:25:47,176] {manager.py:508} INFO - Created Permission View: can edit on DAG:example_xcom_args_with_operators
[2022-07-16 16:25:47,192] {logging_mixin.py:115} INFO - [2022-07-16 16:25:47,192] {manager.py:508} INFO - Created Permission View: can read on DAG:example_xcom_args_with_operators
[2022-07-16 16:25:47,193] {logging_mixin.py:115} INFO - [2022-07-16 16:25:47,192] {dag.py:2420} INFO - Sync 2 DAGs
[2022-07-16 16:25:47,214] {logging_mixin.py:115} INFO - [2022-07-16 16:25:47,214] {dag.py:2439} INFO - Creating ORM DAG for example_xcom_args_with_operators
[2022-07-16 16:25:47,215] {logging_mixin.py:115} INFO - [2022-07-16 16:25:47,215] {dag.py:2439} INFO - Creating ORM DAG for example_xcom_args
[2022-07-16 16:25:47,263] {logging_mixin.py:115} INFO - [2022-07-16 16:25:47,263] {dag.py:2972} INFO - Setting next_dagrun for example_xcom_args to None, run_after=None
[2022-07-16 16:25:47,265] {logging_mixin.py:115} INFO - [2022-07-16 16:25:47,264] {dag.py:2972} INFO - Setting next_dagrun for example_xcom_args_with_operators to None, run_after=None
[2022-07-16 16:25:47,326] {processor.py:161} INFO - Processing /home/airflow/.local/lib/python3.7/site-packages/airflow/example_dags/example_xcomargs.py took 0.844 seconds
[2022-07-16 16:26:17,896] {processor.py:153} INFO - Started process (PID=400) to work on /home/airflow/.local/lib/python3.7/site-packages/airflow/example_dags/example_xcomargs.py
[2022-07-16 16:26:17,901] {processor.py:641} INFO - Processing file /home/airflow/.local/lib/python3.7/site-packages/airflow/example_dags/example_xcomargs.py for tasks to queue
[2022-07-16 16:26:17,902] {logging_mixin.py:115} INFO - [2022-07-16 16:26:17,902] {dagbag.py:508} INFO - Filling up the DagBag from /home/airflow/.local/lib/python3.7/site-packages/airflow/example_dags/example_xcomargs.py
[2022-07-16 16:26:18,026] {processor.py:651} INFO - DAG(s) dict_keys(['example_xcom_args', 'example_xcom_args_with_operators']) retrieved from /home/airflow/.local/lib/python3.7/site-packages/airflow/example_dags/example_xcomargs.py
[2022-07-16 16:26:18,561] {logging_mixin.py:115} INFO - [2022-07-16 16:26:18,560] {dag.py:2420} INFO - Sync 2 DAGs
[2022-07-16 16:26:18,837] {logging_mixin.py:115} INFO - [2022-07-16 16:26:18,837] {dag.py:2972} INFO - Setting next_dagrun for example_xcom_args to None, run_after=None
[2022-07-16 16:26:18,838] {logging_mixin.py:115} INFO - [2022-07-16 16:26:18,838] {dag.py:2972} INFO - Setting next_dagrun for example_xcom_args_with_operators to None, run_after=None
[2022-07-16 16:26:18,986] {processor.py:161} INFO - Processing /home/airflow/.local/lib/python3.7/site-packages/airflow/example_dags/example_xcomargs.py took 1.109 seconds
[2022-07-16 16:27:01,151] {processor.py:153} INFO - Started process (PID=580) to work on /home/airflow/.local/lib/python3.7/site-packages/airflow/example_dags/example_xcomargs.py
[2022-07-16 16:27:01,168] {processor.py:641} INFO - Processing file /home/airflow/.local/lib/python3.7/site-packages/airflow/example_dags/example_xcomargs.py for tasks to queue
[2022-07-16 16:27:01,169] {logging_mixin.py:115} INFO - [2022-07-16 16:27:01,169] {dagbag.py:508} INFO - Filling up the DagBag from /home/airflow/.local/lib/python3.7/site-packages/airflow/example_dags/example_xcomargs.py
[2022-07-16 16:27:01,778] {processor.py:651} INFO - DAG(s) dict_keys(['example_xcom_args', 'example_xcom_args_with_operators']) retrieved from /home/airflow/.local/lib/python3.7/site-packages/airflow/example_dags/example_xcomargs.py
[2022-07-16 16:27:03,003] {logging_mixin.py:115} INFO - [2022-07-16 16:27:03,003] {dag.py:2420} INFO - Sync 2 DAGs
[2022-07-16 16:27:03,386] {logging_mixin.py:115} INFO - [2022-07-16 16:27:03,386] {dag.py:2972} INFO - Setting next_dagrun for example_xcom_args to None, run_after=None
[2022-07-16 16:27:03,387] {logging_mixin.py:115} INFO - [2022-07-16 16:27:03,387] {dag.py:2972} INFO - Setting next_dagrun for example_xcom_args_with_operators to None, run_after=None
[2022-07-16 16:27:03,774] {processor.py:161} INFO - Processing /home/airflow/.local/lib/python3.7/site-packages/airflow/example_dags/example_xcomargs.py took 2.684 seconds
[2022-07-16 16:27:34,064] {processor.py:153} INFO - Started process (PID=774) to work on /home/airflow/.local/lib/python3.7/site-packages/airflow/example_dags/example_xcomargs.py
[2022-07-16 16:27:34,073] {processor.py:641} INFO - Processing file /home/airflow/.local/lib/python3.7/site-packages/airflow/example_dags/example_xcomargs.py for tasks to queue
[2022-07-16 16:27:34,074] {logging_mixin.py:115} INFO - [2022-07-16 16:27:34,074] {dagbag.py:508} INFO - Filling up the DagBag from /home/airflow/.local/lib/python3.7/site-packages/airflow/example_dags/example_xcomargs.py
[2022-07-16 16:27:34,317] {processor.py:651} INFO - DAG(s) dict_keys(['example_xcom_args', 'example_xcom_args_with_operators']) retrieved from /home/airflow/.local/lib/python3.7/site-packages/airflow/example_dags/example_xcomargs.py
[2022-07-16 16:27:35,078] {logging_mixin.py:115} INFO - [2022-07-16 16:27:35,078] {dag.py:2420} INFO - Sync 2 DAGs
[2022-07-16 16:27:35,248] {logging_mixin.py:115} INFO - [2022-07-16 16:27:35,248] {dag.py:2972} INFO - Setting next_dagrun for example_xcom_args to None, run_after=None
[2022-07-16 16:27:35,249] {logging_mixin.py:115} INFO - [2022-07-16 16:27:35,249] {dag.py:2972} INFO - Setting next_dagrun for example_xcom_args_with_operators to None, run_after=None
[2022-07-16 16:27:35,416] {processor.py:161} INFO - Processing /home/airflow/.local/lib/python3.7/site-packages/airflow/example_dags/example_xcomargs.py took 1.373 seconds
[2022-07-16 16:28:07,841] {processor.py:153} INFO - Started process (PID=958) to work on /home/airflow/.local/lib/python3.7/site-packages/airflow/example_dags/example_xcomargs.py
[2022-07-16 16:28:07,848] {processor.py:641} INFO - Processing file /home/airflow/.local/lib/python3.7/site-packages/airflow/example_dags/example_xcomargs.py for tasks to queue
[2022-07-16 16:28:07,850] {logging_mixin.py:115} INFO - [2022-07-16 16:28:07,850] {dagbag.py:508} INFO - Filling up the DagBag from /home/airflow/.local/lib/python3.7/site-packages/airflow/example_dags/example_xcomargs.py
[2022-07-16 16:28:08,037] {processor.py:651} INFO - DAG(s) dict_keys(['example_xcom_args', 'example_xcom_args_with_operators']) retrieved from /home/airflow/.local/lib/python3.7/site-packages/airflow/example_dags/example_xcomargs.py
[2022-07-16 16:28:09,048] {logging_mixin.py:115} INFO - [2022-07-16 16:28:09,048] {dag.py:2420} INFO - Sync 2 DAGs
[2022-07-16 16:28:09,284] {logging_mixin.py:115} INFO - [2022-07-16 16:28:09,283] {dag.py:2972} INFO - Setting next_dagrun for example_xcom_args to None, run_after=None
[2022-07-16 16:28:09,284] {logging_mixin.py:115} INFO - [2022-07-16 16:28:09,284] {dag.py:2972} INFO - Setting next_dagrun for example_xcom_args_with_operators to None, run_after=None
[2022-07-16 16:28:09,472] {processor.py:161} INFO - Processing /home/airflow/.local/lib/python3.7/site-packages/airflow/example_dags/example_xcomargs.py took 1.670 seconds
[2022-07-16 16:28:40,346] {processor.py:153} INFO - Started process (PID=1147) to work on /home/airflow/.local/lib/python3.7/site-packages/airflow/example_dags/example_xcomargs.py
[2022-07-16 16:28:40,360] {processor.py:641} INFO - Processing file /home/airflow/.local/lib/python3.7/site-packages/airflow/example_dags/example_xcomargs.py for tasks to queue
[2022-07-16 16:28:40,362] {logging_mixin.py:115} INFO - [2022-07-16 16:28:40,362] {dagbag.py:508} INFO - Filling up the DagBag from /home/airflow/.local/lib/python3.7/site-packages/airflow/example_dags/example_xcomargs.py
[2022-07-16 16:28:40,643] {processor.py:651} INFO - DAG(s) dict_keys(['example_xcom_args', 'example_xcom_args_with_operators']) retrieved from /home/airflow/.local/lib/python3.7/site-packages/airflow/example_dags/example_xcomargs.py
[2022-07-16 16:28:41,434] {logging_mixin.py:115} INFO - [2022-07-16 16:28:41,433] {dag.py:2420} INFO - Sync 2 DAGs
[2022-07-16 16:28:41,547] {logging_mixin.py:115} INFO - [2022-07-16 16:28:41,547] {dag.py:2972} INFO - Setting next_dagrun for example_xcom_args to None, run_after=None
[2022-07-16 16:28:41,557] {logging_mixin.py:115} INFO - [2022-07-16 16:28:41,557] {dag.py:2972} INFO - Setting next_dagrun for example_xcom_args_with_operators to None, run_after=None
[2022-07-16 16:28:41,631] {processor.py:161} INFO - Processing /home/airflow/.local/lib/python3.7/site-packages/airflow/example_dags/example_xcomargs.py took 1.382 seconds
[2022-07-16 16:29:30,319] {processor.py:153} INFO - Started process (PID=1349) to work on /home/airflow/.local/lib/python3.7/site-packages/airflow/example_dags/example_xcomargs.py
[2022-07-16 16:29:30,480] {processor.py:641} INFO - Processing file /home/airflow/.local/lib/python3.7/site-packages/airflow/example_dags/example_xcomargs.py for tasks to queue
[2022-07-16 16:29:30,537] {logging_mixin.py:115} INFO - [2022-07-16 16:29:30,535] {dagbag.py:508} INFO - Filling up the DagBag from /home/airflow/.local/lib/python3.7/site-packages/airflow/example_dags/example_xcomargs.py
[2022-07-16 16:29:31,751] {processor.py:651} INFO - DAG(s) dict_keys(['example_xcom_args', 'example_xcom_args_with_operators']) retrieved from /home/airflow/.local/lib/python3.7/site-packages/airflow/example_dags/example_xcomargs.py
[2022-07-16 16:29:34,903] {logging_mixin.py:115} INFO - [2022-07-16 16:29:34,903] {dag.py:2420} INFO - Sync 2 DAGs
[2022-07-16 16:29:35,211] {logging_mixin.py:115} INFO - [2022-07-16 16:29:35,211] {dag.py:2972} INFO - Setting next_dagrun for example_xcom_args to None, run_after=None
[2022-07-16 16:29:35,217] {logging_mixin.py:115} INFO - [2022-07-16 16:29:35,217] {dag.py:2972} INFO - Setting next_dagrun for example_xcom_args_with_operators to None, run_after=None
[2022-07-16 16:29:35,465] {processor.py:161} INFO - Processing /home/airflow/.local/lib/python3.7/site-packages/airflow/example_dags/example_xcomargs.py took 5.343 seconds
[2022-07-16 16:30:05,822] {processor.py:153} INFO - Started process (PID=1537) to work on /home/airflow/.local/lib/python3.7/site-packages/airflow/example_dags/example_xcomargs.py
[2022-07-16 16:30:05,829] {processor.py:641} INFO - Processing file /home/airflow/.local/lib/python3.7/site-packages/airflow/example_dags/example_xcomargs.py for tasks to queue
[2022-07-16 16:30:05,834] {logging_mixin.py:115} INFO - [2022-07-16 16:30:05,834] {dagbag.py:508} INFO - Filling up the DagBag from /home/airflow/.local/lib/python3.7/site-packages/airflow/example_dags/example_xcomargs.py
[2022-07-16 16:30:06,251] {processor.py:651} INFO - DAG(s) dict_keys(['example_xcom_args', 'example_xcom_args_with_operators']) retrieved from /home/airflow/.local/lib/python3.7/site-packages/airflow/example_dags/example_xcomargs.py
[2022-07-16 16:30:06,810] {logging_mixin.py:115} INFO - [2022-07-16 16:30:06,810] {dag.py:2420} INFO - Sync 2 DAGs
[2022-07-16 16:30:07,249] {logging_mixin.py:115} INFO - [2022-07-16 16:30:07,240] {dag.py:2972} INFO - Setting next_dagrun for example_xcom_args to None, run_after=None
[2022-07-16 16:30:07,249] {logging_mixin.py:115} INFO - [2022-07-16 16:30:07,249] {dag.py:2972} INFO - Setting next_dagrun for example_xcom_args_with_operators to None, run_after=None
[2022-07-16 16:30:07,543] {processor.py:161} INFO - Processing /home/airflow/.local/lib/python3.7/site-packages/airflow/example_dags/example_xcomargs.py took 1.738 seconds
[2022-07-16 16:30:37,933] {processor.py:153} INFO - Started process (PID=1726) to work on /home/airflow/.local/lib/python3.7/site-packages/airflow/example_dags/example_xcomargs.py
[2022-07-16 16:30:37,934] {processor.py:641} INFO - Processing file /home/airflow/.local/lib/python3.7/site-packages/airflow/example_dags/example_xcomargs.py for tasks to queue
[2022-07-16 16:30:37,935] {logging_mixin.py:115} INFO - [2022-07-16 16:30:37,935] {dagbag.py:508} INFO - Filling up the DagBag from /home/airflow/.local/lib/python3.7/site-packages/airflow/example_dags/example_xcomargs.py
[2022-07-16 16:30:38,302] {processor.py:651} INFO - DAG(s) dict_keys(['example_xcom_args', 'example_xcom_args_with_operators']) retrieved from /home/airflow/.local/lib/python3.7/site-packages/airflow/example_dags/example_xcomargs.py
[2022-07-16 16:30:40,197] {logging_mixin.py:115} INFO - [2022-07-16 16:30:40,197] {dag.py:2420} INFO - Sync 2 DAGs
[2022-07-16 16:30:40,495] {logging_mixin.py:115} INFO - [2022-07-16 16:30:40,495] {dag.py:2972} INFO - Setting next_dagrun for example_xcom_args to None, run_after=None
[2022-07-16 16:30:40,534] {logging_mixin.py:115} INFO - [2022-07-16 16:30:40,524] {dag.py:2972} INFO - Setting next_dagrun for example_xcom_args_with_operators to None, run_after=None
[2022-07-16 16:30:40,722] {processor.py:161} INFO - Processing /home/airflow/.local/lib/python3.7/site-packages/airflow/example_dags/example_xcomargs.py took 2.848 seconds
[2022-07-16 16:31:10,893] {processor.py:153} INFO - Started process (PID=1909) to work on /home/airflow/.local/lib/python3.7/site-packages/airflow/example_dags/example_xcomargs.py
[2022-07-16 16:31:10,901] {processor.py:641} INFO - Processing file /home/airflow/.local/lib/python3.7/site-packages/airflow/example_dags/example_xcomargs.py for tasks to queue
[2022-07-16 16:31:10,902] {logging_mixin.py:115} INFO - [2022-07-16 16:31:10,902] {dagbag.py:508} INFO - Filling up the DagBag from /home/airflow/.local/lib/python3.7/site-packages/airflow/example_dags/example_xcomargs.py
[2022-07-16 16:31:11,094] {processor.py:651} INFO - DAG(s) dict_keys(['example_xcom_args', 'example_xcom_args_with_operators']) retrieved from /home/airflow/.local/lib/python3.7/site-packages/airflow/example_dags/example_xcomargs.py
[2022-07-16 16:31:11,732] {logging_mixin.py:115} INFO - [2022-07-16 16:31:11,731] {dag.py:2420} INFO - Sync 2 DAGs
[2022-07-16 16:31:11,827] {logging_mixin.py:115} INFO - [2022-07-16 16:31:11,827] {dag.py:2972} INFO - Setting next_dagrun for example_xcom_args to None, run_after=None
[2022-07-16 16:31:11,832] {logging_mixin.py:115} INFO - [2022-07-16 16:31:11,832] {dag.py:2972} INFO - Setting next_dagrun for example_xcom_args_with_operators to None, run_after=None
[2022-07-16 16:31:11,965] {processor.py:161} INFO - Processing /home/airflow/.local/lib/python3.7/site-packages/airflow/example_dags/example_xcomargs.py took 1.092 seconds
[2022-07-16 16:31:42,173] {processor.py:153} INFO - Started process (PID=2097) to work on /home/airflow/.local/lib/python3.7/site-packages/airflow/example_dags/example_xcomargs.py
[2022-07-16 16:31:42,174] {processor.py:641} INFO - Processing file /home/airflow/.local/lib/python3.7/site-packages/airflow/example_dags/example_xcomargs.py for tasks to queue
[2022-07-16 16:31:42,184] {logging_mixin.py:115} INFO - [2022-07-16 16:31:42,184] {dagbag.py:508} INFO - Filling up the DagBag from /home/airflow/.local/lib/python3.7/site-packages/airflow/example_dags/example_xcomargs.py
[2022-07-16 16:31:42,355] {processor.py:651} INFO - DAG(s) dict_keys(['example_xcom_args', 'example_xcom_args_with_operators']) retrieved from /home/airflow/.local/lib/python3.7/site-packages/airflow/example_dags/example_xcomargs.py
[2022-07-16 16:31:42,864] {logging_mixin.py:115} INFO - [2022-07-16 16:31:42,863] {dag.py:2420} INFO - Sync 2 DAGs
[2022-07-16 16:31:42,964] {logging_mixin.py:115} INFO - [2022-07-16 16:31:42,964] {dag.py:2972} INFO - Setting next_dagrun for example_xcom_args to None, run_after=None
[2022-07-16 16:31:42,964] {logging_mixin.py:115} INFO - [2022-07-16 16:31:42,964] {dag.py:2972} INFO - Setting next_dagrun for example_xcom_args_with_operators to None, run_after=None
[2022-07-16 16:31:43,005] {processor.py:161} INFO - Processing /home/airflow/.local/lib/python3.7/site-packages/airflow/example_dags/example_xcomargs.py took 0.871 seconds
[2022-07-16 16:32:13,396] {processor.py:153} INFO - Started process (PID=2284) to work on /home/airflow/.local/lib/python3.7/site-packages/airflow/example_dags/example_xcomargs.py
[2022-07-16 16:32:13,402] {processor.py:641} INFO - Processing file /home/airflow/.local/lib/python3.7/site-packages/airflow/example_dags/example_xcomargs.py for tasks to queue
[2022-07-16 16:32:13,403] {logging_mixin.py:115} INFO - [2022-07-16 16:32:13,403] {dagbag.py:508} INFO - Filling up the DagBag from /home/airflow/.local/lib/python3.7/site-packages/airflow/example_dags/example_xcomargs.py
[2022-07-16 16:32:13,571] {processor.py:651} INFO - DAG(s) dict_keys(['example_xcom_args', 'example_xcom_args_with_operators']) retrieved from /home/airflow/.local/lib/python3.7/site-packages/airflow/example_dags/example_xcomargs.py
[2022-07-16 16:32:14,368] {logging_mixin.py:115} INFO - [2022-07-16 16:32:14,368] {dag.py:2420} INFO - Sync 2 DAGs
[2022-07-16 16:32:14,536] {logging_mixin.py:115} INFO - [2022-07-16 16:32:14,536] {dag.py:2972} INFO - Setting next_dagrun for example_xcom_args to None, run_after=None
[2022-07-16 16:32:14,537] {logging_mixin.py:115} INFO - [2022-07-16 16:32:14,537] {dag.py:2972} INFO - Setting next_dagrun for example_xcom_args_with_operators to None, run_after=None
[2022-07-16 16:32:14,599] {processor.py:161} INFO - Processing /home/airflow/.local/lib/python3.7/site-packages/airflow/example_dags/example_xcomargs.py took 1.258 seconds
[2022-07-16 16:32:44,681] {processor.py:153} INFO - Started process (PID=2473) to work on /home/airflow/.local/lib/python3.7/site-packages/airflow/example_dags/example_xcomargs.py
[2022-07-16 16:32:44,682] {processor.py:641} INFO - Processing file /home/airflow/.local/lib/python3.7/site-packages/airflow/example_dags/example_xcomargs.py for tasks to queue
[2022-07-16 16:32:44,683] {logging_mixin.py:115} INFO - [2022-07-16 16:32:44,683] {dagbag.py:508} INFO - Filling up the DagBag from /home/airflow/.local/lib/python3.7/site-packages/airflow/example_dags/example_xcomargs.py
[2022-07-16 16:32:44,790] {processor.py:651} INFO - DAG(s) dict_keys(['example_xcom_args', 'example_xcom_args_with_operators']) retrieved from /home/airflow/.local/lib/python3.7/site-packages/airflow/example_dags/example_xcomargs.py
[2022-07-16 16:32:44,988] {logging_mixin.py:115} INFO - [2022-07-16 16:32:44,988] {dag.py:2420} INFO - Sync 2 DAGs
[2022-07-16 16:32:45,018] {logging_mixin.py:115} INFO - [2022-07-16 16:32:45,018] {dag.py:2972} INFO - Setting next_dagrun for example_xcom_args to None, run_after=None
[2022-07-16 16:32:45,018] {logging_mixin.py:115} INFO - [2022-07-16 16:32:45,018] {dag.py:2972} INFO - Setting next_dagrun for example_xcom_args_with_operators to None, run_after=None
[2022-07-16 16:32:45,037] {processor.py:161} INFO - Processing /home/airflow/.local/lib/python3.7/site-packages/airflow/example_dags/example_xcomargs.py took 0.364 seconds
[2022-07-16 16:33:16,423] {processor.py:153} INFO - Started process (PID=2663) to work on /home/airflow/.local/lib/python3.7/site-packages/airflow/example_dags/example_xcomargs.py
[2022-07-16 16:33:16,434] {processor.py:641} INFO - Processing file /home/airflow/.local/lib/python3.7/site-packages/airflow/example_dags/example_xcomargs.py for tasks to queue
[2022-07-16 16:33:16,436] {logging_mixin.py:115} INFO - [2022-07-16 16:33:16,435] {dagbag.py:508} INFO - Filling up the DagBag from /home/airflow/.local/lib/python3.7/site-packages/airflow/example_dags/example_xcomargs.py
[2022-07-16 16:33:16,900] {processor.py:651} INFO - DAG(s) dict_keys(['example_xcom_args', 'example_xcom_args_with_operators']) retrieved from /home/airflow/.local/lib/python3.7/site-packages/airflow/example_dags/example_xcomargs.py
[2022-07-16 16:33:18,196] {logging_mixin.py:115} INFO - [2022-07-16 16:33:18,195] {dag.py:2420} INFO - Sync 2 DAGs
[2022-07-16 16:33:18,381] {logging_mixin.py:115} INFO - [2022-07-16 16:33:18,381] {dag.py:2972} INFO - Setting next_dagrun for example_xcom_args to None, run_after=None
[2022-07-16 16:33:18,382] {logging_mixin.py:115} INFO - [2022-07-16 16:33:18,382] {dag.py:2972} INFO - Setting next_dagrun for example_xcom_args_with_operators to None, run_after=None
[2022-07-16 16:33:18,481] {processor.py:161} INFO - Processing /home/airflow/.local/lib/python3.7/site-packages/airflow/example_dags/example_xcomargs.py took 2.086 seconds
[2022-07-16 16:33:49,143] {processor.py:153} INFO - Started process (PID=2853) to work on /home/airflow/.local/lib/python3.7/site-packages/airflow/example_dags/example_xcomargs.py
[2022-07-16 16:33:49,145] {processor.py:641} INFO - Processing file /home/airflow/.local/lib/python3.7/site-packages/airflow/example_dags/example_xcomargs.py for tasks to queue
[2022-07-16 16:33:49,147] {logging_mixin.py:115} INFO - [2022-07-16 16:33:49,147] {dagbag.py:508} INFO - Filling up the DagBag from /home/airflow/.local/lib/python3.7/site-packages/airflow/example_dags/example_xcomargs.py
[2022-07-16 16:33:49,197] {processor.py:651} INFO - DAG(s) dict_keys(['example_xcom_args', 'example_xcom_args_with_operators']) retrieved from /home/airflow/.local/lib/python3.7/site-packages/airflow/example_dags/example_xcomargs.py
[2022-07-16 16:33:49,473] {logging_mixin.py:115} INFO - [2022-07-16 16:33:49,473] {dag.py:2420} INFO - Sync 2 DAGs
[2022-07-16 16:33:49,527] {logging_mixin.py:115} INFO - [2022-07-16 16:33:49,527] {dag.py:2972} INFO - Setting next_dagrun for example_xcom_args to None, run_after=None
[2022-07-16 16:33:49,528] {logging_mixin.py:115} INFO - [2022-07-16 16:33:49,528] {dag.py:2972} INFO - Setting next_dagrun for example_xcom_args_with_operators to None, run_after=None
[2022-07-16 16:33:49,560] {processor.py:161} INFO - Processing /home/airflow/.local/lib/python3.7/site-packages/airflow/example_dags/example_xcomargs.py took 0.429 seconds
[2022-07-16 16:34:19,929] {processor.py:153} INFO - Started process (PID=3043) to work on /home/airflow/.local/lib/python3.7/site-packages/airflow/example_dags/example_xcomargs.py
[2022-07-16 16:34:19,933] {processor.py:641} INFO - Processing file /home/airflow/.local/lib/python3.7/site-packages/airflow/example_dags/example_xcomargs.py for tasks to queue
[2022-07-16 16:34:19,934] {logging_mixin.py:115} INFO - [2022-07-16 16:34:19,934] {dagbag.py:508} INFO - Filling up the DagBag from /home/airflow/.local/lib/python3.7/site-packages/airflow/example_dags/example_xcomargs.py
[2022-07-16 16:34:20,040] {processor.py:651} INFO - DAG(s) dict_keys(['example_xcom_args', 'example_xcom_args_with_operators']) retrieved from /home/airflow/.local/lib/python3.7/site-packages/airflow/example_dags/example_xcomargs.py
[2022-07-16 16:34:20,238] {logging_mixin.py:115} INFO - [2022-07-16 16:34:20,237] {dag.py:2420} INFO - Sync 2 DAGs
[2022-07-16 16:34:20,314] {logging_mixin.py:115} INFO - [2022-07-16 16:34:20,314] {dag.py:2972} INFO - Setting next_dagrun for example_xcom_args to None, run_after=None
[2022-07-16 16:34:20,315] {logging_mixin.py:115} INFO - [2022-07-16 16:34:20,314] {dag.py:2972} INFO - Setting next_dagrun for example_xcom_args_with_operators to None, run_after=None
[2022-07-16 16:34:20,344] {processor.py:161} INFO - Processing /home/airflow/.local/lib/python3.7/site-packages/airflow/example_dags/example_xcomargs.py took 0.435 seconds
[2022-07-16 16:34:50,706] {processor.py:153} INFO - Started process (PID=3233) to work on /home/airflow/.local/lib/python3.7/site-packages/airflow/example_dags/example_xcomargs.py
[2022-07-16 16:34:50,708] {processor.py:641} INFO - Processing file /home/airflow/.local/lib/python3.7/site-packages/airflow/example_dags/example_xcomargs.py for tasks to queue
[2022-07-16 16:34:50,712] {logging_mixin.py:115} INFO - [2022-07-16 16:34:50,711] {dagbag.py:508} INFO - Filling up the DagBag from /home/airflow/.local/lib/python3.7/site-packages/airflow/example_dags/example_xcomargs.py
[2022-07-16 16:34:50,847] {processor.py:651} INFO - DAG(s) dict_keys(['example_xcom_args', 'example_xcom_args_with_operators']) retrieved from /home/airflow/.local/lib/python3.7/site-packages/airflow/example_dags/example_xcomargs.py
[2022-07-16 16:34:51,229] {logging_mixin.py:115} INFO - [2022-07-16 16:34:51,229] {dag.py:2420} INFO - Sync 2 DAGs
[2022-07-16 16:34:51,456] {logging_mixin.py:115} INFO - [2022-07-16 16:34:51,456] {dag.py:2972} INFO - Setting next_dagrun for example_xcom_args to None, run_after=None
[2022-07-16 16:34:51,458] {logging_mixin.py:115} INFO - [2022-07-16 16:34:51,457] {dag.py:2972} INFO - Setting next_dagrun for example_xcom_args_with_operators to None, run_after=None
[2022-07-16 16:34:51,526] {processor.py:161} INFO - Processing /home/airflow/.local/lib/python3.7/site-packages/airflow/example_dags/example_xcomargs.py took 0.830 seconds
[2022-07-16 16:38:36,199] {processor.py:153} INFO - Started process (PID=227) to work on /home/airflow/.local/lib/python3.7/site-packages/airflow/example_dags/example_xcomargs.py
[2022-07-16 16:38:36,209] {processor.py:641} INFO - Processing file /home/airflow/.local/lib/python3.7/site-packages/airflow/example_dags/example_xcomargs.py for tasks to queue
[2022-07-16 16:38:36,210] {logging_mixin.py:115} INFO - [2022-07-16 16:38:36,210] {dagbag.py:508} INFO - Filling up the DagBag from /home/airflow/.local/lib/python3.7/site-packages/airflow/example_dags/example_xcomargs.py
[2022-07-16 16:38:36,584] {processor.py:651} INFO - DAG(s) dict_keys(['example_xcom_args', 'example_xcom_args_with_operators']) retrieved from /home/airflow/.local/lib/python3.7/site-packages/airflow/example_dags/example_xcomargs.py
[2022-07-16 16:38:38,101] {logging_mixin.py:115} INFO - [2022-07-16 16:38:38,100] {manager.py:508} INFO - Created Permission View: can delete on DAG:example_xcom_args
[2022-07-16 16:38:38,229] {logging_mixin.py:115} INFO - [2022-07-16 16:38:38,228] {manager.py:508} INFO - Created Permission View: can edit on DAG:example_xcom_args
[2022-07-16 16:38:38,318] {logging_mixin.py:115} INFO - [2022-07-16 16:38:38,318] {manager.py:508} INFO - Created Permission View: can read on DAG:example_xcom_args
[2022-07-16 16:38:38,757] {logging_mixin.py:115} INFO - [2022-07-16 16:38:38,757] {manager.py:508} INFO - Created Permission View: can delete on DAG:example_xcom_args_with_operators
[2022-07-16 16:38:39,005] {logging_mixin.py:115} INFO - [2022-07-16 16:38:39,005] {manager.py:508} INFO - Created Permission View: can edit on DAG:example_xcom_args_with_operators
[2022-07-16 16:38:39,183] {logging_mixin.py:115} INFO - [2022-07-16 16:38:39,183] {manager.py:508} INFO - Created Permission View: can read on DAG:example_xcom_args_with_operators
[2022-07-16 16:38:39,193] {logging_mixin.py:115} INFO - [2022-07-16 16:38:39,193] {dag.py:2420} INFO - Sync 2 DAGs
[2022-07-16 16:38:39,408] {logging_mixin.py:115} INFO - [2022-07-16 16:38:39,379] {dag.py:2439} INFO - Creating ORM DAG for example_xcom_args_with_operators
[2022-07-16 16:38:39,410] {logging_mixin.py:115} INFO - [2022-07-16 16:38:39,409] {dag.py:2439} INFO - Creating ORM DAG for example_xcom_args
[2022-07-16 16:38:39,637] {logging_mixin.py:115} INFO - [2022-07-16 16:38:39,637] {dag.py:2972} INFO - Setting next_dagrun for example_xcom_args to None, run_after=None
[2022-07-16 16:38:39,639] {logging_mixin.py:115} INFO - [2022-07-16 16:38:39,639] {dag.py:2972} INFO - Setting next_dagrun for example_xcom_args_with_operators to None, run_after=None
[2022-07-16 16:38:40,502] {processor.py:161} INFO - Processing /home/airflow/.local/lib/python3.7/site-packages/airflow/example_dags/example_xcomargs.py took 4.371 seconds
[2022-07-16 16:39:22,455] {processor.py:153} INFO - Started process (PID=423) to work on /home/airflow/.local/lib/python3.7/site-packages/airflow/example_dags/example_xcomargs.py
[2022-07-16 16:39:22,467] {processor.py:641} INFO - Processing file /home/airflow/.local/lib/python3.7/site-packages/airflow/example_dags/example_xcomargs.py for tasks to queue
[2022-07-16 16:39:22,482] {logging_mixin.py:115} INFO - [2022-07-16 16:39:22,482] {dagbag.py:508} INFO - Filling up the DagBag from /home/airflow/.local/lib/python3.7/site-packages/airflow/example_dags/example_xcomargs.py
[2022-07-16 16:39:23,217] {processor.py:651} INFO - DAG(s) dict_keys(['example_xcom_args', 'example_xcom_args_with_operators']) retrieved from /home/airflow/.local/lib/python3.7/site-packages/airflow/example_dags/example_xcomargs.py
[2022-07-16 16:39:24,870] {logging_mixin.py:115} INFO - [2022-07-16 16:39:24,868] {dag.py:2420} INFO - Sync 2 DAGs
[2022-07-16 16:39:25,299] {logging_mixin.py:115} INFO - [2022-07-16 16:39:25,298] {dag.py:2972} INFO - Setting next_dagrun for example_xcom_args to None, run_after=None
[2022-07-16 16:39:25,299] {logging_mixin.py:115} INFO - [2022-07-16 16:39:25,299] {dag.py:2972} INFO - Setting next_dagrun for example_xcom_args_with_operators to None, run_after=None
[2022-07-16 16:39:25,543] {processor.py:161} INFO - Processing /home/airflow/.local/lib/python3.7/site-packages/airflow/example_dags/example_xcomargs.py took 3.167 seconds
