[2022-07-16 16:25:43,477] {processor.py:153} INFO - Started process (PID=183) to work on /home/airflow/.local/lib/python3.7/site-packages/airflow/example_dags/example_branch_day_of_week_operator.py
[2022-07-16 16:25:43,478] {processor.py:641} INFO - Processing file /home/airflow/.local/lib/python3.7/site-packages/airflow/example_dags/example_branch_day_of_week_operator.py for tasks to queue
[2022-07-16 16:25:43,496] {logging_mixin.py:115} INFO - [2022-07-16 16:25:43,496] {dagbag.py:508} INFO - Filling up the DagBag from /home/airflow/.local/lib/python3.7/site-packages/airflow/example_dags/example_branch_day_of_week_operator.py
[2022-07-16 16:25:43,642] {processor.py:651} INFO - DAG(s) dict_keys(['example_weekday_branch_operator']) retrieved from /home/airflow/.local/lib/python3.7/site-packages/airflow/example_dags/example_branch_day_of_week_operator.py
[2022-07-16 16:25:44,598] {logging_mixin.py:115} INFO - [2022-07-16 16:25:44,597] {manager.py:508} INFO - Created Permission View: can delete on DAG:example_weekday_branch_operator
[2022-07-16 16:25:44,654] {logging_mixin.py:115} INFO - [2022-07-16 16:25:44,654] {manager.py:508} INFO - Created Permission View: can edit on DAG:example_weekday_branch_operator
[2022-07-16 16:25:44,699] {logging_mixin.py:115} INFO - [2022-07-16 16:25:44,699] {manager.py:508} INFO - Created Permission View: can read on DAG:example_weekday_branch_operator
[2022-07-16 16:25:44,700] {logging_mixin.py:115} INFO - [2022-07-16 16:25:44,700] {dag.py:2420} INFO - Sync 1 DAGs
[2022-07-16 16:25:44,737] {logging_mixin.py:115} INFO - [2022-07-16 16:25:44,737] {dag.py:2439} INFO - Creating ORM DAG for example_weekday_branch_operator
[2022-07-16 16:25:44,769] {logging_mixin.py:115} INFO - [2022-07-16 16:25:44,769] {dag.py:2972} INFO - Setting next_dagrun for example_weekday_branch_operator to 2022-07-15T00:00:00+00:00, run_after=2022-07-16T00:00:00+00:00
[2022-07-16 16:25:44,799] {processor.py:161} INFO - Processing /home/airflow/.local/lib/python3.7/site-packages/airflow/example_dags/example_branch_day_of_week_operator.py took 1.372 seconds
[2022-07-16 16:26:15,388] {processor.py:153} INFO - Started process (PID=370) to work on /home/airflow/.local/lib/python3.7/site-packages/airflow/example_dags/example_branch_day_of_week_operator.py
[2022-07-16 16:26:15,397] {processor.py:641} INFO - Processing file /home/airflow/.local/lib/python3.7/site-packages/airflow/example_dags/example_branch_day_of_week_operator.py for tasks to queue
[2022-07-16 16:26:15,398] {logging_mixin.py:115} INFO - [2022-07-16 16:26:15,397] {dagbag.py:508} INFO - Filling up the DagBag from /home/airflow/.local/lib/python3.7/site-packages/airflow/example_dags/example_branch_day_of_week_operator.py
[2022-07-16 16:26:15,564] {processor.py:651} INFO - DAG(s) dict_keys(['example_weekday_branch_operator']) retrieved from /home/airflow/.local/lib/python3.7/site-packages/airflow/example_dags/example_branch_day_of_week_operator.py
[2022-07-16 16:26:15,871] {logging_mixin.py:115} INFO - [2022-07-16 16:26:15,871] {dag.py:2420} INFO - Sync 1 DAGs
[2022-07-16 16:26:16,191] {logging_mixin.py:115} INFO - [2022-07-16 16:26:16,191] {dag.py:2972} INFO - Setting next_dagrun for example_weekday_branch_operator to 2022-07-15T00:00:00+00:00, run_after=2022-07-16T00:00:00+00:00
[2022-07-16 16:26:16,334] {processor.py:161} INFO - Processing /home/airflow/.local/lib/python3.7/site-packages/airflow/example_dags/example_branch_day_of_week_operator.py took 0.984 seconds
[2022-07-16 16:26:54,370] {processor.py:153} INFO - Started process (PID=547) to work on /home/airflow/.local/lib/python3.7/site-packages/airflow/example_dags/example_branch_day_of_week_operator.py
[2022-07-16 16:26:54,372] {processor.py:641} INFO - Processing file /home/airflow/.local/lib/python3.7/site-packages/airflow/example_dags/example_branch_day_of_week_operator.py for tasks to queue
[2022-07-16 16:26:54,374] {logging_mixin.py:115} INFO - [2022-07-16 16:26:54,373] {dagbag.py:508} INFO - Filling up the DagBag from /home/airflow/.local/lib/python3.7/site-packages/airflow/example_dags/example_branch_day_of_week_operator.py
[2022-07-16 16:26:55,016] {processor.py:651} INFO - DAG(s) dict_keys(['example_weekday_branch_operator']) retrieved from /home/airflow/.local/lib/python3.7/site-packages/airflow/example_dags/example_branch_day_of_week_operator.py
[2022-07-16 16:26:56,271] {logging_mixin.py:115} INFO - [2022-07-16 16:26:56,271] {dag.py:2420} INFO - Sync 1 DAGs
[2022-07-16 16:26:56,979] {logging_mixin.py:115} INFO - [2022-07-16 16:26:56,979] {dag.py:2972} INFO - Setting next_dagrun for example_weekday_branch_operator to 2022-07-15T00:00:00+00:00, run_after=2022-07-16T00:00:00+00:00
[2022-07-16 16:26:57,185] {processor.py:161} INFO - Processing /home/airflow/.local/lib/python3.7/site-packages/airflow/example_dags/example_branch_day_of_week_operator.py took 2.996 seconds
[2022-07-16 16:27:27,941] {processor.py:153} INFO - Started process (PID=730) to work on /home/airflow/.local/lib/python3.7/site-packages/airflow/example_dags/example_branch_day_of_week_operator.py
[2022-07-16 16:27:27,946] {processor.py:641} INFO - Processing file /home/airflow/.local/lib/python3.7/site-packages/airflow/example_dags/example_branch_day_of_week_operator.py for tasks to queue
[2022-07-16 16:27:27,947] {logging_mixin.py:115} INFO - [2022-07-16 16:27:27,947] {dagbag.py:508} INFO - Filling up the DagBag from /home/airflow/.local/lib/python3.7/site-packages/airflow/example_dags/example_branch_day_of_week_operator.py
[2022-07-16 16:27:28,135] {processor.py:651} INFO - DAG(s) dict_keys(['example_weekday_branch_operator']) retrieved from /home/airflow/.local/lib/python3.7/site-packages/airflow/example_dags/example_branch_day_of_week_operator.py
[2022-07-16 16:27:28,366] {logging_mixin.py:115} INFO - [2022-07-16 16:27:28,366] {dag.py:2420} INFO - Sync 1 DAGs
[2022-07-16 16:27:28,476] {logging_mixin.py:115} INFO - [2022-07-16 16:27:28,476] {dag.py:2972} INFO - Setting next_dagrun for example_weekday_branch_operator to 2022-07-15T00:00:00+00:00, run_after=2022-07-16T00:00:00+00:00
[2022-07-16 16:27:28,511] {processor.py:161} INFO - Processing /home/airflow/.local/lib/python3.7/site-packages/airflow/example_dags/example_branch_day_of_week_operator.py took 0.583 seconds
[2022-07-16 16:28:01,231] {processor.py:153} INFO - Started process (PID=916) to work on /home/airflow/.local/lib/python3.7/site-packages/airflow/example_dags/example_branch_day_of_week_operator.py
[2022-07-16 16:28:01,249] {processor.py:641} INFO - Processing file /home/airflow/.local/lib/python3.7/site-packages/airflow/example_dags/example_branch_day_of_week_operator.py for tasks to queue
[2022-07-16 16:28:01,261] {logging_mixin.py:115} INFO - [2022-07-16 16:28:01,260] {dagbag.py:508} INFO - Filling up the DagBag from /home/airflow/.local/lib/python3.7/site-packages/airflow/example_dags/example_branch_day_of_week_operator.py
[2022-07-16 16:28:01,362] {processor.py:651} INFO - DAG(s) dict_keys(['example_weekday_branch_operator']) retrieved from /home/airflow/.local/lib/python3.7/site-packages/airflow/example_dags/example_branch_day_of_week_operator.py
[2022-07-16 16:28:01,705] {logging_mixin.py:115} INFO - [2022-07-16 16:28:01,705] {dag.py:2420} INFO - Sync 1 DAGs
[2022-07-16 16:28:02,271] {logging_mixin.py:115} INFO - [2022-07-16 16:28:02,271] {dag.py:2972} INFO - Setting next_dagrun for example_weekday_branch_operator to 2022-07-15T00:00:00+00:00, run_after=2022-07-16T00:00:00+00:00
[2022-07-16 16:28:02,377] {processor.py:161} INFO - Processing /home/airflow/.local/lib/python3.7/site-packages/airflow/example_dags/example_branch_day_of_week_operator.py took 1.198 seconds
[2022-07-16 16:28:33,209] {processor.py:153} INFO - Started process (PID=1105) to work on /home/airflow/.local/lib/python3.7/site-packages/airflow/example_dags/example_branch_day_of_week_operator.py
[2022-07-16 16:28:33,211] {processor.py:641} INFO - Processing file /home/airflow/.local/lib/python3.7/site-packages/airflow/example_dags/example_branch_day_of_week_operator.py for tasks to queue
[2022-07-16 16:28:33,213] {logging_mixin.py:115} INFO - [2022-07-16 16:28:33,213] {dagbag.py:508} INFO - Filling up the DagBag from /home/airflow/.local/lib/python3.7/site-packages/airflow/example_dags/example_branch_day_of_week_operator.py
[2022-07-16 16:28:33,239] {processor.py:651} INFO - DAG(s) dict_keys(['example_weekday_branch_operator']) retrieved from /home/airflow/.local/lib/python3.7/site-packages/airflow/example_dags/example_branch_day_of_week_operator.py
[2022-07-16 16:28:33,394] {logging_mixin.py:115} INFO - [2022-07-16 16:28:33,393] {dag.py:2420} INFO - Sync 1 DAGs
[2022-07-16 16:28:33,493] {logging_mixin.py:115} INFO - [2022-07-16 16:28:33,493] {dag.py:2972} INFO - Setting next_dagrun for example_weekday_branch_operator to 2022-07-15T00:00:00+00:00, run_after=2022-07-16T00:00:00+00:00
[2022-07-16 16:28:33,540] {processor.py:161} INFO - Processing /home/airflow/.local/lib/python3.7/site-packages/airflow/example_dags/example_branch_day_of_week_operator.py took 0.340 seconds
[2022-07-16 16:29:09,142] {processor.py:153} INFO - Started process (PID=1283) to work on /home/airflow/.local/lib/python3.7/site-packages/airflow/example_dags/example_branch_day_of_week_operator.py
[2022-07-16 16:29:09,356] {processor.py:641} INFO - Processing file /home/airflow/.local/lib/python3.7/site-packages/airflow/example_dags/example_branch_day_of_week_operator.py for tasks to queue
[2022-07-16 16:29:09,433] {logging_mixin.py:115} INFO - [2022-07-16 16:29:09,432] {dagbag.py:508} INFO - Filling up the DagBag from /home/airflow/.local/lib/python3.7/site-packages/airflow/example_dags/example_branch_day_of_week_operator.py
[2022-07-16 16:29:10,696] {processor.py:651} INFO - DAG(s) dict_keys(['example_weekday_branch_operator']) retrieved from /home/airflow/.local/lib/python3.7/site-packages/airflow/example_dags/example_branch_day_of_week_operator.py
[2022-07-16 16:29:13,869] {logging_mixin.py:115} INFO - [2022-07-16 16:29:13,860] {dag.py:2420} INFO - Sync 1 DAGs
[2022-07-16 16:29:15,213] {logging_mixin.py:115} INFO - [2022-07-16 16:29:15,212] {dag.py:2972} INFO - Setting next_dagrun for example_weekday_branch_operator to 2022-07-15T00:00:00+00:00, run_after=2022-07-16T00:00:00+00:00
[2022-07-16 16:29:15,454] {processor.py:161} INFO - Processing /home/airflow/.local/lib/python3.7/site-packages/airflow/example_dags/example_branch_day_of_week_operator.py took 7.240 seconds
[2022-07-16 16:29:52,988] {processor.py:153} INFO - Started process (PID=1483) to work on /home/airflow/.local/lib/python3.7/site-packages/airflow/example_dags/example_branch_day_of_week_operator.py
[2022-07-16 16:29:52,993] {processor.py:641} INFO - Processing file /home/airflow/.local/lib/python3.7/site-packages/airflow/example_dags/example_branch_day_of_week_operator.py for tasks to queue
[2022-07-16 16:29:52,995] {logging_mixin.py:115} INFO - [2022-07-16 16:29:52,995] {dagbag.py:508} INFO - Filling up the DagBag from /home/airflow/.local/lib/python3.7/site-packages/airflow/example_dags/example_branch_day_of_week_operator.py
[2022-07-16 16:29:53,080] {processor.py:651} INFO - DAG(s) dict_keys(['example_weekday_branch_operator']) retrieved from /home/airflow/.local/lib/python3.7/site-packages/airflow/example_dags/example_branch_day_of_week_operator.py
[2022-07-16 16:29:53,258] {logging_mixin.py:115} INFO - [2022-07-16 16:29:53,257] {dag.py:2420} INFO - Sync 1 DAGs
[2022-07-16 16:29:53,413] {logging_mixin.py:115} INFO - [2022-07-16 16:29:53,413] {dag.py:2972} INFO - Setting next_dagrun for example_weekday_branch_operator to 2022-07-15T00:00:00+00:00, run_after=2022-07-16T00:00:00+00:00
[2022-07-16 16:29:53,443] {processor.py:161} INFO - Processing /home/airflow/.local/lib/python3.7/site-packages/airflow/example_dags/example_branch_day_of_week_operator.py took 0.484 seconds
[2022-07-16 16:30:24,048] {processor.py:153} INFO - Started process (PID=1657) to work on /home/airflow/.local/lib/python3.7/site-packages/airflow/example_dags/example_branch_day_of_week_operator.py
[2022-07-16 16:30:24,050] {processor.py:641} INFO - Processing file /home/airflow/.local/lib/python3.7/site-packages/airflow/example_dags/example_branch_day_of_week_operator.py for tasks to queue
[2022-07-16 16:30:24,058] {logging_mixin.py:115} INFO - [2022-07-16 16:30:24,057] {dagbag.py:508} INFO - Filling up the DagBag from /home/airflow/.local/lib/python3.7/site-packages/airflow/example_dags/example_branch_day_of_week_operator.py
[2022-07-16 16:30:24,122] {processor.py:651} INFO - DAG(s) dict_keys(['example_weekday_branch_operator']) retrieved from /home/airflow/.local/lib/python3.7/site-packages/airflow/example_dags/example_branch_day_of_week_operator.py
[2022-07-16 16:30:24,256] {logging_mixin.py:115} INFO - [2022-07-16 16:30:24,256] {dag.py:2420} INFO - Sync 1 DAGs
[2022-07-16 16:30:24,621] {logging_mixin.py:115} INFO - [2022-07-16 16:30:24,621] {dag.py:2972} INFO - Setting next_dagrun for example_weekday_branch_operator to 2022-07-15T00:00:00+00:00, run_after=2022-07-16T00:00:00+00:00
[2022-07-16 16:30:24,774] {processor.py:161} INFO - Processing /home/airflow/.local/lib/python3.7/site-packages/airflow/example_dags/example_branch_day_of_week_operator.py took 0.748 seconds
[2022-07-16 16:30:57,058] {processor.py:153} INFO - Started process (PID=1834) to work on /home/airflow/.local/lib/python3.7/site-packages/airflow/example_dags/example_branch_day_of_week_operator.py
[2022-07-16 16:30:57,066] {processor.py:641} INFO - Processing file /home/airflow/.local/lib/python3.7/site-packages/airflow/example_dags/example_branch_day_of_week_operator.py for tasks to queue
[2022-07-16 16:30:57,076] {logging_mixin.py:115} INFO - [2022-07-16 16:30:57,075] {dagbag.py:508} INFO - Filling up the DagBag from /home/airflow/.local/lib/python3.7/site-packages/airflow/example_dags/example_branch_day_of_week_operator.py
[2022-07-16 16:30:57,209] {processor.py:651} INFO - DAG(s) dict_keys(['example_weekday_branch_operator']) retrieved from /home/airflow/.local/lib/python3.7/site-packages/airflow/example_dags/example_branch_day_of_week_operator.py
[2022-07-16 16:30:57,760] {logging_mixin.py:115} INFO - [2022-07-16 16:30:57,760] {dag.py:2420} INFO - Sync 1 DAGs
[2022-07-16 16:30:58,351] {logging_mixin.py:115} INFO - [2022-07-16 16:30:58,351] {dag.py:2972} INFO - Setting next_dagrun for example_weekday_branch_operator to 2022-07-15T00:00:00+00:00, run_after=2022-07-16T00:00:00+00:00
[2022-07-16 16:30:58,571] {processor.py:161} INFO - Processing /home/airflow/.local/lib/python3.7/site-packages/airflow/example_dags/example_branch_day_of_week_operator.py took 1.574 seconds
[2022-07-16 16:31:29,324] {processor.py:153} INFO - Started process (PID=2015) to work on /home/airflow/.local/lib/python3.7/site-packages/airflow/example_dags/example_branch_day_of_week_operator.py
[2022-07-16 16:31:29,326] {processor.py:641} INFO - Processing file /home/airflow/.local/lib/python3.7/site-packages/airflow/example_dags/example_branch_day_of_week_operator.py for tasks to queue
[2022-07-16 16:31:29,327] {logging_mixin.py:115} INFO - [2022-07-16 16:31:29,327] {dagbag.py:508} INFO - Filling up the DagBag from /home/airflow/.local/lib/python3.7/site-packages/airflow/example_dags/example_branch_day_of_week_operator.py
[2022-07-16 16:31:29,381] {processor.py:651} INFO - DAG(s) dict_keys(['example_weekday_branch_operator']) retrieved from /home/airflow/.local/lib/python3.7/site-packages/airflow/example_dags/example_branch_day_of_week_operator.py
[2022-07-16 16:31:29,436] {logging_mixin.py:115} INFO - [2022-07-16 16:31:29,435] {dag.py:2420} INFO - Sync 1 DAGs
[2022-07-16 16:31:29,542] {logging_mixin.py:115} INFO - [2022-07-16 16:31:29,542] {dag.py:2972} INFO - Setting next_dagrun for example_weekday_branch_operator to 2022-07-15T00:00:00+00:00, run_after=2022-07-16T00:00:00+00:00
[2022-07-16 16:31:29,584] {processor.py:161} INFO - Processing /home/airflow/.local/lib/python3.7/site-packages/airflow/example_dags/example_branch_day_of_week_operator.py took 0.282 seconds
[2022-07-16 16:32:01,362] {processor.py:153} INFO - Started process (PID=2196) to work on /home/airflow/.local/lib/python3.7/site-packages/airflow/example_dags/example_branch_day_of_week_operator.py
[2022-07-16 16:32:01,373] {processor.py:641} INFO - Processing file /home/airflow/.local/lib/python3.7/site-packages/airflow/example_dags/example_branch_day_of_week_operator.py for tasks to queue
[2022-07-16 16:32:01,374] {logging_mixin.py:115} INFO - [2022-07-16 16:32:01,374] {dagbag.py:508} INFO - Filling up the DagBag from /home/airflow/.local/lib/python3.7/site-packages/airflow/example_dags/example_branch_day_of_week_operator.py
[2022-07-16 16:32:01,415] {processor.py:651} INFO - DAG(s) dict_keys(['example_weekday_branch_operator']) retrieved from /home/airflow/.local/lib/python3.7/site-packages/airflow/example_dags/example_branch_day_of_week_operator.py
[2022-07-16 16:32:01,513] {logging_mixin.py:115} INFO - [2022-07-16 16:32:01,513] {dag.py:2420} INFO - Sync 1 DAGs
[2022-07-16 16:32:01,582] {logging_mixin.py:115} INFO - [2022-07-16 16:32:01,582] {dag.py:2972} INFO - Setting next_dagrun for example_weekday_branch_operator to 2022-07-15T00:00:00+00:00, run_after=2022-07-16T00:00:00+00:00
[2022-07-16 16:32:01,609] {processor.py:161} INFO - Processing /home/airflow/.local/lib/python3.7/site-packages/airflow/example_dags/example_branch_day_of_week_operator.py took 0.254 seconds
[2022-07-16 16:32:31,856] {processor.py:153} INFO - Started process (PID=2375) to work on /home/airflow/.local/lib/python3.7/site-packages/airflow/example_dags/example_branch_day_of_week_operator.py
[2022-07-16 16:32:31,857] {processor.py:641} INFO - Processing file /home/airflow/.local/lib/python3.7/site-packages/airflow/example_dags/example_branch_day_of_week_operator.py for tasks to queue
[2022-07-16 16:32:31,858] {logging_mixin.py:115} INFO - [2022-07-16 16:32:31,858] {dagbag.py:508} INFO - Filling up the DagBag from /home/airflow/.local/lib/python3.7/site-packages/airflow/example_dags/example_branch_day_of_week_operator.py
[2022-07-16 16:32:31,882] {processor.py:651} INFO - DAG(s) dict_keys(['example_weekday_branch_operator']) retrieved from /home/airflow/.local/lib/python3.7/site-packages/airflow/example_dags/example_branch_day_of_week_operator.py
[2022-07-16 16:32:31,942] {logging_mixin.py:115} INFO - [2022-07-16 16:32:31,942] {dag.py:2420} INFO - Sync 1 DAGs
[2022-07-16 16:32:32,003] {logging_mixin.py:115} INFO - [2022-07-16 16:32:32,003] {dag.py:2972} INFO - Setting next_dagrun for example_weekday_branch_operator to 2022-07-15T00:00:00+00:00, run_after=2022-07-16T00:00:00+00:00
[2022-07-16 16:32:32,030] {processor.py:161} INFO - Processing /home/airflow/.local/lib/python3.7/site-packages/airflow/example_dags/example_branch_day_of_week_operator.py took 0.183 seconds
[2022-07-16 16:33:02,786] {processor.py:153} INFO - Started process (PID=2563) to work on /home/airflow/.local/lib/python3.7/site-packages/airflow/example_dags/example_branch_day_of_week_operator.py
[2022-07-16 16:33:02,791] {processor.py:641} INFO - Processing file /home/airflow/.local/lib/python3.7/site-packages/airflow/example_dags/example_branch_day_of_week_operator.py for tasks to queue
[2022-07-16 16:33:02,792] {logging_mixin.py:115} INFO - [2022-07-16 16:33:02,792] {dagbag.py:508} INFO - Filling up the DagBag from /home/airflow/.local/lib/python3.7/site-packages/airflow/example_dags/example_branch_day_of_week_operator.py
[2022-07-16 16:33:02,932] {processor.py:651} INFO - DAG(s) dict_keys(['example_weekday_branch_operator']) retrieved from /home/airflow/.local/lib/python3.7/site-packages/airflow/example_dags/example_branch_day_of_week_operator.py
[2022-07-16 16:33:03,092] {logging_mixin.py:115} INFO - [2022-07-16 16:33:03,091] {dag.py:2420} INFO - Sync 1 DAGs
[2022-07-16 16:33:03,320] {logging_mixin.py:115} INFO - [2022-07-16 16:33:03,319] {dag.py:2972} INFO - Setting next_dagrun for example_weekday_branch_operator to 2022-07-15T00:00:00+00:00, run_after=2022-07-16T00:00:00+00:00
[2022-07-16 16:33:03,375] {processor.py:161} INFO - Processing /home/airflow/.local/lib/python3.7/site-packages/airflow/example_dags/example_branch_day_of_week_operator.py took 0.682 seconds
[2022-07-16 16:33:33,617] {processor.py:153} INFO - Started process (PID=2754) to work on /home/airflow/.local/lib/python3.7/site-packages/airflow/example_dags/example_branch_day_of_week_operator.py
[2022-07-16 16:33:33,618] {processor.py:641} INFO - Processing file /home/airflow/.local/lib/python3.7/site-packages/airflow/example_dags/example_branch_day_of_week_operator.py for tasks to queue
[2022-07-16 16:33:33,620] {logging_mixin.py:115} INFO - [2022-07-16 16:33:33,620] {dagbag.py:508} INFO - Filling up the DagBag from /home/airflow/.local/lib/python3.7/site-packages/airflow/example_dags/example_branch_day_of_week_operator.py
[2022-07-16 16:33:33,653] {processor.py:651} INFO - DAG(s) dict_keys(['example_weekday_branch_operator']) retrieved from /home/airflow/.local/lib/python3.7/site-packages/airflow/example_dags/example_branch_day_of_week_operator.py
[2022-07-16 16:33:33,767] {logging_mixin.py:115} INFO - [2022-07-16 16:33:33,767] {dag.py:2420} INFO - Sync 1 DAGs
[2022-07-16 16:33:33,832] {logging_mixin.py:115} INFO - [2022-07-16 16:33:33,832] {dag.py:2972} INFO - Setting next_dagrun for example_weekday_branch_operator to 2022-07-15T00:00:00+00:00, run_after=2022-07-16T00:00:00+00:00
[2022-07-16 16:33:33,857] {processor.py:161} INFO - Processing /home/airflow/.local/lib/python3.7/site-packages/airflow/example_dags/example_branch_day_of_week_operator.py took 0.260 seconds
[2022-07-16 16:34:04,066] {processor.py:153} INFO - Started process (PID=2944) to work on /home/airflow/.local/lib/python3.7/site-packages/airflow/example_dags/example_branch_day_of_week_operator.py
[2022-07-16 16:34:04,068] {processor.py:641} INFO - Processing file /home/airflow/.local/lib/python3.7/site-packages/airflow/example_dags/example_branch_day_of_week_operator.py for tasks to queue
[2022-07-16 16:34:04,072] {logging_mixin.py:115} INFO - [2022-07-16 16:34:04,072] {dagbag.py:508} INFO - Filling up the DagBag from /home/airflow/.local/lib/python3.7/site-packages/airflow/example_dags/example_branch_day_of_week_operator.py
[2022-07-16 16:34:04,111] {processor.py:651} INFO - DAG(s) dict_keys(['example_weekday_branch_operator']) retrieved from /home/airflow/.local/lib/python3.7/site-packages/airflow/example_dags/example_branch_day_of_week_operator.py
[2022-07-16 16:34:04,214] {logging_mixin.py:115} INFO - [2022-07-16 16:34:04,214] {dag.py:2420} INFO - Sync 1 DAGs
[2022-07-16 16:34:04,276] {logging_mixin.py:115} INFO - [2022-07-16 16:34:04,276] {dag.py:2972} INFO - Setting next_dagrun for example_weekday_branch_operator to 2022-07-15T00:00:00+00:00, run_after=2022-07-16T00:00:00+00:00
[2022-07-16 16:34:04,296] {processor.py:161} INFO - Processing /home/airflow/.local/lib/python3.7/site-packages/airflow/example_dags/example_branch_day_of_week_operator.py took 0.242 seconds
[2022-07-16 16:34:34,880] {processor.py:153} INFO - Started process (PID=3132) to work on /home/airflow/.local/lib/python3.7/site-packages/airflow/example_dags/example_branch_day_of_week_operator.py
[2022-07-16 16:34:34,881] {processor.py:641} INFO - Processing file /home/airflow/.local/lib/python3.7/site-packages/airflow/example_dags/example_branch_day_of_week_operator.py for tasks to queue
[2022-07-16 16:34:34,882] {logging_mixin.py:115} INFO - [2022-07-16 16:34:34,882] {dagbag.py:508} INFO - Filling up the DagBag from /home/airflow/.local/lib/python3.7/site-packages/airflow/example_dags/example_branch_day_of_week_operator.py
[2022-07-16 16:34:34,944] {processor.py:651} INFO - DAG(s) dict_keys(['example_weekday_branch_operator']) retrieved from /home/airflow/.local/lib/python3.7/site-packages/airflow/example_dags/example_branch_day_of_week_operator.py
[2022-07-16 16:34:35,272] {logging_mixin.py:115} INFO - [2022-07-16 16:34:35,272] {dag.py:2420} INFO - Sync 1 DAGs
[2022-07-16 16:34:35,854] {logging_mixin.py:115} INFO - [2022-07-16 16:34:35,853] {dag.py:2972} INFO - Setting next_dagrun for example_weekday_branch_operator to 2022-07-15T00:00:00+00:00, run_after=2022-07-16T00:00:00+00:00
[2022-07-16 16:34:36,124] {processor.py:161} INFO - Processing /home/airflow/.local/lib/python3.7/site-packages/airflow/example_dags/example_branch_day_of_week_operator.py took 1.281 seconds
[2022-07-16 16:38:22,412] {processor.py:153} INFO - Started process (PID=197) to work on /home/airflow/.local/lib/python3.7/site-packages/airflow/example_dags/example_branch_day_of_week_operator.py
[2022-07-16 16:38:22,416] {processor.py:641} INFO - Processing file /home/airflow/.local/lib/python3.7/site-packages/airflow/example_dags/example_branch_day_of_week_operator.py for tasks to queue
[2022-07-16 16:38:22,457] {logging_mixin.py:115} INFO - [2022-07-16 16:38:22,457] {dagbag.py:508} INFO - Filling up the DagBag from /home/airflow/.local/lib/python3.7/site-packages/airflow/example_dags/example_branch_day_of_week_operator.py
[2022-07-16 16:38:22,907] {processor.py:651} INFO - DAG(s) dict_keys(['example_weekday_branch_operator']) retrieved from /home/airflow/.local/lib/python3.7/site-packages/airflow/example_dags/example_branch_day_of_week_operator.py
[2022-07-16 16:38:26,161] {logging_mixin.py:115} INFO - [2022-07-16 16:38:26,161] {manager.py:508} INFO - Created Permission View: can delete on DAG:example_weekday_branch_operator
[2022-07-16 16:38:26,524] {logging_mixin.py:115} INFO - [2022-07-16 16:38:26,524] {manager.py:508} INFO - Created Permission View: can edit on DAG:example_weekday_branch_operator
[2022-07-16 16:38:26,864] {logging_mixin.py:115} INFO - [2022-07-16 16:38:26,863] {manager.py:508} INFO - Created Permission View: can read on DAG:example_weekday_branch_operator
[2022-07-16 16:38:26,865] {logging_mixin.py:115} INFO - [2022-07-16 16:38:26,864] {dag.py:2420} INFO - Sync 1 DAGs
[2022-07-16 16:38:26,985] {logging_mixin.py:115} INFO - [2022-07-16 16:38:26,977] {dag.py:2439} INFO - Creating ORM DAG for example_weekday_branch_operator
[2022-07-16 16:38:27,347] {logging_mixin.py:115} INFO - [2022-07-16 16:38:27,347] {dag.py:2972} INFO - Setting next_dagrun for example_weekday_branch_operator to 2022-07-15T00:00:00+00:00, run_after=2022-07-16T00:00:00+00:00
[2022-07-16 16:38:27,719] {processor.py:161} INFO - Processing /home/airflow/.local/lib/python3.7/site-packages/airflow/example_dags/example_branch_day_of_week_operator.py took 5.563 seconds
[2022-07-16 16:39:17,471] {processor.py:153} INFO - Started process (PID=385) to work on /home/airflow/.local/lib/python3.7/site-packages/airflow/example_dags/example_branch_day_of_week_operator.py
[2022-07-16 16:39:17,485] {processor.py:641} INFO - Processing file /home/airflow/.local/lib/python3.7/site-packages/airflow/example_dags/example_branch_day_of_week_operator.py for tasks to queue
[2022-07-16 16:39:17,495] {logging_mixin.py:115} INFO - [2022-07-16 16:39:17,495] {dagbag.py:508} INFO - Filling up the DagBag from /home/airflow/.local/lib/python3.7/site-packages/airflow/example_dags/example_branch_day_of_week_operator.py
[2022-07-16 16:39:17,614] {processor.py:651} INFO - DAG(s) dict_keys(['example_weekday_branch_operator']) retrieved from /home/airflow/.local/lib/python3.7/site-packages/airflow/example_dags/example_branch_day_of_week_operator.py
[2022-07-16 16:39:17,797] {logging_mixin.py:115} INFO - [2022-07-16 16:39:17,797] {dag.py:2420} INFO - Sync 1 DAGs
[2022-07-16 16:39:17,881] {logging_mixin.py:115} INFO - [2022-07-16 16:39:17,881] {dag.py:2972} INFO - Setting next_dagrun for example_weekday_branch_operator to 2022-07-15T00:00:00+00:00, run_after=2022-07-16T00:00:00+00:00
[2022-07-16 16:39:17,933] {processor.py:161} INFO - Processing /home/airflow/.local/lib/python3.7/site-packages/airflow/example_dags/example_branch_day_of_week_operator.py took 0.486 seconds
