[2022-07-16 16:25:44,854] {processor.py:153} INFO - Started process (PID=197) to work on /home/airflow/.local/lib/python3.7/site-packages/airflow/example_dags/example_time_delta_sensor_async.py
[2022-07-16 16:25:44,855] {processor.py:641} INFO - Processing file /home/airflow/.local/lib/python3.7/site-packages/airflow/example_dags/example_time_delta_sensor_async.py for tasks to queue
[2022-07-16 16:25:44,857] {logging_mixin.py:115} INFO - [2022-07-16 16:25:44,857] {dagbag.py:508} INFO - Filling up the DagBag from /home/airflow/.local/lib/python3.7/site-packages/airflow/example_dags/example_time_delta_sensor_async.py
[2022-07-16 16:25:44,882] {processor.py:651} INFO - DAG(s) dict_keys(['example_time_delta_sensor_async']) retrieved from /home/airflow/.local/lib/python3.7/site-packages/airflow/example_dags/example_time_delta_sensor_async.py
[2022-07-16 16:25:45,325] {logging_mixin.py:115} INFO - [2022-07-16 16:25:45,325] {manager.py:508} INFO - Created Permission View: can delete on DAG:example_time_delta_sensor_async
[2022-07-16 16:25:45,374] {logging_mixin.py:115} INFO - [2022-07-16 16:25:45,373] {manager.py:508} INFO - Created Permission View: can edit on DAG:example_time_delta_sensor_async
[2022-07-16 16:25:45,404] {logging_mixin.py:115} INFO - [2022-07-16 16:25:45,404] {manager.py:508} INFO - Created Permission View: can read on DAG:example_time_delta_sensor_async
[2022-07-16 16:25:45,405] {logging_mixin.py:115} INFO - [2022-07-16 16:25:45,404] {dag.py:2420} INFO - Sync 1 DAGs
[2022-07-16 16:25:45,472] {logging_mixin.py:115} INFO - [2022-07-16 16:25:45,472] {dag.py:2439} INFO - Creating ORM DAG for example_time_delta_sensor_async
[2022-07-16 16:25:45,590] {logging_mixin.py:115} INFO - [2022-07-16 16:25:45,589] {dag.py:2972} INFO - Setting next_dagrun for example_time_delta_sensor_async to None, run_after=None
[2022-07-16 16:25:45,693] {processor.py:161} INFO - Processing /home/airflow/.local/lib/python3.7/site-packages/airflow/example_dags/example_time_delta_sensor_async.py took 0.850 seconds
[2022-07-16 16:26:16,567] {processor.py:153} INFO - Started process (PID=385) to work on /home/airflow/.local/lib/python3.7/site-packages/airflow/example_dags/example_time_delta_sensor_async.py
[2022-07-16 16:26:16,585] {processor.py:641} INFO - Processing file /home/airflow/.local/lib/python3.7/site-packages/airflow/example_dags/example_time_delta_sensor_async.py for tasks to queue
[2022-07-16 16:26:16,586] {logging_mixin.py:115} INFO - [2022-07-16 16:26:16,586] {dagbag.py:508} INFO - Filling up the DagBag from /home/airflow/.local/lib/python3.7/site-packages/airflow/example_dags/example_time_delta_sensor_async.py
[2022-07-16 16:26:16,647] {processor.py:651} INFO - DAG(s) dict_keys(['example_time_delta_sensor_async']) retrieved from /home/airflow/.local/lib/python3.7/site-packages/airflow/example_dags/example_time_delta_sensor_async.py
[2022-07-16 16:26:17,228] {logging_mixin.py:115} INFO - [2022-07-16 16:26:17,228] {dag.py:2420} INFO - Sync 1 DAGs
[2022-07-16 16:26:17,349] {logging_mixin.py:115} INFO - [2022-07-16 16:26:17,348] {dag.py:2972} INFO - Setting next_dagrun for example_time_delta_sensor_async to None, run_after=None
[2022-07-16 16:26:17,468] {processor.py:161} INFO - Processing /home/airflow/.local/lib/python3.7/site-packages/airflow/example_dags/example_time_delta_sensor_async.py took 0.929 seconds
[2022-07-16 16:26:58,024] {processor.py:153} INFO - Started process (PID=564) to work on /home/airflow/.local/lib/python3.7/site-packages/airflow/example_dags/example_time_delta_sensor_async.py
[2022-07-16 16:26:58,027] {processor.py:641} INFO - Processing file /home/airflow/.local/lib/python3.7/site-packages/airflow/example_dags/example_time_delta_sensor_async.py for tasks to queue
[2022-07-16 16:26:58,028] {logging_mixin.py:115} INFO - [2022-07-16 16:26:58,028] {dagbag.py:508} INFO - Filling up the DagBag from /home/airflow/.local/lib/python3.7/site-packages/airflow/example_dags/example_time_delta_sensor_async.py
[2022-07-16 16:26:58,068] {processor.py:651} INFO - DAG(s) dict_keys(['example_time_delta_sensor_async']) retrieved from /home/airflow/.local/lib/python3.7/site-packages/airflow/example_dags/example_time_delta_sensor_async.py
[2022-07-16 16:26:58,569] {logging_mixin.py:115} INFO - [2022-07-16 16:26:58,569] {dag.py:2420} INFO - Sync 1 DAGs
[2022-07-16 16:26:58,860] {logging_mixin.py:115} INFO - [2022-07-16 16:26:58,860] {dag.py:2972} INFO - Setting next_dagrun for example_time_delta_sensor_async to None, run_after=None
[2022-07-16 16:26:58,998] {processor.py:161} INFO - Processing /home/airflow/.local/lib/python3.7/site-packages/airflow/example_dags/example_time_delta_sensor_async.py took 0.979 seconds
[2022-07-16 16:27:29,674] {processor.py:153} INFO - Started process (PID=750) to work on /home/airflow/.local/lib/python3.7/site-packages/airflow/example_dags/example_time_delta_sensor_async.py
[2022-07-16 16:27:29,689] {processor.py:641} INFO - Processing file /home/airflow/.local/lib/python3.7/site-packages/airflow/example_dags/example_time_delta_sensor_async.py for tasks to queue
[2022-07-16 16:27:29,691] {logging_mixin.py:115} INFO - [2022-07-16 16:27:29,690] {dagbag.py:508} INFO - Filling up the DagBag from /home/airflow/.local/lib/python3.7/site-packages/airflow/example_dags/example_time_delta_sensor_async.py
[2022-07-16 16:27:29,916] {processor.py:651} INFO - DAG(s) dict_keys(['example_time_delta_sensor_async']) retrieved from /home/airflow/.local/lib/python3.7/site-packages/airflow/example_dags/example_time_delta_sensor_async.py
[2022-07-16 16:27:30,297] {logging_mixin.py:115} INFO - [2022-07-16 16:27:30,296] {dag.py:2420} INFO - Sync 1 DAGs
[2022-07-16 16:27:30,374] {logging_mixin.py:115} INFO - [2022-07-16 16:27:30,373] {dag.py:2972} INFO - Setting next_dagrun for example_time_delta_sensor_async to None, run_after=None
[2022-07-16 16:27:30,395] {processor.py:161} INFO - Processing /home/airflow/.local/lib/python3.7/site-packages/airflow/example_dags/example_time_delta_sensor_async.py took 0.780 seconds
[2022-07-16 16:28:03,971] {processor.py:153} INFO - Started process (PID=938) to work on /home/airflow/.local/lib/python3.7/site-packages/airflow/example_dags/example_time_delta_sensor_async.py
[2022-07-16 16:28:04,025] {processor.py:641} INFO - Processing file /home/airflow/.local/lib/python3.7/site-packages/airflow/example_dags/example_time_delta_sensor_async.py for tasks to queue
[2022-07-16 16:28:04,065] {logging_mixin.py:115} INFO - [2022-07-16 16:28:04,065] {dagbag.py:508} INFO - Filling up the DagBag from /home/airflow/.local/lib/python3.7/site-packages/airflow/example_dags/example_time_delta_sensor_async.py
[2022-07-16 16:28:04,242] {processor.py:651} INFO - DAG(s) dict_keys(['example_time_delta_sensor_async']) retrieved from /home/airflow/.local/lib/python3.7/site-packages/airflow/example_dags/example_time_delta_sensor_async.py
[2022-07-16 16:28:05,597] {logging_mixin.py:115} INFO - [2022-07-16 16:28:05,597] {dag.py:2420} INFO - Sync 1 DAGs
[2022-07-16 16:28:06,182] {logging_mixin.py:115} INFO - [2022-07-16 16:28:06,182] {dag.py:2972} INFO - Setting next_dagrun for example_time_delta_sensor_async to None, run_after=None
[2022-07-16 16:28:06,318] {processor.py:161} INFO - Processing /home/airflow/.local/lib/python3.7/site-packages/airflow/example_dags/example_time_delta_sensor_async.py took 2.463 seconds
[2022-07-16 16:28:37,232] {processor.py:153} INFO - Started process (PID=1120) to work on /home/airflow/.local/lib/python3.7/site-packages/airflow/example_dags/example_time_delta_sensor_async.py
[2022-07-16 16:28:37,245] {processor.py:641} INFO - Processing file /home/airflow/.local/lib/python3.7/site-packages/airflow/example_dags/example_time_delta_sensor_async.py for tasks to queue
[2022-07-16 16:28:37,247] {logging_mixin.py:115} INFO - [2022-07-16 16:28:37,247] {dagbag.py:508} INFO - Filling up the DagBag from /home/airflow/.local/lib/python3.7/site-packages/airflow/example_dags/example_time_delta_sensor_async.py
[2022-07-16 16:28:37,322] {processor.py:651} INFO - DAG(s) dict_keys(['example_time_delta_sensor_async']) retrieved from /home/airflow/.local/lib/python3.7/site-packages/airflow/example_dags/example_time_delta_sensor_async.py
[2022-07-16 16:28:37,839] {logging_mixin.py:115} INFO - [2022-07-16 16:28:37,838] {dag.py:2420} INFO - Sync 1 DAGs
[2022-07-16 16:28:38,079] {logging_mixin.py:115} INFO - [2022-07-16 16:28:38,079] {dag.py:2972} INFO - Setting next_dagrun for example_time_delta_sensor_async to None, run_after=None
[2022-07-16 16:28:38,179] {processor.py:161} INFO - Processing /home/airflow/.local/lib/python3.7/site-packages/airflow/example_dags/example_time_delta_sensor_async.py took 1.002 seconds
[2022-07-16 16:29:23,950] {processor.py:153} INFO - Started process (PID=1328) to work on /home/airflow/.local/lib/python3.7/site-packages/airflow/example_dags/example_time_delta_sensor_async.py
[2022-07-16 16:29:23,996] {processor.py:641} INFO - Processing file /home/airflow/.local/lib/python3.7/site-packages/airflow/example_dags/example_time_delta_sensor_async.py for tasks to queue
[2022-07-16 16:29:23,998] {logging_mixin.py:115} INFO - [2022-07-16 16:29:23,998] {dagbag.py:508} INFO - Filling up the DagBag from /home/airflow/.local/lib/python3.7/site-packages/airflow/example_dags/example_time_delta_sensor_async.py
[2022-07-16 16:29:24,846] {processor.py:651} INFO - DAG(s) dict_keys(['example_time_delta_sensor_async']) retrieved from /home/airflow/.local/lib/python3.7/site-packages/airflow/example_dags/example_time_delta_sensor_async.py
[2022-07-16 16:29:27,874] {logging_mixin.py:115} INFO - [2022-07-16 16:29:27,873] {dag.py:2420} INFO - Sync 1 DAGs
[2022-07-16 16:29:28,640] {logging_mixin.py:115} INFO - [2022-07-16 16:29:28,607] {dag.py:2972} INFO - Setting next_dagrun for example_time_delta_sensor_async to None, run_after=None
[2022-07-16 16:29:29,036] {processor.py:161} INFO - Processing /home/airflow/.local/lib/python3.7/site-packages/airflow/example_dags/example_time_delta_sensor_async.py took 5.253 seconds
[2022-07-16 16:30:00,131] {processor.py:153} INFO - Started process (PID=1524) to work on /home/airflow/.local/lib/python3.7/site-packages/airflow/example_dags/example_time_delta_sensor_async.py
[2022-07-16 16:30:00,137] {processor.py:641} INFO - Processing file /home/airflow/.local/lib/python3.7/site-packages/airflow/example_dags/example_time_delta_sensor_async.py for tasks to queue
[2022-07-16 16:30:00,138] {logging_mixin.py:115} INFO - [2022-07-16 16:30:00,138] {dagbag.py:508} INFO - Filling up the DagBag from /home/airflow/.local/lib/python3.7/site-packages/airflow/example_dags/example_time_delta_sensor_async.py
[2022-07-16 16:30:00,226] {processor.py:651} INFO - DAG(s) dict_keys(['example_time_delta_sensor_async']) retrieved from /home/airflow/.local/lib/python3.7/site-packages/airflow/example_dags/example_time_delta_sensor_async.py
[2022-07-16 16:30:01,357] {logging_mixin.py:115} INFO - [2022-07-16 16:30:01,357] {dag.py:2420} INFO - Sync 1 DAGs
[2022-07-16 16:30:02,241] {logging_mixin.py:115} INFO - [2022-07-16 16:30:02,240] {dag.py:2972} INFO - Setting next_dagrun for example_time_delta_sensor_async to None, run_after=None
[2022-07-16 16:30:02,523] {processor.py:161} INFO - Processing /home/airflow/.local/lib/python3.7/site-packages/airflow/example_dags/example_time_delta_sensor_async.py took 2.424 seconds
[2022-07-16 16:30:33,207] {processor.py:153} INFO - Started process (PID=1711) to work on /home/airflow/.local/lib/python3.7/site-packages/airflow/example_dags/example_time_delta_sensor_async.py
[2022-07-16 16:30:33,233] {processor.py:641} INFO - Processing file /home/airflow/.local/lib/python3.7/site-packages/airflow/example_dags/example_time_delta_sensor_async.py for tasks to queue
[2022-07-16 16:30:33,235] {logging_mixin.py:115} INFO - [2022-07-16 16:30:33,234] {dagbag.py:508} INFO - Filling up the DagBag from /home/airflow/.local/lib/python3.7/site-packages/airflow/example_dags/example_time_delta_sensor_async.py
[2022-07-16 16:30:33,356] {processor.py:651} INFO - DAG(s) dict_keys(['example_time_delta_sensor_async']) retrieved from /home/airflow/.local/lib/python3.7/site-packages/airflow/example_dags/example_time_delta_sensor_async.py
[2022-07-16 16:30:33,913] {logging_mixin.py:115} INFO - [2022-07-16 16:30:33,913] {dag.py:2420} INFO - Sync 1 DAGs
[2022-07-16 16:30:34,271] {logging_mixin.py:115} INFO - [2022-07-16 16:30:34,271] {dag.py:2972} INFO - Setting next_dagrun for example_time_delta_sensor_async to None, run_after=None
[2022-07-16 16:30:34,474] {processor.py:161} INFO - Processing /home/airflow/.local/lib/python3.7/site-packages/airflow/example_dags/example_time_delta_sensor_async.py took 1.361 seconds
[2022-07-16 16:31:04,842] {processor.py:153} INFO - Started process (PID=1894) to work on /home/airflow/.local/lib/python3.7/site-packages/airflow/example_dags/example_time_delta_sensor_async.py
[2022-07-16 16:31:04,843] {processor.py:641} INFO - Processing file /home/airflow/.local/lib/python3.7/site-packages/airflow/example_dags/example_time_delta_sensor_async.py for tasks to queue
[2022-07-16 16:31:04,845] {logging_mixin.py:115} INFO - [2022-07-16 16:31:04,844] {dagbag.py:508} INFO - Filling up the DagBag from /home/airflow/.local/lib/python3.7/site-packages/airflow/example_dags/example_time_delta_sensor_async.py
[2022-07-16 16:31:04,871] {processor.py:651} INFO - DAG(s) dict_keys(['example_time_delta_sensor_async']) retrieved from /home/airflow/.local/lib/python3.7/site-packages/airflow/example_dags/example_time_delta_sensor_async.py
[2022-07-16 16:31:05,139] {logging_mixin.py:115} INFO - [2022-07-16 16:31:05,139] {dag.py:2420} INFO - Sync 1 DAGs
[2022-07-16 16:31:05,395] {logging_mixin.py:115} INFO - [2022-07-16 16:31:05,395] {dag.py:2972} INFO - Setting next_dagrun for example_time_delta_sensor_async to None, run_after=None
[2022-07-16 16:31:05,547] {processor.py:161} INFO - Processing /home/airflow/.local/lib/python3.7/site-packages/airflow/example_dags/example_time_delta_sensor_async.py took 0.724 seconds
[2022-07-16 16:31:36,375] {processor.py:153} INFO - Started process (PID=2062) to work on /home/airflow/.local/lib/python3.7/site-packages/airflow/example_dags/example_time_delta_sensor_async.py
[2022-07-16 16:31:36,395] {processor.py:641} INFO - Processing file /home/airflow/.local/lib/python3.7/site-packages/airflow/example_dags/example_time_delta_sensor_async.py for tasks to queue
[2022-07-16 16:31:36,412] {logging_mixin.py:115} INFO - [2022-07-16 16:31:36,411] {dagbag.py:508} INFO - Filling up the DagBag from /home/airflow/.local/lib/python3.7/site-packages/airflow/example_dags/example_time_delta_sensor_async.py
[2022-07-16 16:31:36,541] {processor.py:651} INFO - DAG(s) dict_keys(['example_time_delta_sensor_async']) retrieved from /home/airflow/.local/lib/python3.7/site-packages/airflow/example_dags/example_time_delta_sensor_async.py
[2022-07-16 16:31:37,711] {logging_mixin.py:115} INFO - [2022-07-16 16:31:37,711] {dag.py:2420} INFO - Sync 1 DAGs
[2022-07-16 16:31:38,205] {logging_mixin.py:115} INFO - [2022-07-16 16:31:38,205] {dag.py:2972} INFO - Setting next_dagrun for example_time_delta_sensor_async to None, run_after=None
[2022-07-16 16:31:38,347] {processor.py:161} INFO - Processing /home/airflow/.local/lib/python3.7/site-packages/airflow/example_dags/example_time_delta_sensor_async.py took 2.041 seconds
[2022-07-16 16:32:08,647] {processor.py:153} INFO - Started process (PID=2243) to work on /home/airflow/.local/lib/python3.7/site-packages/airflow/example_dags/example_time_delta_sensor_async.py
[2022-07-16 16:32:08,649] {processor.py:641} INFO - Processing file /home/airflow/.local/lib/python3.7/site-packages/airflow/example_dags/example_time_delta_sensor_async.py for tasks to queue
[2022-07-16 16:32:08,650] {logging_mixin.py:115} INFO - [2022-07-16 16:32:08,650] {dagbag.py:508} INFO - Filling up the DagBag from /home/airflow/.local/lib/python3.7/site-packages/airflow/example_dags/example_time_delta_sensor_async.py
[2022-07-16 16:32:08,679] {processor.py:651} INFO - DAG(s) dict_keys(['example_time_delta_sensor_async']) retrieved from /home/airflow/.local/lib/python3.7/site-packages/airflow/example_dags/example_time_delta_sensor_async.py
[2022-07-16 16:32:08,831] {logging_mixin.py:115} INFO - [2022-07-16 16:32:08,831] {dag.py:2420} INFO - Sync 1 DAGs
[2022-07-16 16:32:08,878] {logging_mixin.py:115} INFO - [2022-07-16 16:32:08,878] {dag.py:2972} INFO - Setting next_dagrun for example_time_delta_sensor_async to None, run_after=None
[2022-07-16 16:32:08,905] {processor.py:161} INFO - Processing /home/airflow/.local/lib/python3.7/site-packages/airflow/example_dags/example_time_delta_sensor_async.py took 0.267 seconds
[2022-07-16 16:32:39,325] {processor.py:153} INFO - Started process (PID=2430) to work on /home/airflow/.local/lib/python3.7/site-packages/airflow/example_dags/example_time_delta_sensor_async.py
[2022-07-16 16:32:39,327] {processor.py:641} INFO - Processing file /home/airflow/.local/lib/python3.7/site-packages/airflow/example_dags/example_time_delta_sensor_async.py for tasks to queue
[2022-07-16 16:32:39,328] {logging_mixin.py:115} INFO - [2022-07-16 16:32:39,328] {dagbag.py:508} INFO - Filling up the DagBag from /home/airflow/.local/lib/python3.7/site-packages/airflow/example_dags/example_time_delta_sensor_async.py
[2022-07-16 16:32:39,346] {processor.py:651} INFO - DAG(s) dict_keys(['example_time_delta_sensor_async']) retrieved from /home/airflow/.local/lib/python3.7/site-packages/airflow/example_dags/example_time_delta_sensor_async.py
[2022-07-16 16:32:39,456] {logging_mixin.py:115} INFO - [2022-07-16 16:32:39,456] {dag.py:2420} INFO - Sync 1 DAGs
[2022-07-16 16:32:39,517] {logging_mixin.py:115} INFO - [2022-07-16 16:32:39,516] {dag.py:2972} INFO - Setting next_dagrun for example_time_delta_sensor_async to None, run_after=None
[2022-07-16 16:32:39,540] {processor.py:161} INFO - Processing /home/airflow/.local/lib/python3.7/site-packages/airflow/example_dags/example_time_delta_sensor_async.py took 0.224 seconds
[2022-07-16 16:33:11,540] {processor.py:153} INFO - Started process (PID=2626) to work on /home/airflow/.local/lib/python3.7/site-packages/airflow/example_dags/example_time_delta_sensor_async.py
[2022-07-16 16:33:11,553] {processor.py:641} INFO - Processing file /home/airflow/.local/lib/python3.7/site-packages/airflow/example_dags/example_time_delta_sensor_async.py for tasks to queue
[2022-07-16 16:33:11,555] {logging_mixin.py:115} INFO - [2022-07-16 16:33:11,555] {dagbag.py:508} INFO - Filling up the DagBag from /home/airflow/.local/lib/python3.7/site-packages/airflow/example_dags/example_time_delta_sensor_async.py
[2022-07-16 16:33:11,698] {processor.py:651} INFO - DAG(s) dict_keys(['example_time_delta_sensor_async']) retrieved from /home/airflow/.local/lib/python3.7/site-packages/airflow/example_dags/example_time_delta_sensor_async.py
[2022-07-16 16:33:12,100] {logging_mixin.py:115} INFO - [2022-07-16 16:33:12,100] {dag.py:2420} INFO - Sync 1 DAGs
[2022-07-16 16:33:12,388] {logging_mixin.py:115} INFO - [2022-07-16 16:33:12,388] {dag.py:2972} INFO - Setting next_dagrun for example_time_delta_sensor_async to None, run_after=None
[2022-07-16 16:33:12,594] {processor.py:161} INFO - Processing /home/airflow/.local/lib/python3.7/site-packages/airflow/example_dags/example_time_delta_sensor_async.py took 1.162 seconds
[2022-07-16 16:33:43,094] {processor.py:153} INFO - Started process (PID=2811) to work on /home/airflow/.local/lib/python3.7/site-packages/airflow/example_dags/example_time_delta_sensor_async.py
[2022-07-16 16:33:43,095] {processor.py:641} INFO - Processing file /home/airflow/.local/lib/python3.7/site-packages/airflow/example_dags/example_time_delta_sensor_async.py for tasks to queue
[2022-07-16 16:33:43,096] {logging_mixin.py:115} INFO - [2022-07-16 16:33:43,096] {dagbag.py:508} INFO - Filling up the DagBag from /home/airflow/.local/lib/python3.7/site-packages/airflow/example_dags/example_time_delta_sensor_async.py
[2022-07-16 16:33:43,125] {processor.py:651} INFO - DAG(s) dict_keys(['example_time_delta_sensor_async']) retrieved from /home/airflow/.local/lib/python3.7/site-packages/airflow/example_dags/example_time_delta_sensor_async.py
[2022-07-16 16:33:43,218] {logging_mixin.py:115} INFO - [2022-07-16 16:33:43,217] {dag.py:2420} INFO - Sync 1 DAGs
[2022-07-16 16:33:43,276] {logging_mixin.py:115} INFO - [2022-07-16 16:33:43,276] {dag.py:2972} INFO - Setting next_dagrun for example_time_delta_sensor_async to None, run_after=None
[2022-07-16 16:33:43,303] {processor.py:161} INFO - Processing /home/airflow/.local/lib/python3.7/site-packages/airflow/example_dags/example_time_delta_sensor_async.py took 0.230 seconds
[2022-07-16 16:34:13,957] {processor.py:153} INFO - Started process (PID=3008) to work on /home/airflow/.local/lib/python3.7/site-packages/airflow/example_dags/example_time_delta_sensor_async.py
[2022-07-16 16:34:13,959] {processor.py:641} INFO - Processing file /home/airflow/.local/lib/python3.7/site-packages/airflow/example_dags/example_time_delta_sensor_async.py for tasks to queue
[2022-07-16 16:34:13,960] {logging_mixin.py:115} INFO - [2022-07-16 16:34:13,960] {dagbag.py:508} INFO - Filling up the DagBag from /home/airflow/.local/lib/python3.7/site-packages/airflow/example_dags/example_time_delta_sensor_async.py
[2022-07-16 16:34:13,973] {processor.py:651} INFO - DAG(s) dict_keys(['example_time_delta_sensor_async']) retrieved from /home/airflow/.local/lib/python3.7/site-packages/airflow/example_dags/example_time_delta_sensor_async.py
[2022-07-16 16:34:14,051] {logging_mixin.py:115} INFO - [2022-07-16 16:34:14,051] {dag.py:2420} INFO - Sync 1 DAGs
[2022-07-16 16:34:14,091] {logging_mixin.py:115} INFO - [2022-07-16 16:34:14,091] {dag.py:2972} INFO - Setting next_dagrun for example_time_delta_sensor_async to None, run_after=None
[2022-07-16 16:34:14,109] {processor.py:161} INFO - Processing /home/airflow/.local/lib/python3.7/site-packages/airflow/example_dags/example_time_delta_sensor_async.py took 0.159 seconds
[2022-07-16 16:34:44,525] {processor.py:153} INFO - Started process (PID=3198) to work on /home/airflow/.local/lib/python3.7/site-packages/airflow/example_dags/example_time_delta_sensor_async.py
[2022-07-16 16:34:44,526] {processor.py:641} INFO - Processing file /home/airflow/.local/lib/python3.7/site-packages/airflow/example_dags/example_time_delta_sensor_async.py for tasks to queue
[2022-07-16 16:34:44,527] {logging_mixin.py:115} INFO - [2022-07-16 16:34:44,526] {dagbag.py:508} INFO - Filling up the DagBag from /home/airflow/.local/lib/python3.7/site-packages/airflow/example_dags/example_time_delta_sensor_async.py
[2022-07-16 16:34:44,538] {processor.py:651} INFO - DAG(s) dict_keys(['example_time_delta_sensor_async']) retrieved from /home/airflow/.local/lib/python3.7/site-packages/airflow/example_dags/example_time_delta_sensor_async.py
[2022-07-16 16:34:44,659] {logging_mixin.py:115} INFO - [2022-07-16 16:34:44,658] {dag.py:2420} INFO - Sync 1 DAGs
[2022-07-16 16:34:44,753] {logging_mixin.py:115} INFO - [2022-07-16 16:34:44,753] {dag.py:2972} INFO - Setting next_dagrun for example_time_delta_sensor_async to None, run_after=None
[2022-07-16 16:34:44,779] {processor.py:161} INFO - Processing /home/airflow/.local/lib/python3.7/site-packages/airflow/example_dags/example_time_delta_sensor_async.py took 0.261 seconds
[2022-07-16 16:38:28,191] {processor.py:153} INFO - Started process (PID=210) to work on /home/airflow/.local/lib/python3.7/site-packages/airflow/example_dags/example_time_delta_sensor_async.py
[2022-07-16 16:38:28,221] {processor.py:641} INFO - Processing file /home/airflow/.local/lib/python3.7/site-packages/airflow/example_dags/example_time_delta_sensor_async.py for tasks to queue
[2022-07-16 16:38:28,222] {logging_mixin.py:115} INFO - [2022-07-16 16:38:28,222] {dagbag.py:508} INFO - Filling up the DagBag from /home/airflow/.local/lib/python3.7/site-packages/airflow/example_dags/example_time_delta_sensor_async.py
[2022-07-16 16:38:28,544] {processor.py:651} INFO - DAG(s) dict_keys(['example_time_delta_sensor_async']) retrieved from /home/airflow/.local/lib/python3.7/site-packages/airflow/example_dags/example_time_delta_sensor_async.py
[2022-07-16 16:38:30,917] {logging_mixin.py:115} INFO - [2022-07-16 16:38:30,917] {manager.py:508} INFO - Created Permission View: can delete on DAG:example_time_delta_sensor_async
[2022-07-16 16:38:31,141] {logging_mixin.py:115} INFO - [2022-07-16 16:38:31,140] {manager.py:508} INFO - Created Permission View: can edit on DAG:example_time_delta_sensor_async
[2022-07-16 16:38:31,230] {logging_mixin.py:115} INFO - [2022-07-16 16:38:31,230] {manager.py:508} INFO - Created Permission View: can read on DAG:example_time_delta_sensor_async
[2022-07-16 16:38:31,230] {logging_mixin.py:115} INFO - [2022-07-16 16:38:31,230] {dag.py:2420} INFO - Sync 1 DAGs
[2022-07-16 16:38:31,258] {logging_mixin.py:115} INFO - [2022-07-16 16:38:31,258] {dag.py:2439} INFO - Creating ORM DAG for example_time_delta_sensor_async
[2022-07-16 16:38:31,353] {logging_mixin.py:115} INFO - [2022-07-16 16:38:31,353] {dag.py:2972} INFO - Setting next_dagrun for example_time_delta_sensor_async to None, run_after=None
[2022-07-16 16:38:31,443] {processor.py:161} INFO - Processing /home/airflow/.local/lib/python3.7/site-packages/airflow/example_dags/example_time_delta_sensor_async.py took 3.328 seconds
[2022-07-16 16:39:18,463] {processor.py:153} INFO - Started process (PID=400) to work on /home/airflow/.local/lib/python3.7/site-packages/airflow/example_dags/example_time_delta_sensor_async.py
[2022-07-16 16:39:18,481] {processor.py:641} INFO - Processing file /home/airflow/.local/lib/python3.7/site-packages/airflow/example_dags/example_time_delta_sensor_async.py for tasks to queue
[2022-07-16 16:39:18,482] {logging_mixin.py:115} INFO - [2022-07-16 16:39:18,482] {dagbag.py:508} INFO - Filling up the DagBag from /home/airflow/.local/lib/python3.7/site-packages/airflow/example_dags/example_time_delta_sensor_async.py
[2022-07-16 16:39:18,544] {processor.py:651} INFO - DAG(s) dict_keys(['example_time_delta_sensor_async']) retrieved from /home/airflow/.local/lib/python3.7/site-packages/airflow/example_dags/example_time_delta_sensor_async.py
[2022-07-16 16:39:19,186] {logging_mixin.py:115} INFO - [2022-07-16 16:39:19,186] {dag.py:2420} INFO - Sync 1 DAGs
[2022-07-16 16:39:19,386] {logging_mixin.py:115} INFO - [2022-07-16 16:39:19,385] {dag.py:2972} INFO - Setting next_dagrun for example_time_delta_sensor_async to None, run_after=None
[2022-07-16 16:39:19,669] {processor.py:161} INFO - Processing /home/airflow/.local/lib/python3.7/site-packages/airflow/example_dags/example_time_delta_sensor_async.py took 1.237 seconds
