[2022-07-16 16:25:52,217] {processor.py:153} INFO - Started process (PID=259) to work on /home/airflow/.local/lib/python3.7/site-packages/airflow/example_dags/example_kubernetes_executor.py
[2022-07-16 16:25:52,229] {processor.py:641} INFO - Processing file /home/airflow/.local/lib/python3.7/site-packages/airflow/example_dags/example_kubernetes_executor.py for tasks to queue
[2022-07-16 16:25:52,232] {logging_mixin.py:115} INFO - [2022-07-16 16:25:52,229] {dagbag.py:508} INFO - Filling up the DagBag from /home/airflow/.local/lib/python3.7/site-packages/airflow/example_dags/example_kubernetes_executor.py
[2022-07-16 16:25:52,970] {processor.py:651} INFO - DAG(s) dict_keys(['example_kubernetes_executor']) retrieved from /home/airflow/.local/lib/python3.7/site-packages/airflow/example_dags/example_kubernetes_executor.py
[2022-07-16 16:25:54,061] {logging_mixin.py:115} INFO - [2022-07-16 16:25:54,061] {manager.py:508} INFO - Created Permission View: can delete on DAG:example_kubernetes_executor
[2022-07-16 16:25:54,201] {logging_mixin.py:115} INFO - [2022-07-16 16:25:54,201] {manager.py:508} INFO - Created Permission View: can edit on DAG:example_kubernetes_executor
[2022-07-16 16:25:54,302] {logging_mixin.py:115} INFO - [2022-07-16 16:25:54,302] {manager.py:508} INFO - Created Permission View: can read on DAG:example_kubernetes_executor
[2022-07-16 16:25:54,303] {logging_mixin.py:115} INFO - [2022-07-16 16:25:54,303] {dag.py:2420} INFO - Sync 1 DAGs
[2022-07-16 16:25:54,572] {logging_mixin.py:115} INFO - [2022-07-16 16:25:54,572] {dag.py:2439} INFO - Creating ORM DAG for example_kubernetes_executor
[2022-07-16 16:25:54,781] {logging_mixin.py:115} INFO - [2022-07-16 16:25:54,781] {dag.py:2972} INFO - Setting next_dagrun for example_kubernetes_executor to None, run_after=None
[2022-07-16 16:25:55,328] {processor.py:161} INFO - Processing /home/airflow/.local/lib/python3.7/site-packages/airflow/example_dags/example_kubernetes_executor.py took 3.144 seconds
[2022-07-16 16:26:25,721] {processor.py:153} INFO - Started process (PID=442) to work on /home/airflow/.local/lib/python3.7/site-packages/airflow/example_dags/example_kubernetes_executor.py
[2022-07-16 16:26:25,736] {processor.py:641} INFO - Processing file /home/airflow/.local/lib/python3.7/site-packages/airflow/example_dags/example_kubernetes_executor.py for tasks to queue
[2022-07-16 16:26:25,737] {logging_mixin.py:115} INFO - [2022-07-16 16:26:25,737] {dagbag.py:508} INFO - Filling up the DagBag from /home/airflow/.local/lib/python3.7/site-packages/airflow/example_dags/example_kubernetes_executor.py
[2022-07-16 16:26:25,954] {processor.py:651} INFO - DAG(s) dict_keys(['example_kubernetes_executor']) retrieved from /home/airflow/.local/lib/python3.7/site-packages/airflow/example_dags/example_kubernetes_executor.py
[2022-07-16 16:26:26,149] {logging_mixin.py:115} INFO - [2022-07-16 16:26:26,148] {dag.py:2420} INFO - Sync 1 DAGs
[2022-07-16 16:26:26,336] {logging_mixin.py:115} INFO - [2022-07-16 16:26:26,336] {dag.py:2972} INFO - Setting next_dagrun for example_kubernetes_executor to None, run_after=None
[2022-07-16 16:26:26,426] {processor.py:161} INFO - Processing /home/airflow/.local/lib/python3.7/site-packages/airflow/example_dags/example_kubernetes_executor.py took 0.718 seconds
[2022-07-16 16:27:13,401] {processor.py:153} INFO - Started process (PID=638) to work on /home/airflow/.local/lib/python3.7/site-packages/airflow/example_dags/example_kubernetes_executor.py
[2022-07-16 16:27:13,425] {processor.py:641} INFO - Processing file /home/airflow/.local/lib/python3.7/site-packages/airflow/example_dags/example_kubernetes_executor.py for tasks to queue
[2022-07-16 16:27:13,427] {logging_mixin.py:115} INFO - [2022-07-16 16:27:13,427] {dagbag.py:508} INFO - Filling up the DagBag from /home/airflow/.local/lib/python3.7/site-packages/airflow/example_dags/example_kubernetes_executor.py
[2022-07-16 16:27:13,692] {processor.py:651} INFO - DAG(s) dict_keys(['example_kubernetes_executor']) retrieved from /home/airflow/.local/lib/python3.7/site-packages/airflow/example_dags/example_kubernetes_executor.py
[2022-07-16 16:27:14,612] {logging_mixin.py:115} INFO - [2022-07-16 16:27:14,612] {dag.py:2420} INFO - Sync 1 DAGs
[2022-07-16 16:27:15,215] {logging_mixin.py:115} INFO - [2022-07-16 16:27:15,215] {dag.py:2972} INFO - Setting next_dagrun for example_kubernetes_executor to None, run_after=None
[2022-07-16 16:27:15,965] {processor.py:161} INFO - Processing /home/airflow/.local/lib/python3.7/site-packages/airflow/example_dags/example_kubernetes_executor.py took 2.664 seconds
[2022-07-16 16:27:47,291] {processor.py:153} INFO - Started process (PID=833) to work on /home/airflow/.local/lib/python3.7/site-packages/airflow/example_dags/example_kubernetes_executor.py
[2022-07-16 16:27:47,292] {processor.py:641} INFO - Processing file /home/airflow/.local/lib/python3.7/site-packages/airflow/example_dags/example_kubernetes_executor.py for tasks to queue
[2022-07-16 16:27:47,293] {logging_mixin.py:115} INFO - [2022-07-16 16:27:47,293] {dagbag.py:508} INFO - Filling up the DagBag from /home/airflow/.local/lib/python3.7/site-packages/airflow/example_dags/example_kubernetes_executor.py
[2022-07-16 16:27:47,484] {processor.py:651} INFO - DAG(s) dict_keys(['example_kubernetes_executor']) retrieved from /home/airflow/.local/lib/python3.7/site-packages/airflow/example_dags/example_kubernetes_executor.py
[2022-07-16 16:27:47,716] {logging_mixin.py:115} INFO - [2022-07-16 16:27:47,715] {dag.py:2420} INFO - Sync 1 DAGs
[2022-07-16 16:27:47,969] {logging_mixin.py:115} INFO - [2022-07-16 16:27:47,969] {dag.py:2972} INFO - Setting next_dagrun for example_kubernetes_executor to None, run_after=None
[2022-07-16 16:27:48,062] {processor.py:161} INFO - Processing /home/airflow/.local/lib/python3.7/site-packages/airflow/example_dags/example_kubernetes_executor.py took 0.813 seconds
[2022-07-16 16:28:18,317] {processor.py:153} INFO - Started process (PID=1012) to work on /home/airflow/.local/lib/python3.7/site-packages/airflow/example_dags/example_kubernetes_executor.py
[2022-07-16 16:28:18,321] {processor.py:641} INFO - Processing file /home/airflow/.local/lib/python3.7/site-packages/airflow/example_dags/example_kubernetes_executor.py for tasks to queue
[2022-07-16 16:28:18,323] {logging_mixin.py:115} INFO - [2022-07-16 16:28:18,322] {dagbag.py:508} INFO - Filling up the DagBag from /home/airflow/.local/lib/python3.7/site-packages/airflow/example_dags/example_kubernetes_executor.py
[2022-07-16 16:28:18,500] {processor.py:651} INFO - DAG(s) dict_keys(['example_kubernetes_executor']) retrieved from /home/airflow/.local/lib/python3.7/site-packages/airflow/example_dags/example_kubernetes_executor.py
[2022-07-16 16:28:18,768] {logging_mixin.py:115} INFO - [2022-07-16 16:28:18,767] {dag.py:2420} INFO - Sync 1 DAGs
[2022-07-16 16:28:18,992] {logging_mixin.py:115} INFO - [2022-07-16 16:28:18,992] {dag.py:2972} INFO - Setting next_dagrun for example_kubernetes_executor to None, run_after=None
[2022-07-16 16:28:19,046] {processor.py:161} INFO - Processing /home/airflow/.local/lib/python3.7/site-packages/airflow/example_dags/example_kubernetes_executor.py took 0.752 seconds
[2022-07-16 16:28:49,255] {processor.py:153} INFO - Started process (PID=1197) to work on /home/airflow/.local/lib/python3.7/site-packages/airflow/example_dags/example_kubernetes_executor.py
[2022-07-16 16:28:49,257] {processor.py:641} INFO - Processing file /home/airflow/.local/lib/python3.7/site-packages/airflow/example_dags/example_kubernetes_executor.py for tasks to queue
[2022-07-16 16:28:49,258] {logging_mixin.py:115} INFO - [2022-07-16 16:28:49,258] {dagbag.py:508} INFO - Filling up the DagBag from /home/airflow/.local/lib/python3.7/site-packages/airflow/example_dags/example_kubernetes_executor.py
[2022-07-16 16:28:49,326] {processor.py:651} INFO - DAG(s) dict_keys(['example_kubernetes_executor']) retrieved from /home/airflow/.local/lib/python3.7/site-packages/airflow/example_dags/example_kubernetes_executor.py
[2022-07-16 16:28:49,393] {logging_mixin.py:115} INFO - [2022-07-16 16:28:49,393] {dag.py:2420} INFO - Sync 1 DAGs
[2022-07-16 16:28:49,440] {logging_mixin.py:115} INFO - [2022-07-16 16:28:49,439] {dag.py:2972} INFO - Setting next_dagrun for example_kubernetes_executor to None, run_after=None
[2022-07-16 16:28:49,461] {processor.py:161} INFO - Processing /home/airflow/.local/lib/python3.7/site-packages/airflow/example_dags/example_kubernetes_executor.py took 0.215 seconds
[2022-07-16 16:29:43,908] {processor.py:153} INFO - Started process (PID=1408) to work on /home/airflow/.local/lib/python3.7/site-packages/airflow/example_dags/example_kubernetes_executor.py
[2022-07-16 16:29:43,917] {processor.py:641} INFO - Processing file /home/airflow/.local/lib/python3.7/site-packages/airflow/example_dags/example_kubernetes_executor.py for tasks to queue
[2022-07-16 16:29:43,923] {logging_mixin.py:115} INFO - [2022-07-16 16:29:43,923] {dagbag.py:508} INFO - Filling up the DagBag from /home/airflow/.local/lib/python3.7/site-packages/airflow/example_dags/example_kubernetes_executor.py
[2022-07-16 16:29:44,827] {processor.py:651} INFO - DAG(s) dict_keys(['example_kubernetes_executor']) retrieved from /home/airflow/.local/lib/python3.7/site-packages/airflow/example_dags/example_kubernetes_executor.py
[2022-07-16 16:29:46,006] {logging_mixin.py:115} INFO - [2022-07-16 16:29:45,997] {dag.py:2420} INFO - Sync 1 DAGs
[2022-07-16 16:29:46,879] {logging_mixin.py:115} INFO - [2022-07-16 16:29:46,879] {dag.py:2972} INFO - Setting next_dagrun for example_kubernetes_executor to None, run_after=None
[2022-07-16 16:29:47,257] {processor.py:161} INFO - Processing /home/airflow/.local/lib/python3.7/site-packages/airflow/example_dags/example_kubernetes_executor.py took 3.431 seconds
[2022-07-16 16:30:17,505] {processor.py:153} INFO - Started process (PID=1594) to work on /home/airflow/.local/lib/python3.7/site-packages/airflow/example_dags/example_kubernetes_executor.py
[2022-07-16 16:30:17,507] {processor.py:641} INFO - Processing file /home/airflow/.local/lib/python3.7/site-packages/airflow/example_dags/example_kubernetes_executor.py for tasks to queue
[2022-07-16 16:30:17,508] {logging_mixin.py:115} INFO - [2022-07-16 16:30:17,508] {dagbag.py:508} INFO - Filling up the DagBag from /home/airflow/.local/lib/python3.7/site-packages/airflow/example_dags/example_kubernetes_executor.py
[2022-07-16 16:30:17,675] {processor.py:651} INFO - DAG(s) dict_keys(['example_kubernetes_executor']) retrieved from /home/airflow/.local/lib/python3.7/site-packages/airflow/example_dags/example_kubernetes_executor.py
[2022-07-16 16:30:17,916] {logging_mixin.py:115} INFO - [2022-07-16 16:30:17,915] {dag.py:2420} INFO - Sync 1 DAGs
[2022-07-16 16:30:18,088] {logging_mixin.py:115} INFO - [2022-07-16 16:30:18,088] {dag.py:2972} INFO - Setting next_dagrun for example_kubernetes_executor to None, run_after=None
[2022-07-16 16:30:18,217] {processor.py:161} INFO - Processing /home/airflow/.local/lib/python3.7/site-packages/airflow/example_dags/example_kubernetes_executor.py took 0.721 seconds
[2022-07-16 16:30:49,240] {processor.py:153} INFO - Started process (PID=1776) to work on /home/airflow/.local/lib/python3.7/site-packages/airflow/example_dags/example_kubernetes_executor.py
[2022-07-16 16:30:49,251] {processor.py:641} INFO - Processing file /home/airflow/.local/lib/python3.7/site-packages/airflow/example_dags/example_kubernetes_executor.py for tasks to queue
[2022-07-16 16:30:49,254] {logging_mixin.py:115} INFO - [2022-07-16 16:30:49,253] {dagbag.py:508} INFO - Filling up the DagBag from /home/airflow/.local/lib/python3.7/site-packages/airflow/example_dags/example_kubernetes_executor.py
[2022-07-16 16:30:49,594] {processor.py:651} INFO - DAG(s) dict_keys(['example_kubernetes_executor']) retrieved from /home/airflow/.local/lib/python3.7/site-packages/airflow/example_dags/example_kubernetes_executor.py
[2022-07-16 16:30:49,803] {logging_mixin.py:115} INFO - [2022-07-16 16:30:49,803] {dag.py:2420} INFO - Sync 1 DAGs
[2022-07-16 16:30:50,076] {logging_mixin.py:115} INFO - [2022-07-16 16:30:50,075] {dag.py:2972} INFO - Setting next_dagrun for example_kubernetes_executor to None, run_after=None
[2022-07-16 16:30:50,155] {processor.py:161} INFO - Processing /home/airflow/.local/lib/python3.7/site-packages/airflow/example_dags/example_kubernetes_executor.py took 1.012 seconds
[2022-07-16 16:31:21,032] {processor.py:153} INFO - Started process (PID=1968) to work on /home/airflow/.local/lib/python3.7/site-packages/airflow/example_dags/example_kubernetes_executor.py
[2022-07-16 16:31:21,044] {processor.py:641} INFO - Processing file /home/airflow/.local/lib/python3.7/site-packages/airflow/example_dags/example_kubernetes_executor.py for tasks to queue
[2022-07-16 16:31:21,055] {logging_mixin.py:115} INFO - [2022-07-16 16:31:21,055] {dagbag.py:508} INFO - Filling up the DagBag from /home/airflow/.local/lib/python3.7/site-packages/airflow/example_dags/example_kubernetes_executor.py
[2022-07-16 16:31:21,500] {processor.py:651} INFO - DAG(s) dict_keys(['example_kubernetes_executor']) retrieved from /home/airflow/.local/lib/python3.7/site-packages/airflow/example_dags/example_kubernetes_executor.py
[2022-07-16 16:31:21,799] {logging_mixin.py:115} INFO - [2022-07-16 16:31:21,798] {dag.py:2420} INFO - Sync 1 DAGs
[2022-07-16 16:31:22,124] {logging_mixin.py:115} INFO - [2022-07-16 16:31:22,124] {dag.py:2972} INFO - Setting next_dagrun for example_kubernetes_executor to None, run_after=None
[2022-07-16 16:31:22,206] {processor.py:161} INFO - Processing /home/airflow/.local/lib/python3.7/site-packages/airflow/example_dags/example_kubernetes_executor.py took 1.257 seconds
[2022-07-16 16:31:53,160] {processor.py:153} INFO - Started process (PID=2152) to work on /home/airflow/.local/lib/python3.7/site-packages/airflow/example_dags/example_kubernetes_executor.py
[2022-07-16 16:31:53,173] {processor.py:641} INFO - Processing file /home/airflow/.local/lib/python3.7/site-packages/airflow/example_dags/example_kubernetes_executor.py for tasks to queue
[2022-07-16 16:31:53,175] {logging_mixin.py:115} INFO - [2022-07-16 16:31:53,175] {dagbag.py:508} INFO - Filling up the DagBag from /home/airflow/.local/lib/python3.7/site-packages/airflow/example_dags/example_kubernetes_executor.py
[2022-07-16 16:31:53,775] {processor.py:651} INFO - DAG(s) dict_keys(['example_kubernetes_executor']) retrieved from /home/airflow/.local/lib/python3.7/site-packages/airflow/example_dags/example_kubernetes_executor.py
[2022-07-16 16:31:54,330] {logging_mixin.py:115} INFO - [2022-07-16 16:31:54,329] {dag.py:2420} INFO - Sync 1 DAGs
[2022-07-16 16:31:54,590] {logging_mixin.py:115} INFO - [2022-07-16 16:31:54,590] {dag.py:2972} INFO - Setting next_dagrun for example_kubernetes_executor to None, run_after=None
[2022-07-16 16:31:54,690] {processor.py:161} INFO - Processing /home/airflow/.local/lib/python3.7/site-packages/airflow/example_dags/example_kubernetes_executor.py took 1.581 seconds
[2022-07-16 16:32:24,786] {processor.py:153} INFO - Started process (PID=2331) to work on /home/airflow/.local/lib/python3.7/site-packages/airflow/example_dags/example_kubernetes_executor.py
[2022-07-16 16:32:24,787] {processor.py:641} INFO - Processing file /home/airflow/.local/lib/python3.7/site-packages/airflow/example_dags/example_kubernetes_executor.py for tasks to queue
[2022-07-16 16:32:24,788] {logging_mixin.py:115} INFO - [2022-07-16 16:32:24,788] {dagbag.py:508} INFO - Filling up the DagBag from /home/airflow/.local/lib/python3.7/site-packages/airflow/example_dags/example_kubernetes_executor.py
[2022-07-16 16:32:24,837] {processor.py:651} INFO - DAG(s) dict_keys(['example_kubernetes_executor']) retrieved from /home/airflow/.local/lib/python3.7/site-packages/airflow/example_dags/example_kubernetes_executor.py
[2022-07-16 16:32:24,904] {logging_mixin.py:115} INFO - [2022-07-16 16:32:24,904] {dag.py:2420} INFO - Sync 1 DAGs
[2022-07-16 16:32:25,003] {logging_mixin.py:115} INFO - [2022-07-16 16:32:25,003] {dag.py:2972} INFO - Setting next_dagrun for example_kubernetes_executor to None, run_after=None
[2022-07-16 16:32:25,052] {processor.py:161} INFO - Processing /home/airflow/.local/lib/python3.7/site-packages/airflow/example_dags/example_kubernetes_executor.py took 0.273 seconds
[2022-07-16 16:32:55,198] {processor.py:153} INFO - Started process (PID=2528) to work on /home/airflow/.local/lib/python3.7/site-packages/airflow/example_dags/example_kubernetes_executor.py
[2022-07-16 16:32:55,200] {processor.py:641} INFO - Processing file /home/airflow/.local/lib/python3.7/site-packages/airflow/example_dags/example_kubernetes_executor.py for tasks to queue
[2022-07-16 16:32:55,201] {logging_mixin.py:115} INFO - [2022-07-16 16:32:55,201] {dagbag.py:508} INFO - Filling up the DagBag from /home/airflow/.local/lib/python3.7/site-packages/airflow/example_dags/example_kubernetes_executor.py
[2022-07-16 16:32:55,351] {processor.py:651} INFO - DAG(s) dict_keys(['example_kubernetes_executor']) retrieved from /home/airflow/.local/lib/python3.7/site-packages/airflow/example_dags/example_kubernetes_executor.py
[2022-07-16 16:32:55,650] {logging_mixin.py:115} INFO - [2022-07-16 16:32:55,650] {dag.py:2420} INFO - Sync 1 DAGs
[2022-07-16 16:32:55,791] {logging_mixin.py:115} INFO - [2022-07-16 16:32:55,791] {dag.py:2972} INFO - Setting next_dagrun for example_kubernetes_executor to None, run_after=None
[2022-07-16 16:32:55,856] {processor.py:161} INFO - Processing /home/airflow/.local/lib/python3.7/site-packages/airflow/example_dags/example_kubernetes_executor.py took 0.691 seconds
[2022-07-16 16:33:26,708] {processor.py:153} INFO - Started process (PID=2710) to work on /home/airflow/.local/lib/python3.7/site-packages/airflow/example_dags/example_kubernetes_executor.py
[2022-07-16 16:33:26,721] {processor.py:641} INFO - Processing file /home/airflow/.local/lib/python3.7/site-packages/airflow/example_dags/example_kubernetes_executor.py for tasks to queue
[2022-07-16 16:33:26,723] {logging_mixin.py:115} INFO - [2022-07-16 16:33:26,722] {dagbag.py:508} INFO - Filling up the DagBag from /home/airflow/.local/lib/python3.7/site-packages/airflow/example_dags/example_kubernetes_executor.py
[2022-07-16 16:33:26,836] {processor.py:651} INFO - DAG(s) dict_keys(['example_kubernetes_executor']) retrieved from /home/airflow/.local/lib/python3.7/site-packages/airflow/example_dags/example_kubernetes_executor.py
[2022-07-16 16:33:26,941] {logging_mixin.py:115} INFO - [2022-07-16 16:33:26,941] {dag.py:2420} INFO - Sync 1 DAGs
[2022-07-16 16:33:27,004] {logging_mixin.py:115} INFO - [2022-07-16 16:33:27,004] {dag.py:2972} INFO - Setting next_dagrun for example_kubernetes_executor to None, run_after=None
[2022-07-16 16:33:27,037] {processor.py:161} INFO - Processing /home/airflow/.local/lib/python3.7/site-packages/airflow/example_dags/example_kubernetes_executor.py took 0.366 seconds
[2022-07-16 16:33:57,802] {processor.py:153} INFO - Started process (PID=2909) to work on /home/airflow/.local/lib/python3.7/site-packages/airflow/example_dags/example_kubernetes_executor.py
[2022-07-16 16:33:57,802] {processor.py:641} INFO - Processing file /home/airflow/.local/lib/python3.7/site-packages/airflow/example_dags/example_kubernetes_executor.py for tasks to queue
[2022-07-16 16:33:57,803] {logging_mixin.py:115} INFO - [2022-07-16 16:33:57,803] {dagbag.py:508} INFO - Filling up the DagBag from /home/airflow/.local/lib/python3.7/site-packages/airflow/example_dags/example_kubernetes_executor.py
[2022-07-16 16:33:57,855] {processor.py:651} INFO - DAG(s) dict_keys(['example_kubernetes_executor']) retrieved from /home/airflow/.local/lib/python3.7/site-packages/airflow/example_dags/example_kubernetes_executor.py
[2022-07-16 16:33:57,930] {logging_mixin.py:115} INFO - [2022-07-16 16:33:57,930] {dag.py:2420} INFO - Sync 1 DAGs
[2022-07-16 16:33:57,973] {logging_mixin.py:115} INFO - [2022-07-16 16:33:57,973] {dag.py:2972} INFO - Setting next_dagrun for example_kubernetes_executor to None, run_after=None
[2022-07-16 16:33:57,995] {processor.py:161} INFO - Processing /home/airflow/.local/lib/python3.7/site-packages/airflow/example_dags/example_kubernetes_executor.py took 0.200 seconds
[2022-07-16 16:34:28,432] {processor.py:153} INFO - Started process (PID=3097) to work on /home/airflow/.local/lib/python3.7/site-packages/airflow/example_dags/example_kubernetes_executor.py
[2022-07-16 16:34:28,433] {processor.py:641} INFO - Processing file /home/airflow/.local/lib/python3.7/site-packages/airflow/example_dags/example_kubernetes_executor.py for tasks to queue
[2022-07-16 16:34:28,433] {logging_mixin.py:115} INFO - [2022-07-16 16:34:28,433] {dagbag.py:508} INFO - Filling up the DagBag from /home/airflow/.local/lib/python3.7/site-packages/airflow/example_dags/example_kubernetes_executor.py
[2022-07-16 16:34:28,480] {processor.py:651} INFO - DAG(s) dict_keys(['example_kubernetes_executor']) retrieved from /home/airflow/.local/lib/python3.7/site-packages/airflow/example_dags/example_kubernetes_executor.py
[2022-07-16 16:34:28,523] {logging_mixin.py:115} INFO - [2022-07-16 16:34:28,523] {dag.py:2420} INFO - Sync 1 DAGs
[2022-07-16 16:34:28,556] {logging_mixin.py:115} INFO - [2022-07-16 16:34:28,556] {dag.py:2972} INFO - Setting next_dagrun for example_kubernetes_executor to None, run_after=None
[2022-07-16 16:34:28,572] {processor.py:161} INFO - Processing /home/airflow/.local/lib/python3.7/site-packages/airflow/example_dags/example_kubernetes_executor.py took 0.145 seconds
[2022-07-16 16:38:51,162] {processor.py:153} INFO - Started process (PID=277) to work on /home/airflow/.local/lib/python3.7/site-packages/airflow/example_dags/example_kubernetes_executor.py
[2022-07-16 16:38:51,177] {processor.py:641} INFO - Processing file /home/airflow/.local/lib/python3.7/site-packages/airflow/example_dags/example_kubernetes_executor.py for tasks to queue
[2022-07-16 16:38:51,178] {logging_mixin.py:115} INFO - [2022-07-16 16:38:51,178] {dagbag.py:508} INFO - Filling up the DagBag from /home/airflow/.local/lib/python3.7/site-packages/airflow/example_dags/example_kubernetes_executor.py
[2022-07-16 16:38:51,446] {processor.py:651} INFO - DAG(s) dict_keys(['example_kubernetes_executor']) retrieved from /home/airflow/.local/lib/python3.7/site-packages/airflow/example_dags/example_kubernetes_executor.py
[2022-07-16 16:38:52,838] {logging_mixin.py:115} INFO - [2022-07-16 16:38:52,837] {manager.py:508} INFO - Created Permission View: can delete on DAG:example_kubernetes_executor
[2022-07-16 16:38:52,866] {logging_mixin.py:115} INFO - [2022-07-16 16:38:52,866] {manager.py:508} INFO - Created Permission View: can edit on DAG:example_kubernetes_executor
[2022-07-16 16:38:52,939] {logging_mixin.py:115} INFO - [2022-07-16 16:38:52,939] {manager.py:508} INFO - Created Permission View: can read on DAG:example_kubernetes_executor
[2022-07-16 16:38:52,940] {logging_mixin.py:115} INFO - [2022-07-16 16:38:52,940] {dag.py:2420} INFO - Sync 1 DAGs
[2022-07-16 16:38:53,432] {logging_mixin.py:115} INFO - [2022-07-16 16:38:53,432] {dag.py:2439} INFO - Creating ORM DAG for example_kubernetes_executor
[2022-07-16 16:38:53,725] {logging_mixin.py:115} INFO - [2022-07-16 16:38:53,725] {dag.py:2972} INFO - Setting next_dagrun for example_kubernetes_executor to None, run_after=None
[2022-07-16 16:38:54,312] {processor.py:161} INFO - Processing /home/airflow/.local/lib/python3.7/site-packages/airflow/example_dags/example_kubernetes_executor.py took 3.207 seconds
[2022-07-16 16:39:33,758] {processor.py:153} INFO - Started process (PID=465) to work on /home/airflow/.local/lib/python3.7/site-packages/airflow/example_dags/example_kubernetes_executor.py
[2022-07-16 16:39:33,773] {processor.py:641} INFO - Processing file /home/airflow/.local/lib/python3.7/site-packages/airflow/example_dags/example_kubernetes_executor.py for tasks to queue
[2022-07-16 16:39:33,774] {logging_mixin.py:115} INFO - [2022-07-16 16:39:33,774] {dagbag.py:508} INFO - Filling up the DagBag from /home/airflow/.local/lib/python3.7/site-packages/airflow/example_dags/example_kubernetes_executor.py
[2022-07-16 16:39:34,032] {processor.py:651} INFO - DAG(s) dict_keys(['example_kubernetes_executor']) retrieved from /home/airflow/.local/lib/python3.7/site-packages/airflow/example_dags/example_kubernetes_executor.py
[2022-07-16 16:39:34,371] {logging_mixin.py:115} INFO - [2022-07-16 16:39:34,371] {dag.py:2420} INFO - Sync 1 DAGs
[2022-07-16 16:39:34,671] {logging_mixin.py:115} INFO - [2022-07-16 16:39:34,670] {dag.py:2972} INFO - Setting next_dagrun for example_kubernetes_executor to None, run_after=None
[2022-07-16 16:39:34,812] {processor.py:161} INFO - Processing /home/airflow/.local/lib/python3.7/site-packages/airflow/example_dags/example_kubernetes_executor.py took 1.106 seconds
