[2022-07-16 16:26:11,632] {processor.py:153} INFO - Started process (PID=348) to work on /home/airflow/.local/lib/python3.7/site-packages/airflow/example_dags/tutorial_etl_dag.py
[2022-07-16 16:26:11,650] {processor.py:641} INFO - Processing file /home/airflow/.local/lib/python3.7/site-packages/airflow/example_dags/tutorial_etl_dag.py for tasks to queue
[2022-07-16 16:26:11,651] {logging_mixin.py:115} INFO - [2022-07-16 16:26:11,651] {dagbag.py:508} INFO - Filling up the DagBag from /home/airflow/.local/lib/python3.7/site-packages/airflow/example_dags/tutorial_etl_dag.py
[2022-07-16 16:26:11,707] {processor.py:651} INFO - DAG(s) dict_keys(['tutorial_etl_dag']) retrieved from /home/airflow/.local/lib/python3.7/site-packages/airflow/example_dags/tutorial_etl_dag.py
[2022-07-16 16:26:13,594] {logging_mixin.py:115} INFO - [2022-07-16 16:26:13,594] {manager.py:508} INFO - Created Permission View: can delete on DAG:tutorial_etl_dag
[2022-07-16 16:26:13,725] {logging_mixin.py:115} INFO - [2022-07-16 16:26:13,724] {manager.py:508} INFO - Created Permission View: can edit on DAG:tutorial_etl_dag
[2022-07-16 16:26:13,870] {logging_mixin.py:115} INFO - [2022-07-16 16:26:13,870] {manager.py:508} INFO - Created Permission View: can read on DAG:tutorial_etl_dag
[2022-07-16 16:26:13,871] {logging_mixin.py:115} INFO - [2022-07-16 16:26:13,871] {dag.py:2420} INFO - Sync 1 DAGs
[2022-07-16 16:26:14,083] {logging_mixin.py:115} INFO - [2022-07-16 16:26:14,082] {dag.py:2439} INFO - Creating ORM DAG for tutorial_etl_dag
[2022-07-16 16:26:14,351] {logging_mixin.py:115} INFO - [2022-07-16 16:26:14,351] {dag.py:2972} INFO - Setting next_dagrun for tutorial_etl_dag to None, run_after=None
[2022-07-16 16:26:14,524] {processor.py:161} INFO - Processing /home/airflow/.local/lib/python3.7/site-packages/airflow/example_dags/tutorial_etl_dag.py took 2.896 seconds
[2022-07-16 16:26:50,792] {processor.py:153} INFO - Started process (PID=537) to work on /home/airflow/.local/lib/python3.7/site-packages/airflow/example_dags/tutorial_etl_dag.py
[2022-07-16 16:26:50,823] {processor.py:641} INFO - Processing file /home/airflow/.local/lib/python3.7/site-packages/airflow/example_dags/tutorial_etl_dag.py for tasks to queue
[2022-07-16 16:26:50,824] {logging_mixin.py:115} INFO - [2022-07-16 16:26:50,824] {dagbag.py:508} INFO - Filling up the DagBag from /home/airflow/.local/lib/python3.7/site-packages/airflow/example_dags/tutorial_etl_dag.py
[2022-07-16 16:26:51,163] {processor.py:651} INFO - DAG(s) dict_keys(['tutorial_etl_dag']) retrieved from /home/airflow/.local/lib/python3.7/site-packages/airflow/example_dags/tutorial_etl_dag.py
[2022-07-16 16:26:52,003] {logging_mixin.py:115} INFO - [2022-07-16 16:26:52,003] {dag.py:2420} INFO - Sync 1 DAGs
[2022-07-16 16:26:53,110] {logging_mixin.py:115} INFO - [2022-07-16 16:26:53,110] {dag.py:2972} INFO - Setting next_dagrun for tutorial_etl_dag to None, run_after=None
[2022-07-16 16:26:53,816] {processor.py:161} INFO - Processing /home/airflow/.local/lib/python3.7/site-packages/airflow/example_dags/tutorial_etl_dag.py took 3.090 seconds
[2022-07-16 16:27:24,647] {processor.py:153} INFO - Started process (PID=720) to work on /home/airflow/.local/lib/python3.7/site-packages/airflow/example_dags/tutorial_etl_dag.py
[2022-07-16 16:27:24,649] {processor.py:641} INFO - Processing file /home/airflow/.local/lib/python3.7/site-packages/airflow/example_dags/tutorial_etl_dag.py for tasks to queue
[2022-07-16 16:27:24,650] {logging_mixin.py:115} INFO - [2022-07-16 16:27:24,650] {dagbag.py:508} INFO - Filling up the DagBag from /home/airflow/.local/lib/python3.7/site-packages/airflow/example_dags/tutorial_etl_dag.py
[2022-07-16 16:27:24,674] {processor.py:651} INFO - DAG(s) dict_keys(['tutorial_etl_dag']) retrieved from /home/airflow/.local/lib/python3.7/site-packages/airflow/example_dags/tutorial_etl_dag.py
[2022-07-16 16:27:24,764] {logging_mixin.py:115} INFO - [2022-07-16 16:27:24,764] {dag.py:2420} INFO - Sync 1 DAGs
[2022-07-16 16:27:24,833] {logging_mixin.py:115} INFO - [2022-07-16 16:27:24,833] {dag.py:2972} INFO - Setting next_dagrun for tutorial_etl_dag to None, run_after=None
[2022-07-16 16:27:24,858] {processor.py:161} INFO - Processing /home/airflow/.local/lib/python3.7/site-packages/airflow/example_dags/tutorial_etl_dag.py took 0.220 seconds
[2022-07-16 16:27:59,345] {processor.py:153} INFO - Started process (PID=906) to work on /home/airflow/.local/lib/python3.7/site-packages/airflow/example_dags/tutorial_etl_dag.py
[2022-07-16 16:27:59,365] {processor.py:641} INFO - Processing file /home/airflow/.local/lib/python3.7/site-packages/airflow/example_dags/tutorial_etl_dag.py for tasks to queue
[2022-07-16 16:27:59,366] {logging_mixin.py:115} INFO - [2022-07-16 16:27:59,366] {dagbag.py:508} INFO - Filling up the DagBag from /home/airflow/.local/lib/python3.7/site-packages/airflow/example_dags/tutorial_etl_dag.py
[2022-07-16 16:27:59,592] {processor.py:651} INFO - DAG(s) dict_keys(['tutorial_etl_dag']) retrieved from /home/airflow/.local/lib/python3.7/site-packages/airflow/example_dags/tutorial_etl_dag.py
[2022-07-16 16:28:00,155] {logging_mixin.py:115} INFO - [2022-07-16 16:28:00,155] {dag.py:2420} INFO - Sync 1 DAGs
[2022-07-16 16:28:00,754] {logging_mixin.py:115} INFO - [2022-07-16 16:28:00,753] {dag.py:2972} INFO - Setting next_dagrun for tutorial_etl_dag to None, run_after=None
[2022-07-16 16:28:00,962] {processor.py:161} INFO - Processing /home/airflow/.local/lib/python3.7/site-packages/airflow/example_dags/tutorial_etl_dag.py took 1.714 seconds
[2022-07-16 16:28:31,187] {processor.py:153} INFO - Started process (PID=1095) to work on /home/airflow/.local/lib/python3.7/site-packages/airflow/example_dags/tutorial_etl_dag.py
[2022-07-16 16:28:31,195] {processor.py:641} INFO - Processing file /home/airflow/.local/lib/python3.7/site-packages/airflow/example_dags/tutorial_etl_dag.py for tasks to queue
[2022-07-16 16:28:31,196] {logging_mixin.py:115} INFO - [2022-07-16 16:28:31,196] {dagbag.py:508} INFO - Filling up the DagBag from /home/airflow/.local/lib/python3.7/site-packages/airflow/example_dags/tutorial_etl_dag.py
[2022-07-16 16:28:31,233] {processor.py:651} INFO - DAG(s) dict_keys(['tutorial_etl_dag']) retrieved from /home/airflow/.local/lib/python3.7/site-packages/airflow/example_dags/tutorial_etl_dag.py
[2022-07-16 16:28:31,333] {logging_mixin.py:115} INFO - [2022-07-16 16:28:31,333] {dag.py:2420} INFO - Sync 1 DAGs
[2022-07-16 16:28:31,412] {logging_mixin.py:115} INFO - [2022-07-16 16:28:31,412] {dag.py:2972} INFO - Setting next_dagrun for tutorial_etl_dag to None, run_after=None
[2022-07-16 16:28:31,454] {processor.py:161} INFO - Processing /home/airflow/.local/lib/python3.7/site-packages/airflow/example_dags/tutorial_etl_dag.py took 0.283 seconds
[2022-07-16 16:29:18,214] {processor.py:153} INFO - Started process (PID=1314) to work on /home/airflow/.local/lib/python3.7/site-packages/airflow/example_dags/tutorial_etl_dag.py
[2022-07-16 16:29:18,267] {processor.py:641} INFO - Processing file /home/airflow/.local/lib/python3.7/site-packages/airflow/example_dags/tutorial_etl_dag.py for tasks to queue
[2022-07-16 16:29:18,269] {logging_mixin.py:115} INFO - [2022-07-16 16:29:18,268] {dagbag.py:508} INFO - Filling up the DagBag from /home/airflow/.local/lib/python3.7/site-packages/airflow/example_dags/tutorial_etl_dag.py
[2022-07-16 16:29:18,445] {processor.py:651} INFO - DAG(s) dict_keys(['tutorial_etl_dag']) retrieved from /home/airflow/.local/lib/python3.7/site-packages/airflow/example_dags/tutorial_etl_dag.py
[2022-07-16 16:29:20,030] {logging_mixin.py:115} INFO - [2022-07-16 16:29:20,029] {dag.py:2420} INFO - Sync 1 DAGs
[2022-07-16 16:29:22,251] {logging_mixin.py:115} INFO - [2022-07-16 16:29:22,251] {dag.py:2972} INFO - Setting next_dagrun for tutorial_etl_dag to None, run_after=None
[2022-07-16 16:29:22,782] {processor.py:161} INFO - Processing /home/airflow/.local/lib/python3.7/site-packages/airflow/example_dags/tutorial_etl_dag.py took 4.583 seconds
[2022-07-16 16:29:54,553] {processor.py:153} INFO - Started process (PID=1505) to work on /home/airflow/.local/lib/python3.7/site-packages/airflow/example_dags/tutorial_etl_dag.py
[2022-07-16 16:29:54,555] {processor.py:641} INFO - Processing file /home/airflow/.local/lib/python3.7/site-packages/airflow/example_dags/tutorial_etl_dag.py for tasks to queue
[2022-07-16 16:29:54,557] {logging_mixin.py:115} INFO - [2022-07-16 16:29:54,557] {dagbag.py:508} INFO - Filling up the DagBag from /home/airflow/.local/lib/python3.7/site-packages/airflow/example_dags/tutorial_etl_dag.py
[2022-07-16 16:29:54,597] {processor.py:651} INFO - DAG(s) dict_keys(['tutorial_etl_dag']) retrieved from /home/airflow/.local/lib/python3.7/site-packages/airflow/example_dags/tutorial_etl_dag.py
[2022-07-16 16:29:54,814] {logging_mixin.py:115} INFO - [2022-07-16 16:29:54,814] {dag.py:2420} INFO - Sync 1 DAGs
[2022-07-16 16:29:54,953] {logging_mixin.py:115} INFO - [2022-07-16 16:29:54,953] {dag.py:2972} INFO - Setting next_dagrun for tutorial_etl_dag to None, run_after=None
[2022-07-16 16:29:54,998] {processor.py:161} INFO - Processing /home/airflow/.local/lib/python3.7/site-packages/airflow/example_dags/tutorial_etl_dag.py took 0.471 seconds
[2022-07-16 16:30:26,671] {processor.py:153} INFO - Started process (PID=1692) to work on /home/airflow/.local/lib/python3.7/site-packages/airflow/example_dags/tutorial_etl_dag.py
[2022-07-16 16:30:26,672] {processor.py:641} INFO - Processing file /home/airflow/.local/lib/python3.7/site-packages/airflow/example_dags/tutorial_etl_dag.py for tasks to queue
[2022-07-16 16:30:26,673] {logging_mixin.py:115} INFO - [2022-07-16 16:30:26,673] {dagbag.py:508} INFO - Filling up the DagBag from /home/airflow/.local/lib/python3.7/site-packages/airflow/example_dags/tutorial_etl_dag.py
[2022-07-16 16:30:26,697] {processor.py:651} INFO - DAG(s) dict_keys(['tutorial_etl_dag']) retrieved from /home/airflow/.local/lib/python3.7/site-packages/airflow/example_dags/tutorial_etl_dag.py
[2022-07-16 16:30:26,766] {logging_mixin.py:115} INFO - [2022-07-16 16:30:26,765] {dag.py:2420} INFO - Sync 1 DAGs
[2022-07-16 16:30:26,829] {logging_mixin.py:115} INFO - [2022-07-16 16:30:26,829] {dag.py:2972} INFO - Setting next_dagrun for tutorial_etl_dag to None, run_after=None
[2022-07-16 16:30:26,883] {processor.py:161} INFO - Processing /home/airflow/.local/lib/python3.7/site-packages/airflow/example_dags/tutorial_etl_dag.py took 0.221 seconds
[2022-07-16 16:31:04,061] {processor.py:153} INFO - Started process (PID=1884) to work on /home/airflow/.local/lib/python3.7/site-packages/airflow/example_dags/tutorial_etl_dag.py
[2022-07-16 16:31:04,089] {processor.py:641} INFO - Processing file /home/airflow/.local/lib/python3.7/site-packages/airflow/example_dags/tutorial_etl_dag.py for tasks to queue
[2022-07-16 16:31:04,090] {logging_mixin.py:115} INFO - [2022-07-16 16:31:04,090] {dagbag.py:508} INFO - Filling up the DagBag from /home/airflow/.local/lib/python3.7/site-packages/airflow/example_dags/tutorial_etl_dag.py
[2022-07-16 16:31:04,141] {processor.py:651} INFO - DAG(s) dict_keys(['tutorial_etl_dag']) retrieved from /home/airflow/.local/lib/python3.7/site-packages/airflow/example_dags/tutorial_etl_dag.py
[2022-07-16 16:31:04,365] {logging_mixin.py:115} INFO - [2022-07-16 16:31:04,365] {dag.py:2420} INFO - Sync 1 DAGs
[2022-07-16 16:31:04,578] {logging_mixin.py:115} INFO - [2022-07-16 16:31:04,577] {dag.py:2972} INFO - Setting next_dagrun for tutorial_etl_dag to None, run_after=None
[2022-07-16 16:31:04,687] {processor.py:161} INFO - Processing /home/airflow/.local/lib/python3.7/site-packages/airflow/example_dags/tutorial_etl_dag.py took 0.651 seconds
[2022-07-16 16:31:39,406] {processor.py:153} INFO - Started process (PID=2077) to work on /home/airflow/.local/lib/python3.7/site-packages/airflow/example_dags/tutorial_etl_dag.py
[2022-07-16 16:31:39,408] {processor.py:641} INFO - Processing file /home/airflow/.local/lib/python3.7/site-packages/airflow/example_dags/tutorial_etl_dag.py for tasks to queue
[2022-07-16 16:31:39,410] {logging_mixin.py:115} INFO - [2022-07-16 16:31:39,410] {dagbag.py:508} INFO - Filling up the DagBag from /home/airflow/.local/lib/python3.7/site-packages/airflow/example_dags/tutorial_etl_dag.py
[2022-07-16 16:31:39,440] {processor.py:651} INFO - DAG(s) dict_keys(['tutorial_etl_dag']) retrieved from /home/airflow/.local/lib/python3.7/site-packages/airflow/example_dags/tutorial_etl_dag.py
[2022-07-16 16:31:39,606] {logging_mixin.py:115} INFO - [2022-07-16 16:31:39,606] {dag.py:2420} INFO - Sync 1 DAGs
[2022-07-16 16:31:40,038] {logging_mixin.py:115} INFO - [2022-07-16 16:31:40,038] {dag.py:2972} INFO - Setting next_dagrun for tutorial_etl_dag to None, run_after=None
[2022-07-16 16:31:40,393] {processor.py:161} INFO - Processing /home/airflow/.local/lib/python3.7/site-packages/airflow/example_dags/tutorial_etl_dag.py took 1.021 seconds
[2022-07-16 16:32:11,018] {processor.py:153} INFO - Started process (PID=2254) to work on /home/airflow/.local/lib/python3.7/site-packages/airflow/example_dags/tutorial_etl_dag.py
[2022-07-16 16:32:11,019] {processor.py:641} INFO - Processing file /home/airflow/.local/lib/python3.7/site-packages/airflow/example_dags/tutorial_etl_dag.py for tasks to queue
[2022-07-16 16:32:11,021] {logging_mixin.py:115} INFO - [2022-07-16 16:32:11,020] {dagbag.py:508} INFO - Filling up the DagBag from /home/airflow/.local/lib/python3.7/site-packages/airflow/example_dags/tutorial_etl_dag.py
[2022-07-16 16:32:11,075] {processor.py:651} INFO - DAG(s) dict_keys(['tutorial_etl_dag']) retrieved from /home/airflow/.local/lib/python3.7/site-packages/airflow/example_dags/tutorial_etl_dag.py
[2022-07-16 16:32:11,226] {logging_mixin.py:115} INFO - [2022-07-16 16:32:11,226] {dag.py:2420} INFO - Sync 1 DAGs
[2022-07-16 16:32:11,376] {logging_mixin.py:115} INFO - [2022-07-16 16:32:11,375] {dag.py:2972} INFO - Setting next_dagrun for tutorial_etl_dag to None, run_after=None
[2022-07-16 16:32:11,404] {processor.py:161} INFO - Processing /home/airflow/.local/lib/python3.7/site-packages/airflow/example_dags/tutorial_etl_dag.py took 0.410 seconds
[2022-07-16 16:32:41,638] {processor.py:153} INFO - Started process (PID=2450) to work on /home/airflow/.local/lib/python3.7/site-packages/airflow/example_dags/tutorial_etl_dag.py
[2022-07-16 16:32:41,641] {processor.py:641} INFO - Processing file /home/airflow/.local/lib/python3.7/site-packages/airflow/example_dags/tutorial_etl_dag.py for tasks to queue
[2022-07-16 16:32:41,642] {logging_mixin.py:115} INFO - [2022-07-16 16:32:41,641] {dagbag.py:508} INFO - Filling up the DagBag from /home/airflow/.local/lib/python3.7/site-packages/airflow/example_dags/tutorial_etl_dag.py
[2022-07-16 16:32:41,700] {processor.py:651} INFO - DAG(s) dict_keys(['tutorial_etl_dag']) retrieved from /home/airflow/.local/lib/python3.7/site-packages/airflow/example_dags/tutorial_etl_dag.py
[2022-07-16 16:32:41,943] {logging_mixin.py:115} INFO - [2022-07-16 16:32:41,942] {dag.py:2420} INFO - Sync 1 DAGs
[2022-07-16 16:32:42,083] {logging_mixin.py:115} INFO - [2022-07-16 16:32:42,083] {dag.py:2972} INFO - Setting next_dagrun for tutorial_etl_dag to None, run_after=None
[2022-07-16 16:32:42,107] {processor.py:161} INFO - Processing /home/airflow/.local/lib/python3.7/site-packages/airflow/example_dags/tutorial_etl_dag.py took 0.490 seconds
[2022-07-16 16:33:13,581] {processor.py:153} INFO - Started process (PID=2640) to work on /home/airflow/.local/lib/python3.7/site-packages/airflow/example_dags/tutorial_etl_dag.py
[2022-07-16 16:33:13,582] {processor.py:641} INFO - Processing file /home/airflow/.local/lib/python3.7/site-packages/airflow/example_dags/tutorial_etl_dag.py for tasks to queue
[2022-07-16 16:33:13,582] {logging_mixin.py:115} INFO - [2022-07-16 16:33:13,582] {dagbag.py:508} INFO - Filling up the DagBag from /home/airflow/.local/lib/python3.7/site-packages/airflow/example_dags/tutorial_etl_dag.py
[2022-07-16 16:33:13,604] {processor.py:651} INFO - DAG(s) dict_keys(['tutorial_etl_dag']) retrieved from /home/airflow/.local/lib/python3.7/site-packages/airflow/example_dags/tutorial_etl_dag.py
[2022-07-16 16:33:14,142] {logging_mixin.py:115} INFO - [2022-07-16 16:33:14,141] {dag.py:2420} INFO - Sync 1 DAGs
[2022-07-16 16:33:14,510] {logging_mixin.py:115} INFO - [2022-07-16 16:33:14,510] {dag.py:2972} INFO - Setting next_dagrun for tutorial_etl_dag to None, run_after=None
[2022-07-16 16:33:14,593] {processor.py:161} INFO - Processing /home/airflow/.local/lib/python3.7/site-packages/airflow/example_dags/tutorial_etl_dag.py took 1.019 seconds
[2022-07-16 16:33:45,411] {processor.py:153} INFO - Started process (PID=2831) to work on /home/airflow/.local/lib/python3.7/site-packages/airflow/example_dags/tutorial_etl_dag.py
[2022-07-16 16:33:45,413] {processor.py:641} INFO - Processing file /home/airflow/.local/lib/python3.7/site-packages/airflow/example_dags/tutorial_etl_dag.py for tasks to queue
[2022-07-16 16:33:45,414] {logging_mixin.py:115} INFO - [2022-07-16 16:33:45,413] {dagbag.py:508} INFO - Filling up the DagBag from /home/airflow/.local/lib/python3.7/site-packages/airflow/example_dags/tutorial_etl_dag.py
[2022-07-16 16:33:45,456] {processor.py:651} INFO - DAG(s) dict_keys(['tutorial_etl_dag']) retrieved from /home/airflow/.local/lib/python3.7/site-packages/airflow/example_dags/tutorial_etl_dag.py
[2022-07-16 16:33:45,649] {logging_mixin.py:115} INFO - [2022-07-16 16:33:45,649] {dag.py:2420} INFO - Sync 1 DAGs
[2022-07-16 16:33:45,757] {logging_mixin.py:115} INFO - [2022-07-16 16:33:45,757] {dag.py:2972} INFO - Setting next_dagrun for tutorial_etl_dag to None, run_after=None
[2022-07-16 16:33:45,791] {processor.py:161} INFO - Processing /home/airflow/.local/lib/python3.7/site-packages/airflow/example_dags/tutorial_etl_dag.py took 0.400 seconds
[2022-07-16 16:34:16,187] {processor.py:153} INFO - Started process (PID=3021) to work on /home/airflow/.local/lib/python3.7/site-packages/airflow/example_dags/tutorial_etl_dag.py
[2022-07-16 16:34:16,188] {processor.py:641} INFO - Processing file /home/airflow/.local/lib/python3.7/site-packages/airflow/example_dags/tutorial_etl_dag.py for tasks to queue
[2022-07-16 16:34:16,190] {logging_mixin.py:115} INFO - [2022-07-16 16:34:16,189] {dagbag.py:508} INFO - Filling up the DagBag from /home/airflow/.local/lib/python3.7/site-packages/airflow/example_dags/tutorial_etl_dag.py
[2022-07-16 16:34:16,213] {processor.py:651} INFO - DAG(s) dict_keys(['tutorial_etl_dag']) retrieved from /home/airflow/.local/lib/python3.7/site-packages/airflow/example_dags/tutorial_etl_dag.py
[2022-07-16 16:34:16,393] {logging_mixin.py:115} INFO - [2022-07-16 16:34:16,393] {dag.py:2420} INFO - Sync 1 DAGs
[2022-07-16 16:34:16,486] {logging_mixin.py:115} INFO - [2022-07-16 16:34:16,486] {dag.py:2972} INFO - Setting next_dagrun for tutorial_etl_dag to None, run_after=None
[2022-07-16 16:34:16,520] {processor.py:161} INFO - Processing /home/airflow/.local/lib/python3.7/site-packages/airflow/example_dags/tutorial_etl_dag.py took 0.350 seconds
[2022-07-16 16:34:46,970] {processor.py:153} INFO - Started process (PID=3211) to work on /home/airflow/.local/lib/python3.7/site-packages/airflow/example_dags/tutorial_etl_dag.py
[2022-07-16 16:34:46,972] {processor.py:641} INFO - Processing file /home/airflow/.local/lib/python3.7/site-packages/airflow/example_dags/tutorial_etl_dag.py for tasks to queue
[2022-07-16 16:34:46,973] {logging_mixin.py:115} INFO - [2022-07-16 16:34:46,973] {dagbag.py:508} INFO - Filling up the DagBag from /home/airflow/.local/lib/python3.7/site-packages/airflow/example_dags/tutorial_etl_dag.py
[2022-07-16 16:34:47,001] {processor.py:651} INFO - DAG(s) dict_keys(['tutorial_etl_dag']) retrieved from /home/airflow/.local/lib/python3.7/site-packages/airflow/example_dags/tutorial_etl_dag.py
[2022-07-16 16:34:47,129] {logging_mixin.py:115} INFO - [2022-07-16 16:34:47,129] {dag.py:2420} INFO - Sync 1 DAGs
[2022-07-16 16:34:47,206] {logging_mixin.py:115} INFO - [2022-07-16 16:34:47,206] {dag.py:2972} INFO - Setting next_dagrun for tutorial_etl_dag to None, run_after=None
[2022-07-16 16:34:47,232] {processor.py:161} INFO - Processing /home/airflow/.local/lib/python3.7/site-packages/airflow/example_dags/tutorial_etl_dag.py took 0.291 seconds
[2022-07-16 16:39:15,757] {processor.py:153} INFO - Started process (PID=365) to work on /home/airflow/.local/lib/python3.7/site-packages/airflow/example_dags/tutorial_etl_dag.py
[2022-07-16 16:39:15,761] {processor.py:641} INFO - Processing file /home/airflow/.local/lib/python3.7/site-packages/airflow/example_dags/tutorial_etl_dag.py for tasks to queue
[2022-07-16 16:39:15,762] {logging_mixin.py:115} INFO - [2022-07-16 16:39:15,762] {dagbag.py:508} INFO - Filling up the DagBag from /home/airflow/.local/lib/python3.7/site-packages/airflow/example_dags/tutorial_etl_dag.py
[2022-07-16 16:39:15,856] {processor.py:651} INFO - DAG(s) dict_keys(['tutorial_etl_dag']) retrieved from /home/airflow/.local/lib/python3.7/site-packages/airflow/example_dags/tutorial_etl_dag.py
[2022-07-16 16:39:16,739] {logging_mixin.py:115} INFO - [2022-07-16 16:39:16,738] {manager.py:508} INFO - Created Permission View: can delete on DAG:tutorial_etl_dag
[2022-07-16 16:39:16,857] {logging_mixin.py:115} INFO - [2022-07-16 16:39:16,857] {manager.py:508} INFO - Created Permission View: can edit on DAG:tutorial_etl_dag
[2022-07-16 16:39:16,912] {logging_mixin.py:115} INFO - [2022-07-16 16:39:16,911] {manager.py:508} INFO - Created Permission View: can read on DAG:tutorial_etl_dag
[2022-07-16 16:39:16,912] {logging_mixin.py:115} INFO - [2022-07-16 16:39:16,912] {dag.py:2420} INFO - Sync 1 DAGs
[2022-07-16 16:39:17,013] {logging_mixin.py:115} INFO - [2022-07-16 16:39:17,013] {dag.py:2439} INFO - Creating ORM DAG for tutorial_etl_dag
[2022-07-16 16:39:17,143] {logging_mixin.py:115} INFO - [2022-07-16 16:39:17,143] {dag.py:2972} INFO - Setting next_dagrun for tutorial_etl_dag to None, run_after=None
[2022-07-16 16:39:17,182] {processor.py:161} INFO - Processing /home/airflow/.local/lib/python3.7/site-packages/airflow/example_dags/tutorial_etl_dag.py took 1.468 seconds
