[2022-07-16 16:25:44,812] {processor.py:153} INFO - Started process (PID=192) to work on /home/airflow/.local/lib/python3.7/site-packages/airflow/example_dags/tutorial.py
[2022-07-16 16:25:44,813] {processor.py:641} INFO - Processing file /home/airflow/.local/lib/python3.7/site-packages/airflow/example_dags/tutorial.py for tasks to queue
[2022-07-16 16:25:44,826] {logging_mixin.py:115} INFO - [2022-07-16 16:25:44,826] {dagbag.py:508} INFO - Filling up the DagBag from /home/airflow/.local/lib/python3.7/site-packages/airflow/example_dags/tutorial.py
[2022-07-16 16:25:44,893] {processor.py:651} INFO - DAG(s) dict_keys(['tutorial']) retrieved from /home/airflow/.local/lib/python3.7/site-packages/airflow/example_dags/tutorial.py
[2022-07-16 16:25:45,343] {logging_mixin.py:115} INFO - [2022-07-16 16:25:45,342] {manager.py:508} INFO - Created Permission View: can delete on DAG:tutorial
[2022-07-16 16:25:45,391] {logging_mixin.py:115} INFO - [2022-07-16 16:25:45,391] {manager.py:508} INFO - Created Permission View: can edit on DAG:tutorial
[2022-07-16 16:25:45,413] {logging_mixin.py:115} INFO - [2022-07-16 16:25:45,413] {manager.py:508} INFO - Created Permission View: can read on DAG:tutorial
[2022-07-16 16:25:45,414] {logging_mixin.py:115} INFO - [2022-07-16 16:25:45,414] {dag.py:2420} INFO - Sync 1 DAGs
[2022-07-16 16:25:45,434] {logging_mixin.py:115} INFO - [2022-07-16 16:25:45,434] {dag.py:2439} INFO - Creating ORM DAG for tutorial
[2022-07-16 16:25:45,470] {logging_mixin.py:115} INFO - [2022-07-16 16:25:45,469] {dag.py:2972} INFO - Setting next_dagrun for tutorial to 2022-07-15T16:25:45.466820+00:00, run_after=2022-07-16T16:25:45.466820+00:00
[2022-07-16 16:25:45,512] {processor.py:161} INFO - Processing /home/airflow/.local/lib/python3.7/site-packages/airflow/example_dags/tutorial.py took 0.745 seconds
[2022-07-16 16:26:16,206] {processor.py:153} INFO - Started process (PID=380) to work on /home/airflow/.local/lib/python3.7/site-packages/airflow/example_dags/tutorial.py
[2022-07-16 16:26:16,213] {processor.py:641} INFO - Processing file /home/airflow/.local/lib/python3.7/site-packages/airflow/example_dags/tutorial.py for tasks to queue
[2022-07-16 16:26:16,214] {logging_mixin.py:115} INFO - [2022-07-16 16:26:16,214] {dagbag.py:508} INFO - Filling up the DagBag from /home/airflow/.local/lib/python3.7/site-packages/airflow/example_dags/tutorial.py
[2022-07-16 16:26:16,247] {processor.py:651} INFO - DAG(s) dict_keys(['tutorial']) retrieved from /home/airflow/.local/lib/python3.7/site-packages/airflow/example_dags/tutorial.py
[2022-07-16 16:26:16,387] {logging_mixin.py:115} INFO - [2022-07-16 16:26:16,387] {dag.py:2420} INFO - Sync 1 DAGs
[2022-07-16 16:26:16,587] {logging_mixin.py:115} INFO - [2022-07-16 16:26:16,587] {dag.py:2972} INFO - Setting next_dagrun for tutorial to 2022-07-15T16:26:16.586838+00:00, run_after=2022-07-16T16:26:16.586838+00:00
[2022-07-16 16:26:16,659] {processor.py:161} INFO - Processing /home/airflow/.local/lib/python3.7/site-packages/airflow/example_dags/tutorial.py took 0.460 seconds
[2022-07-16 16:26:57,680] {processor.py:153} INFO - Started process (PID=561) to work on /home/airflow/.local/lib/python3.7/site-packages/airflow/example_dags/tutorial.py
[2022-07-16 16:26:57,686] {processor.py:641} INFO - Processing file /home/airflow/.local/lib/python3.7/site-packages/airflow/example_dags/tutorial.py for tasks to queue
[2022-07-16 16:26:57,687] {logging_mixin.py:115} INFO - [2022-07-16 16:26:57,687] {dagbag.py:508} INFO - Filling up the DagBag from /home/airflow/.local/lib/python3.7/site-packages/airflow/example_dags/tutorial.py
[2022-07-16 16:26:57,802] {processor.py:651} INFO - DAG(s) dict_keys(['tutorial']) retrieved from /home/airflow/.local/lib/python3.7/site-packages/airflow/example_dags/tutorial.py
[2022-07-16 16:26:58,335] {logging_mixin.py:115} INFO - [2022-07-16 16:26:58,335] {dag.py:2420} INFO - Sync 1 DAGs
[2022-07-16 16:26:58,718] {logging_mixin.py:115} INFO - [2022-07-16 16:26:58,718] {dag.py:2972} INFO - Setting next_dagrun for tutorial to 2022-07-15T16:26:58.717760+00:00, run_after=2022-07-16T16:26:58.717760+00:00
[2022-07-16 16:26:58,953] {processor.py:161} INFO - Processing /home/airflow/.local/lib/python3.7/site-packages/airflow/example_dags/tutorial.py took 1.390 seconds
[2022-07-16 16:27:29,544] {processor.py:153} INFO - Started process (PID=747) to work on /home/airflow/.local/lib/python3.7/site-packages/airflow/example_dags/tutorial.py
[2022-07-16 16:27:29,548] {processor.py:641} INFO - Processing file /home/airflow/.local/lib/python3.7/site-packages/airflow/example_dags/tutorial.py for tasks to queue
[2022-07-16 16:27:29,549] {logging_mixin.py:115} INFO - [2022-07-16 16:27:29,549] {dagbag.py:508} INFO - Filling up the DagBag from /home/airflow/.local/lib/python3.7/site-packages/airflow/example_dags/tutorial.py
[2022-07-16 16:27:29,730] {processor.py:651} INFO - DAG(s) dict_keys(['tutorial']) retrieved from /home/airflow/.local/lib/python3.7/site-packages/airflow/example_dags/tutorial.py
[2022-07-16 16:27:30,179] {logging_mixin.py:115} INFO - [2022-07-16 16:27:30,179] {dag.py:2420} INFO - Sync 1 DAGs
[2022-07-16 16:27:30,295] {logging_mixin.py:115} INFO - [2022-07-16 16:27:30,295] {dag.py:2972} INFO - Setting next_dagrun for tutorial to 2022-07-15T16:27:30.293574+00:00, run_after=2022-07-16T16:27:30.293574+00:00
[2022-07-16 16:27:30,353] {processor.py:161} INFO - Processing /home/airflow/.local/lib/python3.7/site-packages/airflow/example_dags/tutorial.py took 0.833 seconds
[2022-07-16 16:28:02,594] {processor.py:153} INFO - Started process (PID=926) to work on /home/airflow/.local/lib/python3.7/site-packages/airflow/example_dags/tutorial.py
[2022-07-16 16:28:02,610] {processor.py:641} INFO - Processing file /home/airflow/.local/lib/python3.7/site-packages/airflow/example_dags/tutorial.py for tasks to queue
[2022-07-16 16:28:02,611] {logging_mixin.py:115} INFO - [2022-07-16 16:28:02,611] {dagbag.py:508} INFO - Filling up the DagBag from /home/airflow/.local/lib/python3.7/site-packages/airflow/example_dags/tutorial.py
[2022-07-16 16:28:02,663] {processor.py:651} INFO - DAG(s) dict_keys(['tutorial']) retrieved from /home/airflow/.local/lib/python3.7/site-packages/airflow/example_dags/tutorial.py
[2022-07-16 16:28:02,863] {logging_mixin.py:115} INFO - [2022-07-16 16:28:02,863] {dag.py:2420} INFO - Sync 1 DAGs
[2022-07-16 16:28:03,299] {logging_mixin.py:115} INFO - [2022-07-16 16:28:03,299] {dag.py:2972} INFO - Setting next_dagrun for tutorial to 2022-07-15T16:28:03.299003+00:00, run_after=2022-07-16T16:28:03.299003+00:00
[2022-07-16 16:28:03,485] {processor.py:161} INFO - Processing /home/airflow/.local/lib/python3.7/site-packages/airflow/example_dags/tutorial.py took 0.922 seconds
[2022-07-16 16:28:34,464] {processor.py:153} INFO - Started process (PID=1110) to work on /home/airflow/.local/lib/python3.7/site-packages/airflow/example_dags/tutorial.py
[2022-07-16 16:28:34,466] {processor.py:641} INFO - Processing file /home/airflow/.local/lib/python3.7/site-packages/airflow/example_dags/tutorial.py for tasks to queue
[2022-07-16 16:28:34,467] {logging_mixin.py:115} INFO - [2022-07-16 16:28:34,467] {dagbag.py:508} INFO - Filling up the DagBag from /home/airflow/.local/lib/python3.7/site-packages/airflow/example_dags/tutorial.py
[2022-07-16 16:28:34,482] {processor.py:651} INFO - DAG(s) dict_keys(['tutorial']) retrieved from /home/airflow/.local/lib/python3.7/site-packages/airflow/example_dags/tutorial.py
[2022-07-16 16:28:34,645] {logging_mixin.py:115} INFO - [2022-07-16 16:28:34,644] {dag.py:2420} INFO - Sync 1 DAGs
[2022-07-16 16:28:34,927] {logging_mixin.py:115} INFO - [2022-07-16 16:28:34,926] {dag.py:2972} INFO - Setting next_dagrun for tutorial to 2022-07-15T16:28:34.925976+00:00, run_after=2022-07-16T16:28:34.925976+00:00
[2022-07-16 16:28:35,012] {processor.py:161} INFO - Processing /home/airflow/.local/lib/python3.7/site-packages/airflow/example_dags/tutorial.py took 0.556 seconds
[2022-07-16 16:29:16,049] {processor.py:153} INFO - Started process (PID=1293) to work on /home/airflow/.local/lib/python3.7/site-packages/airflow/example_dags/tutorial.py
[2022-07-16 16:29:16,084] {processor.py:641} INFO - Processing file /home/airflow/.local/lib/python3.7/site-packages/airflow/example_dags/tutorial.py for tasks to queue
[2022-07-16 16:29:16,117] {logging_mixin.py:115} INFO - [2022-07-16 16:29:16,116] {dagbag.py:508} INFO - Filling up the DagBag from /home/airflow/.local/lib/python3.7/site-packages/airflow/example_dags/tutorial.py
[2022-07-16 16:29:16,485] {processor.py:651} INFO - DAG(s) dict_keys(['tutorial']) retrieved from /home/airflow/.local/lib/python3.7/site-packages/airflow/example_dags/tutorial.py
[2022-07-16 16:29:17,085] {logging_mixin.py:115} INFO - [2022-07-16 16:29:17,084] {dag.py:2420} INFO - Sync 1 DAGs
[2022-07-16 16:29:17,683] {logging_mixin.py:115} INFO - [2022-07-16 16:29:17,679] {dag.py:2972} INFO - Setting next_dagrun for tutorial to 2022-07-15T16:29:17.676627+00:00, run_after=2022-07-16T16:29:17.676627+00:00
[2022-07-16 16:29:17,952] {processor.py:161} INFO - Processing /home/airflow/.local/lib/python3.7/site-packages/airflow/example_dags/tutorial.py took 2.139 seconds
[2022-07-16 16:29:53,524] {processor.py:153} INFO - Started process (PID=1493) to work on /home/airflow/.local/lib/python3.7/site-packages/airflow/example_dags/tutorial.py
[2022-07-16 16:29:53,526] {processor.py:641} INFO - Processing file /home/airflow/.local/lib/python3.7/site-packages/airflow/example_dags/tutorial.py for tasks to queue
[2022-07-16 16:29:53,527] {logging_mixin.py:115} INFO - [2022-07-16 16:29:53,527] {dagbag.py:508} INFO - Filling up the DagBag from /home/airflow/.local/lib/python3.7/site-packages/airflow/example_dags/tutorial.py
[2022-07-16 16:29:53,544] {processor.py:651} INFO - DAG(s) dict_keys(['tutorial']) retrieved from /home/airflow/.local/lib/python3.7/site-packages/airflow/example_dags/tutorial.py
[2022-07-16 16:29:53,745] {logging_mixin.py:115} INFO - [2022-07-16 16:29:53,744] {dag.py:2420} INFO - Sync 1 DAGs
[2022-07-16 16:29:53,864] {logging_mixin.py:115} INFO - [2022-07-16 16:29:53,864] {dag.py:2972} INFO - Setting next_dagrun for tutorial to 2022-07-15T16:29:53.863756+00:00, run_after=2022-07-16T16:29:53.863756+00:00
[2022-07-16 16:29:53,922] {processor.py:161} INFO - Processing /home/airflow/.local/lib/python3.7/site-packages/airflow/example_dags/tutorial.py took 0.409 seconds
[2022-07-16 16:30:25,107] {processor.py:153} INFO - Started process (PID=1667) to work on /home/airflow/.local/lib/python3.7/site-packages/airflow/example_dags/tutorial.py
[2022-07-16 16:30:25,120] {processor.py:641} INFO - Processing file /home/airflow/.local/lib/python3.7/site-packages/airflow/example_dags/tutorial.py for tasks to queue
[2022-07-16 16:30:25,122] {logging_mixin.py:115} INFO - [2022-07-16 16:30:25,121] {dagbag.py:508} INFO - Filling up the DagBag from /home/airflow/.local/lib/python3.7/site-packages/airflow/example_dags/tutorial.py
[2022-07-16 16:30:25,190] {processor.py:651} INFO - DAG(s) dict_keys(['tutorial']) retrieved from /home/airflow/.local/lib/python3.7/site-packages/airflow/example_dags/tutorial.py
[2022-07-16 16:30:25,479] {logging_mixin.py:115} INFO - [2022-07-16 16:30:25,479] {dag.py:2420} INFO - Sync 1 DAGs
[2022-07-16 16:30:25,691] {logging_mixin.py:115} INFO - [2022-07-16 16:30:25,691] {dag.py:2972} INFO - Setting next_dagrun for tutorial to 2022-07-15T16:30:25.690248+00:00, run_after=2022-07-16T16:30:25.690248+00:00
[2022-07-16 16:30:25,853] {processor.py:161} INFO - Processing /home/airflow/.local/lib/python3.7/site-packages/airflow/example_dags/tutorial.py took 0.778 seconds
[2022-07-16 16:30:58,915] {processor.py:153} INFO - Started process (PID=1844) to work on /home/airflow/.local/lib/python3.7/site-packages/airflow/example_dags/tutorial.py
[2022-07-16 16:30:58,918] {processor.py:641} INFO - Processing file /home/airflow/.local/lib/python3.7/site-packages/airflow/example_dags/tutorial.py for tasks to queue
[2022-07-16 16:30:58,919] {logging_mixin.py:115} INFO - [2022-07-16 16:30:58,919] {dagbag.py:508} INFO - Filling up the DagBag from /home/airflow/.local/lib/python3.7/site-packages/airflow/example_dags/tutorial.py
[2022-07-16 16:30:59,079] {processor.py:651} INFO - DAG(s) dict_keys(['tutorial']) retrieved from /home/airflow/.local/lib/python3.7/site-packages/airflow/example_dags/tutorial.py
[2022-07-16 16:30:59,459] {logging_mixin.py:115} INFO - [2022-07-16 16:30:59,459] {dag.py:2420} INFO - Sync 1 DAGs
[2022-07-16 16:30:59,969] {logging_mixin.py:115} INFO - [2022-07-16 16:30:59,932] {dag.py:2972} INFO - Setting next_dagrun for tutorial to 2022-07-15T16:30:59.931434+00:00, run_after=2022-07-16T16:30:59.931434+00:00
[2022-07-16 16:31:00,128] {processor.py:161} INFO - Processing /home/airflow/.local/lib/python3.7/site-packages/airflow/example_dags/tutorial.py took 1.309 seconds
[2022-07-16 16:31:30,737] {processor.py:153} INFO - Started process (PID=2022) to work on /home/airflow/.local/lib/python3.7/site-packages/airflow/example_dags/tutorial.py
[2022-07-16 16:31:30,745] {processor.py:641} INFO - Processing file /home/airflow/.local/lib/python3.7/site-packages/airflow/example_dags/tutorial.py for tasks to queue
[2022-07-16 16:31:30,746] {logging_mixin.py:115} INFO - [2022-07-16 16:31:30,746] {dagbag.py:508} INFO - Filling up the DagBag from /home/airflow/.local/lib/python3.7/site-packages/airflow/example_dags/tutorial.py
[2022-07-16 16:31:30,803] {processor.py:651} INFO - DAG(s) dict_keys(['tutorial']) retrieved from /home/airflow/.local/lib/python3.7/site-packages/airflow/example_dags/tutorial.py
[2022-07-16 16:31:31,018] {logging_mixin.py:115} INFO - [2022-07-16 16:31:31,018] {dag.py:2420} INFO - Sync 1 DAGs
[2022-07-16 16:31:31,460] {logging_mixin.py:115} INFO - [2022-07-16 16:31:31,441] {dag.py:2972} INFO - Setting next_dagrun for tutorial to 2022-07-15T16:31:31.440326+00:00, run_after=2022-07-16T16:31:31.440326+00:00
[2022-07-16 16:31:31,605] {processor.py:161} INFO - Processing /home/airflow/.local/lib/python3.7/site-packages/airflow/example_dags/tutorial.py took 0.908 seconds
[2022-07-16 16:32:01,987] {processor.py:153} INFO - Started process (PID=2211) to work on /home/airflow/.local/lib/python3.7/site-packages/airflow/example_dags/tutorial.py
[2022-07-16 16:32:01,993] {processor.py:641} INFO - Processing file /home/airflow/.local/lib/python3.7/site-packages/airflow/example_dags/tutorial.py for tasks to queue
[2022-07-16 16:32:01,994] {logging_mixin.py:115} INFO - [2022-07-16 16:32:01,994] {dagbag.py:508} INFO - Filling up the DagBag from /home/airflow/.local/lib/python3.7/site-packages/airflow/example_dags/tutorial.py
[2022-07-16 16:32:02,021] {processor.py:651} INFO - DAG(s) dict_keys(['tutorial']) retrieved from /home/airflow/.local/lib/python3.7/site-packages/airflow/example_dags/tutorial.py
[2022-07-16 16:32:02,105] {logging_mixin.py:115} INFO - [2022-07-16 16:32:02,104] {dag.py:2420} INFO - Sync 1 DAGs
[2022-07-16 16:32:02,182] {logging_mixin.py:115} INFO - [2022-07-16 16:32:02,182] {dag.py:2972} INFO - Setting next_dagrun for tutorial to 2022-07-15T16:32:02.181639+00:00, run_after=2022-07-16T16:32:02.181639+00:00
[2022-07-16 16:32:02,210] {processor.py:161} INFO - Processing /home/airflow/.local/lib/python3.7/site-packages/airflow/example_dags/tutorial.py took 0.231 seconds
[2022-07-16 16:32:32,421] {processor.py:153} INFO - Started process (PID=2398) to work on /home/airflow/.local/lib/python3.7/site-packages/airflow/example_dags/tutorial.py
[2022-07-16 16:32:32,423] {processor.py:641} INFO - Processing file /home/airflow/.local/lib/python3.7/site-packages/airflow/example_dags/tutorial.py for tasks to queue
[2022-07-16 16:32:32,424] {logging_mixin.py:115} INFO - [2022-07-16 16:32:32,424] {dagbag.py:508} INFO - Filling up the DagBag from /home/airflow/.local/lib/python3.7/site-packages/airflow/example_dags/tutorial.py
[2022-07-16 16:32:32,440] {processor.py:651} INFO - DAG(s) dict_keys(['tutorial']) retrieved from /home/airflow/.local/lib/python3.7/site-packages/airflow/example_dags/tutorial.py
[2022-07-16 16:32:32,508] {logging_mixin.py:115} INFO - [2022-07-16 16:32:32,508] {dag.py:2420} INFO - Sync 1 DAGs
[2022-07-16 16:32:32,575] {logging_mixin.py:115} INFO - [2022-07-16 16:32:32,575] {dag.py:2972} INFO - Setting next_dagrun for tutorial to 2022-07-15T16:32:32.574863+00:00, run_after=2022-07-16T16:32:32.574863+00:00
[2022-07-16 16:32:32,599] {processor.py:161} INFO - Processing /home/airflow/.local/lib/python3.7/site-packages/airflow/example_dags/tutorial.py took 0.188 seconds
[2022-07-16 16:33:03,978] {processor.py:153} INFO - Started process (PID=2583) to work on /home/airflow/.local/lib/python3.7/site-packages/airflow/example_dags/tutorial.py
[2022-07-16 16:33:03,981] {processor.py:641} INFO - Processing file /home/airflow/.local/lib/python3.7/site-packages/airflow/example_dags/tutorial.py for tasks to queue
[2022-07-16 16:33:03,982] {logging_mixin.py:115} INFO - [2022-07-16 16:33:03,982] {dagbag.py:508} INFO - Filling up the DagBag from /home/airflow/.local/lib/python3.7/site-packages/airflow/example_dags/tutorial.py
[2022-07-16 16:33:04,011] {processor.py:651} INFO - DAG(s) dict_keys(['tutorial']) retrieved from /home/airflow/.local/lib/python3.7/site-packages/airflow/example_dags/tutorial.py
[2022-07-16 16:33:04,184] {logging_mixin.py:115} INFO - [2022-07-16 16:33:04,183] {dag.py:2420} INFO - Sync 1 DAGs
[2022-07-16 16:33:04,603] {logging_mixin.py:115} INFO - [2022-07-16 16:33:04,603] {dag.py:2972} INFO - Setting next_dagrun for tutorial to 2022-07-15T16:33:04.602289+00:00, run_after=2022-07-16T16:33:04.602289+00:00
[2022-07-16 16:33:04,730] {processor.py:161} INFO - Processing /home/airflow/.local/lib/python3.7/site-packages/airflow/example_dags/tutorial.py took 0.764 seconds
[2022-07-16 16:33:34,945] {processor.py:153} INFO - Started process (PID=2764) to work on /home/airflow/.local/lib/python3.7/site-packages/airflow/example_dags/tutorial.py
[2022-07-16 16:33:34,946] {processor.py:641} INFO - Processing file /home/airflow/.local/lib/python3.7/site-packages/airflow/example_dags/tutorial.py for tasks to queue
[2022-07-16 16:33:34,947] {logging_mixin.py:115} INFO - [2022-07-16 16:33:34,946] {dagbag.py:508} INFO - Filling up the DagBag from /home/airflow/.local/lib/python3.7/site-packages/airflow/example_dags/tutorial.py
[2022-07-16 16:33:34,963] {processor.py:651} INFO - DAG(s) dict_keys(['tutorial']) retrieved from /home/airflow/.local/lib/python3.7/site-packages/airflow/example_dags/tutorial.py
[2022-07-16 16:33:35,056] {logging_mixin.py:115} INFO - [2022-07-16 16:33:35,056] {dag.py:2420} INFO - Sync 1 DAGs
[2022-07-16 16:33:35,142] {logging_mixin.py:115} INFO - [2022-07-16 16:33:35,142] {dag.py:2972} INFO - Setting next_dagrun for tutorial to 2022-07-15T16:33:35.142278+00:00, run_after=2022-07-16T16:33:35.142278+00:00
[2022-07-16 16:33:35,170] {processor.py:161} INFO - Processing /home/airflow/.local/lib/python3.7/site-packages/airflow/example_dags/tutorial.py took 0.234 seconds
[2022-07-16 16:34:05,406] {processor.py:153} INFO - Started process (PID=2954) to work on /home/airflow/.local/lib/python3.7/site-packages/airflow/example_dags/tutorial.py
[2022-07-16 16:34:05,407] {processor.py:641} INFO - Processing file /home/airflow/.local/lib/python3.7/site-packages/airflow/example_dags/tutorial.py for tasks to queue
[2022-07-16 16:34:05,408] {logging_mixin.py:115} INFO - [2022-07-16 16:34:05,408] {dagbag.py:508} INFO - Filling up the DagBag from /home/airflow/.local/lib/python3.7/site-packages/airflow/example_dags/tutorial.py
[2022-07-16 16:34:05,438] {processor.py:651} INFO - DAG(s) dict_keys(['tutorial']) retrieved from /home/airflow/.local/lib/python3.7/site-packages/airflow/example_dags/tutorial.py
[2022-07-16 16:34:05,592] {logging_mixin.py:115} INFO - [2022-07-16 16:34:05,591] {dag.py:2420} INFO - Sync 1 DAGs
[2022-07-16 16:34:05,823] {logging_mixin.py:115} INFO - [2022-07-16 16:34:05,823] {dag.py:2972} INFO - Setting next_dagrun for tutorial to 2022-07-15T16:34:05.803637+00:00, run_after=2022-07-16T16:34:05.803637+00:00
[2022-07-16 16:34:05,949] {processor.py:161} INFO - Processing /home/airflow/.local/lib/python3.7/site-packages/airflow/example_dags/tutorial.py took 0.553 seconds
[2022-07-16 16:34:36,491] {processor.py:153} INFO - Started process (PID=3149) to work on /home/airflow/.local/lib/python3.7/site-packages/airflow/example_dags/tutorial.py
[2022-07-16 16:34:36,510] {processor.py:641} INFO - Processing file /home/airflow/.local/lib/python3.7/site-packages/airflow/example_dags/tutorial.py for tasks to queue
[2022-07-16 16:34:36,554] {logging_mixin.py:115} INFO - [2022-07-16 16:34:36,552] {dagbag.py:508} INFO - Filling up the DagBag from /home/airflow/.local/lib/python3.7/site-packages/airflow/example_dags/tutorial.py
[2022-07-16 16:34:36,603] {processor.py:651} INFO - DAG(s) dict_keys(['tutorial']) retrieved from /home/airflow/.local/lib/python3.7/site-packages/airflow/example_dags/tutorial.py
[2022-07-16 16:34:37,063] {logging_mixin.py:115} INFO - [2022-07-16 16:34:37,062] {dag.py:2420} INFO - Sync 1 DAGs
[2022-07-16 16:34:37,698] {logging_mixin.py:115} INFO - [2022-07-16 16:34:37,698] {dag.py:2972} INFO - Setting next_dagrun for tutorial to 2022-07-15T16:34:37.697831+00:00, run_after=2022-07-16T16:34:37.697831+00:00
[2022-07-16 16:34:37,953] {processor.py:161} INFO - Processing /home/airflow/.local/lib/python3.7/site-packages/airflow/example_dags/tutorial.py took 1.491 seconds
[2022-07-16 16:38:27,971] {processor.py:153} INFO - Started process (PID=205) to work on /home/airflow/.local/lib/python3.7/site-packages/airflow/example_dags/tutorial.py
[2022-07-16 16:38:28,008] {processor.py:641} INFO - Processing file /home/airflow/.local/lib/python3.7/site-packages/airflow/example_dags/tutorial.py for tasks to queue
[2022-07-16 16:38:28,009] {logging_mixin.py:115} INFO - [2022-07-16 16:38:28,009] {dagbag.py:508} INFO - Filling up the DagBag from /home/airflow/.local/lib/python3.7/site-packages/airflow/example_dags/tutorial.py
[2022-07-16 16:38:28,282] {processor.py:651} INFO - DAG(s) dict_keys(['tutorial']) retrieved from /home/airflow/.local/lib/python3.7/site-packages/airflow/example_dags/tutorial.py
[2022-07-16 16:38:30,041] {logging_mixin.py:115} INFO - [2022-07-16 16:38:30,040] {manager.py:508} INFO - Created Permission View: can delete on DAG:tutorial
[2022-07-16 16:38:30,309] {logging_mixin.py:115} INFO - [2022-07-16 16:38:30,309] {manager.py:508} INFO - Created Permission View: can edit on DAG:tutorial
[2022-07-16 16:38:30,478] {logging_mixin.py:115} INFO - [2022-07-16 16:38:30,478] {manager.py:508} INFO - Created Permission View: can read on DAG:tutorial
[2022-07-16 16:38:30,487] {logging_mixin.py:115} INFO - [2022-07-16 16:38:30,487] {dag.py:2420} INFO - Sync 1 DAGs
[2022-07-16 16:38:30,699] {logging_mixin.py:115} INFO - [2022-07-16 16:38:30,699] {dag.py:2439} INFO - Creating ORM DAG for tutorial
[2022-07-16 16:38:30,887] {logging_mixin.py:115} INFO - [2022-07-16 16:38:30,887] {dag.py:2972} INFO - Setting next_dagrun for tutorial to 2022-07-15T16:38:30.886453+00:00, run_after=2022-07-16T16:38:30.886453+00:00
[2022-07-16 16:38:31,106] {processor.py:161} INFO - Processing /home/airflow/.local/lib/python3.7/site-packages/airflow/example_dags/tutorial.py took 3.177 seconds
[2022-07-16 16:39:18,076] {processor.py:153} INFO - Started process (PID=395) to work on /home/airflow/.local/lib/python3.7/site-packages/airflow/example_dags/tutorial.py
[2022-07-16 16:39:18,078] {processor.py:641} INFO - Processing file /home/airflow/.local/lib/python3.7/site-packages/airflow/example_dags/tutorial.py for tasks to queue
[2022-07-16 16:39:18,078] {logging_mixin.py:115} INFO - [2022-07-16 16:39:18,078] {dagbag.py:508} INFO - Filling up the DagBag from /home/airflow/.local/lib/python3.7/site-packages/airflow/example_dags/tutorial.py
[2022-07-16 16:39:18,137] {processor.py:651} INFO - DAG(s) dict_keys(['tutorial']) retrieved from /home/airflow/.local/lib/python3.7/site-packages/airflow/example_dags/tutorial.py
[2022-07-16 16:39:18,371] {logging_mixin.py:115} INFO - [2022-07-16 16:39:18,371] {dag.py:2420} INFO - Sync 1 DAGs
[2022-07-16 16:39:18,719] {logging_mixin.py:115} INFO - [2022-07-16 16:39:18,712] {dag.py:2972} INFO - Setting next_dagrun for tutorial to 2022-07-15T16:39:18.711717+00:00, run_after=2022-07-16T16:39:18.711717+00:00
[2022-07-16 16:39:18,912] {processor.py:161} INFO - Processing /home/airflow/.local/lib/python3.7/site-packages/airflow/example_dags/tutorial.py took 0.864 seconds
