[2022-07-16 16:26:04,949] {processor.py:153} INFO - Started process (PID=316) to work on /home/airflow/.local/lib/python3.7/site-packages/airflow/example_dags/tutorial_taskflow_api_etl.py
[2022-07-16 16:26:04,971] {processor.py:641} INFO - Processing file /home/airflow/.local/lib/python3.7/site-packages/airflow/example_dags/tutorial_taskflow_api_etl.py for tasks to queue
[2022-07-16 16:26:04,972] {logging_mixin.py:115} INFO - [2022-07-16 16:26:04,972] {dagbag.py:508} INFO - Filling up the DagBag from /home/airflow/.local/lib/python3.7/site-packages/airflow/example_dags/tutorial_taskflow_api_etl.py
[2022-07-16 16:26:05,144] {processor.py:651} INFO - DAG(s) dict_keys(['tutorial_taskflow_api_etl']) retrieved from /home/airflow/.local/lib/python3.7/site-packages/airflow/example_dags/tutorial_taskflow_api_etl.py
[2022-07-16 16:26:05,817] {logging_mixin.py:115} INFO - [2022-07-16 16:26:05,817] {manager.py:508} INFO - Created Permission View: can delete on DAG:tutorial_taskflow_api_etl
[2022-07-16 16:26:05,888] {logging_mixin.py:115} INFO - [2022-07-16 16:26:05,888] {manager.py:508} INFO - Created Permission View: can edit on DAG:tutorial_taskflow_api_etl
[2022-07-16 16:26:05,936] {logging_mixin.py:115} INFO - [2022-07-16 16:26:05,936] {manager.py:508} INFO - Created Permission View: can read on DAG:tutorial_taskflow_api_etl
[2022-07-16 16:26:05,941] {logging_mixin.py:115} INFO - [2022-07-16 16:26:05,936] {dag.py:2420} INFO - Sync 1 DAGs
[2022-07-16 16:26:06,015] {logging_mixin.py:115} INFO - [2022-07-16 16:26:06,015] {dag.py:2439} INFO - Creating ORM DAG for tutorial_taskflow_api_etl
[2022-07-16 16:26:06,128] {logging_mixin.py:115} INFO - [2022-07-16 16:26:06,121] {dag.py:2972} INFO - Setting next_dagrun for tutorial_taskflow_api_etl to None, run_after=None
[2022-07-16 16:26:06,445] {processor.py:161} INFO - Processing /home/airflow/.local/lib/python3.7/site-packages/airflow/example_dags/tutorial_taskflow_api_etl.py took 1.544 seconds
[2022-07-16 16:26:44,079] {processor.py:153} INFO - Started process (PID=504) to work on /home/airflow/.local/lib/python3.7/site-packages/airflow/example_dags/tutorial_taskflow_api_etl.py
[2022-07-16 16:26:44,082] {processor.py:641} INFO - Processing file /home/airflow/.local/lib/python3.7/site-packages/airflow/example_dags/tutorial_taskflow_api_etl.py for tasks to queue
[2022-07-16 16:26:44,095] {logging_mixin.py:115} INFO - [2022-07-16 16:26:44,084] {dagbag.py:508} INFO - Filling up the DagBag from /home/airflow/.local/lib/python3.7/site-packages/airflow/example_dags/tutorial_taskflow_api_etl.py
[2022-07-16 16:26:44,295] {processor.py:651} INFO - DAG(s) dict_keys(['tutorial_taskflow_api_etl']) retrieved from /home/airflow/.local/lib/python3.7/site-packages/airflow/example_dags/tutorial_taskflow_api_etl.py
[2022-07-16 16:26:45,311] {logging_mixin.py:115} INFO - [2022-07-16 16:26:45,311] {dag.py:2420} INFO - Sync 1 DAGs
[2022-07-16 16:26:45,499] {logging_mixin.py:115} INFO - [2022-07-16 16:26:45,499] {dag.py:2972} INFO - Setting next_dagrun for tutorial_taskflow_api_etl to None, run_after=None
[2022-07-16 16:26:45,889] {processor.py:161} INFO - Processing /home/airflow/.local/lib/python3.7/site-packages/airflow/example_dags/tutorial_taskflow_api_etl.py took 1.831 seconds
[2022-07-16 16:27:20,803] {processor.py:153} INFO - Started process (PID=693) to work on /home/airflow/.local/lib/python3.7/site-packages/airflow/example_dags/tutorial_taskflow_api_etl.py
[2022-07-16 16:27:20,813] {processor.py:641} INFO - Processing file /home/airflow/.local/lib/python3.7/site-packages/airflow/example_dags/tutorial_taskflow_api_etl.py for tasks to queue
[2022-07-16 16:27:20,814] {logging_mixin.py:115} INFO - [2022-07-16 16:27:20,814] {dagbag.py:508} INFO - Filling up the DagBag from /home/airflow/.local/lib/python3.7/site-packages/airflow/example_dags/tutorial_taskflow_api_etl.py
[2022-07-16 16:27:20,932] {processor.py:651} INFO - DAG(s) dict_keys(['tutorial_taskflow_api_etl']) retrieved from /home/airflow/.local/lib/python3.7/site-packages/airflow/example_dags/tutorial_taskflow_api_etl.py
[2022-07-16 16:27:21,127] {logging_mixin.py:115} INFO - [2022-07-16 16:27:21,127] {dag.py:2420} INFO - Sync 1 DAGs
[2022-07-16 16:27:21,249] {logging_mixin.py:115} INFO - [2022-07-16 16:27:21,249] {dag.py:2972} INFO - Setting next_dagrun for tutorial_taskflow_api_etl to None, run_after=None
[2022-07-16 16:27:21,309] {processor.py:161} INFO - Processing /home/airflow/.local/lib/python3.7/site-packages/airflow/example_dags/tutorial_taskflow_api_etl.py took 0.514 seconds
[2022-07-16 16:27:54,511] {processor.py:153} INFO - Started process (PID=881) to work on /home/airflow/.local/lib/python3.7/site-packages/airflow/example_dags/tutorial_taskflow_api_etl.py
[2022-07-16 16:27:54,523] {processor.py:641} INFO - Processing file /home/airflow/.local/lib/python3.7/site-packages/airflow/example_dags/tutorial_taskflow_api_etl.py for tasks to queue
[2022-07-16 16:27:54,525] {logging_mixin.py:115} INFO - [2022-07-16 16:27:54,524] {dagbag.py:508} INFO - Filling up the DagBag from /home/airflow/.local/lib/python3.7/site-packages/airflow/example_dags/tutorial_taskflow_api_etl.py
[2022-07-16 16:27:54,822] {processor.py:651} INFO - DAG(s) dict_keys(['tutorial_taskflow_api_etl']) retrieved from /home/airflow/.local/lib/python3.7/site-packages/airflow/example_dags/tutorial_taskflow_api_etl.py
[2022-07-16 16:27:55,233] {logging_mixin.py:115} INFO - [2022-07-16 16:27:55,233] {dag.py:2420} INFO - Sync 1 DAGs
[2022-07-16 16:27:55,617] {logging_mixin.py:115} INFO - [2022-07-16 16:27:55,617] {dag.py:2972} INFO - Setting next_dagrun for tutorial_taskflow_api_etl to None, run_after=None
[2022-07-16 16:27:55,718] {processor.py:161} INFO - Processing /home/airflow/.local/lib/python3.7/site-packages/airflow/example_dags/tutorial_taskflow_api_etl.py took 1.237 seconds
[2022-07-16 16:28:26,593] {processor.py:153} INFO - Started process (PID=1070) to work on /home/airflow/.local/lib/python3.7/site-packages/airflow/example_dags/tutorial_taskflow_api_etl.py
[2022-07-16 16:28:26,594] {processor.py:641} INFO - Processing file /home/airflow/.local/lib/python3.7/site-packages/airflow/example_dags/tutorial_taskflow_api_etl.py for tasks to queue
[2022-07-16 16:28:26,595] {logging_mixin.py:115} INFO - [2022-07-16 16:28:26,595] {dagbag.py:508} INFO - Filling up the DagBag from /home/airflow/.local/lib/python3.7/site-packages/airflow/example_dags/tutorial_taskflow_api_etl.py
[2022-07-16 16:28:26,650] {processor.py:651} INFO - DAG(s) dict_keys(['tutorial_taskflow_api_etl']) retrieved from /home/airflow/.local/lib/python3.7/site-packages/airflow/example_dags/tutorial_taskflow_api_etl.py
[2022-07-16 16:28:27,527] {logging_mixin.py:115} INFO - [2022-07-16 16:28:27,526] {dag.py:2420} INFO - Sync 1 DAGs
[2022-07-16 16:28:27,852] {logging_mixin.py:115} INFO - [2022-07-16 16:28:27,852] {dag.py:2972} INFO - Setting next_dagrun for tutorial_taskflow_api_etl to None, run_after=None
[2022-07-16 16:28:28,137] {processor.py:161} INFO - Processing /home/airflow/.local/lib/python3.7/site-packages/airflow/example_dags/tutorial_taskflow_api_etl.py took 1.556 seconds
[2022-07-16 16:28:59,475] {processor.py:153} INFO - Started process (PID=1266) to work on /home/airflow/.local/lib/python3.7/site-packages/airflow/example_dags/tutorial_taskflow_api_etl.py
[2022-07-16 16:28:59,485] {processor.py:641} INFO - Processing file /home/airflow/.local/lib/python3.7/site-packages/airflow/example_dags/tutorial_taskflow_api_etl.py for tasks to queue
[2022-07-16 16:28:59,500] {logging_mixin.py:115} INFO - [2022-07-16 16:28:59,486] {dagbag.py:508} INFO - Filling up the DagBag from /home/airflow/.local/lib/python3.7/site-packages/airflow/example_dags/tutorial_taskflow_api_etl.py
[2022-07-16 16:28:59,956] {processor.py:651} INFO - DAG(s) dict_keys(['tutorial_taskflow_api_etl']) retrieved from /home/airflow/.local/lib/python3.7/site-packages/airflow/example_dags/tutorial_taskflow_api_etl.py
[2022-07-16 16:29:03,305] {logging_mixin.py:115} INFO - [2022-07-16 16:29:03,305] {dag.py:2420} INFO - Sync 1 DAGs
[2022-07-16 16:29:03,889] {logging_mixin.py:115} INFO - [2022-07-16 16:29:03,888] {dag.py:2972} INFO - Setting next_dagrun for tutorial_taskflow_api_etl to None, run_after=None
[2022-07-16 16:29:04,417] {processor.py:161} INFO - Processing /home/airflow/.local/lib/python3.7/site-packages/airflow/example_dags/tutorial_taskflow_api_etl.py took 4.975 seconds
[2022-07-16 16:29:51,574] {processor.py:153} INFO - Started process (PID=1463) to work on /home/airflow/.local/lib/python3.7/site-packages/airflow/example_dags/tutorial_taskflow_api_etl.py
[2022-07-16 16:29:51,576] {processor.py:641} INFO - Processing file /home/airflow/.local/lib/python3.7/site-packages/airflow/example_dags/tutorial_taskflow_api_etl.py for tasks to queue
[2022-07-16 16:29:51,578] {logging_mixin.py:115} INFO - [2022-07-16 16:29:51,577] {dagbag.py:508} INFO - Filling up the DagBag from /home/airflow/.local/lib/python3.7/site-packages/airflow/example_dags/tutorial_taskflow_api_etl.py
[2022-07-16 16:29:51,625] {processor.py:651} INFO - DAG(s) dict_keys(['tutorial_taskflow_api_etl']) retrieved from /home/airflow/.local/lib/python3.7/site-packages/airflow/example_dags/tutorial_taskflow_api_etl.py
[2022-07-16 16:29:52,035] {logging_mixin.py:115} INFO - [2022-07-16 16:29:52,034] {dag.py:2420} INFO - Sync 1 DAGs
[2022-07-16 16:29:52,131] {logging_mixin.py:115} INFO - [2022-07-16 16:29:52,131] {dag.py:2972} INFO - Setting next_dagrun for tutorial_taskflow_api_etl to None, run_after=None
[2022-07-16 16:29:52,209] {processor.py:161} INFO - Processing /home/airflow/.local/lib/python3.7/site-packages/airflow/example_dags/tutorial_taskflow_api_etl.py took 0.644 seconds
[2022-07-16 16:30:23,922] {processor.py:153} INFO - Started process (PID=1652) to work on /home/airflow/.local/lib/python3.7/site-packages/airflow/example_dags/tutorial_taskflow_api_etl.py
[2022-07-16 16:30:23,923] {processor.py:641} INFO - Processing file /home/airflow/.local/lib/python3.7/site-packages/airflow/example_dags/tutorial_taskflow_api_etl.py for tasks to queue
[2022-07-16 16:30:23,925] {logging_mixin.py:115} INFO - [2022-07-16 16:30:23,924] {dagbag.py:508} INFO - Filling up the DagBag from /home/airflow/.local/lib/python3.7/site-packages/airflow/example_dags/tutorial_taskflow_api_etl.py
[2022-07-16 16:30:23,996] {processor.py:651} INFO - DAG(s) dict_keys(['tutorial_taskflow_api_etl']) retrieved from /home/airflow/.local/lib/python3.7/site-packages/airflow/example_dags/tutorial_taskflow_api_etl.py
[2022-07-16 16:30:24,369] {logging_mixin.py:115} INFO - [2022-07-16 16:30:24,369] {dag.py:2420} INFO - Sync 1 DAGs
[2022-07-16 16:30:24,622] {logging_mixin.py:115} INFO - [2022-07-16 16:30:24,621] {dag.py:2972} INFO - Setting next_dagrun for tutorial_taskflow_api_etl to None, run_after=None
[2022-07-16 16:30:24,822] {processor.py:161} INFO - Processing /home/airflow/.local/lib/python3.7/site-packages/airflow/example_dags/tutorial_taskflow_api_etl.py took 0.906 seconds
[2022-07-16 16:31:00,970] {processor.py:153} INFO - Started process (PID=1859) to work on /home/airflow/.local/lib/python3.7/site-packages/airflow/example_dags/tutorial_taskflow_api_etl.py
[2022-07-16 16:31:00,985] {processor.py:641} INFO - Processing file /home/airflow/.local/lib/python3.7/site-packages/airflow/example_dags/tutorial_taskflow_api_etl.py for tasks to queue
[2022-07-16 16:31:00,987] {logging_mixin.py:115} INFO - [2022-07-16 16:31:00,987] {dagbag.py:508} INFO - Filling up the DagBag from /home/airflow/.local/lib/python3.7/site-packages/airflow/example_dags/tutorial_taskflow_api_etl.py
[2022-07-16 16:31:01,121] {processor.py:651} INFO - DAG(s) dict_keys(['tutorial_taskflow_api_etl']) retrieved from /home/airflow/.local/lib/python3.7/site-packages/airflow/example_dags/tutorial_taskflow_api_etl.py
[2022-07-16 16:31:02,544] {logging_mixin.py:115} INFO - [2022-07-16 16:31:02,544] {dag.py:2420} INFO - Sync 1 DAGs
[2022-07-16 16:31:02,725] {logging_mixin.py:115} INFO - [2022-07-16 16:31:02,725] {dag.py:2972} INFO - Setting next_dagrun for tutorial_taskflow_api_etl to None, run_after=None
[2022-07-16 16:31:02,906] {processor.py:161} INFO - Processing /home/airflow/.local/lib/python3.7/site-packages/airflow/example_dags/tutorial_taskflow_api_etl.py took 1.957 seconds
[2022-07-16 16:31:33,201] {processor.py:153} INFO - Started process (PID=2045) to work on /home/airflow/.local/lib/python3.7/site-packages/airflow/example_dags/tutorial_taskflow_api_etl.py
[2022-07-16 16:31:33,209] {processor.py:641} INFO - Processing file /home/airflow/.local/lib/python3.7/site-packages/airflow/example_dags/tutorial_taskflow_api_etl.py for tasks to queue
[2022-07-16 16:31:33,211] {logging_mixin.py:115} INFO - [2022-07-16 16:31:33,210] {dagbag.py:508} INFO - Filling up the DagBag from /home/airflow/.local/lib/python3.7/site-packages/airflow/example_dags/tutorial_taskflow_api_etl.py
[2022-07-16 16:31:33,323] {processor.py:651} INFO - DAG(s) dict_keys(['tutorial_taskflow_api_etl']) retrieved from /home/airflow/.local/lib/python3.7/site-packages/airflow/example_dags/tutorial_taskflow_api_etl.py
[2022-07-16 16:31:34,280] {logging_mixin.py:115} INFO - [2022-07-16 16:31:34,280] {dag.py:2420} INFO - Sync 1 DAGs
[2022-07-16 16:31:34,603] {logging_mixin.py:115} INFO - [2022-07-16 16:31:34,603] {dag.py:2972} INFO - Setting next_dagrun for tutorial_taskflow_api_etl to None, run_after=None
[2022-07-16 16:31:34,863] {processor.py:161} INFO - Processing /home/airflow/.local/lib/python3.7/site-packages/airflow/example_dags/tutorial_taskflow_api_etl.py took 1.674 seconds
[2022-07-16 16:32:05,332] {processor.py:153} INFO - Started process (PID=2228) to work on /home/airflow/.local/lib/python3.7/site-packages/airflow/example_dags/tutorial_taskflow_api_etl.py
[2022-07-16 16:32:05,336] {processor.py:641} INFO - Processing file /home/airflow/.local/lib/python3.7/site-packages/airflow/example_dags/tutorial_taskflow_api_etl.py for tasks to queue
[2022-07-16 16:32:05,337] {logging_mixin.py:115} INFO - [2022-07-16 16:32:05,337] {dagbag.py:508} INFO - Filling up the DagBag from /home/airflow/.local/lib/python3.7/site-packages/airflow/example_dags/tutorial_taskflow_api_etl.py
[2022-07-16 16:32:05,374] {processor.py:651} INFO - DAG(s) dict_keys(['tutorial_taskflow_api_etl']) retrieved from /home/airflow/.local/lib/python3.7/site-packages/airflow/example_dags/tutorial_taskflow_api_etl.py
[2022-07-16 16:32:05,511] {logging_mixin.py:115} INFO - [2022-07-16 16:32:05,511] {dag.py:2420} INFO - Sync 1 DAGs
[2022-07-16 16:32:05,550] {logging_mixin.py:115} INFO - [2022-07-16 16:32:05,550] {dag.py:2972} INFO - Setting next_dagrun for tutorial_taskflow_api_etl to None, run_after=None
[2022-07-16 16:32:05,571] {processor.py:161} INFO - Processing /home/airflow/.local/lib/python3.7/site-packages/airflow/example_dags/tutorial_taskflow_api_etl.py took 0.253 seconds
[2022-07-16 16:32:35,939] {processor.py:153} INFO - Started process (PID=2415) to work on /home/airflow/.local/lib/python3.7/site-packages/airflow/example_dags/tutorial_taskflow_api_etl.py
[2022-07-16 16:32:35,941] {processor.py:641} INFO - Processing file /home/airflow/.local/lib/python3.7/site-packages/airflow/example_dags/tutorial_taskflow_api_etl.py for tasks to queue
[2022-07-16 16:32:35,941] {logging_mixin.py:115} INFO - [2022-07-16 16:32:35,941] {dagbag.py:508} INFO - Filling up the DagBag from /home/airflow/.local/lib/python3.7/site-packages/airflow/example_dags/tutorial_taskflow_api_etl.py
[2022-07-16 16:32:35,972] {processor.py:651} INFO - DAG(s) dict_keys(['tutorial_taskflow_api_etl']) retrieved from /home/airflow/.local/lib/python3.7/site-packages/airflow/example_dags/tutorial_taskflow_api_etl.py
[2022-07-16 16:32:36,020] {logging_mixin.py:115} INFO - [2022-07-16 16:32:36,019] {dag.py:2420} INFO - Sync 1 DAGs
[2022-07-16 16:32:36,058] {logging_mixin.py:115} INFO - [2022-07-16 16:32:36,058] {dag.py:2972} INFO - Setting next_dagrun for tutorial_taskflow_api_etl to None, run_after=None
[2022-07-16 16:32:36,081] {processor.py:161} INFO - Processing /home/airflow/.local/lib/python3.7/site-packages/airflow/example_dags/tutorial_taskflow_api_etl.py took 0.148 seconds
[2022-07-16 16:33:06,879] {processor.py:153} INFO - Started process (PID=2604) to work on /home/airflow/.local/lib/python3.7/site-packages/airflow/example_dags/tutorial_taskflow_api_etl.py
[2022-07-16 16:33:06,885] {processor.py:641} INFO - Processing file /home/airflow/.local/lib/python3.7/site-packages/airflow/example_dags/tutorial_taskflow_api_etl.py for tasks to queue
[2022-07-16 16:33:06,887] {logging_mixin.py:115} INFO - [2022-07-16 16:33:06,887] {dagbag.py:508} INFO - Filling up the DagBag from /home/airflow/.local/lib/python3.7/site-packages/airflow/example_dags/tutorial_taskflow_api_etl.py
[2022-07-16 16:33:06,979] {processor.py:651} INFO - DAG(s) dict_keys(['tutorial_taskflow_api_etl']) retrieved from /home/airflow/.local/lib/python3.7/site-packages/airflow/example_dags/tutorial_taskflow_api_etl.py
[2022-07-16 16:33:07,325] {logging_mixin.py:115} INFO - [2022-07-16 16:33:07,325] {dag.py:2420} INFO - Sync 1 DAGs
[2022-07-16 16:33:08,023] {logging_mixin.py:115} INFO - [2022-07-16 16:33:08,023] {dag.py:2972} INFO - Setting next_dagrun for tutorial_taskflow_api_etl to None, run_after=None
[2022-07-16 16:33:08,497] {processor.py:161} INFO - Processing /home/airflow/.local/lib/python3.7/site-packages/airflow/example_dags/tutorial_taskflow_api_etl.py took 1.651 seconds
[2022-07-16 16:33:39,162] {processor.py:153} INFO - Started process (PID=2794) to work on /home/airflow/.local/lib/python3.7/site-packages/airflow/example_dags/tutorial_taskflow_api_etl.py
[2022-07-16 16:33:39,163] {processor.py:641} INFO - Processing file /home/airflow/.local/lib/python3.7/site-packages/airflow/example_dags/tutorial_taskflow_api_etl.py for tasks to queue
[2022-07-16 16:33:39,164] {logging_mixin.py:115} INFO - [2022-07-16 16:33:39,164] {dagbag.py:508} INFO - Filling up the DagBag from /home/airflow/.local/lib/python3.7/site-packages/airflow/example_dags/tutorial_taskflow_api_etl.py
[2022-07-16 16:33:39,197] {processor.py:651} INFO - DAG(s) dict_keys(['tutorial_taskflow_api_etl']) retrieved from /home/airflow/.local/lib/python3.7/site-packages/airflow/example_dags/tutorial_taskflow_api_etl.py
[2022-07-16 16:33:39,258] {logging_mixin.py:115} INFO - [2022-07-16 16:33:39,257] {dag.py:2420} INFO - Sync 1 DAGs
[2022-07-16 16:33:39,298] {logging_mixin.py:115} INFO - [2022-07-16 16:33:39,298] {dag.py:2972} INFO - Setting next_dagrun for tutorial_taskflow_api_etl to None, run_after=None
[2022-07-16 16:33:39,328] {processor.py:161} INFO - Processing /home/airflow/.local/lib/python3.7/site-packages/airflow/example_dags/tutorial_taskflow_api_etl.py took 0.175 seconds
[2022-07-16 16:34:09,529] {processor.py:153} INFO - Started process (PID=2985) to work on /home/airflow/.local/lib/python3.7/site-packages/airflow/example_dags/tutorial_taskflow_api_etl.py
[2022-07-16 16:34:09,529] {processor.py:641} INFO - Processing file /home/airflow/.local/lib/python3.7/site-packages/airflow/example_dags/tutorial_taskflow_api_etl.py for tasks to queue
[2022-07-16 16:34:09,530] {logging_mixin.py:115} INFO - [2022-07-16 16:34:09,530] {dagbag.py:508} INFO - Filling up the DagBag from /home/airflow/.local/lib/python3.7/site-packages/airflow/example_dags/tutorial_taskflow_api_etl.py
[2022-07-16 16:34:09,567] {processor.py:651} INFO - DAG(s) dict_keys(['tutorial_taskflow_api_etl']) retrieved from /home/airflow/.local/lib/python3.7/site-packages/airflow/example_dags/tutorial_taskflow_api_etl.py
[2022-07-16 16:34:09,631] {logging_mixin.py:115} INFO - [2022-07-16 16:34:09,631] {dag.py:2420} INFO - Sync 1 DAGs
[2022-07-16 16:34:09,677] {logging_mixin.py:115} INFO - [2022-07-16 16:34:09,676] {dag.py:2972} INFO - Setting next_dagrun for tutorial_taskflow_api_etl to None, run_after=None
[2022-07-16 16:34:09,699] {processor.py:161} INFO - Processing /home/airflow/.local/lib/python3.7/site-packages/airflow/example_dags/tutorial_taskflow_api_etl.py took 0.181 seconds
[2022-07-16 16:34:41,083] {processor.py:153} INFO - Started process (PID=3181) to work on /home/airflow/.local/lib/python3.7/site-packages/airflow/example_dags/tutorial_taskflow_api_etl.py
[2022-07-16 16:34:41,094] {processor.py:641} INFO - Processing file /home/airflow/.local/lib/python3.7/site-packages/airflow/example_dags/tutorial_taskflow_api_etl.py for tasks to queue
[2022-07-16 16:34:41,095] {logging_mixin.py:115} INFO - [2022-07-16 16:34:41,095] {dagbag.py:508} INFO - Filling up the DagBag from /home/airflow/.local/lib/python3.7/site-packages/airflow/example_dags/tutorial_taskflow_api_etl.py
[2022-07-16 16:34:41,172] {processor.py:651} INFO - DAG(s) dict_keys(['tutorial_taskflow_api_etl']) retrieved from /home/airflow/.local/lib/python3.7/site-packages/airflow/example_dags/tutorial_taskflow_api_etl.py
[2022-07-16 16:34:41,491] {logging_mixin.py:115} INFO - [2022-07-16 16:34:41,491] {dag.py:2420} INFO - Sync 1 DAGs
[2022-07-16 16:34:41,579] {logging_mixin.py:115} INFO - [2022-07-16 16:34:41,579] {dag.py:2972} INFO - Setting next_dagrun for tutorial_taskflow_api_etl to None, run_after=None
[2022-07-16 16:34:41,622] {processor.py:161} INFO - Processing /home/airflow/.local/lib/python3.7/site-packages/airflow/example_dags/tutorial_taskflow_api_etl.py took 0.548 seconds
[2022-07-16 16:39:10,977] {processor.py:153} INFO - Started process (PID=340) to work on /home/airflow/.local/lib/python3.7/site-packages/airflow/example_dags/tutorial_taskflow_api_etl.py
[2022-07-16 16:39:10,980] {processor.py:641} INFO - Processing file /home/airflow/.local/lib/python3.7/site-packages/airflow/example_dags/tutorial_taskflow_api_etl.py for tasks to queue
[2022-07-16 16:39:10,981] {logging_mixin.py:115} INFO - [2022-07-16 16:39:10,981] {dagbag.py:508} INFO - Filling up the DagBag from /home/airflow/.local/lib/python3.7/site-packages/airflow/example_dags/tutorial_taskflow_api_etl.py
[2022-07-16 16:39:11,110] {processor.py:651} INFO - DAG(s) dict_keys(['tutorial_taskflow_api_etl']) retrieved from /home/airflow/.local/lib/python3.7/site-packages/airflow/example_dags/tutorial_taskflow_api_etl.py
[2022-07-16 16:39:12,173] {logging_mixin.py:115} INFO - [2022-07-16 16:39:12,173] {manager.py:508} INFO - Created Permission View: can delete on DAG:tutorial_taskflow_api_etl
[2022-07-16 16:39:12,265] {logging_mixin.py:115} INFO - [2022-07-16 16:39:12,265] {manager.py:508} INFO - Created Permission View: can edit on DAG:tutorial_taskflow_api_etl
[2022-07-16 16:39:12,330] {logging_mixin.py:115} INFO - [2022-07-16 16:39:12,330] {manager.py:508} INFO - Created Permission View: can read on DAG:tutorial_taskflow_api_etl
[2022-07-16 16:39:12,331] {logging_mixin.py:115} INFO - [2022-07-16 16:39:12,331] {dag.py:2420} INFO - Sync 1 DAGs
[2022-07-16 16:39:12,437] {logging_mixin.py:115} INFO - [2022-07-16 16:39:12,437] {dag.py:2439} INFO - Creating ORM DAG for tutorial_taskflow_api_etl
[2022-07-16 16:39:12,653] {logging_mixin.py:115} INFO - [2022-07-16 16:39:12,653] {dag.py:2972} INFO - Setting next_dagrun for tutorial_taskflow_api_etl to None, run_after=None
[2022-07-16 16:39:12,796] {processor.py:161} INFO - Processing /home/airflow/.local/lib/python3.7/site-packages/airflow/example_dags/tutorial_taskflow_api_etl.py took 1.840 seconds
