[2022-07-16 16:29:16,479] {taskinstance.py:1179} INFO - Dependencies all met for <TaskInstance: example_bash_operator.runme_2 scheduled__2022-07-15T00:00:00+00:00 [queued]>
[2022-07-16 16:29:16,755] {taskinstance.py:1179} INFO - Dependencies all met for <TaskInstance: example_bash_operator.runme_2 scheduled__2022-07-15T00:00:00+00:00 [queued]>
[2022-07-16 16:29:16,755] {taskinstance.py:1376} INFO - 
--------------------------------------------------------------------------------
[2022-07-16 16:29:16,755] {taskinstance.py:1377} INFO - Starting attempt 1 of 1
[2022-07-16 16:29:16,755] {taskinstance.py:1378} INFO - 
--------------------------------------------------------------------------------
[2022-07-16 16:29:17,057] {taskinstance.py:1397} INFO - Executing <Task(BashOperator): runme_2> on 2022-07-15 00:00:00+00:00
[2022-07-16 16:29:17,131] {standard_task_runner.py:52} INFO - Started process 1310 to run task
[2022-07-16 16:29:17,235] {standard_task_runner.py:79} INFO - Running: ['***', 'tasks', 'run', 'example_bash_operator', 'runme_2', 'scheduled__2022-07-15T00:00:00+00:00', '--job-id', '3', '--raw', '--subdir', '/home/***/.local/lib/python3.7/site-packages/***/example_dags/example_bash_operator.py', '--cfg-path', '/tmp/tmpnmwd6hrb', '--error-file', '/tmp/tmps_2e99x1']
[2022-07-16 16:29:17,246] {standard_task_runner.py:80} INFO - Job 3: Subtask runme_2
[2022-07-16 16:29:18,265] {task_command.py:371} INFO - Running <TaskInstance: example_bash_operator.runme_2 scheduled__2022-07-15T00:00:00+00:00 [running]> on host e88a76607e7d
[2022-07-16 16:29:22,110] {taskinstance.py:1591} INFO - Exporting the following env vars:
AIRFLOW_CTX_DAG_OWNER=***
AIRFLOW_CTX_DAG_ID=example_bash_operator
AIRFLOW_CTX_TASK_ID=runme_2
AIRFLOW_CTX_EXECUTION_DATE=2022-07-15T00:00:00+00:00
AIRFLOW_CTX_TRY_NUMBER=1
AIRFLOW_CTX_DAG_RUN_ID=scheduled__2022-07-15T00:00:00+00:00
[2022-07-16 16:29:22,175] {subprocess.py:62} INFO - Tmp dir root location: 
 /tmp
[2022-07-16 16:29:22,254] {subprocess.py:74} INFO - Running command: ['bash', '-c', 'echo "example_bash_operator__runme_2__20220715" && sleep 1']
[2022-07-16 16:29:23,234] {subprocess.py:85} INFO - Output:
[2022-07-16 16:29:23,678] {subprocess.py:92} INFO - example_bash_operator__runme_2__20220715
[2022-07-16 16:29:24,938] {subprocess.py:96} INFO - Command exited with return code 0
[2022-07-16 16:29:26,048] {taskinstance.py:1420} INFO - Marking task as SUCCESS. dag_id=example_bash_operator, task_id=runme_2, execution_date=20220715T000000, start_date=20220716T162916, end_date=20220716T162926
[2022-07-16 16:29:26,914] {local_task_job.py:156} INFO - Task exited with return code 0
[2022-07-16 16:29:27,879] {local_task_job.py:273} INFO - 0 downstream tasks scheduled from follow-on schedule check
