[2022-07-16 16:29:18,486] {taskinstance.py:1179} INFO - Dependencies all met for <TaskInstance: example_bash_operator.this_will_skip scheduled__2022-07-15T00:00:00+00:00 [queued]>
[2022-07-16 16:29:18,913] {taskinstance.py:1179} INFO - Dependencies all met for <TaskInstance: example_bash_operator.this_will_skip scheduled__2022-07-15T00:00:00+00:00 [queued]>
[2022-07-16 16:29:18,927] {taskinstance.py:1376} INFO - 
--------------------------------------------------------------------------------
[2022-07-16 16:29:18,927] {taskinstance.py:1377} INFO - Starting attempt 1 of 1
[2022-07-16 16:29:18,927] {taskinstance.py:1378} INFO - 
--------------------------------------------------------------------------------
[2022-07-16 16:29:19,728] {taskinstance.py:1397} INFO - Executing <Task(BashOperator): this_will_skip> on 2022-07-15 00:00:00+00:00
[2022-07-16 16:29:19,912] {standard_task_runner.py:52} INFO - Started process 1323 to run task
[2022-07-16 16:29:20,181] {standard_task_runner.py:79} INFO - Running: ['***', 'tasks', 'run', 'example_bash_operator', 'this_will_skip', 'scheduled__2022-07-15T00:00:00+00:00', '--job-id', '6', '--raw', '--subdir', '/home/***/.local/lib/python3.7/site-packages/***/example_dags/example_bash_operator.py', '--cfg-path', '/tmp/tmph1i1tup_', '--error-file', '/tmp/tmp58dm7j0k']
[2022-07-16 16:29:20,300] {standard_task_runner.py:80} INFO - Job 6: Subtask this_will_skip
[2022-07-16 16:29:23,782] {task_command.py:371} INFO - Running <TaskInstance: example_bash_operator.this_will_skip scheduled__2022-07-15T00:00:00+00:00 [running]> on host e88a76607e7d
[2022-07-16 16:29:27,961] {taskinstance.py:1591} INFO - Exporting the following env vars:
AIRFLOW_CTX_DAG_OWNER=***
AIRFLOW_CTX_DAG_ID=example_bash_operator
AIRFLOW_CTX_TASK_ID=this_will_skip
AIRFLOW_CTX_EXECUTION_DATE=2022-07-15T00:00:00+00:00
AIRFLOW_CTX_TRY_NUMBER=1
AIRFLOW_CTX_DAG_RUN_ID=scheduled__2022-07-15T00:00:00+00:00
[2022-07-16 16:29:28,000] {subprocess.py:62} INFO - Tmp dir root location: 
 /tmp
[2022-07-16 16:29:28,002] {subprocess.py:74} INFO - Running command: ['bash', '-c', 'echo "hello world"; exit 99;']
[2022-07-16 16:29:28,249] {subprocess.py:85} INFO - Output:
[2022-07-16 16:29:28,268] {subprocess.py:92} INFO - hello world
[2022-07-16 16:29:28,284] {subprocess.py:96} INFO - Command exited with return code 99
[2022-07-16 16:29:28,285] {taskinstance.py:1498} INFO - Bash command returned exit code 99. Skipping.
[2022-07-16 16:29:28,981] {taskinstance.py:1420} INFO - Marking task as SKIPPED. dag_id=example_bash_operator, task_id=this_will_skip, execution_date=20220715T000000, start_date=20220716T162918, end_date=20220716T162928
[2022-07-16 16:29:29,813] {local_task_job.py:156} INFO - Task exited with return code 0
[2022-07-16 16:29:31,401] {local_task_job.py:273} INFO - 0 downstream tasks scheduled from follow-on schedule check
